
 Index  Count  Time of first Occurrence    Time of last Occurrence     Exception SourceId ProbeId
------+------+---------------------------+---------------------------+---------------------------
     0      8 11/11/2020, 16:31:31:339 CET 11/11/2020, 16:31:50:631 CET java.lang.ClassNotFoundException com.ibm.ws.jdbc.internal.JDBCDriverService 234
                                                                            - C:\Users\Józek\IdeaProjects\film-database\target\liberty\wlp\usr\servers\defaultServer\logs\ffdc\ffdc_20.11.11_16.31.31.0.log
     1      8 11/11/2020, 16:31:31:369 CET 11/11/2020, 16:31:50:631 CET java.sql.SQLNonTransientException com.ibm.ws.jdbc.DataSourceService 587
                                                                            - C:\Users\Józek\IdeaProjects\film-database\target\liberty\wlp\usr\servers\defaultServer\logs\ffdc\ffdc_20.11.11_16.31.31.1.log
     2      8 11/11/2020, 16:31:31:539 CET 11/11/2020, 16:31:50:631 CET java.sql.SQLNonTransientException com.ibm.ws.resource.internal.ResourceFactoryTrackerData$1 121
                                                                            - C:\Users\Józek\IdeaProjects\film-database\target\liberty\wlp\usr\servers\defaultServer\logs\ffdc\ffdc_20.11.11_16.31.31.2.log
     3      2 11/11/2020, 16:31:37:760 CET 11/11/2020, 16:31:50:632 CET javax.persistence.PersistenceException com.ibm.ws.jpa.management.JPAPUnitInfo.createEMFactory 759
                                                                            - C:\Users\Józek\IdeaProjects\film-database\target\liberty\wlp\usr\servers\defaultServer\logs\ffdc\ffdc_20.11.11_16.31.37.0.log
     4      2 11/11/2020, 16:31:38:378 CET 11/11/2020, 16:31:50:632 CET javax.persistence.PersistenceException com.ibm.wsspi.injectionengine.InjectionBinding.getInjectionObject 408
                                                                            - C:\Users\Józek\IdeaProjects\film-database\target\liberty\wlp\usr\servers\defaultServer\logs\ffdc\ffdc_20.11.11_16.31.38.0.log
     5      2 11/11/2020, 16:31:38:394 CET 11/11/2020, 16:31:50:632 CET com.ibm.wsspi.injectionengine.InjectionException com.ibm.ws.cdi.impl.weld.injection.WebSphereInjectionServicesImpl 199
                                                                            - C:\Users\Józek\IdeaProjects\film-database\target\liberty\wlp\usr\servers\defaultServer\logs\ffdc\ffdc_20.11.11_16.31.38.1.log
     6      2 11/11/2020, 16:31:38:544 CET 11/11/2020, 16:31:50:633 CET com.ibm.wsspi.injectionengine.InjectionException com.ibm.ws.cdi.impl.weld.injection.WebSphereInjectionServicesImpl.inject 248
                                                                            - C:\Users\Józek\IdeaProjects\film-database\target\liberty\wlp\usr\servers\defaultServer\logs\ffdc\ffdc_20.11.11_16.31.38.2.log
     7      2 11/11/2020, 16:31:38:847 CET 11/11/2020, 16:31:50:633 CET java.security.PrivilegedActionException com.ibm.ws.cdi.impl.weld.injection.WebSphereInjectionServicesImpl 116
                                                                            - C:\Users\Józek\IdeaProjects\film-database\target\liberty\wlp\usr\servers\defaultServer\logs\ffdc\ffdc_20.11.11_16.31.38.3.log
     8      2 11/11/2020, 16:31:38:964 CET 11/11/2020, 16:31:50:634 CET java.lang.NullPointerException com.ibm.ws.webcontainer.webapp.WebApp.notifyServletContextCreated 1341
                                                                            - C:\Users\Józek\IdeaProjects\film-database\target\liberty\wlp\usr\servers\defaultServer\logs\ffdc\ffdc_20.11.11_16.31.38.4.log
     9      2 11/11/2020, 16:31:39:309 CET 11/11/2020, 16:31:50:635 CET java.lang.NullPointerException com.ibm.ws.webcontainer.webapp.WebApp.notifyServletContextCreated 1353
                                                                            - C:\Users\Józek\IdeaProjects\film-database\target\liberty\wlp\usr\servers\defaultServer\logs\ffdc\ffdc_20.11.11_16.31.39.0.log
------+------+---------------------------+---------------------------+---------------------------
