------Start of DE processing------ = [12/11/2020, 16:37:54:864 CET]
Exception = java.security.PrivilegedActionException
Source = com.ibm.ws.cdi.impl.weld.injection.WebSphereInjectionServicesImpl
probeid = 116
Stack Dump = java.security.PrivilegedActionException: com.ibm.wsspi.injectionengine.InjectionException: CWNEN0030E: The server was unable to obtain an object instance for the java:comp/env/film_database.director.repository.DirectorRepository/em reference.  The exception message was: javax.persistence.PersistenceException: Exception [EclipseLink-28018] (Eclipse Persistence Services - 2.7.7.v20200504-69f2c2b80d): org.eclipse.persistence.exceptions.EntityManagerSetupException
Exception Description: Predeployment of PersistenceUnit [filmDatabasePu] failed.
Internal Exception: Exception [EclipseLink-7154] (Eclipse Persistence Services - 2.7.7.v20200504-69f2c2b80d): org.eclipse.persistence.exceptions.ValidationException
Exception Description: The attribute [films] in entity class [class film_database.filmDistributor.entity.FilmDistributor] has a mappedBy value of [filmDistributors] which does not exist in its owning entity class [class film_database.film.entity.Film]. If the owning entity class is a @MappedSuperclass, this is invalid, and your attribute should reference the correct subclass.
	at java.base/java.security.AccessController.doPrivileged(Native Method)
	at com.ibm.ws.cdi.impl.weld.injection.WebSphereInjectionServicesImpl.callInject(WebSphereInjectionServicesImpl.java:130)
	at com.ibm.ws.cdi.impl.weld.injection.WebSphereInjectionServicesImpl.injectJavaEEResources(WebSphereInjectionServicesImpl.java:112)
	at com.ibm.ws.cdi.impl.weld.injection.WebSphereInjectionServicesImpl.aroundInject(WebSphereInjectionServicesImpl.java:317)
	at org.jboss.weld.injection.InjectionContextImpl.run(InjectionContextImpl.java:46)
	at org.jboss.weld.injection.producer.ResourceInjector.inject(ResourceInjector.java:71)
	at org.jboss.weld.injection.producer.BasicInjectionTarget.inject(BasicInjectionTarget.java:117)
	at org.jboss.weld.bean.ManagedBean.create(ManagedBean.java:161)
	at org.jboss.weld.contexts.AbstractContext.get(AbstractContext.java:96)
	at org.jboss.weld.bean.ContextualInstanceStrategy$DefaultContextualInstanceStrategy.get(ContextualInstanceStrategy.java:100)
	at org.jboss.weld.bean.ContextualInstanceStrategy$CachingContextualInstanceStrategy.get(ContextualInstanceStrategy.java:177)
	at org.jboss.weld.bean.ContextualInstance.get(ContextualInstance.java:50)
	at org.jboss.weld.bean.proxy.ContextBeanInstance.getInstance(ContextBeanInstance.java:102)
	at org.jboss.weld.bean.proxy.ProxyMethodHandler.getInstance(ProxyMethodHandler.java:131)
	at film_database.director.repository.DirectorRepository$Proxy$_$$_WeldClientProxy.create(Unknown Source)
	at film_database.director.service.DirectorService.create(DirectorService.java:67)
	at film_database.director.service.DirectorService$Proxy$_$$_WeldSubclass.create$$super(Unknown Source)
	at jdk.internal.reflect.GeneratedMethodAccessor624.invoke(Unknown Source)
	at java.base/java.lang.reflect.Method.invoke(Method.java:566)
	at org.jboss.weld.interceptor.proxy.TerminalAroundInvokeInvocationContext.proceedInternal(TerminalAroundInvokeInvocationContext.java:51)
	at org.jboss.weld.interceptor.proxy.AroundInvokeInvocationContext.proceed(AroundInvokeInvocationContext.java:78)
	at com.ibm.tx.jta.cdi.interceptors.TransactionalInterceptor$1.run(TransactionalInterceptor.java:137)
	at com.ibm.ws.uow.embeddable.EmbeddableUOWManagerImpl.runUnderCurrentUOW(EmbeddableUOWManagerImpl.java:1077)
	at com.ibm.ws.uow.embeddable.EmbeddableUOWManagerImpl.runUnderNewUOW(EmbeddableUOWManagerImpl.java:1040)
	at com.ibm.ws.uow.embeddable.EmbeddableUOWManagerImpl.runUnderUOW(EmbeddableUOWManagerImpl.java:1013)
	at com.ibm.tx.jta.cdi.interceptors.TransactionalInterceptor.runUnderUOWManagingEnablement(TransactionalInterceptor.java:151)
	at com.ibm.tx.jta.cdi.interceptors.Required.required(Required.java:40)
	at jdk.internal.reflect.GeneratedMethodAccessor623.invoke(Unknown Source)
	at java.base/java.lang.reflect.Method.invoke(Method.java:566)
	at org.jboss.weld.interceptor.reader.SimpleInterceptorInvocation$SimpleMethodInvocation.invoke(SimpleInterceptorInvocation.java:73)
	at org.jboss.weld.interceptor.proxy.InterceptorMethodHandler.executeAroundInvoke(InterceptorMethodHandler.java:84)
	at org.jboss.weld.interceptor.proxy.InterceptorMethodHandler.executeInterception(InterceptorMethodHandler.java:72)
	at org.jboss.weld.interceptor.proxy.InterceptorMethodHandler.invoke(InterceptorMethodHandler.java:56)
	at org.jboss.weld.bean.proxy.CombinedInterceptorAndDecoratorStackMethodHandler.invoke(CombinedInterceptorAndDecoratorStackMethodHandler.java:79)
	at org.jboss.weld.bean.proxy.CombinedInterceptorAndDecoratorStackMethodHandler.invoke(CombinedInterceptorAndDecoratorStackMethodHandler.java:68)
	at film_database.director.service.DirectorService$Proxy$_$$_WeldSubclass.create(Unknown Source)
	at film_database.director.service.DirectorService$Proxy$_$$_WeldClientProxy.create(Unknown Source)
	at film_database.configuration.InitializedData.init(InitializedData.java:78)
	at film_database.configuration.InitializedData.contextInitialized(InitializedData.java:44)
	at jdk.internal.reflect.GeneratedMethodAccessor617.invoke(Unknown Source)
	at java.base/java.lang.reflect.Method.invoke(Method.java:566)
	at org.jboss.weld.injection.StaticMethodInjectionPoint.invoke(StaticMethodInjectionPoint.java:95)
	at org.jboss.weld.injection.StaticMethodInjectionPoint.invoke(StaticMethodInjectionPoint.java:85)
	at org.jboss.weld.injection.MethodInvocationStrategy$SimpleMethodInvocationStrategy.invoke(MethodInvocationStrategy.java:168)
	at org.jboss.weld.event.ObserverMethodImpl.sendEvent(ObserverMethodImpl.java:330)
	at org.jboss.weld.event.ObserverMethodImpl.sendEvent(ObserverMethodImpl.java:308)
	at org.jboss.weld.event.ObserverMethodImpl.notify(ObserverMethodImpl.java:286)
	at javax.enterprise.inject.spi.ObserverMethod.notify(ObserverMethod.java:124)
	at org.jboss.weld.util.Observers.notify(Observers.java:166)
	at org.jboss.weld.event.ObserverNotifier.notifySyncObservers(ObserverNotifier.java:285)
	at org.jboss.weld.event.ObserverNotifier.notify(ObserverNotifier.java:273)
	at org.jboss.weld.event.ObserverNotifier.fireEvent(ObserverNotifier.java:177)
	at org.jboss.weld.bootstrap.BeanDeploymentModule.fireEvent(BeanDeploymentModule.java:93)
	at org.jboss.weld.module.web.servlet.HttpContextLifecycle.fireEventForApplicationScope(HttpContextLifecycle.java:161)
	at org.jboss.weld.module.web.servlet.HttpContextLifecycle.contextInitialized(HttpContextLifecycle.java:147)
	at org.jboss.weld.module.web.servlet.WeldInitialListener.contextInitialized(WeldInitialListener.java:99)
	at com.ibm.ws.webcontainer.webapp.WebApp.notifyServletContextCreated(WebApp.java:2437)
	at com.ibm.ws.webcontainer31.osgi.webapp.WebApp31.notifyServletContextCreated(WebApp31.java:514)
	at com.ibm.ws.webcontainer.webapp.WebApp.initialize(WebApp.java:1041)
	at com.ibm.ws.webcontainer.webapp.WebApp.initialize(WebApp.java:6683)
	at com.ibm.ws.webcontainer.osgi.DynamicVirtualHost.startWebApp(DynamicVirtualHost.java:470)
	at com.ibm.ws.webcontainer.osgi.DynamicVirtualHost.startWebApplication(DynamicVirtualHost.java:465)
	at com.ibm.ws.webcontainer.osgi.WebContainer.startWebApplication(WebContainer.java:1178)
	at com.ibm.ws.webcontainer.osgi.WebContainer.access$100(WebContainer.java:109)
	at com.ibm.ws.webcontainer.osgi.WebContainer$3.run(WebContainer.java:975)
	at com.ibm.ws.threading.internal.ExecutorServiceImpl$RunnableWrapper.run(ExecutorServiceImpl.java:239)
	at java.base/java.util.concurrent.Executors$RunnableAdapter.call(Executors.java:515)
	at java.base/java.util.concurrent.FutureTask.run(FutureTask.java:264)
	at java.base/java.util.concurrent.ThreadPoolExecutor.runWorker(ThreadPoolExecutor.java:1128)
	at java.base/java.util.concurrent.ThreadPoolExecutor$Worker.run(ThreadPoolExecutor.java:628)
	at java.base/java.lang.Thread.run(Thread.java:834)
Caused by: com.ibm.wsspi.injectionengine.InjectionException: CWNEN0030E: The server was unable to obtain an object instance for the java:comp/env/film_database.director.repository.DirectorRepository/em reference.  The exception message was: javax.persistence.PersistenceException: Exception [EclipseLink-28018] (Eclipse Persistence Services - 2.7.7.v20200504-69f2c2b80d): org.eclipse.persistence.exceptions.EntityManagerSetupException
Exception Description: Predeployment of PersistenceUnit [filmDatabasePu] failed.
Internal Exception: Exception [EclipseLink-7154] (Eclipse Persistence Services - 2.7.7.v20200504-69f2c2b80d): org.eclipse.persistence.exceptions.ValidationException
Exception Description: The attribute [films] in entity class [class film_database.filmDistributor.entity.FilmDistributor] has a mappedBy value of [filmDistributors] which does not exist in its owning entity class [class film_database.film.entity.Film]. If the owning entity class is a @MappedSuperclass, this is invalid, and your attribute should reference the correct subclass.
	at com.ibm.wsspi.injectionengine.InjectionBinding.getInjectionObject(InjectionBinding.java:1454)
	at com.ibm.wsspi.injectionengine.InjectionBinding.getInjectableObject(InjectionBinding.java:1368)
	at com.ibm.wsspi.injectionengine.InjectionTarget.inject(InjectionTarget.java:104)
	at com.ibm.ws.cdi.impl.weld.injection.WebSphereInjectionServicesImpl.inject(WebSphereInjectionServicesImpl.java:198)
	at com.ibm.ws.cdi.impl.weld.injection.WebSphereInjectionServicesImpl.inject(WebSphereInjectionServicesImpl.java:150)
	at com.ibm.ws.cdi.impl.weld.injection.WebSphereInjectionServicesImpl.access$000(WebSphereInjectionServicesImpl.java:74)
	at com.ibm.ws.cdi.impl.weld.injection.WebSphereInjectionServicesImpl$1.run(WebSphereInjectionServicesImpl.java:134)
	at com.ibm.ws.cdi.impl.weld.injection.WebSphereInjectionServicesImpl$1.run(WebSphereInjectionServicesImpl.java:130)
	... 71 more
Caused by: java.lang.RuntimeException: javax.persistence.PersistenceException: Exception [EclipseLink-28018] (Eclipse Persistence Services - 2.7.7.v20200504-69f2c2b80d): org.eclipse.persistence.exceptions.EntityManagerSetupException
Exception Description: Predeployment of PersistenceUnit [filmDatabasePu] failed.
Internal Exception: Exception [EclipseLink-7154] (Eclipse Persistence Services - 2.7.7.v20200504-69f2c2b80d): org.eclipse.persistence.exceptions.ValidationException
Exception Description: The attribute [films] in entity class [class film_database.filmDistributor.entity.FilmDistributor] has a mappedBy value of [filmDistributors] which does not exist in its owning entity class [class film_database.film.entity.Film]. If the owning entity class is a @MappedSuperclass, this is invalid, and your attribute should reference the correct subclass.
	at com.ibm.ws.jpa.management.JPAPUnitInfo.getEntityManagerFactory(JPAPUnitInfo.java:808)
	at com.ibm.ws.jpa.management.JPAPUnitInfo.getEntityManagerPool(JPAPUnitInfo.java:1006)
	at com.ibm.ws.jpa.management.JPATxEntityManager.<init>(JPATxEntityManager.java:147)
	at com.ibm.ws.jpa.container.v22.JPATxEntityManagerV22.<init>(JPATxEntityManagerV22.java:45)
	at com.ibm.ws.jpa.container.v22.internal.JPA22Runtime.createJPATxEntityManager(JPA22Runtime.java:71)
	at com.ibm.ws.jpa.management.AbstractJPAComponent.getEntityManager(AbstractJPAComponent.java:255)
	at com.ibm.ws.jpa.container.osgi.jndi.JPAJndiLookupObjectFactory.getObjectInstance(JPAJndiLookupObjectFactory.java:149)
	at com.ibm.wsspi.injectionengine.InjectionBinding.getInjectionObjectInstance(InjectionBinding.java:1552)
	at com.ibm.wsspi.injectionengine.InjectionBinding.getInjectionObject(InjectionBinding.java:1428)
	... 78 more
Caused by: javax.persistence.PersistenceException: Exception [EclipseLink-28018] (Eclipse Persistence Services - 2.7.7.v20200504-69f2c2b80d): org.eclipse.persistence.exceptions.EntityManagerSetupException
Exception Description: Predeployment of PersistenceUnit [filmDatabasePu] failed.
Internal Exception: Exception [EclipseLink-7154] (Eclipse Persistence Services - 2.7.7.v20200504-69f2c2b80d): org.eclipse.persistence.exceptions.ValidationException
Exception Description: The attribute [films] in entity class [class film_database.filmDistributor.entity.FilmDistributor] has a mappedBy value of [filmDistributors] which does not exist in its owning entity class [class film_database.film.entity.Film]. If the owning entity class is a @MappedSuperclass, this is invalid, and your attribute should reference the correct subclass.
	at org.eclipse.persistence.internal.jpa.EntityManagerSetupImpl.createPredeployFailedPersistenceException(EntityManagerSetupImpl.java:2109)
	at org.eclipse.persistence.internal.jpa.EntityManagerSetupImpl.predeploy(EntityManagerSetupImpl.java:2085)
	at org.eclipse.persistence.jpa.PersistenceProvider.createContainerEntityManagerFactoryImpl(PersistenceProvider.java:350)
	at org.eclipse.persistence.jpa.PersistenceProvider.createContainerEntityManagerFactory(PersistenceProvider.java:316)
	at com.ibm.ws.jpa.management.JPAPUnitInfo.createEMFactory(JPAPUnitInfo.java:919)
	at com.ibm.ws.jpa.management.JPAPUnitInfo.initialize(JPAPUnitInfo.java:766)
	at com.ibm.ws.jpa.management.JPAPxmlInfo.extractPersistenceUnits(JPAPxmlInfo.java:182)
	at com.ibm.ws.jpa.management.JPAScopeInfo.processPersistenceUnit(JPAScopeInfo.java:88)
	at com.ibm.ws.jpa.management.JPAApplInfo.addPersistenceUnits(JPAApplInfo.java:119)
	at com.ibm.ws.jpa.container.osgi.internal.JPAComponentImpl.processWebModulePersistenceXml(JPAComponentImpl.java:515)
	at com.ibm.ws.jpa.container.osgi.internal.JPAComponentImpl.applicationStarting(JPAComponentImpl.java:304)
	at com.ibm.ws.container.service.state.internal.ApplicationStateManager.fireStarting(ApplicationStateManager.java:51)
	at com.ibm.ws.container.service.state.internal.StateChangeServiceImpl.fireApplicationStarting(StateChangeServiceImpl.java:50)
	at com.ibm.ws.app.manager.module.internal.SimpleDeployedAppInfoBase.preDeployApp(SimpleDeployedAppInfoBase.java:547)
	at com.ibm.ws.app.manager.module.internal.SimpleDeployedAppInfoBase.installApp(SimpleDeployedAppInfoBase.java:508)
	at com.ibm.ws.app.manager.module.internal.DeployedAppInfoBase.deployApp(DeployedAppInfoBase.java:349)
	at com.ibm.ws.app.manager.war.internal.WARApplicationHandlerImpl.install(WARApplicationHandlerImpl.java:65)
	at com.ibm.ws.app.manager.internal.statemachine.StartAction.execute(StartAction.java:144)
	at com.ibm.ws.app.manager.internal.statemachine.ApplicationStateMachineImpl.enterState(ApplicationStateMachineImpl.java:1317)
	at com.ibm.ws.app.manager.internal.statemachine.ApplicationStateMachineImpl.run(ApplicationStateMachineImpl.java:897)
	at com.ibm.ws.threading.internal.ExecutorServiceImpl$RunnableWrapper.run(ExecutorServiceImpl.java:239)
	... 3 more
Caused by: Exception [EclipseLink-28018] (Eclipse Persistence Services - 2.7.7.v20200504-69f2c2b80d): org.eclipse.persistence.exceptions.EntityManagerSetupException
Exception Description: Predeployment of PersistenceUnit [filmDatabasePu] failed.
Internal Exception: Exception [EclipseLink-7154] (Eclipse Persistence Services - 2.7.7.v20200504-69f2c2b80d): org.eclipse.persistence.exceptions.ValidationException
Exception Description: The attribute [films] in entity class [class film_database.filmDistributor.entity.FilmDistributor] has a mappedBy value of [filmDistributors] which does not exist in its owning entity class [class film_database.film.entity.Film]. If the owning entity class is a @MappedSuperclass, this is invalid, and your attribute should reference the correct subclass.
	at org.eclipse.persistence.exceptions.EntityManagerSetupException.predeployFailed(EntityManagerSetupException.java:233)
	... 24 more
Caused by: Exception [EclipseLink-7154] (Eclipse Persistence Services - 2.7.7.v20200504-69f2c2b80d): org.eclipse.persistence.exceptions.ValidationException
Exception Description: The attribute [films] in entity class [class film_database.filmDistributor.entity.FilmDistributor] has a mappedBy value of [filmDistributors] which does not exist in its owning entity class [class film_database.film.entity.Film]. If the owning entity class is a @MappedSuperclass, this is invalid, and your attribute should reference the correct subclass.
	at org.eclipse.persistence.exceptions.ValidationException.noMappedByAttributeFound(ValidationException.java:1376)
	at org.eclipse.persistence.internal.jpa.metadata.accessors.mappings.RelationshipAccessor.getOwningMapping(RelationshipAccessor.java:491)
	at org.eclipse.persistence.internal.jpa.metadata.accessors.mappings.OneToManyAccessor.processOneToManyMapping(OneToManyAccessor.java:217)
	at org.eclipse.persistence.internal.jpa.metadata.accessors.mappings.OneToManyAccessor.process(OneToManyAccessor.java:150)
	at org.eclipse.persistence.internal.jpa.metadata.MetadataProject.processNonOwningRelationshipAccessors(MetadataProject.java:1652)
	at org.eclipse.persistence.internal.jpa.metadata.MetadataProject.processStage3(MetadataProject.java:1941)
	at org.eclipse.persistence.internal.jpa.metadata.MetadataProcessor.processORMMetadata(MetadataProcessor.java:584)
	at org.eclipse.persistence.internal.jpa.deployment.PersistenceUnitProcessor.processORMetadata(PersistenceUnitProcessor.java:629)
	at org.eclipse.persistence.internal.jpa.EntityManagerSetupImpl.predeploy(EntityManagerSetupImpl.java:2006)
	... 22 more

Dump of callerThis
Object type = com.ibm.ws.cdi.impl.weld.injection.WebSphereInjectionServicesImpl
  tc = class com.ibm.websphere.ras.TraceComponent@5d6d9426
    strings[0] = "TraceComponent[com.ibm.ws.cdi.impl.weld.injection.WebSphereInjectionServicesImpl,class com.ibm.ws.cdi.impl.weld.injection.WebSphereInjectionServicesImpl,[JCDI],com.ibm.ws.cdi.internal.resources.CDI,null]"
  ANNOTATIONS_KNOWN_TO_WELD = class java.util.HashSet@3e5e2ae8
    serialVersionUID = "/* Could not access serialVersionUID */"
    map = "/* Could not access map */"
    PRESENT = "/* Could not access PRESENT */"
    MAX_ARRAY_SIZE = "/* Could not access MAX_ARRAY_SIZE */"
  referenceContextMap = class java.util.concurrent.ConcurrentHashMap@5ac28d3d
    serialVersionUID = "/* Could not access serialVersionUID */"
    MAXIMUM_CAPACITY = "/* Could not access MAXIMUM_CAPACITY */"
    DEFAULT_CAPACITY = "/* Could not access DEFAULT_CAPACITY */"
    MAX_ARRAY_SIZE = "/* Could not access MAX_ARRAY_SIZE */"
    DEFAULT_CONCURRENCY_LEVEL = "/* Could not access DEFAULT_CONCURRENCY_LEVEL */"
    LOAD_FACTOR = "/* Could not access LOAD_FACTOR */"
    TREEIFY_THRESHOLD = "/* Could not access TREEIFY_THRESHOLD */"
    UNTREEIFY_THRESHOLD = "/* Could not access UNTREEIFY_THRESHOLD */"
    MIN_TREEIFY_CAPACITY = "/* Could not access MIN_TREEIFY_CAPACITY */"
    MIN_TRANSFER_STRIDE = "/* Could not access MIN_TRANSFER_STRIDE */"
    RESIZE_STAMP_BITS = "/* Could not access RESIZE_STAMP_BITS */"
    MAX_RESIZERS = "/* Could not access MAX_RESIZERS */"
    RESIZE_STAMP_SHIFT = "/* Could not access RESIZE_STAMP_SHIFT */"
    MOVED = "/* Could not access MOVED */"
    TREEBIN = "/* Could not access TREEBIN */"
    RESERVED = "/* Could not access RESERVED */"
    HASH_BITS = "/* Could not access HASH_BITS */"
    NCPU = "/* Could not access NCPU */"
    serialPersistentFields = "/* Could not access serialPersistentFields */"
    table = "/* Could not access table */"
    nextTable = "/* Could not access nextTable */"
    baseCount = "/* Could not access baseCount */"
    sizeCtl = "/* Could not access sizeCtl */"
    transferIndex = "/* Could not access transferIndex */"
    cellsBusy = "/* Could not access cellsBusy */"
    counterCells = "/* Could not access counterCells */"
    keySet = "/* Could not access keySet */"
    values = "/* Could not access values */"
    entrySet = "/* Could not access entrySet */"
    U = "/* Could not access U */"
    SIZECTL = "/* Could not access SIZECTL */"
    TRANSFERINDEX = "/* Could not access TRANSFERINDEX */"
    BASECOUNT = "/* Could not access BASECOUNT */"
    CELLSBUSY = "/* Could not access CELLSBUSY */"
    CELLVALUE = "/* Could not access CELLVALUE */"
    ABASE = "/* Could not access ABASE */"
    ASHIFT = "/* Could not access ASHIFT */"
    keySet = "/* Could not access keySet */"
    values = "/* Could not access values */"
  referenceContexts = class java.util.Collections$SetFromMap@2de28942
    m = "/* Could not access m */"
    s = "/* Could not access s */"
    serialVersionUID = "/* Could not access serialVersionUID */"
    MAX_ARRAY_SIZE = "/* Could not access MAX_ARRAY_SIZE */"
  injectionTargetListeners = class java.util.concurrent.ConcurrentHashMap@7d2947a9
    serialVersionUID = "/* Could not access serialVersionUID */"
    MAXIMUM_CAPACITY = "/* Could not access MAXIMUM_CAPACITY */"
    DEFAULT_CAPACITY = "/* Could not access DEFAULT_CAPACITY */"
    MAX_ARRAY_SIZE = "/* Could not access MAX_ARRAY_SIZE */"
    DEFAULT_CONCURRENCY_LEVEL = "/* Could not access DEFAULT_CONCURRENCY_LEVEL */"
    LOAD_FACTOR = "/* Could not access LOAD_FACTOR */"
    TREEIFY_THRESHOLD = "/* Could not access TREEIFY_THRESHOLD */"
    UNTREEIFY_THRESHOLD = "/* Could not access UNTREEIFY_THRESHOLD */"
    MIN_TREEIFY_CAPACITY = "/* Could not access MIN_TREEIFY_CAPACITY */"
    MIN_TRANSFER_STRIDE = "/* Could not access MIN_TRANSFER_STRIDE */"
    RESIZE_STAMP_BITS = "/* Could not access RESIZE_STAMP_BITS */"
    MAX_RESIZERS = "/* Could not access MAX_RESIZERS */"
    RESIZE_STAMP_SHIFT = "/* Could not access RESIZE_STAMP_SHIFT */"
    MOVED = "/* Could not access MOVED */"
    TREEBIN = "/* Could not access TREEBIN */"
    RESERVED = "/* Could not access RESERVED */"
    HASH_BITS = "/* Could not access HASH_BITS */"
    NCPU = "/* Could not access NCPU */"
    serialPersistentFields = "/* Could not access serialPersistentFields */"
    table = "/* Could not access table */"
    nextTable = "/* Could not access nextTable */"
    baseCount = "/* Could not access baseCount */"
    sizeCtl = "/* Could not access sizeCtl */"
    transferIndex = "/* Could not access transferIndex */"
    cellsBusy = "/* Could not access cellsBusy */"
    counterCells = "/* Could not access counterCells */"
    keySet = "/* Could not access keySet */"
    values = "/* Could not access values */"
    entrySet = "/* Could not access entrySet */"
    U = "/* Could not access U */"
    SIZECTL = "/* Could not access SIZECTL */"
    TRANSFERINDEX = "/* Could not access TRANSFERINDEX */"
    BASECOUNT = "/* Could not access BASECOUNT */"
    CELLSBUSY = "/* Could not access CELLSBUSY */"
    CELLVALUE = "/* Could not access CELLVALUE */"
    ABASE = "/* Could not access ABASE */"
    ASHIFT = "/* Could not access ASHIFT */"
    keySet = "/* Could not access keySet */"
    values = "/* Could not access values */"
  deployment = class com.ibm.ws.cdi.impl.weld.WebSphereCDIDeploymentImpl@326f3b8e
    id = "film-database-1.0-SNAPSHOT"
    deploymentDBAs = class java.util.HashMap@7c8ae39b
      serialVersionUID = "/* Could not access serialVersionUID */"
      DEFAULT_INITIAL_CAPACITY = "/* Could not access DEFAULT_INITIAL_CAPACITY */"
      MAXIMUM_CAPACITY = "/* Could not access MAXIMUM_CAPACITY */"
      DEFAULT_LOAD_FACTOR = "/* Could not access DEFAULT_LOAD_FACTOR */"
      TREEIFY_THRESHOLD = "/* Could not access TREEIFY_THRESHOLD */"
      UNTREEIFY_THRESHOLD = "/* Could not access UNTREEIFY_THRESHOLD */"
      MIN_TREEIFY_CAPACITY = "/* Could not access MIN_TREEIFY_CAPACITY */"
      table = "/* Could not access table */"
      entrySet = "/* Could not access entrySet */"
      size = "/* Could not access size */"
      modCount = "/* Could not access modCount */"
      threshold = "/* Could not access threshold */"
      loadFactor = "/* Could not access loadFactor */"
      keySet = "/* Could not access keySet */"
      values = "/* Could not access values */"
    applicationBDAs = class java.util.HashSet@451bcdd1
      serialVersionUID = "/* Could not access serialVersionUID */"
      map = "/* Could not access map */"
      PRESENT = "/* Could not access PRESENT */"
      MAX_ARRAY_SIZE = "/* Could not access MAX_ARRAY_SIZE */"
    extensionBDAs = class java.util.HashMap@72b8ced4
      serialVersionUID = "/* Could not access serialVersionUID */"
      DEFAULT_INITIAL_CAPACITY = "/* Could not access DEFAULT_INITIAL_CAPACITY */"
      MAXIMUM_CAPACITY = "/* Could not access MAXIMUM_CAPACITY */"
      DEFAULT_LOAD_FACTOR = "/* Could not access DEFAULT_LOAD_FACTOR */"
      TREEIFY_THRESHOLD = "/* Could not access TREEIFY_THRESHOLD */"
      UNTREEIFY_THRESHOLD = "/* Could not access UNTREEIFY_THRESHOLD */"
      MIN_TREEIFY_CAPACITY = "/* Could not access MIN_TREEIFY_CAPACITY */"
      table = "/* Could not access table */"
      entrySet = "/* Could not access entrySet */"
      size = "/* Could not access size */"
      modCount = "/* Could not access modCount */"
      threshold = "/* Could not access threshold */"
      loadFactor = "/* Could not access loadFactor */"
      keySet = "/* Could not access keySet */"
      values = "/* Could not access values */"
    orderedBDAs = class java.util.ArrayList@39c03846
      serialVersionUID = "/* Could not access serialVersionUID */"
      DEFAULT_CAPACITY = "/* Could not access DEFAULT_CAPACITY */"
      EMPTY_ELEMENTDATA = "/* Could not access EMPTY_ELEMENTDATA */"
      DEFAULTCAPACITY_EMPTY_ELEMENTDATA = "/* Could not access DEFAULTCAPACITY_EMPTY_ELEMENTDATA */"
      elementData = "/* Could not access elementData */"
      size = "/* Could not access size */"
      MAX_ARRAY_SIZE = "/* Could not access MAX_ARRAY_SIZE */"
      modCount = "/* Could not access modCount */"
      MAX_ARRAY_SIZE = "/* Could not access MAX_ARRAY_SIZE */"
    bootstrap = class org.jboss.weld.bootstrap.WeldBootstrap@12fd82de
      weldStartup = null
      weldRuntime = class org.jboss.weld.bootstrap.WeldRuntime@37aa8130
      beansXmlValidator = null
    classloader = class com.ibm.ws.classloading.internal.AppClassLoader@b2141ae
      tc = class com.ibm.websphere.ras.TraceComponent@5e283391
      disableSharedClassesCache = false
      PARENT_FIRST_SEARCH_ORDER = class java.util.Collections$UnmodifiableRandomAccessList@9db5aef
      packagesDefined = class java.util.Collections$SetFromMap@65aba36f
      CLASS_LOADING_TRACE_PREFIX = "com.ibm.ws.class.load."
      DEFAULT_PACKAGE = "default.package"
      perPackageClassLoadingTraceComponents = class java.util.concurrent.ConcurrentHashMap@520cf59d
      config = class com.ibm.ws.classloading.internal.ClassLoaderConfigurationImpl@1d6acc35
      privateLibraries = null
      delegateLoaders = class com.ibm.ws.classloading.internal.util.CompositeIterable@4eb5f155
      nativeLibraryFiles = class java.util.ArrayList@763d9337
      transformers = class java.util.ArrayList@43282070
      apiAccess = class com.ibm.ws.classloading.internal.GatewayClassLoader@1eda4840
      generator = class com.ibm.ws.classloading.internal.ClassGeneratorManager@8e85744
      protectionDomains = class java.util.concurrent.ConcurrentHashMap@69363055
      parent = class com.ibm.ws.classloading.internal.GatewayClassLoader@1eda4840
      hook = null
      serialVersionUID = 8734164900246230615
      tc = class com.ibm.websphere.ras.TraceComponent@14b0dc0b
      smartClassPath = class com.ibm.ws.classloading.internal.ContainerClassLoader$SmartClassPathImpl@7308a26f
      nativeLibraryContainers = class java.util.ArrayList@71a127de
      redefiner = class com.ibm.ws.classloading.internal.util.ClassRedefiner@3bb91cd9
      jarProtocol = "wsjar:"
      mapCreationQueue = class java.util.concurrent.Executors$FinalizableDelegatedExecutorService@63552763
      serialVersionUID = 6399598832433768509
      serialVersionUID = 1837293532091806117
      $$$tc$$$ = class com.ibm.websphere.ras.TraceComponent@219b755a
      serialVersionUID = -4586727107834513475
      $$$tc$$$ = class com.ibm.websphere.ras.TraceComponent@5e2dab30
      serialVersionUID = -7709588811276454856
      $$$tc$$$ = class com.ibm.websphere.ras.TraceComponent@1896318e
      initialized = "/* Could not access initialized */"
      pdcache = "/* Could not access pdcache */"
      parent = "/* Could not access parent */"
      name = "/* Could not access name */"
      unnamedModule = "/* Could not access unnamedModule */"
      nameAndId = "/* Could not access nameAndId */"
      parallelLockMap = "/* Could not access parallelLockMap */"
      package2certs = "/* Could not access package2certs */"
      nocerts = "/* Could not access nocerts */"
      classes = "/* Could not access classes */"
      defaultDomain = "/* Could not access defaultDomain */"
      packages = "/* Could not access packages */"
      scl = "/* Could not access scl */"
      usr_paths = "/* Could not access usr_paths */"
      sys_paths = "/* Could not access sys_paths */"
      loadedLibraryNames = "/* Could not access loadedLibraryNames */"
      systemNativeLibraries = "/* Could not access systemNativeLibraries */"
      nativeLibraries = "/* Could not access nativeLibraries */"
      assertionLock = "/* Could not access assertionLock */"
      defaultAssertionStatus = "/* Could not access defaultAssertionStatus */"
      packageAssertionStatus = "/* Could not access packageAssertionStatus */"
      classAssertionStatus = "/* Could not access classAssertionStatus */"
      classLoaderValueMap = "/* Could not access classLoaderValueMap */"
      $assertionsDisabled = "/* Could not access $assertionsDisabled */"
    extensionClassLoaders = class java.util.HashSet@993b015
      serialVersionUID = "/* Could not access serialVersionUID */"
      map = "/* Could not access map */"
      PRESENT = "/* Could not access PRESENT */"
      MAX_ARRAY_SIZE = "/* Could not access MAX_ARRAY_SIZE */"
    cdiEnabled = true
    cdiStatusMap = class java.util.HashMap@3de9119d
      serialVersionUID = "/* Could not access serialVersionUID */"
      DEFAULT_INITIAL_CAPACITY = "/* Could not access DEFAULT_INITIAL_CAPACITY */"
      MAXIMUM_CAPACITY = "/* Could not access MAXIMUM_CAPACITY */"
      DEFAULT_LOAD_FACTOR = "/* Could not access DEFAULT_LOAD_FACTOR */"
      TREEIFY_THRESHOLD = "/* Could not access TREEIFY_THRESHOLD */"
      UNTREEIFY_THRESHOLD = "/* Could not access UNTREEIFY_THRESHOLD */"
      MIN_TREEIFY_CAPACITY = "/* Could not access MIN_TREEIFY_CAPACITY */"
      table = "/* Could not access table */"
      entrySet = "/* Could not access entrySet */"
      size = "/* Could not access size */"
      modCount = "/* Could not access modCount */"
      threshold = "/* Could not access threshold */"
      loadFactor = "/* Could not access loadFactor */"
      keySet = "/* Could not access keySet */"
      values = "/* Could not access values */"
    classBDAMap = class java.util.concurrent.ConcurrentHashMap@5530c6e
      serialVersionUID = "/* Could not access serialVersionUID */"
      MAXIMUM_CAPACITY = "/* Could not access MAXIMUM_CAPACITY */"
      DEFAULT_CAPACITY = "/* Could not access DEFAULT_CAPACITY */"
      MAX_ARRAY_SIZE = "/* Could not access MAX_ARRAY_SIZE */"
      DEFAULT_CONCURRENCY_LEVEL = "/* Could not access DEFAULT_CONCURRENCY_LEVEL */"
      LOAD_FACTOR = "/* Could not access LOAD_FACTOR */"
      TREEIFY_THRESHOLD = "/* Could not access TREEIFY_THRESHOLD */"
      UNTREEIFY_THRESHOLD = "/* Could not access UNTREEIFY_THRESHOLD */"
      MIN_TREEIFY_CAPACITY = "/* Could not access MIN_TREEIFY_CAPACITY */"
      MIN_TRANSFER_STRIDE = "/* Could not access MIN_TRANSFER_STRIDE */"
      RESIZE_STAMP_BITS = "/* Could not access RESIZE_STAMP_BITS */"
      MAX_RESIZERS = "/* Could not access MAX_RESIZERS */"
      RESIZE_STAMP_SHIFT = "/* Could not access RESIZE_STAMP_SHIFT */"
      MOVED = "/* Could not access MOVED */"
      TREEBIN = "/* Could not access TREEBIN */"
      RESERVED = "/* Could not access RESERVED */"
      HASH_BITS = "/* Could not access HASH_BITS */"
      NCPU = "/* Could not access NCPU */"
      serialPersistentFields = "/* Could not access serialPersistentFields */"
      table = "/* Could not access table */"
      nextTable = "/* Could not access nextTable */"
      baseCount = "/* Could not access baseCount */"
      sizeCtl = "/* Could not access sizeCtl */"
      transferIndex = "/* Could not access transferIndex */"
      cellsBusy = "/* Could not access cellsBusy */"
      counterCells = "/* Could not access counterCells */"
      keySet = "/* Could not access keySet */"
      values = "/* Could not access values */"
      entrySet = "/* Could not access entrySet */"
      U = "/* Could not access U */"
      SIZECTL = "/* Could not access SIZECTL */"
      TRANSFERINDEX = "/* Could not access TRANSFERINDEX */"
      BASECOUNT = "/* Could not access BASECOUNT */"
      CELLSBUSY = "/* Could not access CELLSBUSY */"
      CELLVALUE = "/* Could not access CELLVALUE */"
      ABASE = "/* Could not access ABASE */"
      ASHIFT = "/* Could not access ASHIFT */"
      keySet = "/* Could not access keySet */"
      values = "/* Could not access values */"
    application = class com.ibm.ws.cdi.internal.archive.liberty.ApplicationImpl@7b469568
      tc = class com.ibm.websphere.ras.TraceComponent@6ee0182c
      applicationInfo = class com.ibm.ws.container.service.app.deploy.internal.ApplicationInfoImpl@5afa69bf
      earApplicationInfo = null
      factory = class com.ibm.ws.cdi.internal.archive.liberty.RuntimeFactory@49f118d4
      type = class com.ibm.ws.cdi.internal.interfaces.ApplicationType@b2da026
      moduleArchives = class java.util.HashMap$Values@686d1372
      libraryArchives = class java.util.HashMap$Values@151ba3b3
      serialVersionUID = 2750581203715901427
    serviceRegistry = class org.jboss.weld.bootstrap.api.helpers.SimpleServiceRegistry@6fc1810d
      services = class java.util.HashMap@3e38667a
    extensions = class java.util.HashSet@1a511091
      serialVersionUID = "/* Could not access serialVersionUID */"
      map = "/* Could not access map */"
      PRESENT = "/* Could not access PRESENT */"
      MAX_ARRAY_SIZE = "/* Could not access MAX_ARRAY_SIZE */"
    spiExtensions = class java.util.HashSet@7fc4fc9
      serialVersionUID = "/* Could not access serialVersionUID */"
      map = "/* Could not access map */"
      PRESENT = "/* Could not access PRESENT */"
      MAX_ARRAY_SIZE = "/* Could not access MAX_ARRAY_SIZE */"
    injectionServices = class com.ibm.ws.cdi.impl.weld.injection.WebSphereInjectionServicesImpl@2f5fe887
    cdiRuntime = class com.ibm.ws.cdi.liberty.CDIRuntimeImpl@48de778b
      tc = class com.ibm.websphere.ras.TraceComponent@5fb09209
      metaDataSlotServiceSR = class com.ibm.wsspi.kernel.service.utils.AtomicServiceReference@546d2e7c
      ejbEndpointServiceSR = class com.ibm.wsspi.kernel.service.utils.AtomicServiceReference@32a79847
      classLoadingSRRef = class com.ibm.wsspi.kernel.service.utils.AtomicServiceReference@3251fbe2
      ejbServices = class com.ibm.wsspi.kernel.service.utils.AtomicServiceReference@7a9fd020
      transactionService = class com.ibm.wsspi.kernel.service.utils.AtomicServiceReference@47bc0fc1
      securityServices = class com.ibm.wsspi.kernel.service.utils.AtomicServiceReference@4957c2d1
      extensionsSR = class com.ibm.wsspi.kernel.service.utils.ConcurrentServiceReferenceSet@74e4bef2
      spiExtensionsSR = class com.ibm.wsspi.kernel.service.utils.ConcurrentServiceReferenceSet@707e6e9e
      containerFactorySRRef = class com.ibm.wsspi.kernel.service.utils.AtomicServiceReference@571ba557
      adaptableModuleFactorySRRef = class com.ibm.wsspi.kernel.service.utils.AtomicServiceReference@202db42f
      injectionEngineServiceRef = class com.ibm.wsspi.kernel.service.utils.AtomicServiceReference@71ef9df6
      scheduledExecutorServiceRef = class com.ibm.wsspi.kernel.service.utils.AtomicServiceReference@726607cb
      executorServiceRef = class com.ibm.wsspi.kernel.service.utils.AtomicServiceReference@785d35cd
      managedExecutorServiceRef = class com.ibm.wsspi.kernel.service.utils.AtomicServiceReference@351c6a25
      containerConfigRef = class com.ibm.wsspi.kernel.service.utils.AtomicServiceReference@3811415d
      resourceRefConfigFactoryRef = class com.ibm.wsspi.kernel.service.utils.AtomicServiceReference@7a8b41cb
      deferredMetaDataFactoryRef = class com.ibm.wsspi.kernel.service.utils.AtomicServiceReference@6b69f00a
      applicationSlot = class com.ibm.ws.runtime.metadata.MetaDataSlotImpl@3df2e200
      isClientProcess = false
      runtimeFactory = class com.ibm.ws.cdi.internal.archive.liberty.RuntimeFactory@49f118d4
      proxyServices = class com.ibm.ws.cdi.liberty.ProxyServicesImpl@f5b574a
      appTccls = class java.util.concurrent.ConcurrentHashMap@2f7eda73
      serialVersionUID = -656282939097194280
      cdiContainer = class com.ibm.ws.cdi.impl.CDIContainerImpl@731dd29f
      serialVersionUID = -3685775177967064433
      $$$tc$$$ = class com.ibm.websphere.ras.TraceComponent@366e9c27
    cdi = class com.ibm.ws.cdi.impl.CDIImpl@2b744e74
      cdiService = class com.ibm.ws.cdi.liberty.CDIRuntimeImpl@48de778b
      serialVersionUID = -7939958868102936626
      $$$tc$$$ = class com.ibm.websphere.ras.TraceComponent@76141589
      knownClassNames = class org.jboss.weld.util.collections.ImmutableTinySet$Tripleton@39b31613
      instanceCache = class org.jboss.weld.util.cache.ReentrantMapBackedComputingCache@5cd484eb
      lock = class java.lang.Object@678dc2d5
      discoveredProviders = null
      configuredProvider = class com.ibm.ws.cdi.liberty.CDIRuntimeImpl@48de778b
    serialVersionUID = -3367681023909837782
    $$$tc$$$ = class com.ibm.websphere.ras.TraceComponent@9db381b
      strings[0] = "TraceComponent[com.ibm.ws.cdi.impl.weld.WebSphereCDIDeploymentImpl,class com.ibm.ws.cdi.impl.weld.WebSphereCDIDeploymentImpl,[JCDI],com.ibm.ws.cdi.internal.resources.CDI,null]"
  serialVersionUID = 2515575801175940133

Dump of objectArray[0]
Object type = org.jboss.weld.injection.producer.ResourceInjector$1
  val$instance = class film_database.director.repository.DirectorRepository@a21a2e
    em = null
  val$ctx = class org.jboss.weld.contexts.CreationalContextImpl@753e2a8
    serialVersionUID = 7375854583908262422
    SERIALIZATION_PROXY = class org.jboss.weld.contexts.CreationalContextImpl$SerializationProxy@4a664554
      serialVersionUID = 5261112077771498097
    incompleteInstances = class java.util.HashMap@350f4bd0
      serialVersionUID = "/* Could not access serialVersionUID */"
      DEFAULT_INITIAL_CAPACITY = "/* Could not access DEFAULT_INITIAL_CAPACITY */"
      MAXIMUM_CAPACITY = "/* Could not access MAXIMUM_CAPACITY */"
      DEFAULT_LOAD_FACTOR = "/* Could not access DEFAULT_LOAD_FACTOR */"
      TREEIFY_THRESHOLD = "/* Could not access TREEIFY_THRESHOLD */"
      UNTREEIFY_THRESHOLD = "/* Could not access UNTREEIFY_THRESHOLD */"
      MIN_TREEIFY_CAPACITY = "/* Could not access MIN_TREEIFY_CAPACITY */"
      table = "/* Could not access table */"
      entrySet = "/* Could not access entrySet */"
      size = "/* Could not access size */"
      modCount = "/* Could not access modCount */"
      threshold = "/* Could not access threshold */"
      loadFactor = "/* Could not access loadFactor */"
      keySet = "/* Could not access keySet */"
      values = "/* Could not access values */"
    contextual = class org.jboss.weld.bean.ManagedBean@da902d8
    dependentInstances = class java.util.Collections$SynchronizedRandomAccessList@1ec70207
      serialVersionUID = "/* Could not access serialVersionUID */"
      serialVersionUID = "/* Could not access serialVersionUID */"
      list = "/* Could not access list */"
      serialVersionUID = "/* Could not access serialVersionUID */"
      c = "/* Could not access c */"
      mutex = "/* Could not access mutex */"
    parentDependentInstances = class java.util.Collections$SynchronizedRandomAccessList@5a8f0dbe
      serialVersionUID = "/* Could not access serialVersionUID */"
      serialVersionUID = "/* Could not access serialVersionUID */"
      list = "/* Could not access list */"
      serialVersionUID = "/* Could not access serialVersionUID */"
      c = "/* Could not access c */"
      mutex = "/* Could not access mutex */"
    parentCreationalContext = null
    resourceReferences = null
    constructorInterceptionSuppressed = false
    aroundConstructCallbacks = null
    aroundConstructInterceptionContext = null
  val$manager = class org.jboss.weld.manager.BeanManagerImpl@637e6a2f
    serialVersionUID = 3021562879133838561
    CREATIONAL_CONTEXT = "creationalContext"
    services = class org.jboss.weld.bootstrap.api.helpers.SimpleServiceRegistry@1160e7de
      services = class java.util.HashMap@6425aa36
    contexts = class java.util.concurrent.ConcurrentHashMap@4ddf592d
      serialVersionUID = "/* Could not access serialVersionUID */"
      MAXIMUM_CAPACITY = "/* Could not access MAXIMUM_CAPACITY */"
      DEFAULT_CAPACITY = "/* Could not access DEFAULT_CAPACITY */"
      MAX_ARRAY_SIZE = "/* Could not access MAX_ARRAY_SIZE */"
      DEFAULT_CONCURRENCY_LEVEL = "/* Could not access DEFAULT_CONCURRENCY_LEVEL */"
      LOAD_FACTOR = "/* Could not access LOAD_FACTOR */"
      TREEIFY_THRESHOLD = "/* Could not access TREEIFY_THRESHOLD */"
      UNTREEIFY_THRESHOLD = "/* Could not access UNTREEIFY_THRESHOLD */"
      MIN_TREEIFY_CAPACITY = "/* Could not access MIN_TREEIFY_CAPACITY */"
      MIN_TRANSFER_STRIDE = "/* Could not access MIN_TRANSFER_STRIDE */"
      RESIZE_STAMP_BITS = "/* Could not access RESIZE_STAMP_BITS */"
      MAX_RESIZERS = "/* Could not access MAX_RESIZERS */"
      RESIZE_STAMP_SHIFT = "/* Could not access RESIZE_STAMP_SHIFT */"
      MOVED = "/* Could not access MOVED */"
      TREEBIN = "/* Could not access TREEBIN */"
      RESERVED = "/* Could not access RESERVED */"
      HASH_BITS = "/* Could not access HASH_BITS */"
      NCPU = "/* Could not access NCPU */"
      serialPersistentFields = "/* Could not access serialPersistentFields */"
      table = "/* Could not access table */"
      nextTable = "/* Could not access nextTable */"
      baseCount = "/* Could not access baseCount */"
      sizeCtl = "/* Could not access sizeCtl */"
      transferIndex = "/* Could not access transferIndex */"
      cellsBusy = "/* Could not access cellsBusy */"
      counterCells = "/* Could not access counterCells */"
      keySet = "/* Could not access keySet */"
      values = "/* Could not access values */"
      entrySet = "/* Could not access entrySet */"
      U = "/* Could not access U */"
      SIZECTL = "/* Could not access SIZECTL */"
      TRANSFERINDEX = "/* Could not access TRANSFERINDEX */"
      BASECOUNT = "/* Could not access BASECOUNT */"
      CELLSBUSY = "/* Could not access CELLSBUSY */"
      CELLVALUE = "/* Could not access CELLVALUE */"
      ABASE = "/* Could not access ABASE */"
      ASHIFT = "/* Could not access ASHIFT */"
      keySet = "/* Could not access keySet */"
      values = "/* Could not access values */"
    clientProxyProvider = class org.jboss.weld.bean.proxy.ClientProxyProvider@5da18359
      BEAN_NOT_PROXYABLE_MARKER = class java.lang.Object@11231332
      beanTypeClosureProxyPool = class org.jboss.weld.util.cache.ReentrantMapBackedComputingCache@14e3301e
      requestedTypeClosureProxyPool = class org.jboss.weld.util.cache.ReentrantMapBackedComputingCache@366ec68a
      contextId = "film-database-1.0-SNAPSHOT"
      services = class org.jboss.weld.bootstrap.api.helpers.ServiceRegistries$1@7baaa03f
    enterpriseBeans = class java.util.concurrent.ConcurrentHashMap@22d70baf
      serialVersionUID = "/* Could not access serialVersionUID */"
      MAXIMUM_CAPACITY = "/* Could not access MAXIMUM_CAPACITY */"
      DEFAULT_CAPACITY = "/* Could not access DEFAULT_CAPACITY */"
      MAX_ARRAY_SIZE = "/* Could not access MAX_ARRAY_SIZE */"
      DEFAULT_CONCURRENCY_LEVEL = "/* Could not access DEFAULT_CONCURRENCY_LEVEL */"
      LOAD_FACTOR = "/* Could not access LOAD_FACTOR */"
      TREEIFY_THRESHOLD = "/* Could not access TREEIFY_THRESHOLD */"
      UNTREEIFY_THRESHOLD = "/* Could not access UNTREEIFY_THRESHOLD */"
      MIN_TREEIFY_CAPACITY = "/* Could not access MIN_TREEIFY_CAPACITY */"
      MIN_TRANSFER_STRIDE = "/* Could not access MIN_TRANSFER_STRIDE */"
      RESIZE_STAMP_BITS = "/* Could not access RESIZE_STAMP_BITS */"
      MAX_RESIZERS = "/* Could not access MAX_RESIZERS */"
      RESIZE_STAMP_SHIFT = "/* Could not access RESIZE_STAMP_SHIFT */"
      MOVED = "/* Could not access MOVED */"
      TREEBIN = "/* Could not access TREEBIN */"
      RESERVED = "/* Could not access RESERVED */"
      HASH_BITS = "/* Could not access HASH_BITS */"
      NCPU = "/* Could not access NCPU */"
      serialPersistentFields = "/* Could not access serialPersistentFields */"
      table = "/* Could not access table */"
      nextTable = "/* Could not access nextTable */"
      baseCount = "/* Could not access baseCount */"
      sizeCtl = "/* Could not access sizeCtl */"
      transferIndex = "/* Could not access transferIndex */"
      cellsBusy = "/* Could not access cellsBusy */"
      counterCells = "/* Could not access counterCells */"
      keySet = "/* Could not access keySet */"
      values = "/* Could not access values */"
      entrySet = "/* Could not access entrySet */"
      U = "/* Could not access U */"
      SIZECTL = "/* Could not access SIZECTL */"
      TRANSFERINDEX = "/* Could not access TRANSFERINDEX */"
      BASECOUNT = "/* Could not access BASECOUNT */"
      CELLSBUSY = "/* Could not access CELLSBUSY */"
      CELLVALUE = "/* Could not access CELLVALUE */"
      ABASE = "/* Could not access ABASE */"
      ASHIFT = "/* Could not access ASHIFT */"
      keySet = "/* Could not access keySet */"
      values = "/* Could not access values */"
    enabled = class org.jboss.weld.bootstrap.enablement.ModuleEnablement@341f463c
      EMPTY_ENABLEMENT = class org.jboss.weld.bootstrap.enablement.ModuleEnablement@72adde3e
      interceptors = class org.jboss.weld.util.collections.ImmutableArrayList@19cb4670
      decorators = class java.util.Collections$EmptyList@5100ee27
      interceptorMap = class java.util.Collections$UnmodifiableMap@652c6ae3
      decoratorMap = class java.util.Collections$EmptyMap@7c15507f
      globalAlternatives = class java.util.Collections$EmptyMap@7c15507f
      localAlternativeClasses = class java.util.Collections$EmptySet@481fde7c
      localAlternativeStereotypes = class java.util.Collections$EmptySet@481fde7c
      decoratorComparator = class org.jboss.weld.bootstrap.enablement.ModuleEnablement$EnablementComparator@60552ded
      interceptorComparator = class org.jboss.weld.bootstrap.enablement.ModuleEnablement$EnablementComparator@236e1f51
    beanResolver = class org.jboss.weld.resolution.TypeSafeBeanResolver@33e77a3
      beanManager = class org.jboss.weld.manager.BeanManagerImpl@637e6a2f
      disambiguatedBeans = class org.jboss.weld.util.cache.ReentrantMapBackedComputingCache@2abb823
      store = class org.jboss.weld.metadata.cache.MetaAnnotationStore@3ff6912d
      beansByType = class org.jboss.weld.resolution.AbstractTypeSafeBeanResolver$1@330920cc
      resolved = class org.jboss.weld.util.cache.ReentrantMapBackedComputingCache@269a16f2
      allBeans = class org.jboss.weld.util.collections.Iterables$$Lambda$183/0x00000008008f9c40@10ce282c
      resolverFunction = class org.jboss.weld.resolution.TypeSafeResolver$ResolvableToBeanCollection@4f7bf0b6
    decoratorResolver = class org.jboss.weld.resolution.TypeSafeDecoratorResolver@52d497d6
      rules = class org.jboss.weld.resolution.DelegateInjectionPointAssignabilityRules@16aac491
      beanManager = class org.jboss.weld.manager.BeanManagerImpl@637e6a2f
      disambiguatedBeans = class org.jboss.weld.util.cache.ReentrantMapBackedComputingCache@52435a77
      store = class org.jboss.weld.metadata.cache.MetaAnnotationStore@3ff6912d
      beansByType = class org.jboss.weld.resolution.AbstractTypeSafeBeanResolver$1@701068b6
      resolved = class org.jboss.weld.util.cache.ReentrantMapBackedComputingCache@30dea469
      allBeans = class org.jboss.weld.util.collections.Iterables$$Lambda$183/0x00000008008f9c40@7806d0e7
      resolverFunction = class org.jboss.weld.resolution.TypeSafeResolver$ResolvableToBeanCollection@73725933
    interceptorResolver = class org.jboss.weld.resolution.TypeSafeInterceptorResolver@48c47450
      manager = class org.jboss.weld.manager.BeanManagerImpl@637e6a2f
      resolved = class org.jboss.weld.util.cache.ReentrantMapBackedComputingCache@4166a8eb
      allBeans = class org.jboss.weld.util.collections.Iterables$$Lambda$183/0x00000008008f9c40@1b5beff6
      resolverFunction = class org.jboss.weld.resolution.TypeSafeResolver$ResolvableToBeanCollection@5c13e2cb
    nameBasedResolver = class org.jboss.weld.resolution.NameBasedResolver@6a4f5d2
      resolvedNames = class org.jboss.weld.util.cache.ReentrantMapBackedComputingCache@4201e111
    weldELResolver = class org.jboss.weld.module.web.el.WeldELResolver@765719ca
      beanManager = class org.jboss.weld.manager.BeanManagerImpl@637e6a2f
      rootNamespace = class org.jboss.weld.util.LazyValueHolder$1@350eb6d5
      TYPE = "type"
      RESOLVABLE_AT_DESIGN_TIME = "resolvableAtDesignTime"
    accessibleLenientObserverNotifier = class org.jboss.weld.module.jta.TransactionalObserverNotifier@4b5af1
      FACTORY = class org.jboss.weld.module.jta.TransactionalObserverNotifier$1@61fa34cc
      transactionServices = class com.ibm.ws.cdi.impl.weld.TransactionServicesImpl@152fe9e8
      contextId = "film-database-1.0-SNAPSHOT"
      NO_EXCEPTION_MARKER = class java.lang.RuntimeException@51cf80e4
      resolver = class org.jboss.weld.resolution.TypeSafeObserverResolver@6f3ad1f
      sharedObjectCache = class org.jboss.weld.resources.SharedObjectCache@4036dd29
      strict = false
      currentEventMetadata = class org.jboss.weld.event.CurrentEventMetadata@22e52f75
      eventTypeCheckCache = null
      asyncEventExecutor = class com.ibm.ws.threading.internal.ExecutorServiceImpl@486fe268
      timerExecutor = class com.ibm.ws.threading.internal.ScheduledExecutorImpl@658a9321
      securityServices = class com.ibm.ws.cdi.impl.DefaultCDI20SecurityService@3ef57e69
      requestContextHolder = class org.jboss.weld.util.LazyValueHolder$1@55abbbc4
    globalLenientObserverNotifier = class org.jboss.weld.module.jta.TransactionalObserverNotifier@6b46c85c
      FACTORY = class org.jboss.weld.module.jta.TransactionalObserverNotifier$1@61fa34cc
      transactionServices = class com.ibm.ws.cdi.impl.weld.TransactionServicesImpl@152fe9e8
      contextId = "film-database-1.0-SNAPSHOT"
      NO_EXCEPTION_MARKER = class java.lang.RuntimeException@51cf80e4
      resolver = class org.jboss.weld.resolution.TypeSafeObserverResolver@120935ac
      sharedObjectCache = class org.jboss.weld.resources.SharedObjectCache@4036dd29
      strict = false
      currentEventMetadata = class org.jboss.weld.event.CurrentEventMetadata@22e52f75
      eventTypeCheckCache = null
      asyncEventExecutor = class com.ibm.ws.threading.internal.ExecutorServiceImpl@486fe268
      timerExecutor = class com.ibm.ws.threading.internal.ScheduledExecutorImpl@658a9321
      securityServices = class com.ibm.ws.cdi.impl.DefaultCDI20SecurityService@3ef57e69
      requestContextHolder = class org.jboss.weld.util.LazyValueHolder$1@35606045
    globalStrictObserverNotifier = class org.jboss.weld.module.jta.TransactionalObserverNotifier@4a6daa83
      FACTORY = class org.jboss.weld.module.jta.TransactionalObserverNotifier$1@61fa34cc
      transactionServices = class com.ibm.ws.cdi.impl.weld.TransactionServicesImpl@152fe9e8
      contextId = "film-database-1.0-SNAPSHOT"
      NO_EXCEPTION_MARKER = class java.lang.RuntimeException@51cf80e4
      resolver = class org.jboss.weld.resolution.TypeSafeObserverResolver@120935ac
      sharedObjectCache = class org.jboss.weld.resources.SharedObjectCache@4036dd29
      strict = true
      currentEventMetadata = class org.jboss.weld.event.CurrentEventMetadata@22e52f75
      eventTypeCheckCache = class org.jboss.weld.util.cache.ReentrantMapBackedComputingCache@38c503a2
      asyncEventExecutor = class com.ibm.ws.threading.internal.ExecutorServiceImpl@486fe268
      timerExecutor = class com.ibm.ws.threading.internal.ScheduledExecutorImpl@658a9321
      securityServices = class com.ibm.ws.cdi.impl.DefaultCDI20SecurityService@3ef57e69
      requestContextHolder = class org.jboss.weld.util.LazyValueHolder$1@317cf3c
    enabledBeans = class java.util.concurrent.CopyOnWriteArrayList@43a734d
      serialVersionUID = "/* Could not access serialVersionUID */"
      lock = "/* Could not access lock */"
      array = "/* Could not access array */"
    sharedBeans = class java.util.concurrent.CopyOnWriteArrayList@5efc2de9
      serialVersionUID = "/* Could not access serialVersionUID */"
      lock = "/* Could not access lock */"
      array = "/* Could not access array */"
    specializedBeans = class java.util.concurrent.CopyOnWriteArrayList@3a51a42
      serialVersionUID = "/* Could not access serialVersionUID */"
      lock = "/* Could not access lock */"
      array = "/* Could not access array */"
    decorators = class java.util.concurrent.CopyOnWriteArrayList@24bb8107
      serialVersionUID = "/* Could not access serialVersionUID */"
      lock = "/* Could not access lock */"
      array = "/* Could not access array */"
    interceptors = class java.util.concurrent.CopyOnWriteArrayList@734c2ec6
      serialVersionUID = "/* Could not access serialVersionUID */"
      lock = "/* Could not access lock */"
      array = "/* Could not access array */"
    namespaces = class java.util.concurrent.CopyOnWriteArrayList@4ce0c623
      serialVersionUID = "/* Could not access serialVersionUID */"
      lock = "/* Could not access lock */"
      array = "/* Could not access array */"
    observers = class java.util.concurrent.CopyOnWriteArrayList@673ca2f7
      serialVersionUID = "/* Could not access serialVersionUID */"
      lock = "/* Could not access lock */"
      array = "/* Could not access array */"
    beanSet = null
    managers = class java.util.HashSet@1ff7a4ae
      serialVersionUID = "/* Could not access serialVersionUID */"
      map = "/* Could not access map */"
      PRESENT = "/* Could not access PRESENT */"
      MAX_ARRAY_SIZE = "/* Could not access MAX_ARRAY_SIZE */"
    accessibleManagers = class java.util.HashSet@d5f8388
      serialVersionUID = "/* Could not access serialVersionUID */"
      map = "/* Could not access map */"
      PRESENT = "/* Could not access PRESENT */"
      MAX_ARRAY_SIZE = "/* Could not access MAX_ARRAY_SIZE */"
    id = "film-database-1.0-SNAPSHOT#film-database-1.0-SNAPSHOT.war"
    contextId = "film-database-1.0-SNAPSHOT"
    interceptorModelRegistry = class java.util.concurrent.ConcurrentHashMap@47449dde
      serialVersionUID = "/* Could not access serialVersionUID */"
      MAXIMUM_CAPACITY = "/* Could not access MAXIMUM_CAPACITY */"
      DEFAULT_CAPACITY = "/* Could not access DEFAULT_CAPACITY */"
      MAX_ARRAY_SIZE = "/* Could not access MAX_ARRAY_SIZE */"
      DEFAULT_CONCURRENCY_LEVEL = "/* Could not access DEFAULT_CONCURRENCY_LEVEL */"
      LOAD_FACTOR = "/* Could not access LOAD_FACTOR */"
      TREEIFY_THRESHOLD = "/* Could not access TREEIFY_THRESHOLD */"
      UNTREEIFY_THRESHOLD = "/* Could not access UNTREEIFY_THRESHOLD */"
      MIN_TREEIFY_CAPACITY = "/* Could not access MIN_TREEIFY_CAPACITY */"
      MIN_TRANSFER_STRIDE = "/* Could not access MIN_TRANSFER_STRIDE */"
      RESIZE_STAMP_BITS = "/* Could not access RESIZE_STAMP_BITS */"
      MAX_RESIZERS = "/* Could not access MAX_RESIZERS */"
      RESIZE_STAMP_SHIFT = "/* Could not access RESIZE_STAMP_SHIFT */"
      MOVED = "/* Could not access MOVED */"
      TREEBIN = "/* Could not access TREEBIN */"
      RESERVED = "/* Could not access RESERVED */"
      HASH_BITS = "/* Could not access HASH_BITS */"
      NCPU = "/* Could not access NCPU */"
      serialPersistentFields = "/* Could not access serialPersistentFields */"
      table = "/* Could not access table */"
      nextTable = "/* Could not access nextTable */"
      baseCount = "/* Could not access baseCount */"
      sizeCtl = "/* Could not access sizeCtl */"
      transferIndex = "/* Could not access transferIndex */"
      cellsBusy = "/* Could not access cellsBusy */"
      counterCells = "/* Could not access counterCells */"
      keySet = "/* Could not access keySet */"
      values = "/* Could not access values */"
      entrySet = "/* Could not access entrySet */"
      U = "/* Could not access U */"
      SIZECTL = "/* Could not access SIZECTL */"
      TRANSFERINDEX = "/* Could not access TRANSFERINDEX */"
      BASECOUNT = "/* Could not access BASECOUNT */"
      CELLSBUSY = "/* Could not access CELLSBUSY */"
      CELLVALUE = "/* Could not access CELLVALUE */"
      ABASE = "/* Could not access ABASE */"
      ASHIFT = "/* Could not access ASHIFT */"
      keySet = "/* Could not access keySet */"
      values = "/* Could not access values */"
    interceptorMetadataReader = class org.jboss.weld.interceptor.reader.InterceptorMetadataReader@45eda4db
      manager = class org.jboss.weld.manager.BeanManagerImpl@637e6a2f
      plainInterceptorMetadataCache = class org.jboss.weld.util.cache.ReentrantMapBackedComputingCache@69675d98
      cdiInterceptorMetadataCache = class org.jboss.weld.util.cache.ReentrantMapBackedComputingCache@545cac73
      interceptorToInterceptorMetadataFunction = class org.jboss.weld.interceptor.reader.InterceptorMetadataReader$$Lambda$184/0x0000000800938040@3e23cb48
    containerLifecycleEvents = class org.jboss.weld.bootstrap.events.ContainerLifecycleEvents@679dba1c
      everythingObserved = false
      processAnnotatedTypeObserved = true
      processBeanObserved = true
      processBeanAttributesObserved = false
      processInjectionPointObserved = false
      processInjectionTargetObserved = false
      processProducerObserved = true
      processObserverMethodObserved = false
      discovery = class org.jboss.weld.bootstrap.events.RequiredAnnotationDiscovery@4b54c18b
      preloader = class org.jboss.weld.bootstrap.events.ContainerLifecycleEventPreloader@6994d7a2
    registry = class org.jboss.weld.bootstrap.SpecializationAndEnablementRegistry@16af36a4
      specializedBeanResolvers = class org.jboss.weld.util.cache.ReentrantMapBackedComputingCache@d4da33
      environmentByManager = class java.util.concurrent.ConcurrentHashMap@45ecdbac
      specializedBeans = class org.jboss.weld.util.cache.ReentrantMapBackedComputingCache@b23ba1e
      specializedBeansMap = class java.util.concurrent.ConcurrentHashMap@6a79c188
    currentInjectionPoint = class org.jboss.weld.injection.CurrentInjectionPoint@7566f3c2
      threadLocalStack = class org.jboss.weld.injection.ThreadLocalStack$1@259302ad
      NULL_REFERENCE = class org.jboss.weld.injection.ThreadLocalStack$2@73d338c8
    clientProxyOptimization = false
    validationFailureCallbacks = class java.util.concurrent.CopyOnWriteArrayList@5d054ac9
      serialVersionUID = "/* Could not access serialVersionUID */"
      lock = "/* Could not access lock */"
      array = "/* Could not access array */"
    requestInitializedEvent = class org.jboss.weld.util.LazyValueHolder$1@57c2462f
      val$supplier = class org.jboss.weld.manager.BeanManagerImpl$$Lambda$190/0x0000000800939840@1ebc03d8
      value = null
    requestBeforeDestroyedEvent = class org.jboss.weld.util.LazyValueHolder$1@38b74065
      val$supplier = class org.jboss.weld.manager.BeanManagerImpl$$Lambda$191/0x0000000800939c40@447c5471
      value = null
    requestDestroyedEvent = class org.jboss.weld.util.LazyValueHolder$1@7a0d5c52
      val$supplier = class org.jboss.weld.manager.BeanManagerImpl$$Lambda$192/0x000000080093a040@57816704
      value = null
  this$0 = class org.jboss.weld.injection.producer.ResourceInjector@229fcf90
    resourceInjectionsHierarchy = class java.util.Collections$EmptyList@5100ee27
      serialVersionUID = "/* Could not access serialVersionUID */"
      modCount = "/* Could not access modCount */"
      MAX_ARRAY_SIZE = "/* Could not access MAX_ARRAY_SIZE */"
    injectableFields = class org.jboss.weld.util.collections.ImmutableTinyList$Singleton@223baf5e
      serialVersionUID = 1
      element = class java.util.Collections$EmptySet@481fde7c
      modCount = "/* Could not access modCount */"
      MAX_ARRAY_SIZE = "/* Could not access MAX_ARRAY_SIZE */"
    initializerMethods = class org.jboss.weld.util.collections.ImmutableTinyList$Singleton@6da52102
      serialVersionUID = 1
      element = class java.util.Collections$EmptySet@481fde7c
      modCount = "/* Could not access modCount */"
      MAX_ARRAY_SIZE = "/* Could not access MAX_ARRAY_SIZE */"
  beanManager = class org.jboss.weld.manager.BeanManagerImpl@637e6a2f
  injectionTarget = class org.jboss.weld.injection.producer.BeanInjectionTarget@19013de2
    bean = class org.jboss.weld.bean.ManagedBean@da902d8
      proxiable = true
      passivationCapableBean = false
      passivationCapableDependency = true
      hasPostConstructCallback = false
      annotatedType = class org.jboss.weld.annotated.slim.backed.BackedAnnotatedType@15fcac8
      enhancedAnnotatedItem = null
      producer = class org.jboss.weld.injection.producer.BeanInjectionTarget@19013de2
      type = class java.lang.Class@36b8c024
      preInitialized = false
      proxyRequired = true
      producer = null
      ignoreFinalMethods = false
      beanManager = class org.jboss.weld.manager.BeanManagerImpl@637e6a2f
      initialized = true
      qualifiers = class org.jboss.weld.util.collections.ImmutableTinySet$Doubleton@5ff2211d
      contextualInstanceStrategy = class org.jboss.weld.bean.ContextualInstanceStrategy$CachingContextualInstanceStrategy@21ae5bf8
      attributes = class org.jboss.weld.bean.attributes.ImmutableBeanAttributes@31e6947c
      identifier = class org.jboss.weld.bean.StringBeanIdentifier@cb5c353
    beanManager = class org.jboss.weld.manager.BeanManagerImpl@637e6a2f
    type = class org.jboss.weld.annotated.slim.backed.BackedAnnotatedType@15fcac8
    injectionPoints = class java.util.Collections$EmptySet@481fde7c
      serialVersionUID = "/* Could not access serialVersionUID */"
      MAX_ARRAY_SIZE = "/* Could not access MAX_ARRAY_SIZE */"
    instantiator = class org.jboss.weld.injection.producer.DefaultInstantiator@4a291b72
      constructor = class org.jboss.weld.injection.ConstructorInjectionPoint@5f7c92b4
    injector = class org.jboss.weld.injection.producer.ResourceInjector@229fcf90
    invoker = class org.jboss.weld.injection.producer.DefaultLifecycleCallbackInvoker@5ad631a9
      accessiblePostConstructMethods = class java.util.Collections$EmptyList@5100ee27
      accessiblePreDestroyMethods = class java.util.Collections$EmptyList@5100ee27
  annotatedType = class org.jboss.weld.annotated.slim.backed.BackedAnnotatedType@15fcac8
    javaClass = class java.lang.Class@36b8c024
      ANNOTATION = "/* Could not access ANNOTATION */"
      ENUM = "/* Could not access ENUM */"
      SYNTHETIC = "/* Could not access SYNTHETIC */"
      cachedConstructor = "/* Could not access cachedConstructor */"
      newInstanceCallerCache = "/* Could not access newInstanceCallerCache */"
      name = "/* Could not access name */"
      module = "/* Could not access module */"
      packageName = "/* Could not access packageName */"
      componentType = "/* Could not access componentType */"
      allPermDomain = "/* Could not access allPermDomain */"
      reflectionData = "/* Could not access reflectionData */"
      classRedefinedCount = "/* Could not access classRedefinedCount */"
      genericInfo = "/* Could not access genericInfo */"
      EMPTY_CLASS_ARRAY = "/* Could not access EMPTY_CLASS_ARRAY */"
      serialVersionUID = "/* Could not access serialVersionUID */"
      serialPersistentFields = "/* Could not access serialPersistentFields */"
      reflectionFactory = "/* Could not access reflectionFactory */"
      enumConstants = "/* Could not access enumConstants */"
      enumConstantDirectory = "/* Could not access enumConstantDirectory */"
      annotationData = "/* Could not access annotationData */"
      annotationType = "/* Could not access annotationType */"
      classValueMap = "/* Could not access classValueMap */"
    constructors = class org.jboss.weld.annotated.slim.backed.BackedAnnotatedType$BackedAnnotatedConstructors@1fac47e9
      this$0 = class org.jboss.weld.annotated.slim.backed.BackedAnnotatedType@15fcac8
      this$0 = class org.jboss.weld.annotated.slim.backed.BackedAnnotatedType@15fcac8
      value = null
    methods = class org.jboss.weld.annotated.slim.backed.BackedAnnotatedType$BackedAnnotatedMethods@2976865e
      this$0 = class org.jboss.weld.annotated.slim.backed.BackedAnnotatedType@15fcac8
      this$0 = class org.jboss.weld.annotated.slim.backed.BackedAnnotatedType@15fcac8
      value = null
    fields = class org.jboss.weld.annotated.slim.backed.BackedAnnotatedType$BackedAnnotatedFields@2b86ea89
      this$0 = class org.jboss.weld.annotated.slim.backed.BackedAnnotatedType@15fcac8
      this$0 = class org.jboss.weld.annotated.slim.backed.BackedAnnotatedType@15fcac8
      value = null
    sharedObjectCache = class org.jboss.weld.resources.SharedObjectCache@4036dd29
      sharedSets = class org.jboss.weld.util.cache.ReentrantMapBackedComputingCache@43551b00
      sharedMaps = class org.jboss.weld.util.cache.ReentrantMapBackedComputingCache@223bd40e
      typeClosureHolders = class org.jboss.weld.util.cache.ReentrantMapBackedComputingCache@32557ebf
    reflectionCache = class org.jboss.weld.resources.HotspotReflectionCache@3d5849c9
      annotationTypeLock = class java.lang.Class@384ad17b
      store = class org.jboss.weld.metadata.TypeStore@4c5a9bb6
      ANNOTATIONS_FUNCTION = class org.jboss.weld.resources.DefaultReflectionCache$$Lambda$166/0x00000008008fec40@6f48082a
      DECLARED_ANNOTATIONS_FUNCTION = class org.jboss.weld.resources.DefaultReflectionCache$$Lambda$167/0x00000008008fe040@79adac97
      annotations = class org.jboss.weld.util.cache.ReentrantMapBackedComputingCache@5dfc47ab
      declaredAnnotations = class org.jboss.weld.util.cache.ReentrantMapBackedComputingCache@4563f089
      backedAnnotatedTypeAnnotations = class org.jboss.weld.util.cache.ReentrantMapBackedComputingCache@6ac5b957
      annotationClasses = class org.jboss.weld.util.cache.ReentrantMapBackedComputingCache@7e98698c
    identifier = class org.jboss.weld.annotated.slim.AnnotatedTypeIdentifier@20016c4a
      NULL_BDA_ID = "org.jboss.weld.annotated.slim.AnnotatedTypeIdentifier.null"
      SYNTHETIC_ANNOTATION_SUFFIX = "syntheticAnnotation"
      serialVersionUID = -264184070652700144
      contextId = "film-database-1.0-SNAPSHOT"
      bdaId = "film-database-1.0-SNAPSHOT#film-database-1.0-SNAPSHOT.war"
      className = "film_database.director.repository.DirectorRepository"
      suffix = null
      modified = false
      hashCode = -1180299794
    typeClosure = class org.jboss.weld.annotated.enhanced.TypeClosureLazyValueHolder@3c4f0861
      type = class java.lang.Class@36b8c024
      value = class org.jboss.weld.util.collections.ImmutableTinySet$Tripleton@3a20591a
    baseType = class java.lang.Class@36b8c024
  target = class film_database.director.repository.DirectorRepository@a21a2e

