------Start of DE processing------ = [12/11/2020, 16:37:48:542 CET]
Exception = javax.persistence.PersistenceException
Source = com.ibm.ws.jpa.management.JPAPUnitInfo.createEMFactory
probeid = 759
Stack Dump = javax.persistence.PersistenceException: Exception [EclipseLink-28018] (Eclipse Persistence Services - 2.7.7.v20200504-69f2c2b80d): org.eclipse.persistence.exceptions.EntityManagerSetupException
Exception Description: Predeployment of PersistenceUnit [filmDatabasePu] failed.
Internal Exception: Exception [EclipseLink-7154] (Eclipse Persistence Services - 2.7.7.v20200504-69f2c2b80d): org.eclipse.persistence.exceptions.ValidationException
Exception Description: The attribute [films] in entity class [class film_database.filmDistributor.entity.FilmDistributor] has a mappedBy value of [filmDistributors] which does not exist in its owning entity class [class film_database.film.entity.Film]. If the owning entity class is a @MappedSuperclass, this is invalid, and your attribute should reference the correct subclass.
	at org.eclipse.persistence.internal.jpa.EntityManagerSetupImpl.createPredeployFailedPersistenceException(EntityManagerSetupImpl.java:2109)
	at org.eclipse.persistence.internal.jpa.EntityManagerSetupImpl.predeploy(EntityManagerSetupImpl.java:2085)
	at org.eclipse.persistence.jpa.PersistenceProvider.createContainerEntityManagerFactoryImpl(PersistenceProvider.java:350)
	at org.eclipse.persistence.jpa.PersistenceProvider.createContainerEntityManagerFactory(PersistenceProvider.java:316)
	at com.ibm.ws.jpa.management.JPAPUnitInfo.createEMFactory(JPAPUnitInfo.java:919)
	at com.ibm.ws.jpa.management.JPAPUnitInfo.initialize(JPAPUnitInfo.java:766)
	at com.ibm.ws.jpa.management.JPAPxmlInfo.extractPersistenceUnits(JPAPxmlInfo.java:182)
	at com.ibm.ws.jpa.management.JPAScopeInfo.processPersistenceUnit(JPAScopeInfo.java:88)
	at com.ibm.ws.jpa.management.JPAApplInfo.addPersistenceUnits(JPAApplInfo.java:119)
	at com.ibm.ws.jpa.container.osgi.internal.JPAComponentImpl.processWebModulePersistenceXml(JPAComponentImpl.java:515)
	at com.ibm.ws.jpa.container.osgi.internal.JPAComponentImpl.applicationStarting(JPAComponentImpl.java:304)
	at com.ibm.ws.container.service.state.internal.ApplicationStateManager.fireStarting(ApplicationStateManager.java:51)
	at com.ibm.ws.container.service.state.internal.StateChangeServiceImpl.fireApplicationStarting(StateChangeServiceImpl.java:50)
	at com.ibm.ws.app.manager.module.internal.SimpleDeployedAppInfoBase.preDeployApp(SimpleDeployedAppInfoBase.java:547)
	at com.ibm.ws.app.manager.module.internal.SimpleDeployedAppInfoBase.installApp(SimpleDeployedAppInfoBase.java:508)
	at com.ibm.ws.app.manager.module.internal.DeployedAppInfoBase.deployApp(DeployedAppInfoBase.java:349)
	at com.ibm.ws.app.manager.war.internal.WARApplicationHandlerImpl.install(WARApplicationHandlerImpl.java:65)
	at com.ibm.ws.app.manager.internal.statemachine.StartAction.execute(StartAction.java:144)
	at com.ibm.ws.app.manager.internal.statemachine.ApplicationStateMachineImpl.enterState(ApplicationStateMachineImpl.java:1317)
	at com.ibm.ws.app.manager.internal.statemachine.ApplicationStateMachineImpl.run(ApplicationStateMachineImpl.java:897)
	at com.ibm.ws.threading.internal.ExecutorServiceImpl$RunnableWrapper.run(ExecutorServiceImpl.java:239)
	at java.base/java.util.concurrent.ThreadPoolExecutor.runWorker(ThreadPoolExecutor.java:1128)
	at java.base/java.util.concurrent.ThreadPoolExecutor$Worker.run(ThreadPoolExecutor.java:628)
	at java.base/java.lang.Thread.run(Thread.java:834)
Caused by: Exception [EclipseLink-28018] (Eclipse Persistence Services - 2.7.7.v20200504-69f2c2b80d): org.eclipse.persistence.exceptions.EntityManagerSetupException
Exception Description: Predeployment of PersistenceUnit [filmDatabasePu] failed.
Internal Exception: Exception [EclipseLink-7154] (Eclipse Persistence Services - 2.7.7.v20200504-69f2c2b80d): org.eclipse.persistence.exceptions.ValidationException
Exception Description: The attribute [films] in entity class [class film_database.filmDistributor.entity.FilmDistributor] has a mappedBy value of [filmDistributors] which does not exist in its owning entity class [class film_database.film.entity.Film]. If the owning entity class is a @MappedSuperclass, this is invalid, and your attribute should reference the correct subclass.
	at org.eclipse.persistence.exceptions.EntityManagerSetupException.predeployFailed(EntityManagerSetupException.java:233)
	... 24 more
Caused by: Exception [EclipseLink-7154] (Eclipse Persistence Services - 2.7.7.v20200504-69f2c2b80d): org.eclipse.persistence.exceptions.ValidationException
Exception Description: The attribute [films] in entity class [class film_database.filmDistributor.entity.FilmDistributor] has a mappedBy value of [filmDistributors] which does not exist in its owning entity class [class film_database.film.entity.Film]. If the owning entity class is a @MappedSuperclass, this is invalid, and your attribute should reference the correct subclass.
	at org.eclipse.persistence.exceptions.ValidationException.noMappedByAttributeFound(ValidationException.java:1376)
	at org.eclipse.persistence.internal.jpa.metadata.accessors.mappings.RelationshipAccessor.getOwningMapping(RelationshipAccessor.java:491)
	at org.eclipse.persistence.internal.jpa.metadata.accessors.mappings.OneToManyAccessor.processOneToManyMapping(OneToManyAccessor.java:217)
	at org.eclipse.persistence.internal.jpa.metadata.accessors.mappings.OneToManyAccessor.process(OneToManyAccessor.java:150)
	at org.eclipse.persistence.internal.jpa.metadata.MetadataProject.processNonOwningRelationshipAccessors(MetadataProject.java:1652)
	at org.eclipse.persistence.internal.jpa.metadata.MetadataProject.processStage3(MetadataProject.java:1941)
	at org.eclipse.persistence.internal.jpa.metadata.MetadataProcessor.processORMMetadata(MetadataProcessor.java:584)
	at org.eclipse.persistence.internal.jpa.deployment.PersistenceUnitProcessor.processORMetadata(PersistenceUnitProcessor.java:629)
	at org.eclipse.persistence.internal.jpa.EntityManagerSetupImpl.predeploy(EntityManagerSetupImpl.java:2006)
	... 22 more

Dump of callerThis
Object type = com.ibm.ws.jpa.container.osgi.internal.OSGiJPAPUnitInfo
  tc = class com.ibm.websphere.ras.TraceComponent@1b2164c8
    strings[0] = "TraceComponent[com.ibm.ws.jpa.container.osgi.internal.OSGiJPAPUnitInfo,class com.ibm.ws.jpa.container.osgi.internal.OSGiJPAPUnitInfo,[JPA],com.ibm.ws.jpa.jpa,null]"
  disableWsJpaUrlProcessing = false
  ECLIPSELINK_TARGET_SERVER = "WebSphere_Liberty"
  scopeInfo = class com.ibm.ws.jpa.management.JPAScopeInfo@4208dd6f
    tc = class com.ibm.websphere.ras.TraceComponent@2129d318
      strings[0] = "TraceComponent[com.ibm.ws.jpa.management.JPAScopeInfo,class com.ibm.ws.jpa.management.JPAScopeInfo,[JPA],com.ibm.ws.jpa.jpa,null]"
    scopeName = "film-database-1.0-SNAPSHOT.war"
    scope = class com.ibm.ws.jpa.management.JPAPuScope@5599efd6
      EJB_Scope = class com.ibm.ws.jpa.management.JPAPuScope@2032afaf
      Web_Scope = class com.ibm.ws.jpa.management.JPAPuScope@5599efd6
      EAR_Scope = class com.ibm.ws.jpa.management.JPAPuScope@27497107
      Client_Scope = class com.ibm.ws.jpa.management.JPAPuScope@4acb2cac
      $VALUES = class com.ibm.ws.jpa.management.JPAPuScope[4]
      name = "/* Could not access name */"
      ordinal = "/* Could not access ordinal */"
    pxmlsInfo = class java.util.HashMap@603525bb
      serialVersionUID = "/* Could not access serialVersionUID */"
      DEFAULT_INITIAL_CAPACITY = "/* Could not access DEFAULT_INITIAL_CAPACITY */"
      MAXIMUM_CAPACITY = "/* Could not access MAXIMUM_CAPACITY */"
      DEFAULT_LOAD_FACTOR = "/* Could not access DEFAULT_LOAD_FACTOR */"
      TREEIFY_THRESHOLD = "/* Could not access TREEIFY_THRESHOLD */"
      UNTREEIFY_THRESHOLD = "/* Could not access UNTREEIFY_THRESHOLD */"
      MIN_TREEIFY_CAPACITY = "/* Could not access MIN_TREEIFY_CAPACITY */"
      table = "/* Could not access table */"
      entrySet = "/* Could not access entrySet */"
      size = "/* Could not access size */"
      modCount = "/* Could not access modCount */"
      threshold = "/* Could not access threshold */"
      loadFactor = "/* Could not access loadFactor */"
      keySet = "/* Could not access keySet */"
      values = "/* Could not access values */"
  serialVersionUID = -898488667409903028
  CLASS_NAME = "com.ibm.ws.jpa.management.JPAPUnitInfo"
  tc = class com.ibm.websphere.ras.TraceComponent@1c72c807
    strings[0] = "TraceComponent[com.ibm.ws.jpa.management.JPAPUnitInfo,class com.ibm.ws.jpa.management.JPAPUnitInfo,[JPA],com.ibm.ws.jpa.jpa,null]"
  tcTransformer = class com.ibm.websphere.ras.TraceComponent@16d3311a
    strings[0] = "TraceComponent[com.ibm.ws.jpa.management.JPAPUnitInfo_Transformer,class com.ibm.ws.jpa.management.JPAPUnitInfo,[JPA.Transformer],com.ibm.ws.jpa.jpa,null]"
  tcBytecodeCapture = class com.ibm.websphere.ras.TraceComponent@6c212a33
    strings[0] = "TraceComponent[com.ibm.ws.jpa.management.JPAPUnitInfo_BytecodeCapture,class com.ibm.ws.jpa.management.JPAPUnitInfo,[JavaPersistenceByteCode],com.ibm.ws.jpa.jpa,null]"
  svThreadContextAccessor = class com.ibm.ws.util.ThreadContextAccessor$ReflectionThreadContextAccessorImpl@391d43d7
    field = class java.lang.reflect.Field@1284425c
      clazz = "/* Could not access clazz */"
      slot = "/* Could not access slot */"
      name = "/* Could not access name */"
      type = "/* Could not access type */"
      modifiers = "/* Could not access modifiers */"
      signature = "/* Could not access signature */"
      genericInfo = "/* Could not access genericInfo */"
      annotations = "/* Could not access annotations */"
      fieldAccessor = "/* Could not access fieldAccessor */"
      overrideFieldAccessor = "/* Could not access overrideFieldAccessor */"
      root = "/* Could not access root */"
      declaredAnnotations = "/* Could not access declaredAnnotations */"
      override = "/* Could not access override */"
      reflectionFactory = "/* Could not access reflectionFactory */"
      securityCheckCache = "/* Could not access securityCheckCache */"
      printStackWhenAccessFails = "/* Could not access printStackWhenAccessFails */"
      printStackPropertiesSet = "/* Could not access printStackPropertiesSet */"
    tc = class com.ibm.ejs.ras.TraceComponent@3753f854
      strings[0] = "TraceComponent[com.ibm.ws.util.ThreadContextAccessor,class com.ibm.ws.util.ThreadContextAccessor,[Runtime],null,null]"
    PRINT_STACK_ON_SET_CTX_CLASSLOADER = false
    PRIVILEGED_ACTION = class com.ibm.ws.util.ThreadContextAccessor$1@23173d5d
    UNCHANGED = class com.ibm.ws.util.ThreadContextAccessor$Unchanged@39ea91b6
    threadContextAccessor = class com.ibm.ws.util.ThreadContextAccessor$ReflectionThreadContextAccessorImpl@391d43d7
  ivApplInfo = class com.ibm.ws.jpa.container.osgi.internal.OSGiJPAApplInfo@46dbb594
    appInfo = class com.ibm.ws.container.service.app.deploy.internal.ApplicationInfoImpl@5afa69bf
      appName = "film-database-1.0-SNAPSHOT"
      appMetaData = class com.ibm.ws.container.service.app.deploy.internal.ApplicationMetaDataImpl@5627eebd
      appContainer = class com.ibm.ws.adaptable.module.internal.AdaptableContainerImpl@5d21ecde
      configHelper = class com.ibm.ws.app.manager.module.ApplicationNestedConfigHelper@11e6744b
      applicationInformation = class com.ibm.ws.app.manager.internal.ApplicationInstallInfo@3ebf8c55
      serialVersionUID = 5227817860647895780
      $$$tc$$$ = class com.ibm.websphere.ras.TraceComponent@73afdcd9
    serialVersionUID = 4444074326423067409
    $$$tc$$$ = class com.ibm.websphere.ras.TraceComponent@36dc3e89
      strings[0] = "TraceComponent[com.ibm.ws.jpa.container.osgi.internal.OSGiJPAApplInfo,class com.ibm.ws.jpa.container.osgi.internal.OSGiJPAApplInfo,[JPA],com.ibm.ws.jpa.jpa,null]"
    tc = class com.ibm.websphere.ras.TraceComponent@2c6c9425
      strings[0] = "TraceComponent[com.ibm.ws.jpa.management.JPAApplInfo,class com.ibm.ws.jpa.management.JPAApplInfo,[JPA],com.ibm.ws.jpa.jpa,null]"
    ivJPAComponent = class com.ibm.ws.jpa.container.osgi.internal.JPAComponentImpl@37703477
      tc = class com.ibm.websphere.ras.TraceComponent@244ba4
      priv = class com.ibm.ws.kernel.service.util.SecureAction@7e1fe211
      REFERENCE_JPA_RUNTIME = "jpaRuntime"
      REFERENCE_TRANSACTION_MANAGER = "transactionManager"
      REFERENCE_CONTEXT_ACCESSOR = "contextAccessor"
      REFERENCE_RESOURCE_BINDING_LISTENERS = "resourceBindingListeners"
      REFERENCE_JPA_PROVIDER = "jpaProvider"
      REFERENCE_JPA_PROPS_PROVIDER = "jpaPropsProvider"
      REFERENCE_APP_COORD = "appCoord"
      REFERENCE_CLASSLOADING_SERVICE = "classLoadingService"
      context = class org.apache.felix.scr.impl.manager.ComponentContextImpl@17a4a969
      props = class org.apache.felix.scr.impl.helper.ReadOnlyDictionary@35c2c3fa
      server = true
      stuckApps = class java.util.concurrent.ConcurrentSkipListSet@775d3c33
      jpaRuntime = class com.ibm.wsspi.kernel.service.utils.AtomicServiceReference@765357a3
      ivTransactionManagerSR = class com.ibm.wsspi.kernel.service.utils.AtomicServiceReference@448e57e1
      ivContextAccessorSR = class com.ibm.wsspi.kernel.service.utils.AtomicServiceReference@67709199
      resourceBindingListeners = class com.ibm.wsspi.kernel.service.utils.ConcurrentServiceReferenceSet@795285e0
      providerIntegrationSR = class com.ibm.wsspi.kernel.service.utils.AtomicServiceReference@15503b26
      propProviderSRs = class com.ibm.wsspi.kernel.service.utils.ConcurrentServiceReferenceSet@23575732
      classLoadingService = class com.ibm.ws.classloading.internal.ClassLoadingServiceImpl@4048f698
      serialVersionUID = -2715630672488503940
      tc = class com.ibm.websphere.ras.TraceComponent@5256a845
      applList = class java.util.Collections$SynchronizedMap@2d5816f4
      ivCallBackHandler = class com.ibm.ws.jpa.management.JPAUserTxCallBackHandler@39458172
      ivTxCallbackRegistered = false
    applName = "film-database-1.0-SNAPSHOT"
    puScopes = class java.util.HashMap@1cfe1c5f
      serialVersionUID = "/* Could not access serialVersionUID */"
      DEFAULT_INITIAL_CAPACITY = "/* Could not access DEFAULT_INITIAL_CAPACITY */"
      MAXIMUM_CAPACITY = "/* Could not access MAXIMUM_CAPACITY */"
      DEFAULT_LOAD_FACTOR = "/* Could not access DEFAULT_LOAD_FACTOR */"
      TREEIFY_THRESHOLD = "/* Could not access TREEIFY_THRESHOLD */"
      UNTREEIFY_THRESHOLD = "/* Could not access UNTREEIFY_THRESHOLD */"
      MIN_TREEIFY_CAPACITY = "/* Could not access MIN_TREEIFY_CAPACITY */"
      table = "/* Could not access table */"
      entrySet = "/* Could not access entrySet */"
      size = "/* Could not access size */"
      modCount = "/* Could not access modCount */"
      threshold = "/* Could not access threshold */"
      loadFactor = "/* Could not access loadFactor */"
      keySet = "/* Could not access keySet */"
      values = "/* Could not access values */"
  ivArchivePuId = class com.ibm.ws.jpa.JPAPuId@2a97c34
    serialVersionUID = 662612505904938066
    ivAppName = "film-database-1.0-SNAPSHOT"
    ivModJarName = "film-database-1.0-SNAPSHOT.war"
    ivPuName = "filmDatabasePu"
    ivCurHashCode = 696675916
  ivTxType = class javax.persistence.spi.PersistenceUnitTransactionType@6ce3aab
    JTA = class javax.persistence.spi.PersistenceUnitTransactionType@6ce3aab
    RESOURCE_LOCAL = class javax.persistence.spi.PersistenceUnitTransactionType@1340d259
      JTA = class javax.persistence.spi.PersistenceUnitTransactionType@6ce3aab
      RESOURCE_LOCAL = class javax.persistence.spi.PersistenceUnitTransactionType@1340d259
      $VALUES = class javax.persistence.spi.PersistenceUnitTransactionType[2]
      name = "/* Could not access name */"
      ordinal = "/* Could not access ordinal */"
    $VALUES = class javax.persistence.spi.PersistenceUnitTransactionType[2]
      PersistenceUnitTransactionType[0] = class javax.persistence.spi.PersistenceUnitTransactionType@6ce3aab
      PersistenceUnitTransactionType[1] = class javax.persistence.spi.PersistenceUnitTransactionType@1340d259
    name = "/* Could not access name */"
    ordinal = "/* Could not access ordinal */"
  ivDesc = ""
  ivProviderClassName = "org.eclipse.persistence.jpa.PersistenceProvider"
  ivJtaDataSource = class com.ibm.ws.rsadapter.jdbc.WSJdbcDataSource@559ed25e
    strings[0] = "_______________________________________________________________________"
    strings[1] = ""
    strings[2] = "    First Failure Data Capture information for"
    strings[3] = "          com.ibm.ws.rsadapter.jdbc.WSJdbcDataSource@559ed25e"
    strings[4] = "_______________________________________________________________________"
    strings[5] = ""
    strings[6] = "ResourceRefInfo:"
    strings[7] = "  
[Resource-ref CMConfigData key items]

	res-sharing-scope:        0 (SHAREABLE)
	res-isolation-level:      0 (TRANSACTION_NONE)
	res-auth:                 1 (APPLICATION)
	commitPriority            0
	branchCoupling            -1
	loginConfigurationName:   null
	loginConfigProperties:    null
	Resource ref name:        not set
	Queue manager id:        not set

"
    strings[8] = "Connection Manager:"
    strings[9] = "  [ConnectionManager]@702cd127
JNDI Name <jdbc/filmDatabase>
shareable <true>

"
    strings[10] = "_______________________________________________________________________"
    strings[11] = ""
    strings[12] = "    First Failure Data Capture information for"
    strings[13] = "          com.ibm.ws.rsadapter.impl.WSManagedConnectionFactoryImpl@11d7857b"
    strings[14] = "_______________________________________________________________________"
    strings[15] = ""
    strings[16] = "com.ibm.ws.rsadapter.DSConfig@345a6d29"
    strings[17] = "[beginTranForResultSetScrollingAPIs, true, beginTranForVendorAPIs, true, commitOrRollbackOnCleanup, null, connectionSharing, MatchOriginalRequest, isolationLevel, -1, jndiName, jdbc/filmDatabase, enableConnectionCasting, false, queryTimeout, null, statementCacheSize, 10, supplementalJDBCTrace, null, syncQueryTimeoutWithTransactionTimeout, false, transactional, true]"
    strings[18] = "{URL=******}"
    strings[19] = "Vendor implementation class:"
    strings[20] = "  class org.h2.jdbcx.JdbcDataSource
"
    strings[21] = "Type:"
    strings[22] = "  interface javax.sql.XADataSource
"
    strings[23] = "Underlying DataSource or Driver Object: org.h2.jdbcx.JdbcDataSource@5738e39"
    strings[24] = "  ds0: url=jdbc:h2:mem:filmDatabase user=
"
    strings[25] = "Instance id:"
    strings[26] = "  1
"
    strings[27] = "Log Writer:"
    strings[28] = "  null
"
    strings[29] = "Counter of fatal connection errors on ManagedConnections created by this MCF:"
    strings[30] = "  0
"
  ivNonJtaDataSource = null
  ivMappingFileNames = class java.util.ArrayList@4ef2aa6c
    serialVersionUID = "/* Could not access serialVersionUID */"
    DEFAULT_CAPACITY = "/* Could not access DEFAULT_CAPACITY */"
    EMPTY_ELEMENTDATA = "/* Could not access EMPTY_ELEMENTDATA */"
    DEFAULTCAPACITY_EMPTY_ELEMENTDATA = "/* Could not access DEFAULTCAPACITY_EMPTY_ELEMENTDATA */"
    elementData = "/* Could not access elementData */"
    size = "/* Could not access size */"
    MAX_ARRAY_SIZE = "/* Could not access MAX_ARRAY_SIZE */"
    modCount = "/* Could not access modCount */"
    MAX_ARRAY_SIZE = "/* Could not access MAX_ARRAY_SIZE */"
  ivJarFileURLs = class java.util.ArrayList@7f3275a
    serialVersionUID = "/* Could not access serialVersionUID */"
    DEFAULT_CAPACITY = "/* Could not access DEFAULT_CAPACITY */"
    EMPTY_ELEMENTDATA = "/* Could not access EMPTY_ELEMENTDATA */"
    DEFAULTCAPACITY_EMPTY_ELEMENTDATA = "/* Could not access DEFAULTCAPACITY_EMPTY_ELEMENTDATA */"
    elementData = "/* Could not access elementData */"
    size = "/* Could not access size */"
    MAX_ARRAY_SIZE = "/* Could not access MAX_ARRAY_SIZE */"
    modCount = "/* Could not access modCount */"
    MAX_ARRAY_SIZE = "/* Could not access MAX_ARRAY_SIZE */"
  ivManagedClassNames = class java.util.ArrayList@701f4e6d
    serialVersionUID = "/* Could not access serialVersionUID */"
    DEFAULT_CAPACITY = "/* Could not access DEFAULT_CAPACITY */"
    EMPTY_ELEMENTDATA = "/* Could not access EMPTY_ELEMENTDATA */"
    DEFAULTCAPACITY_EMPTY_ELEMENTDATA = "/* Could not access DEFAULTCAPACITY_EMPTY_ELEMENTDATA */"
    elementData = "/* Could not access elementData */"
    size = "/* Could not access size */"
    MAX_ARRAY_SIZE = "/* Could not access MAX_ARRAY_SIZE */"
    modCount = "/* Could not access modCount */"
    MAX_ARRAY_SIZE = "/* Could not access MAX_ARRAY_SIZE */"
  ivExcludeUnlistedClasses = false
  ivProperties = class java.util.Properties@8ca0fd2
    serialVersionUID = "/* Could not access serialVersionUID */"
    UNSAFE = "/* Could not access UNSAFE */"
    defaults = "/* Could not access defaults */"
    map = "/* Could not access map */"
    hexDigit = "/* Could not access hexDigit */"
    table = "/* Could not access table */"
    count = "/* Could not access count */"
    threshold = "/* Could not access threshold */"
    loadFactor = "/* Could not access loadFactor */"
    modCount = "/* Could not access modCount */"
    serialVersionUID = "/* Could not access serialVersionUID */"
    MAX_ARRAY_SIZE = "/* Could not access MAX_ARRAY_SIZE */"
    keySet = "/* Could not access keySet */"
    entrySet = "/* Could not access entrySet */"
    values = "/* Could not access values */"
    KEYS = "/* Could not access KEYS */"
    VALUES = "/* Could not access VALUES */"
    ENTRIES = "/* Could not access ENTRIES */"
  ivJtaDataSourceJNDIName = "jdbc/filmDatabase"
  ivNonJtaDataSourceJNDIName = null
  ivPUnitRootURL = class java.net.URL@161d3066
    BUILTIN_HANDLERS_PREFIX = "/* Could not access BUILTIN_HANDLERS_PREFIX */"
    serialVersionUID = "/* Could not access serialVersionUID */"
    protocolPathProp = "/* Could not access protocolPathProp */"
    protocol = "/* Could not access protocol */"
    host = "/* Could not access host */"
    port = "/* Could not access port */"
    file = "/* Could not access file */"
    query = "/* Could not access query */"
    authority = "/* Could not access authority */"
    path = "/* Could not access path */"
    userInfo = "/* Could not access userInfo */"
    ref = "/* Could not access ref */"
    hostAddress = "/* Could not access hostAddress */"
    handler = "/* Could not access handler */"
    hashCode = "/* Could not access hashCode */"
    tempState = "/* Could not access tempState */"
    factory = "/* Could not access factory */"
    defaultFactory = "/* Could not access defaultFactory */"
    gate = "/* Could not access gate */"
    handlers = "/* Could not access handlers */"
    streamHandlerLock = "/* Could not access streamHandlerLock */"
    serialPersistentFields = "/* Could not access serialPersistentFields */"
  ivClassLoader = class com.ibm.ws.classloading.internal.AppClassLoader@b2141ae
    tc = class com.ibm.websphere.ras.TraceComponent@5e283391
      strings[0] = "TraceComponent[com.ibm.ws.classloading.internal.AppClassLoader,class com.ibm.ws.classloading.internal.AppClassLoader,[ClassLoadingService],com.ibm.ws.classloading.internal.resources.ClassLoadingServiceMessages,null]"
    disableSharedClassesCache = false
    PARENT_FIRST_SEARCH_ORDER = class java.util.Collections$UnmodifiableRandomAccessList@9db5aef
      serialVersionUID = "/* Could not access serialVersionUID */"
      serialVersionUID = "/* Could not access serialVersionUID */"
      list = "/* Could not access list */"
      serialVersionUID = "/* Could not access serialVersionUID */"
      c = "/* Could not access c */"
    packagesDefined = class java.util.Collections$SetFromMap@65aba36f
      m = "/* Could not access m */"
      s = "/* Could not access s */"
      serialVersionUID = "/* Could not access serialVersionUID */"
      MAX_ARRAY_SIZE = "/* Could not access MAX_ARRAY_SIZE */"
    CLASS_LOADING_TRACE_PREFIX = "com.ibm.ws.class.load."
    DEFAULT_PACKAGE = "default.package"
    perPackageClassLoadingTraceComponents = class java.util.concurrent.ConcurrentHashMap@520cf59d
      serialVersionUID = "/* Could not access serialVersionUID */"
      MAXIMUM_CAPACITY = "/* Could not access MAXIMUM_CAPACITY */"
      DEFAULT_CAPACITY = "/* Could not access DEFAULT_CAPACITY */"
      MAX_ARRAY_SIZE = "/* Could not access MAX_ARRAY_SIZE */"
      DEFAULT_CONCURRENCY_LEVEL = "/* Could not access DEFAULT_CONCURRENCY_LEVEL */"
      LOAD_FACTOR = "/* Could not access LOAD_FACTOR */"
      TREEIFY_THRESHOLD = "/* Could not access TREEIFY_THRESHOLD */"
      UNTREEIFY_THRESHOLD = "/* Could not access UNTREEIFY_THRESHOLD */"
      MIN_TREEIFY_CAPACITY = "/* Could not access MIN_TREEIFY_CAPACITY */"
      MIN_TRANSFER_STRIDE = "/* Could not access MIN_TRANSFER_STRIDE */"
      RESIZE_STAMP_BITS = "/* Could not access RESIZE_STAMP_BITS */"
      MAX_RESIZERS = "/* Could not access MAX_RESIZERS */"
      RESIZE_STAMP_SHIFT = "/* Could not access RESIZE_STAMP_SHIFT */"
      MOVED = "/* Could not access MOVED */"
      TREEBIN = "/* Could not access TREEBIN */"
      RESERVED = "/* Could not access RESERVED */"
      HASH_BITS = "/* Could not access HASH_BITS */"
      NCPU = "/* Could not access NCPU */"
      serialPersistentFields = "/* Could not access serialPersistentFields */"
      table = "/* Could not access table */"
      nextTable = "/* Could not access nextTable */"
      baseCount = "/* Could not access baseCount */"
      sizeCtl = "/* Could not access sizeCtl */"
      transferIndex = "/* Could not access transferIndex */"
      cellsBusy = "/* Could not access cellsBusy */"
      counterCells = "/* Could not access counterCells */"
      keySet = "/* Could not access keySet */"
      values = "/* Could not access values */"
      entrySet = "/* Could not access entrySet */"
      U = "/* Could not access U */"
      SIZECTL = "/* Could not access SIZECTL */"
      TRANSFERINDEX = "/* Could not access TRANSFERINDEX */"
      BASECOUNT = "/* Could not access BASECOUNT */"
      CELLSBUSY = "/* Could not access CELLSBUSY */"
      CELLVALUE = "/* Could not access CELLVALUE */"
      ABASE = "/* Could not access ABASE */"
      ASHIFT = "/* Could not access ASHIFT */"
      keySet = "/* Could not access keySet */"
      values = "/* Could not access values */"
    config = class com.ibm.ws.classloading.internal.ClassLoaderConfigurationImpl@1d6acc35
      DEFAULT_PROTECTION_DOMAIN = class java.security.ProtectionDomain@74fdb0fd
      delegateLast = false
      includeAppExtensions = true
      id = class com.ibm.ws.classloading.serializable.ClassLoaderIdentityImpl@49e79d79
      parentId = null
      sharedLibraries = class java.util.ArrayList@8adb9d4
      commonLibraries = class java.util.Collections$EmptyList@5100ee27
      providers = class java.util.Collections$EmptyList@5100ee27
      nativeLibraryContainers = class java.util.Collections$EmptyList@5100ee27
      protectionDomain = class java.security.ProtectionDomain@4863d6a2
      serialVersionUID = 9091690180200375339
      $$$tc$$$ = class com.ibm.websphere.ras.TraceComponent@64aeb655
    privateLibraries = null
    delegateLoaders = class com.ibm.ws.classloading.internal.util.CompositeIterable@4eb5f155
      iterables = class java.util.Arrays$ArrayList@3d9a9682
      serialVersionUID = -1227195994638150837
      $$$tc$$$ = class com.ibm.websphere.ras.TraceComponent@4c01f5fc
    nativeLibraryFiles = class java.util.ArrayList@763d9337
      serialVersionUID = "/* Could not access serialVersionUID */"
      DEFAULT_CAPACITY = "/* Could not access DEFAULT_CAPACITY */"
      EMPTY_ELEMENTDATA = "/* Could not access EMPTY_ELEMENTDATA */"
      DEFAULTCAPACITY_EMPTY_ELEMENTDATA = "/* Could not access DEFAULTCAPACITY_EMPTY_ELEMENTDATA */"
      elementData = "/* Could not access elementData */"
      size = "/* Could not access size */"
      MAX_ARRAY_SIZE = "/* Could not access MAX_ARRAY_SIZE */"
      modCount = "/* Could not access modCount */"
      MAX_ARRAY_SIZE = "/* Could not access MAX_ARRAY_SIZE */"
    transformers = class java.util.ArrayList@43282070
      serialVersionUID = "/* Could not access serialVersionUID */"
      DEFAULT_CAPACITY = "/* Could not access DEFAULT_CAPACITY */"
      EMPTY_ELEMENTDATA = "/* Could not access EMPTY_ELEMENTDATA */"
      DEFAULTCAPACITY_EMPTY_ELEMENTDATA = "/* Could not access DEFAULTCAPACITY_EMPTY_ELEMENTDATA */"
      elementData = "/* Could not access elementData */"
      size = "/* Could not access size */"
      MAX_ARRAY_SIZE = "/* Could not access MAX_ARRAY_SIZE */"
      modCount = "/* Could not access modCount */"
      MAX_ARRAY_SIZE = "/* Could not access MAX_ARRAY_SIZE */"
    apiAccess = class com.ibm.ws.classloading.internal.GatewayClassLoader@1eda4840
      config = class com.ibm.ws.classloading.internal.GatewayConfigurationImpl@6aeae91c
      wiringMonitor = class com.ibm.ws.classloading.internal.GatewayClassLoader$1@6476c0f
      bundle = class org.eclipse.osgi.internal.framework.EquinoxBundle@721446e3
      wiring = class org.eclipse.osgi.container.ModuleWiring@15fa8e27
      bundleLoader = class org.eclipse.osgi.internal.loader.EquinoxClassLoader@5daffc1f
      resourceProviders = class com.ibm.ws.classloading.internal.CompositeResourceProvider@496202c4
      serialVersionUID = -4256474098847905153
      $$$tc$$$ = class com.ibm.websphere.ras.TraceComponent@77efc2ec
      parent = "/* Could not access parent */"
      name = "/* Could not access name */"
      unnamedModule = "/* Could not access unnamedModule */"
      nameAndId = "/* Could not access nameAndId */"
      parallelLockMap = "/* Could not access parallelLockMap */"
      package2certs = "/* Could not access package2certs */"
      nocerts = "/* Could not access nocerts */"
      classes = "/* Could not access classes */"
      defaultDomain = "/* Could not access defaultDomain */"
      packages = "/* Could not access packages */"
      scl = "/* Could not access scl */"
      usr_paths = "/* Could not access usr_paths */"
      sys_paths = "/* Could not access sys_paths */"
      loadedLibraryNames = "/* Could not access loadedLibraryNames */"
      systemNativeLibraries = "/* Could not access systemNativeLibraries */"
      nativeLibraries = "/* Could not access nativeLibraries */"
      assertionLock = "/* Could not access assertionLock */"
      defaultAssertionStatus = "/* Could not access defaultAssertionStatus */"
      packageAssertionStatus = "/* Could not access packageAssertionStatus */"
      classAssertionStatus = "/* Could not access classAssertionStatus */"
      classLoaderValueMap = "/* Could not access classLoaderValueMap */"
      $assertionsDisabled = "/* Could not access $assertionsDisabled */"
    generator = class com.ibm.ws.classloading.internal.ClassGeneratorManager@8e85744
      tc = class com.ibm.websphere.ras.TraceComponent@4f2c02f0
      generatorRefs = class com.ibm.wsspi.kernel.service.utils.ConcurrentServiceReferenceSet@fdbdf59
      serialVersionUID = 4152663586056483310
    protectionDomains = class java.util.concurrent.ConcurrentHashMap@69363055
      serialVersionUID = "/* Could not access serialVersionUID */"
      MAXIMUM_CAPACITY = "/* Could not access MAXIMUM_CAPACITY */"
      DEFAULT_CAPACITY = "/* Could not access DEFAULT_CAPACITY */"
      MAX_ARRAY_SIZE = "/* Could not access MAX_ARRAY_SIZE */"
      DEFAULT_CONCURRENCY_LEVEL = "/* Could not access DEFAULT_CONCURRENCY_LEVEL */"
      LOAD_FACTOR = "/* Could not access LOAD_FACTOR */"
      TREEIFY_THRESHOLD = "/* Could not access TREEIFY_THRESHOLD */"
      UNTREEIFY_THRESHOLD = "/* Could not access UNTREEIFY_THRESHOLD */"
      MIN_TREEIFY_CAPACITY = "/* Could not access MIN_TREEIFY_CAPACITY */"
      MIN_TRANSFER_STRIDE = "/* Could not access MIN_TRANSFER_STRIDE */"
      RESIZE_STAMP_BITS = "/* Could not access RESIZE_STAMP_BITS */"
      MAX_RESIZERS = "/* Could not access MAX_RESIZERS */"
      RESIZE_STAMP_SHIFT = "/* Could not access RESIZE_STAMP_SHIFT */"
      MOVED = "/* Could not access MOVED */"
      TREEBIN = "/* Could not access TREEBIN */"
      RESERVED = "/* Could not access RESERVED */"
      HASH_BITS = "/* Could not access HASH_BITS */"
      NCPU = "/* Could not access NCPU */"
      serialPersistentFields = "/* Could not access serialPersistentFields */"
      table = "/* Could not access table */"
      nextTable = "/* Could not access nextTable */"
      baseCount = "/* Could not access baseCount */"
      sizeCtl = "/* Could not access sizeCtl */"
      transferIndex = "/* Could not access transferIndex */"
      cellsBusy = "/* Could not access cellsBusy */"
      counterCells = "/* Could not access counterCells */"
      keySet = "/* Could not access keySet */"
      values = "/* Could not access values */"
      entrySet = "/* Could not access entrySet */"
      U = "/* Could not access U */"
      SIZECTL = "/* Could not access SIZECTL */"
      TRANSFERINDEX = "/* Could not access TRANSFERINDEX */"
      BASECOUNT = "/* Could not access BASECOUNT */"
      CELLSBUSY = "/* Could not access CELLSBUSY */"
      CELLVALUE = "/* Could not access CELLVALUE */"
      ABASE = "/* Could not access ABASE */"
      ASHIFT = "/* Could not access ASHIFT */"
      keySet = "/* Could not access keySet */"
      values = "/* Could not access values */"
    parent = class com.ibm.ws.classloading.internal.GatewayClassLoader@1eda4840
    hook = null
    serialVersionUID = 8734164900246230615
    tc = class com.ibm.websphere.ras.TraceComponent@14b0dc0b
      strings[0] = "TraceComponent[com.ibm.ws.classloading.internal.ContainerClassLoader,class com.ibm.ws.classloading.internal.ContainerClassLoader,[ClassLoadingService],com.ibm.ws.classloading.internal.resources.ClassLoadingServiceMessages,null]"
    smartClassPath = class com.ibm.ws.classloading.internal.ContainerClassLoader$SmartClassPathImpl@7308a26f
      rwLock = class java.util.concurrent.locks.ReentrantReadWriteLock@e3b471e
      outstandingContainers = class java.util.concurrent.atomic.AtomicInteger@583b46bd
      usePackageMap = true
      maxLastNotFound = 250
      maxLastFound = 900
      maxLastReallyNotFound = 900
      propsInUse = false
      classPath = class java.util.concurrent.CopyOnWriteArrayList@31fce5be
      MAX_LASTNOTFOUND = 250
      lastNotFound = class java.util.concurrent.CopyOnWriteArrayList@5ad78e0f
      MAX_LASTFOUND = 900
      lastFoundURL = class java.util.Collections$SynchronizedMap@585b2546
      MAX_LASTREALLYNOTFOUND = 900
      lastReallyNotFoundURL = class java.util.Collections$SynchronizedMap@edcfae6
      packageMap = class java.util.HashMap@1883bc0
      containers = class java.util.Collections$SetFromMap@67c97a08
      serialVersionUID = 1586111247084489525
      $$$tc$$$ = class com.ibm.websphere.ras.TraceComponent@63912b1d
    nativeLibraryContainers = class java.util.ArrayList@71a127de
      serialVersionUID = "/* Could not access serialVersionUID */"
      DEFAULT_CAPACITY = "/* Could not access DEFAULT_CAPACITY */"
      EMPTY_ELEMENTDATA = "/* Could not access EMPTY_ELEMENTDATA */"
      DEFAULTCAPACITY_EMPTY_ELEMENTDATA = "/* Could not access DEFAULTCAPACITY_EMPTY_ELEMENTDATA */"
      elementData = "/* Could not access elementData */"
      size = "/* Could not access size */"
      MAX_ARRAY_SIZE = "/* Could not access MAX_ARRAY_SIZE */"
      modCount = "/* Could not access modCount */"
      MAX_ARRAY_SIZE = "/* Could not access MAX_ARRAY_SIZE */"
    redefiner = class com.ibm.ws.classloading.internal.util.ClassRedefiner@3bb91cd9
      tc = class com.ibm.websphere.ras.TraceComponent@75cabe9a
      LS = "
"
      inst = class com.sun.proxy.$Proxy3@589cebfc
      serialVersionUID = 2420101865139508526
    jarProtocol = "wsjar:"
    mapCreationQueue = class java.util.concurrent.Executors$FinalizableDelegatedExecutorService@63552763
      e = "/* Could not access e */"
    serialVersionUID = 6399598832433768509
    serialVersionUID = 1837293532091806117
    $$$tc$$$ = class com.ibm.websphere.ras.TraceComponent@219b755a
      strings[0] = "TraceComponent[com.ibm.ws.classloading.internal.IdentifiedLoader,class com.ibm.ws.classloading.internal.IdentifiedLoader,[ClassLoadingService],com.ibm.ws.classloading.internal.resources.ClassLoadingServiceMessages,null]"
    serialVersionUID = -4586727107834513475
    $$$tc$$$ = class com.ibm.websphere.ras.TraceComponent@5e2dab30
      strings[0] = "TraceComponent[com.ibm.ws.classloading.internal.LibertyLoader,class com.ibm.ws.classloading.internal.LibertyLoader,[ClassLoadingService],com.ibm.ws.classloading.internal.resources.ClassLoadingServiceMessages,null]"
    serialVersionUID = -7709588811276454856
    $$$tc$$$ = class com.ibm.websphere.ras.TraceComponent@1896318e
      strings[0] = "TraceComponent[com.ibm.ws.classloading.LibertyClassLoader,class com.ibm.ws.classloading.LibertyClassLoader,[ClassLoadingService],com.ibm.ws.classloading.internal.resources.ClassLoadingServiceMessages,null]"
    initialized = "/* Could not access initialized */"
    pdcache = "/* Could not access pdcache */"
    parent = "/* Could not access parent */"
    name = "/* Could not access name */"
    unnamedModule = "/* Could not access unnamedModule */"
    nameAndId = "/* Could not access nameAndId */"
    parallelLockMap = "/* Could not access parallelLockMap */"
    package2certs = "/* Could not access package2certs */"
    nocerts = "/* Could not access nocerts */"
    classes = "/* Could not access classes */"
    defaultDomain = "/* Could not access defaultDomain */"
    packages = "/* Could not access packages */"
    scl = "/* Could not access scl */"
    usr_paths = "/* Could not access usr_paths */"
    sys_paths = "/* Could not access sys_paths */"
    loadedLibraryNames = "/* Could not access loadedLibraryNames */"
    systemNativeLibraries = "/* Could not access systemNativeLibraries */"
    nativeLibraries = "/* Could not access nativeLibraries */"
    assertionLock = "/* Could not access assertionLock */"
    defaultAssertionStatus = "/* Could not access defaultAssertionStatus */"
    packageAssertionStatus = "/* Could not access packageAssertionStatus */"
    classAssertionStatus = "/* Could not access classAssertionStatus */"
    classLoaderValueMap = "/* Could not access classLoaderValueMap */"
    $assertionsDisabled = "/* Could not access $assertionsDisabled */"
  tempClassLoader = null
  ivTransformers = class java.util.concurrent.CopyOnWriteArrayList@1cfb78ee
    serialVersionUID = "/* Could not access serialVersionUID */"
    lock = "/* Could not access lock */"
    array = "/* Could not access array */"
  xmlSchemaVersion = "2.2"
  ivCaching = class javax.persistence.SharedCacheMode@4c6bd59d
    ALL = class javax.persistence.SharedCacheMode@5578fabc
      ALL = class javax.persistence.SharedCacheMode@5578fabc
      NONE = class javax.persistence.SharedCacheMode@2d1fa81a
      ENABLE_SELECTIVE = class javax.persistence.SharedCacheMode@5e3326b4
      DISABLE_SELECTIVE = class javax.persistence.SharedCacheMode@14177c2e
      UNSPECIFIED = class javax.persistence.SharedCacheMode@4c6bd59d
      $VALUES = class javax.persistence.SharedCacheMode[5]
      name = "/* Could not access name */"
      ordinal = "/* Could not access ordinal */"
    NONE = class javax.persistence.SharedCacheMode@2d1fa81a
      ALL = class javax.persistence.SharedCacheMode@5578fabc
      NONE = class javax.persistence.SharedCacheMode@2d1fa81a
      ENABLE_SELECTIVE = class javax.persistence.SharedCacheMode@5e3326b4
      DISABLE_SELECTIVE = class javax.persistence.SharedCacheMode@14177c2e
      UNSPECIFIED = class javax.persistence.SharedCacheMode@4c6bd59d
      $VALUES = class javax.persistence.SharedCacheMode[5]
      name = "/* Could not access name */"
      ordinal = "/* Could not access ordinal */"
    ENABLE_SELECTIVE = class javax.persistence.SharedCacheMode@5e3326b4
      ALL = class javax.persistence.SharedCacheMode@5578fabc
      NONE = class javax.persistence.SharedCacheMode@2d1fa81a
      ENABLE_SELECTIVE = class javax.persistence.SharedCacheMode@5e3326b4
      DISABLE_SELECTIVE = class javax.persistence.SharedCacheMode@14177c2e
      UNSPECIFIED = class javax.persistence.SharedCacheMode@4c6bd59d
      $VALUES = class javax.persistence.SharedCacheMode[5]
      name = "/* Could not access name */"
      ordinal = "/* Could not access ordinal */"
    DISABLE_SELECTIVE = class javax.persistence.SharedCacheMode@14177c2e
      ALL = class javax.persistence.SharedCacheMode@5578fabc
      NONE = class javax.persistence.SharedCacheMode@2d1fa81a
      ENABLE_SELECTIVE = class javax.persistence.SharedCacheMode@5e3326b4
      DISABLE_SELECTIVE = class javax.persistence.SharedCacheMode@14177c2e
      UNSPECIFIED = class javax.persistence.SharedCacheMode@4c6bd59d
      $VALUES = class javax.persistence.SharedCacheMode[5]
      name = "/* Could not access name */"
      ordinal = "/* Could not access ordinal */"
    UNSPECIFIED = class javax.persistence.SharedCacheMode@4c6bd59d
    $VALUES = class javax.persistence.SharedCacheMode[5]
      SharedCacheMode[0] = class javax.persistence.SharedCacheMode@5578fabc
      SharedCacheMode[1] = class javax.persistence.SharedCacheMode@2d1fa81a
      SharedCacheMode[2] = class javax.persistence.SharedCacheMode@5e3326b4
      SharedCacheMode[3] = class javax.persistence.SharedCacheMode@14177c2e
      SharedCacheMode[4] = class javax.persistence.SharedCacheMode@4c6bd59d
    name = "/* Could not access name */"
    ordinal = "/* Could not access ordinal */"
  ivValidationMode = null
  ivEMFactory = null
  ivEMFactoryException = null
  ivCreateEMFAllowed = true
  ivEMFMap = null
  ivEMPoolMap = class java.util.HashMap@1487f75d
    serialVersionUID = "/* Could not access serialVersionUID */"
    DEFAULT_INITIAL_CAPACITY = "/* Could not access DEFAULT_INITIAL_CAPACITY */"
    MAXIMUM_CAPACITY = "/* Could not access MAXIMUM_CAPACITY */"
    DEFAULT_LOAD_FACTOR = "/* Could not access DEFAULT_LOAD_FACTOR */"
    TREEIFY_THRESHOLD = "/* Could not access TREEIFY_THRESHOLD */"
    UNTREEIFY_THRESHOLD = "/* Could not access UNTREEIFY_THRESHOLD */"
    MIN_TREEIFY_CAPACITY = "/* Could not access MIN_TREEIFY_CAPACITY */"
    table = "/* Could not access table */"
    entrySet = "/* Could not access entrySet */"
    size = "/* Could not access size */"
    modCount = "/* Could not access modCount */"
    threshold = "/* Could not access threshold */"
    loadFactor = "/* Could not access loadFactor */"
    keySet = "/* Could not access keySet */"
    values = "/* Could not access values */"
  ivEMPoolCapacity = -1
  transformExclusionRegEx = class java.lang.String[2]
    String[0] = ".*_(Stub|Tie)$"
    String[1] = ".*_(\p{XDigit}){8}$"
  transformExclusionPatterns = class java.util.regex.Pattern[2]
    Pattern[0] = class java.util.regex.Pattern@703b63cd
      UNIX_LINES = 1
      CASE_INSENSITIVE = 2
      COMMENTS = 4
      MULTILINE = 8
      LITERAL = 16
      DOTALL = 32
      UNICODE_CASE = 64
      CANON_EQ = 128
      UNICODE_CHARACTER_CLASS = 256
      ALL_FLAGS = "/* Could not access ALL_FLAGS */"
      serialVersionUID = "/* Could not access serialVersionUID */"
      pattern = "/* Could not access pattern */"
      flags = "/* Could not access flags */"
      flags0 = "/* Could not access flags0 */"
      compiled = "/* Could not access compiled */"
      normalizedPattern = "/* Could not access normalizedPattern */"
      root = "/* Could not access root */"
      matchRoot = "/* Could not access matchRoot */"
      buffer = "/* Could not access buffer */"
      predicate = "/* Could not access predicate */"
      namedGroups = "/* Could not access namedGroups */"
      groupNodes = "/* Could not access groupNodes */"
      topClosureNodes = "/* Could not access topClosureNodes */"
      localTCNCount = "/* Could not access localTCNCount */"
      hasGroupRef = "/* Could not access hasGroupRef */"
      temp = "/* Could not access temp */"
      capturingGroupCount = "/* Could not access capturingGroupCount */"
      localCount = "/* Could not access localCount */"
      cursor = "/* Could not access cursor */"
      patternLength = "/* Could not access patternLength */"
      hasSupplementary = "/* Could not access hasSupplementary */"
      MAX_REPS = "/* Could not access MAX_REPS */"
      lookbehindEnd = "/* Could not access lookbehindEnd */"
      accept = "/* Could not access accept */"
      lastAccept = "/* Could not access lastAccept */"
      $assertionsDisabled = "/* Could not access $assertionsDisabled */"
    Pattern[1] = class java.util.regex.Pattern@401d5934
      UNIX_LINES = 1
      CASE_INSENSITIVE = 2
      COMMENTS = 4
      MULTILINE = 8
      LITERAL = 16
      DOTALL = 32
      UNICODE_CASE = 64
      CANON_EQ = 128
      UNICODE_CHARACTER_CLASS = 256
      ALL_FLAGS = "/* Could not access ALL_FLAGS */"
      serialVersionUID = "/* Could not access serialVersionUID */"
      pattern = "/* Could not access pattern */"
      flags = "/* Could not access flags */"
      flags0 = "/* Could not access flags0 */"
      compiled = "/* Could not access compiled */"
      normalizedPattern = "/* Could not access normalizedPattern */"
      root = "/* Could not access root */"
      matchRoot = "/* Could not access matchRoot */"
      buffer = "/* Could not access buffer */"
      predicate = "/* Could not access predicate */"
      namedGroups = "/* Could not access namedGroups */"
      groupNodes = "/* Could not access groupNodes */"
      topClosureNodes = "/* Could not access topClosureNodes */"
      localTCNCount = "/* Could not access localTCNCount */"
      hasGroupRef = "/* Could not access hasGroupRef */"
      temp = "/* Could not access temp */"
      capturingGroupCount = "/* Could not access capturingGroupCount */"
      localCount = "/* Could not access localCount */"
      cursor = "/* Could not access cursor */"
      patternLength = "/* Could not access patternLength */"
      hasSupplementary = "/* Could not access hasSupplementary */"
      MAX_REPS = "/* Could not access MAX_REPS */"
      lookbehindEnd = "/* Could not access lookbehindEnd */"
      accept = "/* Could not access accept */"
      lastAccept = "/* Could not access lastAccept */"
      $assertionsDisabled = "/* Could not access $assertionsDisabled */"

