------Start of DE processing------ = [11/11/2020, 15:25:51:780 CET]
Exception = java.sql.SQLNonTransientException
Source = com.ibm.ws.jdbc.DataSourceService
probeid = 587
Stack Dump = java.sql.SQLNonTransientException: DSRA4000E: No implementations of org.h2.jdbcx.JdbcDataSource are found for dataSource[FilmDatabaseDataSource] with library H2JDBCLib. The name or location of JDBC driver JAR files might be incorrect or inaccessible. Searched in: []. Searched under packages: [org.h2.jdbcx].
	at com.ibm.ws.jdbc.internal.JDBCDriverService.classNotFound(JDBCDriverService.java:224)
	at com.ibm.ws.jdbc.internal.JDBCDriverService.create(JDBCDriverService.java:348)
	at com.ibm.ws.jdbc.internal.JDBCDriverService.createAnyPreferLegacyOrder(JDBCDriverService.java:405)
	at com.ibm.ws.jdbc.DataSourceService.init(DataSourceService.java:610)
	at com.ibm.ws.jca.cm.AbstractConnectionFactoryService$2.run(AbstractConnectionFactoryService.java:522)
	at com.ibm.ws.jca.cm.AbstractConnectionFactoryService$2.run(AbstractConnectionFactoryService.java:519)
	at java.base/java.security.AccessController.doPrivileged(Native Method)
	at com.ibm.ws.jca.cm.AbstractConnectionFactoryService.initPrivileged(AbstractConnectionFactoryService.java:519)
	at com.ibm.ws.jca.cm.AbstractConnectionFactoryService.createResource(AbstractConnectionFactoryService.java:149)
	at com.ibm.ws.resource.internal.ResourceFactoryTrackerData$1.getService(ResourceFactoryTrackerData.java:120)
	at org.eclipse.osgi.internal.serviceregistry.ServiceFactoryUse$1.run(ServiceFactoryUse.java:216)
	at java.base/java.security.AccessController.doPrivileged(Native Method)
	at org.eclipse.osgi.internal.serviceregistry.ServiceFactoryUse.factoryGetService(ServiceFactoryUse.java:213)
	at org.eclipse.osgi.internal.serviceregistry.ServiceFactoryUse.getService(ServiceFactoryUse.java:114)
	at org.eclipse.osgi.internal.serviceregistry.ServiceConsumer$2.getService(ServiceConsumer.java:48)
	at org.eclipse.osgi.internal.serviceregistry.ServiceRegistrationImpl.getService(ServiceRegistrationImpl.java:530)
	at org.eclipse.osgi.internal.serviceregistry.ServiceRegistry.getService(ServiceRegistry.java:494)
	at org.eclipse.osgi.internal.framework.BundleContextImpl.getService(BundleContextImpl.java:685)
	at com.ibm.ws.jndi.internal.WSContextFactory.lambda$getService$0(WSContextFactory.java:81)
	at java.base/java.security.AccessController.doPrivileged(Native Method)
	at com.ibm.ws.jndi.internal.WSContextFactory.lambda$getService$1(WSContextFactory.java:81)
	at java.base/java.util.concurrent.ConcurrentHashMap.computeIfAbsent(ConcurrentHashMap.java:1705)
	at com.ibm.ws.jndi.internal.WSContextFactory.getService(WSContextFactory.java:81)
	at com.ibm.ws.jndi.internal.WSContext.getReference(WSContext.java:520)
	at com.ibm.ws.jndi.internal.WSContext.resolveObject(WSContext.java:139)
	at com.ibm.ws.jndi.internal.WSContext.lookup(WSContext.java:309)
	at com.ibm.ws.jndi.WSContextBase.lookup(WSContextBase.java:61)
	at org.apache.aries.jndi.DelegateContext.lookup(DelegateContext.java:149)
	at java.naming/javax.naming.InitialContext.lookup(InitialContext.java:409)
	at com.ibm.ws.jpa.container.osgi.internal.OSGiJPAPUnitInfo.lookupDataSource(OSGiJPAPUnitInfo.java:317)
	at com.ibm.ws.jpa.management.JPAPUnitInfo.getJPADataSource(JPAPUnitInfo.java:337)
	at com.ibm.ws.jpa.management.JPAPUnitInfo.getJtaDataSource(JPAPUnitInfo.java:380)
	at com.ibm.ws.jpa.management.JPAPUnitInfo.initialize(JPAPUnitInfo.java:750)
	at com.ibm.ws.jpa.management.JPAPxmlInfo.extractPersistenceUnits(JPAPxmlInfo.java:182)
	at com.ibm.ws.jpa.management.JPAScopeInfo.processPersistenceUnit(JPAScopeInfo.java:88)
	at com.ibm.ws.jpa.management.JPAApplInfo.addPersistenceUnits(JPAApplInfo.java:119)
	at com.ibm.ws.jpa.container.osgi.internal.JPAComponentImpl.processWebModulePersistenceXml(JPAComponentImpl.java:515)
	at com.ibm.ws.jpa.container.osgi.internal.JPAComponentImpl.applicationStarting(JPAComponentImpl.java:304)
	at com.ibm.ws.container.service.state.internal.ApplicationStateManager.fireStarting(ApplicationStateManager.java:51)
	at com.ibm.ws.container.service.state.internal.StateChangeServiceImpl.fireApplicationStarting(StateChangeServiceImpl.java:50)
	at com.ibm.ws.app.manager.module.internal.SimpleDeployedAppInfoBase.preDeployApp(SimpleDeployedAppInfoBase.java:547)
	at com.ibm.ws.app.manager.module.internal.SimpleDeployedAppInfoBase.installApp(SimpleDeployedAppInfoBase.java:508)
	at com.ibm.ws.app.manager.module.internal.DeployedAppInfoBase.deployApp(DeployedAppInfoBase.java:349)
	at com.ibm.ws.app.manager.war.internal.WARApplicationHandlerImpl.install(WARApplicationHandlerImpl.java:65)
	at com.ibm.ws.app.manager.internal.statemachine.StartAction.execute(StartAction.java:144)
	at com.ibm.ws.app.manager.internal.statemachine.ApplicationStateMachineImpl.enterState(ApplicationStateMachineImpl.java:1317)
	at com.ibm.ws.app.manager.internal.statemachine.ApplicationStateMachineImpl.performAction(ApplicationStateMachineImpl.java:1182)
	at com.ibm.ws.app.manager.internal.statemachine.ApplicationStateMachineImpl.run(ApplicationStateMachineImpl.java:905)
	at com.ibm.ws.threading.internal.ExecutorServiceImpl$RunnableWrapper.run(ExecutorServiceImpl.java:239)
	at java.base/java.util.concurrent.ThreadPoolExecutor.runWorker(ThreadPoolExecutor.java:1128)
	at java.base/java.util.concurrent.ThreadPoolExecutor$Worker.run(ThreadPoolExecutor.java:628)
	at java.base/java.lang.Thread.run(Thread.java:834)
Caused by: java.lang.ClassNotFoundException: org.h2.jdbcx.JdbcDataSource
	at com.ibm.ws.classloading.internal.AppClassLoader.findClassCommonLibraryClassLoaders(AppClassLoader.java:569)
	at com.ibm.ws.classloading.internal.AppClassLoader.findClass(AppClassLoader.java:291)
	at java.base/java.lang.ClassLoader.loadClass(ClassLoader.java:588)
	at com.ibm.ws.classloading.internal.AppClassLoader.findOrDelegateLoadClass(AppClassLoader.java:547)
	at com.ibm.ws.classloading.internal.AppClassLoader.loadClass(AppClassLoader.java:505)
	at java.base/java.lang.ClassLoader.loadClass(ClassLoader.java:521)
	at com.ibm.ws.jdbc.internal.JDBCDriverService$1.run(JDBCDriverService.java:272)
	at com.ibm.ws.jdbc.internal.JDBCDriverService$1.run(JDBCDriverService.java:262)
	at java.base/java.security.AccessController.doPrivileged(Native Method)
	at com.ibm.ws.jdbc.internal.JDBCDriverService.create(JDBCDriverService.java:262)
	... 50 more

Dump of callerThis
Object type = com.ibm.ws.jdbc.DataSourceService
  BASE_PREFIX = "properties"
  BASE_PREFIX_LENGTH = 10
  TOTAL_PREFIX_LENGTH = 13
  tc = class com.ibm.websphere.ras.TraceComponent@57cdffb5
    strings[0] = "TraceComponent[com.ibm.ws.jdbc.DataSourceService,class com.ibm.ws.jdbc.DataSourceService,[RRA],com.ibm.ws.rsadapter.resources.IBMDataStoreAdapterNLS,null]"
  priv = class com.ibm.ws.kernel.service.util.SecureAction@3d85ec78
    controlContext = class java.security.AccessControlContext@21e7c5e8
      context = "/* Could not access context */"
      isPrivileged = "/* Could not access isPrivileged */"
      isAuthorized = "/* Could not access isAuthorized */"
      privilegedContext = "/* Could not access privilegedContext */"
      combiner = "/* Could not access combiner */"
      permissions = "/* Could not access permissions */"
      parent = "/* Could not access parent */"
      isWrapped = "/* Could not access isWrapped */"
      isLimited = "/* Could not access isLimited */"
      limitedContext = "/* Could not access limitedContext */"
      debugInit = "/* Could not access debugInit */"
      debug = "/* Could not access debug */"
    bootClassLoader = class com.ibm.ws.kernel.service.util.SecureAction$1$1@3dfd6217
      this$0 = class com.ibm.ws.kernel.service.util.SecureAction$1@5807e0d
      serialVersionUID = -7098890353587179347
      $$$tc$$$ = class com.ibm.websphere.ras.TraceComponent@5e0b9bc5
      parent = "/* Could not access parent */"
      name = "/* Could not access name */"
      unnamedModule = "/* Could not access unnamedModule */"
      nameAndId = "/* Could not access nameAndId */"
      parallelLockMap = "/* Could not access parallelLockMap */"
      package2certs = "/* Could not access package2certs */"
      nocerts = "/* Could not access nocerts */"
      classes = "/* Could not access classes */"
      defaultDomain = "/* Could not access defaultDomain */"
      packages = "/* Could not access packages */"
      scl = "/* Could not access scl */"
      usr_paths = "/* Could not access usr_paths */"
      sys_paths = "/* Could not access sys_paths */"
      loadedLibraryNames = "/* Could not access loadedLibraryNames */"
      systemNativeLibraries = "/* Could not access systemNativeLibraries */"
      nativeLibraries = "/* Could not access nativeLibraries */"
      assertionLock = "/* Could not access assertionLock */"
      defaultAssertionStatus = "/* Could not access defaultAssertionStatus */"
      packageAssertionStatus = "/* Could not access packageAssertionStatus */"
      classAssertionStatus = "/* Could not access classAssertionStatus */"
      classLoaderValueMap = "/* Could not access classLoaderValueMap */"
      $assertionsDisabled = "/* Could not access $assertionsDisabled */"
    getContextClassLoaderAction = class com.ibm.ws.kernel.service.util.SecureAction$28@4243ec8c
      serialVersionUID = -4916275247138051678
      $$$tc$$$ = class com.ibm.websphere.ras.TraceComponent@c230030
    getSystemClassLoaderAction = class com.ibm.ws.kernel.service.util.SecureAction$29@5d37e68d
      serialVersionUID = 1004559485883092134
      $$$tc$$$ = class com.ibm.websphere.ras.TraceComponent@74285871
  CONNECTION_MANAGER = "connectionManager"
  DATASOURCE = "dataSource"
  FACTORY_PID = "com.ibm.ws.jdbc.dataSource"
  JDBC_DRIVER = "driver"
  SUPPORT_EXTENSIONS = "supportExtensions"
  TARGET_CONNECTION_MANAGER = "connectionManager.target"
  TARGET_CONTAINER_AUTH_DATA = "containerAuthData.target"
  TARGET_JDBC_DRIVER = "driver.target"
  TARGET_RECOVERY_AUTH_DATA = "recoveryAuthData.target"
  UNIQUE_JNDI_NAME = "jndiName.unique"
  DECLARING_APPLICATION = "declaringApplication"
  WPROPS_TO_SKIP = class java.util.HashSet@160a250a
    serialVersionUID = "/* Could not access serialVersionUID */"
    map = "/* Could not access map */"
    PRESENT = "/* Could not access PRESENT */"
    MAX_ARRAY_SIZE = "/* Could not access MAX_ARRAY_SIZE */"
  componentContext = class org.apache.felix.scr.impl.manager.ComponentContextImpl@193c28e2
    m_componentManager = class org.apache.felix.scr.impl.manager.SingleComponentManager@3fda0ba7
      m_useCount = class java.util.concurrent.atomic.AtomicInteger@7ffce5ee
      m_componentContext = class org.apache.felix.scr.impl.manager.ComponentContextImpl@193c28e2
      m_configurationProperties = class java.util.HashMap@76fb2182
      m_factoryProperties = null
      m_properties = class java.util.HashMap@bceb0c8
      m_serviceProperties = null
      REASONS = class java.lang.String[7]
      m_container = class org.apache.felix.scr.impl.ComponentRegistry$DefaultConfigurableComponentHolder@52fa8bce
      m_factoryInstance = false
      m_componentId = 330
      m_componentMethods = class org.apache.felix.scr.impl.inject.internal.ComponentMethodsImpl@7da24722
      m_dependencyManagers = class java.util.ArrayList@314e0ae
      m_dependencyManagersInitialized = true
      m_trackingCount = class java.util.concurrent.atomic.AtomicInteger@47c6aa63
      m_stateLock = class java.util.concurrent.locks.ReentrantLock@41e4edae
      m_enabledLatchRef = class java.util.concurrent.atomic.AtomicReference@2e9029e7
      state = class java.util.concurrent.atomic.AtomicReference@a25bd0b
      m_floor = 4
      m_ceiling = 4
      m_missingLock = class java.util.concurrent.locks.ReentrantLock@78429b9e
      m_missingCondition = class java.util.concurrent.locks.AbstractQueuedSynchronizer$ConditionObject@1ead90a5
      m_missing = class java.util.TreeSet@315d4d86
      m_activationLock = class java.util.concurrent.locks.ReentrantReadWriteLock@16b77343
      failureReason = null
      taskCounter = class java.util.concurrent.atomic.AtomicLong@7ac59460
      registrationManager = class org.apache.felix.scr.impl.manager.AbstractComponentManager$3@81f0b25
    edgeInfos = class org.apache.felix.scr.impl.manager.EdgeInfo[8]
      EdgeInfo[0] = class org.apache.felix.scr.impl.manager.EdgeInfo@7b9780e2
      EdgeInfo[1] = class org.apache.felix.scr.impl.manager.EdgeInfo@401acded
      EdgeInfo[2] = class org.apache.felix.scr.impl.manager.EdgeInfo@39570308
      EdgeInfo[3] = class org.apache.felix.scr.impl.manager.EdgeInfo@4b0efe26
      EdgeInfo[4] = class org.apache.felix.scr.impl.manager.EdgeInfo@c59e735
      EdgeInfo[5] = class org.apache.felix.scr.impl.manager.EdgeInfo@1aba36f6
      EdgeInfo[6] = class org.apache.felix.scr.impl.manager.EdgeInfo@1b7429ea
      EdgeInfo[7] = class org.apache.felix.scr.impl.manager.EdgeInfo@27371b6c
    m_componentInstance = class org.apache.felix.scr.impl.manager.ComponentContextImpl$ComponentInstanceImpl@7df7ee30
      m_componentContext = class org.apache.felix.scr.impl.manager.ComponentContextImpl@193c28e2
    m_usingBundle = class org.eclipse.osgi.internal.framework.EquinoxBundle@1e5a4f29
      equinoxContainer = class org.eclipse.osgi.internal.framework.EquinoxContainer@50e4fc47
      module = class org.eclipse.osgi.internal.framework.EquinoxBundle$EquinoxModule@5ba45214
      monitor = class java.lang.Object@7d61f955
      context = class org.eclipse.osgi.internal.framework.BundleContextImpl@1763005
      signerInfos = null
      $SWITCH_TABLE$org$eclipse$osgi$container$Module$State = {1,2,3,4,5,6,7} /* array length = 7 */
    m_serviceRegistration = class org.eclipse.osgi.internal.serviceregistry.ServiceRegistrationImpl@4366ad7a
      registry = class org.eclipse.osgi.internal.serviceregistry.ServiceRegistry@120da400
      context = class org.eclipse.osgi.internal.framework.BundleContextImpl@1763005
      bundle = class org.eclipse.osgi.internal.framework.EquinoxBundle@1e5a4f29
      clazzes = class java.lang.String[4]
      service = class org.apache.felix.scr.impl.manager.SingleComponentManager@3fda0ba7
      reference = class org.eclipse.osgi.internal.serviceregistry.ServiceReferenceImpl@bd1f5ec
      contextsUsing = class java.util.ArrayList@5a3351fd
      properties = class java.util.Collections$UnmodifiableMap@2561d31f
      serviceid = 419
      serviceranking = 0
      registrationLock = class java.lang.Object@410680af
      state = 0
      REGISTERED = 0
      UNREGISTERING = 1
      UNREGISTERED = 2
      FRAMEWORK_SET_SERVICE_PROPERTIES_COUNT = 4
      $assertionsDisabled = true
    m_implementationObject = class com.ibm.ws.jdbc.DataSourceService@604d9f79
    m_implementationAccessible = true
    accessibleLatch = class java.util.concurrent.CountDownLatch@1f166c8d
      sync = "/* Could not access sync */"
    serviceObjectsHelper = class org.apache.felix.scr.impl.helper.ComponentServiceObjectsHelper@70fecbfb
      bundleContext = class org.eclipse.osgi.internal.framework.BundleContextImpl@1763005
      services = class java.util.concurrent.ConcurrentHashMap@54aa0e93
      closedServices = class java.util.ArrayList@520da6ee
      prototypeInstances = class java.util.concurrent.ConcurrentHashMap@6c43a44b
    boundValues = null
  connectorSvc = class com.ibm.ejs.j2c.ConnectorServiceImpl@1586caeb
    tc = class com.ibm.websphere.ras.TraceComponent@1949b896
      strings[0] = "TraceComponent[com.ibm.ejs.j2c.ConnectorServiceImpl,class com.ibm.ejs.j2c.ConnectorServiceImpl,[WAS.j2c],com.ibm.ws.jca.cm.internal.resources.J2CAMessages,null]"
    authDataServiceRef = class com.ibm.wsspi.kernel.service.utils.AtomicServiceReference@65dfa6c9
      referenceName = "authDataService"
      tuple = class java.util.concurrent.atomic.AtomicReference@c0b9636
      serialVersionUID = 2226592364007985000
      $$$tc$$$ = class com.ibm.websphere.ras.TraceComponent@d24c564
    classLoaderIdentifierService = class com.ibm.ws.classloading.internal.ClassLoadingServiceImpl@7bfd92d6
      tc = class com.ibm.websphere.ras.TraceComponent@662bc1d1
      leakDetectionMap = class java.util.HashMap@5077964a
      appClassLoaders = class java.util.Collections$SetFromMap@3adf9e05
      TCCL_LOCK_WAIT = 15000
      REFERENCE_GENERATORS = "generators"
      bundleContext = class org.eclipse.osgi.internal.framework.BundleContextImpl@6a90e32f
      aclStore = class com.ibm.ws.classloading.internal.util.CanonicalStore@31e45331
      tcclStore = class com.ibm.ws.classloading.internal.util.CanonicalStore@74453475
      tcclStoreLock = class java.util.concurrent.locks.ReentrantLock@18ec2971
      digraph = class org.eclipse.equinox.internal.region.StandardRegionDigraph@5e85a3df
      redefiner = class com.ibm.ws.classloading.internal.util.ClassRedefiner@7c10c2c
      listener = class com.ibm.ws.classloading.internal.ClassLoadingServiceImpl$1@4deb1ee5
      classloaders = class java.util.Collections$SynchronizedMap@10d07db1
      resourceProviders = class com.ibm.ws.classloading.internal.CompositeResourceProvider@4e1aaa57
      rememberedBundles = class java.util.concurrent.ConcurrentHashMap@698e797b
      collectedBundles = class java.lang.ref.ReferenceQueue@1ae6a4ce
      generatorRefs = class com.ibm.wsspi.kernel.service.utils.ConcurrentServiceReferenceSet@65d858c1
      generatorManager = class com.ibm.ws.classloading.internal.ClassGeneratorManager@62d72e09
      appExtLibs = class java.util.concurrent.CopyOnWriteArrayList@f6f8d41
      globalConfig = class com.ibm.ws.classloading.configuration.GlobalClassloadingConfiguration@1cc154e8
      metaInfServicesProviders = class java.util.concurrent.ConcurrentHashMap@61eb3aa
      metaInfServicesRefs = class com.ibm.wsspi.kernel.service.utils.ConcurrentServiceReferenceMap@29f1b773
      protectionDomainMap = class java.util.HashMap@5a072289
      metadataIdentifierService = class com.ibm.ws.container.service.metadata.internal.MetaDataServiceImpl@19cb74ea
      globalSharedLibrary = class java.util.concurrent.atomic.AtomicReference@4c775b35
      serialVersionUID = 4365026902615131286
    deferrableSchedXSvcRef = class com.ibm.wsspi.kernel.service.utils.AtomicServiceReference@2c01473
      referenceName = "deferrableScheduledExecutor"
      tuple = class java.util.concurrent.atomic.AtomicReference@2e52bc89
      serialVersionUID = 2226592364007985000
      $$$tc$$$ = class com.ibm.websphere.ras.TraceComponent@d24c564
    execSvcRef = class com.ibm.wsspi.kernel.service.utils.AtomicServiceReference@1e735ef1
      referenceName = "executor"
      tuple = class java.util.concurrent.atomic.AtomicReference@78f46704
      serialVersionUID = 2226592364007985000
      $$$tc$$$ = class com.ibm.websphere.ras.TraceComponent@d24c564
    nonDeferrableSchedXSvcRef = class com.ibm.wsspi.kernel.service.utils.AtomicServiceReference@4a0649d1
      referenceName = "nonDeferrableScheduledExecutor"
      tuple = class java.util.concurrent.atomic.AtomicReference@7d1b0a00
      serialVersionUID = 2226592364007985000
      $$$tc$$$ = class com.ibm.websphere.ras.TraceComponent@d24c564
    rrsXAResFactorySvcRef = class com.ibm.wsspi.kernel.service.utils.AtomicServiceReference@52f757b6
      referenceName = "rRSXAResourceFactory"
      tuple = class java.util.concurrent.atomic.AtomicReference@3ab0880c
      serialVersionUID = 2226592364007985000
      $$$tc$$$ = class com.ibm.websphere.ras.TraceComponent@d24c564
    transactionManager = class com.ibm.ws.transaction.services.TransactionManagerService@5016a217
      tc = class com.ibm.websphere.ras.TraceComponent@2de48c48
      isClient = false
      xaFlowCallbacksInitialised = true
      _bundleContext = class org.eclipse.osgi.internal.framework.BundleContextImpl@1aea0f45
      serialVersionUID = 5173104868148806314
    variableRegistrySvcRef = class com.ibm.wsspi.kernel.service.utils.AtomicServiceReference@5496fa32
      referenceName = "variableRegistry"
      tuple = class java.util.concurrent.atomic.AtomicReference@45fc73f6
      serialVersionUID = 2226592364007985000
      $$$tc$$$ = class com.ibm.websphere.ras.TraceComponent@d24c564
    tc = class com.ibm.websphere.ras.TraceComponent@19f80bba
      strings[0] = "TraceComponent[com.ibm.ws.jca.cm.ConnectorService,class com.ibm.ws.jca.cm.ConnectorService,[WAS.j2c],com.ibm.ws.jca.cm.internal.resources.J2CAMessages,null]"
    NLS = class com.ibm.ejs.ras.TraceNLS@2c2679b0
      resolver = class com.ibm.ws.logging.internal.TraceNLSResolver@1d5d7847
      finder = null
      ivBundleName = "com.ibm.ws.jca.cm.internal.resources.J2CAMessages"
      caller = class java.lang.Class@22a4a699
  dsConfigRef = class java.util.concurrent.atomic.AtomicReference@772020f
    serialVersionUID = "/* Could not access serialVersionUID */"
    VALUE = "/* Could not access VALUE */"
    value = "/* Could not access value */"
  vendorImplClassName = null
  destroyWasDeferred = false
  embDerbyRefCount = class java.util.concurrent.ConcurrentLinkedQueue@4097559e
    serialVersionUID = "/* Could not access serialVersionUID */"
    head = "/* Could not access head */"
    tail = "/* Could not access tail */"
    MAX_HOPS = "/* Could not access MAX_HOPS */"
    HEAD = "/* Could not access HEAD */"
    TAIL = "/* Could not access TAIL */"
    ITEM = "/* Could not access ITEM */"
    NEXT = "/* Could not access NEXT */"
    MAX_ARRAY_SIZE = "/* Could not access MAX_ARRAY_SIZE */"
  id = "dataSource[FilmDatabaseDataSource]"
  isDerbyEmbedded = false
  isUCP = false
  sentUCPConnMgrPropsIgnoredInfoMessage = false
  sentUCPDataSourcePropsIgnoredInfoMessage = false
  jdbcDriverSvc = class com.ibm.ws.jdbc.internal.JDBCDriverService@38140e56
    tc = class com.ibm.websphere.ras.TraceComponent@3fbdd590
      strings[0] = "TraceComponent[com.ibm.ws.jdbc.internal.JDBCDriverService,class com.ibm.ws.jdbc.internal.JDBCDriverService,[RRA],com.ibm.ws.rsadapter.resources.IBMDataStoreAdapterNLS,null]"
    FACTORY_PID = "com.ibm.ws.jdbc.jdbcDriver"
    ID = "id"
    LIBRARY_REF = "libraryRef"
    JDBC_DRIVER = "jdbcDriver"
    TARGET_LIBRARY = "sharedLib.target"
    PROPS_FOR_XA_ONLY = class java.util.Arrays$ArrayList@6cfde814
      serialVersionUID = "/* Could not access serialVersionUID */"
      a = "/* Could not access a */"
      modCount = "/* Could not access modCount */"
      MAX_ARRAY_SIZE = "/* Could not access MAX_ARRAY_SIZE */"
    PROPS_NOT_SET_ON_DRIVER = class java.util.Arrays$ArrayList@4eff868e
      serialVersionUID = "/* Could not access serialVersionUID */"
      a = "/* Could not access a */"
      modCount = "/* Could not access modCount */"
      MAX_ARRAY_SIZE = "/* Could not access MAX_ARRAY_SIZE */"
    classloader = class com.ibm.ws.classloading.internal.AppClassLoader@1566d27c
      tc = class com.ibm.websphere.ras.TraceComponent@4a80d76d
      disableSharedClassesCache = false
      PARENT_FIRST_SEARCH_ORDER = class java.util.Collections$UnmodifiableRandomAccessList@5d9406fc
      packagesDefined = class java.util.Collections$SetFromMap@6b4de701
      CLASS_LOADING_TRACE_PREFIX = "com.ibm.ws.class.load."
      DEFAULT_PACKAGE = "default.package"
      perPackageClassLoadingTraceComponents = class java.util.concurrent.ConcurrentHashMap@2b608383
      config = class com.ibm.ws.classloading.internal.ClassLoaderConfigurationImpl@7b8a1aff
      privateLibraries = null
      delegateLoaders = class com.ibm.ws.classloading.internal.util.CompositeIterable@5e645484
      nativeLibraryFiles = class java.util.ArrayList@5a95d5a6
      transformers = class java.util.ArrayList@75c639ec
      apiAccess = class com.ibm.ws.classloading.internal.GatewayClassLoader@34812bc9
      generator = class com.ibm.ws.classloading.internal.ClassGeneratorManager@62d72e09
      protectionDomains = class java.util.concurrent.ConcurrentHashMap@5eb08849
      parent = class com.ibm.ws.classloading.internal.GatewayClassLoader@34812bc9
      hook = null
      serialVersionUID = 8734164900246230615
      tc = class com.ibm.websphere.ras.TraceComponent@3599aac5
      smartClassPath = class com.ibm.ws.classloading.internal.ContainerClassLoader$SmartClassPathImpl@228c376f
      nativeLibraryContainers = class java.util.ArrayList@5640fe7d
      redefiner = class com.ibm.ws.classloading.internal.util.ClassRedefiner@7c10c2c
      jarProtocol = "wsjar:"
      mapCreationQueue = class java.util.concurrent.Executors$FinalizableDelegatedExecutorService@7852d2ef
      serialVersionUID = 6399598832433768509
      serialVersionUID = 1837293532091806117
      $$$tc$$$ = class com.ibm.websphere.ras.TraceComponent@340f7b1c
      serialVersionUID = -4586727107834513475
      $$$tc$$$ = class com.ibm.websphere.ras.TraceComponent@2bf69668
      serialVersionUID = -7709588811276454856
      $$$tc$$$ = class com.ibm.websphere.ras.TraceComponent@2c30de6
      initialized = "/* Could not access initialized */"
      pdcache = "/* Could not access pdcache */"
      parent = "/* Could not access parent */"
      name = "/* Could not access name */"
      unnamedModule = "/* Could not access unnamedModule */"
      nameAndId = "/* Could not access nameAndId */"
      parallelLockMap = "/* Could not access parallelLockMap */"
      package2certs = "/* Could not access package2certs */"
      nocerts = "/* Could not access nocerts */"
      classes = "/* Could not access classes */"
      defaultDomain = "/* Could not access defaultDomain */"
      packages = "/* Could not access packages */"
      scl = "/* Could not access scl */"
      usr_paths = "/* Could not access usr_paths */"
      sys_paths = "/* Could not access sys_paths */"
      loadedLibraryNames = "/* Could not access loadedLibraryNames */"
      systemNativeLibraries = "/* Could not access systemNativeLibraries */"
      nativeLibraries = "/* Could not access nativeLibraries */"
      assertionLock = "/* Could not access assertionLock */"
      defaultAssertionStatus = "/* Could not access defaultAssertionStatus */"
      packageAssertionStatus = "/* Could not access packageAssertionStatus */"
      classAssertionStatus = "/* Could not access classAssertionStatus */"
      classLoaderValueMap = "/* Could not access classLoaderValueMap */"
      $assertionsDisabled = "/* Could not access $assertionsDisabled */"
    connectorSvc = class com.ibm.ejs.j2c.ConnectorServiceImpl@1586caeb
    embDerbyRefCount = class java.util.concurrent.ConcurrentLinkedQueue@38bb94b2
      serialVersionUID = "/* Could not access serialVersionUID */"
      head = "/* Could not access head */"
      tail = "/* Could not access tail */"
      MAX_HOPS = "/* Could not access MAX_HOPS */"
      HEAD = "/* Could not access HEAD */"
      TAIL = "/* Could not access TAIL */"
      ITEM = "/* Could not access ITEM */"
      NEXT = "/* Could not access NEXT */"
      MAX_ARRAY_SIZE = "/* Could not access MAX_ARRAY_SIZE */"
    introspectedClasses = class java.util.HashSet@7cd18b39
      serialVersionUID = "/* Could not access serialVersionUID */"
      map = "/* Could not access map */"
      PRESENT = "/* Could not access PRESENT */"
      MAX_ARRAY_SIZE = "/* Could not access MAX_ARRAY_SIZE */"
    isDerbyEmbedded = class java.util.concurrent.atomic.AtomicBoolean@7f6f71ff
      serialVersionUID = "/* Could not access serialVersionUID */"
      VALUE = "/* Could not access VALUE */"
      value = "/* Could not access value */"
    isInitialized = true
    lock = class java.util.concurrent.locks.ReentrantReadWriteLock@4d16436a
      serialVersionUID = "/* Could not access serialVersionUID */"
      readerLock = "/* Could not access readerLock */"
      writerLock = "/* Could not access writerLock */"
      sync = "/* Could not access sync */"
    name = "dataSource[FilmDatabaseDataSource]/jdbcDriver[default-0]"
    properties = class org.apache.felix.scr.impl.helper.ReadOnlyDictionary@296c407e
      m_delegate = class java.util.Hashtable@338e6c7f
      m_serviceReference = null
    sharedLib = class com.ibm.ws.library.internal.SharedLibraryImpl@59149e29
      tc = class com.ibm.websphere.ras.TraceComponent@7acf5c40
      EMPTY_LIBRARY_LISTENERS = interface com.ibm.wsspi.library.LibraryChangeListener[0]
      deleted = false
      libraryListenersTracker = class org.osgi.util.tracker.ServiceTracker@649420f0
      libraryReg = class org.eclipse.osgi.internal.serviceregistry.ServiceRegistrationImpl@7222eae3
      ctx = class org.eclipse.osgi.internal.framework.BundleContextImpl@6a90e32f
      classLoadingService = class com.ibm.ws.classloading.internal.ClassLoadingServiceImpl@7bfd92d6
      configAdmin = class com.ibm.ws.config.admin.internal.ConfigurationAdminImpl@2fd2a712
      resolvedBasePath = "C:/Users/Józek/IdeaProjects/film-database/target/liberty/wlp/usr/servers/defaultServer/"
      generationLock = class com.ibm.ws.library.internal.SharedLibraryImpl$1@1553e07b
      currentGeneration = class com.ibm.ws.library.internal.LibraryGeneration@aa065c6
      nextGeneration = class com.ibm.ws.library.internal.LibraryGeneration@aa065c6
      artifactContainerFactory = class com.ibm.ws.library.internal.SharedLibraryFactory$1@4ff647c2
      packageExporter = class com.ibm.ws.library.internal.LibraryPackageExporter@75a69319
      serialVersionUID = 6288237618632180389
    changed = "/* Could not access changed */"
    obs = "/* Could not access obs */"
  jdbcRuntime = class com.ibm.ws.jdbc.osgi.v42.JDBC42Runtime@1be64a2d
  mcf = null
  mcfPerClassLoader = null
  properties = class org.apache.felix.scr.impl.helper.ReadOnlyDictionary@c135124
    m_delegate = class java.util.Hashtable@4404c165
      table = "/* Could not access table */"
      count = "/* Could not access count */"
      threshold = "/* Could not access threshold */"
      loadFactor = "/* Could not access loadFactor */"
      modCount = "/* Could not access modCount */"
      serialVersionUID = "/* Could not access serialVersionUID */"
      MAX_ARRAY_SIZE = "/* Could not access MAX_ARRAY_SIZE */"
      keySet = "/* Could not access keySet */"
      entrySet = "/* Could not access entrySet */"
      values = "/* Could not access values */"
      KEYS = "/* Could not access KEYS */"
      VALUES = "/* Could not access VALUES */"
      ENTRIES = "/* Could not access ENTRIES */"
    m_serviceReference = null
  tc = class com.ibm.websphere.ras.TraceComponent@3dbc5f8
    strings[0] = "TraceComponent[com.ibm.ws.jca.cm.AbstractConnectionFactoryService,class com.ibm.ws.jca.cm.AbstractConnectionFactoryService,[WAS.j2c],com.ibm.ws.jca.cm.internal.resources.J2CAMessages,null]"
  ID = "id"
  DEFAULT_NESTED_PATTERN = class java.util.regex.Pattern@7652de9d
    UNIX_LINES = 1
    CASE_INSENSITIVE = 2
    COMMENTS = 4
    MULTILINE = 8
    LITERAL = 16
    DOTALL = 32
    UNICODE_CASE = 64
    CANON_EQ = 128
    UNICODE_CHARACTER_CLASS = 256
    ALL_FLAGS = "/* Could not access ALL_FLAGS */"
    serialVersionUID = "/* Could not access serialVersionUID */"
    pattern = "/* Could not access pattern */"
    flags = "/* Could not access flags */"
    flags0 = "/* Could not access flags0 */"
    compiled = "/* Could not access compiled */"
    normalizedPattern = "/* Could not access normalizedPattern */"
    root = "/* Could not access root */"
    matchRoot = "/* Could not access matchRoot */"
    buffer = "/* Could not access buffer */"
    predicate = "/* Could not access predicate */"
    namedGroups = "/* Could not access namedGroups */"
    groupNodes = "/* Could not access groupNodes */"
    topClosureNodes = "/* Could not access topClosureNodes */"
    localTCNCount = "/* Could not access localTCNCount */"
    hasGroupRef = "/* Could not access hasGroupRef */"
    temp = "/* Could not access temp */"
    capturingGroupCount = "/* Could not access capturingGroupCount */"
    localCount = "/* Could not access localCount */"
    cursor = "/* Could not access cursor */"
    patternLength = "/* Could not access patternLength */"
    hasSupplementary = "/* Could not access hasSupplementary */"
    MAX_REPS = "/* Could not access MAX_REPS */"
    lookbehindEnd = "/* Could not access lookbehindEnd */"
    accept = "/* Could not access accept */"
    lastAccept = "/* Could not access lastAccept */"
    $assertionsDisabled = "/* Could not access $assertionsDisabled */"
  DEFAULT_PATTERN = class java.util.regex.Pattern@6eac18bf
    UNIX_LINES = 1
    CASE_INSENSITIVE = 2
    COMMENTS = 4
    MULTILINE = 8
    LITERAL = 16
    DOTALL = 32
    UNICODE_CASE = 64
    CANON_EQ = 128
    UNICODE_CHARACTER_CLASS = 256
    ALL_FLAGS = "/* Could not access ALL_FLAGS */"
    serialVersionUID = "/* Could not access serialVersionUID */"
    pattern = "/* Could not access pattern */"
    flags = "/* Could not access flags */"
    flags0 = "/* Could not access flags0 */"
    compiled = "/* Could not access compiled */"
    normalizedPattern = "/* Could not access normalizedPattern */"
    root = "/* Could not access root */"
    matchRoot = "/* Could not access matchRoot */"
    buffer = "/* Could not access buffer */"
    predicate = "/* Could not access predicate */"
    namedGroups = "/* Could not access namedGroups */"
    groupNodes = "/* Could not access groupNodes */"
    topClosureNodes = "/* Could not access topClosureNodes */"
    localTCNCount = "/* Could not access localTCNCount */"
    hasGroupRef = "/* Could not access hasGroupRef */"
    temp = "/* Could not access temp */"
    capturingGroupCount = "/* Could not access capturingGroupCount */"
    localCount = "/* Could not access localCount */"
    cursor = "/* Could not access cursor */"
    patternLength = "/* Could not access patternLength */"
    hasSupplementary = "/* Could not access hasSupplementary */"
    MAX_REPS = "/* Could not access MAX_REPS */"
    lookbehindEnd = "/* Could not access lookbehindEnd */"
    accept = "/* Could not access accept */"
    lastAccept = "/* Could not access lastAccept */"
    $assertionsDisabled = "/* Could not access $assertionsDisabled */"
  THREAD_IDENTITY_NOT_ALLOWED = 0
  THREAD_IDENTITY_ALLOWED = 1
  THREAD_IDENTITY_REQUIRED = 2
  appsToRecycle = class java.util.Collections$SetFromMap@47328065
    m = "/* Could not access m */"
    s = "/* Could not access s */"
    serialVersionUID = "/* Could not access serialVersionUID */"
    MAX_ARRAY_SIZE = "/* Could not access MAX_ARRAY_SIZE */"
  conMgrSvc = class com.ibm.ejs.j2c.ConnectionManagerServiceImpl@51be63d6
    tc = class com.ibm.websphere.ras.TraceComponent@7ca2c2de
      strings[0] = "TraceComponent[com.ibm.ejs.j2c.ConnectionManagerServiceImpl,class com.ibm.ejs.j2c.ConnectionManagerServiceImpl,[WAS.j2c],com.ibm.ws.jca.cm.internal.resources.J2CAMessages,null]"
    priv = class com.ibm.ws.kernel.service.util.SecureAction@3116c307
      controlContext = class java.security.AccessControlContext@37d42280
      bootClassLoader = class com.ibm.ws.kernel.service.util.SecureAction$1$1@3dfd6217
      getContextClassLoaderAction = class com.ibm.ws.kernel.service.util.SecureAction$28@4243ec8c
      getSystemClassLoaderAction = class com.ibm.ws.kernel.service.util.SecureAction$29@5d37e68d
    cfKeyToCM = class java.util.concurrent.ConcurrentHashMap@253dfcff
      serialVersionUID = "/* Could not access serialVersionUID */"
      MAXIMUM_CAPACITY = "/* Could not access MAXIMUM_CAPACITY */"
      DEFAULT_CAPACITY = "/* Could not access DEFAULT_CAPACITY */"
      MAX_ARRAY_SIZE = "/* Could not access MAX_ARRAY_SIZE */"
      DEFAULT_CONCURRENCY_LEVEL = "/* Could not access DEFAULT_CONCURRENCY_LEVEL */"
      LOAD_FACTOR = "/* Could not access LOAD_FACTOR */"
      TREEIFY_THRESHOLD = "/* Could not access TREEIFY_THRESHOLD */"
      UNTREEIFY_THRESHOLD = "/* Could not access UNTREEIFY_THRESHOLD */"
      MIN_TREEIFY_CAPACITY = "/* Could not access MIN_TREEIFY_CAPACITY */"
      MIN_TRANSFER_STRIDE = "/* Could not access MIN_TRANSFER_STRIDE */"
      RESIZE_STAMP_BITS = "/* Could not access RESIZE_STAMP_BITS */"
      MAX_RESIZERS = "/* Could not access MAX_RESIZERS */"
      RESIZE_STAMP_SHIFT = "/* Could not access RESIZE_STAMP_SHIFT */"
      MOVED = "/* Could not access MOVED */"
      TREEBIN = "/* Could not access TREEBIN */"
      RESERVED = "/* Could not access RESERVED */"
      HASH_BITS = "/* Could not access HASH_BITS */"
      NCPU = "/* Could not access NCPU */"
      serialPersistentFields = "/* Could not access serialPersistentFields */"
      table = "/* Could not access table */"
      nextTable = "/* Could not access nextTable */"
      baseCount = "/* Could not access baseCount */"
      sizeCtl = "/* Could not access sizeCtl */"
      transferIndex = "/* Could not access transferIndex */"
      cellsBusy = "/* Could not access cellsBusy */"
      counterCells = "/* Could not access counterCells */"
      keySet = "/* Could not access keySet */"
      values = "/* Could not access values */"
      entrySet = "/* Could not access entrySet */"
      U = "/* Could not access U */"
      SIZECTL = "/* Could not access SIZECTL */"
      TRANSFERINDEX = "/* Could not access TRANSFERINDEX */"
      BASECOUNT = "/* Could not access BASECOUNT */"
      CELLSBUSY = "/* Could not access CELLSBUSY */"
      CELLVALUE = "/* Could not access CELLVALUE */"
      ABASE = "/* Could not access ABASE */"
      ASHIFT = "/* Could not access ASHIFT */"
      keySet = "/* Could not access keySet */"
      values = "/* Could not access values */"
    connectorSvc = null
    lock = class java.util.concurrent.locks.ReentrantReadWriteLock@140e6ed7
      serialVersionUID = "/* Could not access serialVersionUID */"
      readerLock = "/* Could not access readerLock */"
      writerLock = "/* Could not access writerLock */"
      sync = "/* Could not access sync */"
    name = "dataSource[FilmDatabaseDataSource]/connectionManager"
    pm = null
    pmMBean = null
    properties = null
    bndCtx = null
    raClassLoader = null
    disableLibertyConnectionPool = false
    CONNECTION_MANAGER = "connectionManager"
    FACTORY_PID = "com.ibm.ws.jca.connectionManager"
    ID = "id"
    MAX_CONNECTIONS_PER_THREAD = "maxConnectionsPerThread"
    MAX_IDLE_TIME = "maxIdleTime"
    MAX_POOL_SIZE = "maxPoolSize"
    MIN_POOL_SIZE = "minPoolSize"
    NUM_CONNECTIONS_PER_THREAD_LOCAL = "numConnectionsPerThreadLocal"
    CONNECTION_MANAGER_PROPS = class java.util.Collections$UnmodifiableRandomAccessList@28c68d2f
      serialVersionUID = "/* Could not access serialVersionUID */"
      serialVersionUID = "/* Could not access serialVersionUID */"
      list = "/* Could not access list */"
      serialVersionUID = "/* Could not access serialVersionUID */"
      c = "/* Could not access c */"
    CONNECTION_MANAGER_DSD_PROPS = class java.util.Collections$UnmodifiableRandomAccessList@2fcf7dcb
      serialVersionUID = "/* Could not access serialVersionUID */"
      serialVersionUID = "/* Could not access serialVersionUID */"
      list = "/* Could not access list */"
      serialVersionUID = "/* Could not access serialVersionUID */"
      c = "/* Could not access c */"
    changed = "/* Could not access changed */"
    obs = "/* Could not access obs */"
  containerAuthDataRef = null
  jaasLoginContextEntryRef = null
  isInitialized = class java.util.concurrent.atomic.AtomicBoolean@3178f94a
    serialVersionUID = "/* Could not access serialVersionUID */"
    VALUE = "/* Could not access VALUE */"
    value = "/* Could not access value */"
  isServerDefined = true
  lock = class java.util.concurrent.locks.ReentrantReadWriteLock@3f1f763a
    serialVersionUID = "/* Could not access serialVersionUID */"
    readerLock = "/* Could not access readerLock */"
    writerLock = "/* Could not access writerLock */"
    sync = "/* Could not access sync */"
  recoveryAuthDataRef = null

