------Start of DE processing------ = [11/11/2020, 15:25:01:945 CET]
Exception = com.ibm.wsspi.injectionengine.InjectionException
Source = com.ibm.ws.cdi.impl.weld.injection.WebSphereInjectionServicesImpl
probeid = 199
Stack Dump = com.ibm.wsspi.injectionengine.InjectionException: CWNEN0030E: The server was unable to obtain an object instance for the java:comp/env/film_database.director.repository.DirectorRepository/em reference.  The exception message was: See JPA spec 5.5: PuId=film-database-1.0-SNAPSHOT#film-database-1.0-SNAPSHOT.war# must specify JTA transaction type.
	at com.ibm.wsspi.injectionengine.InjectionBinding.getInjectionObject(InjectionBinding.java:1454)
	at com.ibm.wsspi.injectionengine.InjectionBinding.getInjectableObject(InjectionBinding.java:1368)
	at com.ibm.wsspi.injectionengine.InjectionTarget.inject(InjectionTarget.java:104)
	at com.ibm.ws.cdi.impl.weld.injection.WebSphereInjectionServicesImpl.inject(WebSphereInjectionServicesImpl.java:198)
	at com.ibm.ws.cdi.impl.weld.injection.WebSphereInjectionServicesImpl.inject(WebSphereInjectionServicesImpl.java:150)
	at com.ibm.ws.cdi.impl.weld.injection.WebSphereInjectionServicesImpl.access$000(WebSphereInjectionServicesImpl.java:74)
	at com.ibm.ws.cdi.impl.weld.injection.WebSphereInjectionServicesImpl$1.run(WebSphereInjectionServicesImpl.java:134)
	at com.ibm.ws.cdi.impl.weld.injection.WebSphereInjectionServicesImpl$1.run(WebSphereInjectionServicesImpl.java:130)
	at java.base/java.security.AccessController.doPrivileged(Native Method)
	at com.ibm.ws.cdi.impl.weld.injection.WebSphereInjectionServicesImpl.callInject(WebSphereInjectionServicesImpl.java:130)
	at com.ibm.ws.cdi.impl.weld.injection.WebSphereInjectionServicesImpl.injectJavaEEResources(WebSphereInjectionServicesImpl.java:112)
	at com.ibm.ws.cdi.impl.weld.injection.WebSphereInjectionServicesImpl.aroundInject(WebSphereInjectionServicesImpl.java:317)
	at org.jboss.weld.injection.InjectionContextImpl.run(InjectionContextImpl.java:46)
	at org.jboss.weld.injection.producer.ResourceInjector.inject(ResourceInjector.java:71)
	at org.jboss.weld.injection.producer.BasicInjectionTarget.inject(BasicInjectionTarget.java:117)
	at org.jboss.weld.bean.ManagedBean.create(ManagedBean.java:161)
	at org.jboss.weld.contexts.AbstractContext.get(AbstractContext.java:96)
	at org.jboss.weld.bean.ContextualInstanceStrategy$DefaultContextualInstanceStrategy.get(ContextualInstanceStrategy.java:100)
	at org.jboss.weld.bean.ContextualInstanceStrategy$CachingContextualInstanceStrategy.get(ContextualInstanceStrategy.java:177)
	at org.jboss.weld.bean.ContextualInstance.get(ContextualInstance.java:50)
	at org.jboss.weld.bean.proxy.ContextBeanInstance.getInstance(ContextBeanInstance.java:102)
	at org.jboss.weld.bean.proxy.ProxyMethodHandler.getInstance(ProxyMethodHandler.java:131)
	at film_database.director.repository.DirectorRepository$Proxy$_$$_WeldClientProxy.create(Unknown Source)
	at film_database.director.service.DirectorService.create(DirectorService.java:57)
	at film_database.director.service.DirectorService$Proxy$_$$_WeldClientProxy.create(Unknown Source)
	at film_database.configuration.InitializedData.init(InitializedData.java:78)
	at film_database.configuration.InitializedData.contextInitialized(InitializedData.java:44)
	at jdk.internal.reflect.GeneratedMethodAccessor607.invoke(Unknown Source)
	at java.base/java.lang.reflect.Method.invoke(Method.java:566)
	at org.jboss.weld.injection.StaticMethodInjectionPoint.invoke(StaticMethodInjectionPoint.java:95)
	at org.jboss.weld.injection.StaticMethodInjectionPoint.invoke(StaticMethodInjectionPoint.java:85)
	at org.jboss.weld.injection.MethodInvocationStrategy$SimpleMethodInvocationStrategy.invoke(MethodInvocationStrategy.java:168)
	at org.jboss.weld.event.ObserverMethodImpl.sendEvent(ObserverMethodImpl.java:330)
	at org.jboss.weld.event.ObserverMethodImpl.sendEvent(ObserverMethodImpl.java:308)
	at org.jboss.weld.event.ObserverMethodImpl.notify(ObserverMethodImpl.java:286)
	at javax.enterprise.inject.spi.ObserverMethod.notify(ObserverMethod.java:124)
	at org.jboss.weld.util.Observers.notify(Observers.java:166)
	at org.jboss.weld.event.ObserverNotifier.notifySyncObservers(ObserverNotifier.java:285)
	at org.jboss.weld.event.ObserverNotifier.notify(ObserverNotifier.java:273)
	at org.jboss.weld.event.ObserverNotifier.fireEvent(ObserverNotifier.java:177)
	at org.jboss.weld.bootstrap.BeanDeploymentModule.fireEvent(BeanDeploymentModule.java:93)
	at org.jboss.weld.module.web.servlet.HttpContextLifecycle.fireEventForApplicationScope(HttpContextLifecycle.java:161)
	at org.jboss.weld.module.web.servlet.HttpContextLifecycle.contextInitialized(HttpContextLifecycle.java:147)
	at org.jboss.weld.module.web.servlet.WeldInitialListener.contextInitialized(WeldInitialListener.java:99)
	at com.ibm.ws.webcontainer.webapp.WebApp.notifyServletContextCreated(WebApp.java:2437)
	at com.ibm.ws.webcontainer31.osgi.webapp.WebApp31.notifyServletContextCreated(WebApp31.java:514)
	at com.ibm.ws.webcontainer.webapp.WebApp.initialize(WebApp.java:1041)
	at com.ibm.ws.webcontainer.webapp.WebApp.initialize(WebApp.java:6683)
	at com.ibm.ws.webcontainer.osgi.DynamicVirtualHost.startWebApp(DynamicVirtualHost.java:470)
	at com.ibm.ws.webcontainer.osgi.DynamicVirtualHost.startWebApplication(DynamicVirtualHost.java:465)
	at com.ibm.ws.webcontainer.osgi.WebContainer.startWebApplication(WebContainer.java:1178)
	at com.ibm.ws.webcontainer.osgi.WebContainer.access$100(WebContainer.java:109)
	at com.ibm.ws.webcontainer.osgi.WebContainer$3.run(WebContainer.java:975)
	at com.ibm.ws.threading.internal.ExecutorServiceImpl$RunnableWrapper.run(ExecutorServiceImpl.java:239)
	at java.base/java.util.concurrent.Executors$RunnableAdapter.call(Executors.java:515)
	at java.base/java.util.concurrent.FutureTask.run(FutureTask.java:264)
	at java.base/java.util.concurrent.ThreadPoolExecutor.runWorker(ThreadPoolExecutor.java:1128)
	at java.base/java.util.concurrent.ThreadPoolExecutor$Worker.run(ThreadPoolExecutor.java:628)
	at java.base/java.lang.Thread.run(Thread.java:834)
Caused by: java.lang.RuntimeException: See JPA spec 5.5: PuId=film-database-1.0-SNAPSHOT#film-database-1.0-SNAPSHOT.war# must specify JTA transaction type.
	at com.ibm.ws.jpa.management.JPATxEntityManager.<init>(JPATxEntityManager.java:125)
	at com.ibm.ws.jpa.container.v22.JPATxEntityManagerV22.<init>(JPATxEntityManagerV22.java:45)
	at com.ibm.ws.jpa.container.v22.internal.JPA22Runtime.createJPATxEntityManager(JPA22Runtime.java:71)
	at com.ibm.ws.jpa.management.AbstractJPAComponent.getEntityManager(AbstractJPAComponent.java:255)
	at com.ibm.ws.jpa.container.osgi.jndi.JPAJndiLookupObjectFactory.getObjectInstance(JPAJndiLookupObjectFactory.java:149)
	at com.ibm.wsspi.injectionengine.InjectionBinding.getInjectionObjectInstance(InjectionBinding.java:1552)
	at com.ibm.wsspi.injectionengine.InjectionBinding.getInjectionObject(InjectionBinding.java:1428)
	... 58 more

Dump of callerThis
Object type = com.ibm.ws.cdi.impl.weld.injection.WebSphereInjectionServicesImpl
  tc = class com.ibm.websphere.ras.TraceComponent@114572f0
    strings[0] = "TraceComponent[com.ibm.ws.cdi.impl.weld.injection.WebSphereInjectionServicesImpl,class com.ibm.ws.cdi.impl.weld.injection.WebSphereInjectionServicesImpl,[JCDI],com.ibm.ws.cdi.internal.resources.CDI,null]"
  ANNOTATIONS_KNOWN_TO_WELD = class java.util.HashSet@2eb95e2b
    serialVersionUID = "/* Could not access serialVersionUID */"
    map = "/* Could not access map */"
    PRESENT = "/* Could not access PRESENT */"
    MAX_ARRAY_SIZE = "/* Could not access MAX_ARRAY_SIZE */"
  referenceContextMap = class java.util.concurrent.ConcurrentHashMap@3cf1e2b5
    serialVersionUID = "/* Could not access serialVersionUID */"
    MAXIMUM_CAPACITY = "/* Could not access MAXIMUM_CAPACITY */"
    DEFAULT_CAPACITY = "/* Could not access DEFAULT_CAPACITY */"
    MAX_ARRAY_SIZE = "/* Could not access MAX_ARRAY_SIZE */"
    DEFAULT_CONCURRENCY_LEVEL = "/* Could not access DEFAULT_CONCURRENCY_LEVEL */"
    LOAD_FACTOR = "/* Could not access LOAD_FACTOR */"
    TREEIFY_THRESHOLD = "/* Could not access TREEIFY_THRESHOLD */"
    UNTREEIFY_THRESHOLD = "/* Could not access UNTREEIFY_THRESHOLD */"
    MIN_TREEIFY_CAPACITY = "/* Could not access MIN_TREEIFY_CAPACITY */"
    MIN_TRANSFER_STRIDE = "/* Could not access MIN_TRANSFER_STRIDE */"
    RESIZE_STAMP_BITS = "/* Could not access RESIZE_STAMP_BITS */"
    MAX_RESIZERS = "/* Could not access MAX_RESIZERS */"
    RESIZE_STAMP_SHIFT = "/* Could not access RESIZE_STAMP_SHIFT */"
    MOVED = "/* Could not access MOVED */"
    TREEBIN = "/* Could not access TREEBIN */"
    RESERVED = "/* Could not access RESERVED */"
    HASH_BITS = "/* Could not access HASH_BITS */"
    NCPU = "/* Could not access NCPU */"
    serialPersistentFields = "/* Could not access serialPersistentFields */"
    table = "/* Could not access table */"
    nextTable = "/* Could not access nextTable */"
    baseCount = "/* Could not access baseCount */"
    sizeCtl = "/* Could not access sizeCtl */"
    transferIndex = "/* Could not access transferIndex */"
    cellsBusy = "/* Could not access cellsBusy */"
    counterCells = "/* Could not access counterCells */"
    keySet = "/* Could not access keySet */"
    values = "/* Could not access values */"
    entrySet = "/* Could not access entrySet */"
    U = "/* Could not access U */"
    SIZECTL = "/* Could not access SIZECTL */"
    TRANSFERINDEX = "/* Could not access TRANSFERINDEX */"
    BASECOUNT = "/* Could not access BASECOUNT */"
    CELLSBUSY = "/* Could not access CELLSBUSY */"
    CELLVALUE = "/* Could not access CELLVALUE */"
    ABASE = "/* Could not access ABASE */"
    ASHIFT = "/* Could not access ASHIFT */"
    keySet = "/* Could not access keySet */"
    values = "/* Could not access values */"
  referenceContexts = class java.util.Collections$SetFromMap@a98e72c
    m = "/* Could not access m */"
    s = "/* Could not access s */"
    serialVersionUID = "/* Could not access serialVersionUID */"
    MAX_ARRAY_SIZE = "/* Could not access MAX_ARRAY_SIZE */"
  injectionTargetListeners = class java.util.concurrent.ConcurrentHashMap@716672a0
    serialVersionUID = "/* Could not access serialVersionUID */"
    MAXIMUM_CAPACITY = "/* Could not access MAXIMUM_CAPACITY */"
    DEFAULT_CAPACITY = "/* Could not access DEFAULT_CAPACITY */"
    MAX_ARRAY_SIZE = "/* Could not access MAX_ARRAY_SIZE */"
    DEFAULT_CONCURRENCY_LEVEL = "/* Could not access DEFAULT_CONCURRENCY_LEVEL */"
    LOAD_FACTOR = "/* Could not access LOAD_FACTOR */"
    TREEIFY_THRESHOLD = "/* Could not access TREEIFY_THRESHOLD */"
    UNTREEIFY_THRESHOLD = "/* Could not access UNTREEIFY_THRESHOLD */"
    MIN_TREEIFY_CAPACITY = "/* Could not access MIN_TREEIFY_CAPACITY */"
    MIN_TRANSFER_STRIDE = "/* Could not access MIN_TRANSFER_STRIDE */"
    RESIZE_STAMP_BITS = "/* Could not access RESIZE_STAMP_BITS */"
    MAX_RESIZERS = "/* Could not access MAX_RESIZERS */"
    RESIZE_STAMP_SHIFT = "/* Could not access RESIZE_STAMP_SHIFT */"
    MOVED = "/* Could not access MOVED */"
    TREEBIN = "/* Could not access TREEBIN */"
    RESERVED = "/* Could not access RESERVED */"
    HASH_BITS = "/* Could not access HASH_BITS */"
    NCPU = "/* Could not access NCPU */"
    serialPersistentFields = "/* Could not access serialPersistentFields */"
    table = "/* Could not access table */"
    nextTable = "/* Could not access nextTable */"
    baseCount = "/* Could not access baseCount */"
    sizeCtl = "/* Could not access sizeCtl */"
    transferIndex = "/* Could not access transferIndex */"
    cellsBusy = "/* Could not access cellsBusy */"
    counterCells = "/* Could not access counterCells */"
    keySet = "/* Could not access keySet */"
    values = "/* Could not access values */"
    entrySet = "/* Could not access entrySet */"
    U = "/* Could not access U */"
    SIZECTL = "/* Could not access SIZECTL */"
    TRANSFERINDEX = "/* Could not access TRANSFERINDEX */"
    BASECOUNT = "/* Could not access BASECOUNT */"
    CELLSBUSY = "/* Could not access CELLSBUSY */"
    CELLVALUE = "/* Could not access CELLVALUE */"
    ABASE = "/* Could not access ABASE */"
    ASHIFT = "/* Could not access ASHIFT */"
    keySet = "/* Could not access keySet */"
    values = "/* Could not access values */"
  deployment = class com.ibm.ws.cdi.impl.weld.WebSphereCDIDeploymentImpl@154a22a1
    id = "film-database-1.0-SNAPSHOT"
    deploymentDBAs = class java.util.HashMap@6bf1ac8f
      serialVersionUID = "/* Could not access serialVersionUID */"
      DEFAULT_INITIAL_CAPACITY = "/* Could not access DEFAULT_INITIAL_CAPACITY */"
      MAXIMUM_CAPACITY = "/* Could not access MAXIMUM_CAPACITY */"
      DEFAULT_LOAD_FACTOR = "/* Could not access DEFAULT_LOAD_FACTOR */"
      TREEIFY_THRESHOLD = "/* Could not access TREEIFY_THRESHOLD */"
      UNTREEIFY_THRESHOLD = "/* Could not access UNTREEIFY_THRESHOLD */"
      MIN_TREEIFY_CAPACITY = "/* Could not access MIN_TREEIFY_CAPACITY */"
      table = "/* Could not access table */"
      entrySet = "/* Could not access entrySet */"
      size = "/* Could not access size */"
      modCount = "/* Could not access modCount */"
      threshold = "/* Could not access threshold */"
      loadFactor = "/* Could not access loadFactor */"
      keySet = "/* Could not access keySet */"
      values = "/* Could not access values */"
    applicationBDAs = class java.util.HashSet@29c02023
      serialVersionUID = "/* Could not access serialVersionUID */"
      map = "/* Could not access map */"
      PRESENT = "/* Could not access PRESENT */"
      MAX_ARRAY_SIZE = "/* Could not access MAX_ARRAY_SIZE */"
    extensionBDAs = class java.util.HashMap@6d5b4090
      serialVersionUID = "/* Could not access serialVersionUID */"
      DEFAULT_INITIAL_CAPACITY = "/* Could not access DEFAULT_INITIAL_CAPACITY */"
      MAXIMUM_CAPACITY = "/* Could not access MAXIMUM_CAPACITY */"
      DEFAULT_LOAD_FACTOR = "/* Could not access DEFAULT_LOAD_FACTOR */"
      TREEIFY_THRESHOLD = "/* Could not access TREEIFY_THRESHOLD */"
      UNTREEIFY_THRESHOLD = "/* Could not access UNTREEIFY_THRESHOLD */"
      MIN_TREEIFY_CAPACITY = "/* Could not access MIN_TREEIFY_CAPACITY */"
      table = "/* Could not access table */"
      entrySet = "/* Could not access entrySet */"
      size = "/* Could not access size */"
      modCount = "/* Could not access modCount */"
      threshold = "/* Could not access threshold */"
      loadFactor = "/* Could not access loadFactor */"
      keySet = "/* Could not access keySet */"
      values = "/* Could not access values */"
    orderedBDAs = class java.util.ArrayList@277b01ea
      serialVersionUID = "/* Could not access serialVersionUID */"
      DEFAULT_CAPACITY = "/* Could not access DEFAULT_CAPACITY */"
      EMPTY_ELEMENTDATA = "/* Could not access EMPTY_ELEMENTDATA */"
      DEFAULTCAPACITY_EMPTY_ELEMENTDATA = "/* Could not access DEFAULTCAPACITY_EMPTY_ELEMENTDATA */"
      elementData = "/* Could not access elementData */"
      size = "/* Could not access size */"
      MAX_ARRAY_SIZE = "/* Could not access MAX_ARRAY_SIZE */"
      modCount = "/* Could not access modCount */"
      MAX_ARRAY_SIZE = "/* Could not access MAX_ARRAY_SIZE */"
    bootstrap = class org.jboss.weld.bootstrap.WeldBootstrap@4108445e
      weldStartup = null
      weldRuntime = class org.jboss.weld.bootstrap.WeldRuntime@6d8d25a4
      beansXmlValidator = null
    classloader = class com.ibm.ws.classloading.internal.AppClassLoader@1af8ca87
      tc = class com.ibm.websphere.ras.TraceComponent@4a80d76d
      disableSharedClassesCache = false
      PARENT_FIRST_SEARCH_ORDER = class java.util.Collections$UnmodifiableRandomAccessList@5d9406fc
      packagesDefined = class java.util.Collections$SetFromMap@59b0b8ef
      CLASS_LOADING_TRACE_PREFIX = "com.ibm.ws.class.load."
      DEFAULT_PACKAGE = "default.package"
      perPackageClassLoadingTraceComponents = class java.util.concurrent.ConcurrentHashMap@42961ac3
      config = class com.ibm.ws.classloading.internal.ClassLoaderConfigurationImpl@60663825
      privateLibraries = null
      delegateLoaders = class com.ibm.ws.classloading.internal.util.CompositeIterable@1db86133
      nativeLibraryFiles = class java.util.ArrayList@4113c5ab
      transformers = class java.util.ArrayList@33a18f48
      apiAccess = class com.ibm.ws.classloading.internal.GatewayClassLoader@1e5520d8
      generator = class com.ibm.ws.classloading.internal.ClassGeneratorManager@62d72e09
      protectionDomains = class java.util.concurrent.ConcurrentHashMap@3c386a99
      parent = class com.ibm.ws.classloading.internal.GatewayClassLoader@1e5520d8
      hook = null
      serialVersionUID = 8734164900246230615
      tc = class com.ibm.websphere.ras.TraceComponent@3599aac5
      smartClassPath = class com.ibm.ws.classloading.internal.ContainerClassLoader$SmartClassPathImpl@63d9ce28
      nativeLibraryContainers = class java.util.ArrayList@5cbdc6d4
      redefiner = class com.ibm.ws.classloading.internal.util.ClassRedefiner@7c10c2c
      jarProtocol = "wsjar:"
      mapCreationQueue = class java.util.concurrent.Executors$FinalizableDelegatedExecutorService@7852d2ef
      serialVersionUID = 6399598832433768509
      serialVersionUID = 1837293532091806117
      $$$tc$$$ = class com.ibm.websphere.ras.TraceComponent@340f7b1c
      serialVersionUID = -4586727107834513475
      $$$tc$$$ = class com.ibm.websphere.ras.TraceComponent@2bf69668
      serialVersionUID = -7709588811276454856
      $$$tc$$$ = class com.ibm.websphere.ras.TraceComponent@2c30de6
      initialized = "/* Could not access initialized */"
      pdcache = "/* Could not access pdcache */"
      parent = "/* Could not access parent */"
      name = "/* Could not access name */"
      unnamedModule = "/* Could not access unnamedModule */"
      nameAndId = "/* Could not access nameAndId */"
      parallelLockMap = "/* Could not access parallelLockMap */"
      package2certs = "/* Could not access package2certs */"
      nocerts = "/* Could not access nocerts */"
      classes = "/* Could not access classes */"
      defaultDomain = "/* Could not access defaultDomain */"
      packages = "/* Could not access packages */"
      scl = "/* Could not access scl */"
      usr_paths = "/* Could not access usr_paths */"
      sys_paths = "/* Could not access sys_paths */"
      loadedLibraryNames = "/* Could not access loadedLibraryNames */"
      systemNativeLibraries = "/* Could not access systemNativeLibraries */"
      nativeLibraries = "/* Could not access nativeLibraries */"
      assertionLock = "/* Could not access assertionLock */"
      defaultAssertionStatus = "/* Could not access defaultAssertionStatus */"
      packageAssertionStatus = "/* Could not access packageAssertionStatus */"
      classAssertionStatus = "/* Could not access classAssertionStatus */"
      classLoaderValueMap = "/* Could not access classLoaderValueMap */"
      $assertionsDisabled = "/* Could not access $assertionsDisabled */"
    extensionClassLoaders = class java.util.HashSet@6961a564
      serialVersionUID = "/* Could not access serialVersionUID */"
      map = "/* Could not access map */"
      PRESENT = "/* Could not access PRESENT */"
      MAX_ARRAY_SIZE = "/* Could not access MAX_ARRAY_SIZE */"
    cdiEnabled = true
    cdiStatusMap = class java.util.HashMap@5e893718
      serialVersionUID = "/* Could not access serialVersionUID */"
      DEFAULT_INITIAL_CAPACITY = "/* Could not access DEFAULT_INITIAL_CAPACITY */"
      MAXIMUM_CAPACITY = "/* Could not access MAXIMUM_CAPACITY */"
      DEFAULT_LOAD_FACTOR = "/* Could not access DEFAULT_LOAD_FACTOR */"
      TREEIFY_THRESHOLD = "/* Could not access TREEIFY_THRESHOLD */"
      UNTREEIFY_THRESHOLD = "/* Could not access UNTREEIFY_THRESHOLD */"
      MIN_TREEIFY_CAPACITY = "/* Could not access MIN_TREEIFY_CAPACITY */"
      table = "/* Could not access table */"
      entrySet = "/* Could not access entrySet */"
      size = "/* Could not access size */"
      modCount = "/* Could not access modCount */"
      threshold = "/* Could not access threshold */"
      loadFactor = "/* Could not access loadFactor */"
      keySet = "/* Could not access keySet */"
      values = "/* Could not access values */"
    classBDAMap = class java.util.concurrent.ConcurrentHashMap@21020972
      serialVersionUID = "/* Could not access serialVersionUID */"
      MAXIMUM_CAPACITY = "/* Could not access MAXIMUM_CAPACITY */"
      DEFAULT_CAPACITY = "/* Could not access DEFAULT_CAPACITY */"
      MAX_ARRAY_SIZE = "/* Could not access MAX_ARRAY_SIZE */"
      DEFAULT_CONCURRENCY_LEVEL = "/* Could not access DEFAULT_CONCURRENCY_LEVEL */"
      LOAD_FACTOR = "/* Could not access LOAD_FACTOR */"
      TREEIFY_THRESHOLD = "/* Could not access TREEIFY_THRESHOLD */"
      UNTREEIFY_THRESHOLD = "/* Could not access UNTREEIFY_THRESHOLD */"
      MIN_TREEIFY_CAPACITY = "/* Could not access MIN_TREEIFY_CAPACITY */"
      MIN_TRANSFER_STRIDE = "/* Could not access MIN_TRANSFER_STRIDE */"
      RESIZE_STAMP_BITS = "/* Could not access RESIZE_STAMP_BITS */"
      MAX_RESIZERS = "/* Could not access MAX_RESIZERS */"
      RESIZE_STAMP_SHIFT = "/* Could not access RESIZE_STAMP_SHIFT */"
      MOVED = "/* Could not access MOVED */"
      TREEBIN = "/* Could not access TREEBIN */"
      RESERVED = "/* Could not access RESERVED */"
      HASH_BITS = "/* Could not access HASH_BITS */"
      NCPU = "/* Could not access NCPU */"
      serialPersistentFields = "/* Could not access serialPersistentFields */"
      table = "/* Could not access table */"
      nextTable = "/* Could not access nextTable */"
      baseCount = "/* Could not access baseCount */"
      sizeCtl = "/* Could not access sizeCtl */"
      transferIndex = "/* Could not access transferIndex */"
      cellsBusy = "/* Could not access cellsBusy */"
      counterCells = "/* Could not access counterCells */"
      keySet = "/* Could not access keySet */"
      values = "/* Could not access values */"
      entrySet = "/* Could not access entrySet */"
      U = "/* Could not access U */"
      SIZECTL = "/* Could not access SIZECTL */"
      TRANSFERINDEX = "/* Could not access TRANSFERINDEX */"
      BASECOUNT = "/* Could not access BASECOUNT */"
      CELLSBUSY = "/* Could not access CELLSBUSY */"
      CELLVALUE = "/* Could not access CELLVALUE */"
      ABASE = "/* Could not access ABASE */"
      ASHIFT = "/* Could not access ASHIFT */"
      keySet = "/* Could not access keySet */"
      values = "/* Could not access values */"
    application = class com.ibm.ws.cdi.internal.archive.liberty.ApplicationImpl@22ab93b8
      tc = class com.ibm.websphere.ras.TraceComponent@38d58825
      applicationInfo = class com.ibm.ws.container.service.app.deploy.internal.ApplicationInfoImpl@33f991b1
      earApplicationInfo = null
      factory = class com.ibm.ws.cdi.internal.archive.liberty.RuntimeFactory@3e79aad6
      type = class com.ibm.ws.cdi.internal.interfaces.ApplicationType@3a34f178
      moduleArchives = class java.util.HashMap$Values@408c96eb
      libraryArchives = class java.util.HashMap$Values@28a221ea
      serialVersionUID = 2750581203715901427
    serviceRegistry = class org.jboss.weld.bootstrap.api.helpers.SimpleServiceRegistry@4685480c
      services = class java.util.HashMap@3f654980
    extensions = class java.util.HashSet@51239633
      serialVersionUID = "/* Could not access serialVersionUID */"
      map = "/* Could not access map */"
      PRESENT = "/* Could not access PRESENT */"
      MAX_ARRAY_SIZE = "/* Could not access MAX_ARRAY_SIZE */"
    spiExtensions = class java.util.HashSet@605b4cfc
      serialVersionUID = "/* Could not access serialVersionUID */"
      map = "/* Could not access map */"
      PRESENT = "/* Could not access PRESENT */"
      MAX_ARRAY_SIZE = "/* Could not access MAX_ARRAY_SIZE */"
    injectionServices = class com.ibm.ws.cdi.impl.weld.injection.WebSphereInjectionServicesImpl@3a319dca
    cdiRuntime = class com.ibm.ws.cdi.liberty.CDIRuntimeImpl@1e93251c
      tc = class com.ibm.websphere.ras.TraceComponent@5e77ba8a
      metaDataSlotServiceSR = class com.ibm.wsspi.kernel.service.utils.AtomicServiceReference@5e3de3c
      ejbEndpointServiceSR = class com.ibm.wsspi.kernel.service.utils.AtomicServiceReference@25fb059
      classLoadingSRRef = class com.ibm.wsspi.kernel.service.utils.AtomicServiceReference@269e4e73
      ejbServices = class com.ibm.wsspi.kernel.service.utils.AtomicServiceReference@33a22a69
      transactionService = class com.ibm.wsspi.kernel.service.utils.AtomicServiceReference@282b001f
      securityServices = class com.ibm.wsspi.kernel.service.utils.AtomicServiceReference@5789b03b
      extensionsSR = class com.ibm.wsspi.kernel.service.utils.ConcurrentServiceReferenceSet@3b0916f
      spiExtensionsSR = class com.ibm.wsspi.kernel.service.utils.ConcurrentServiceReferenceSet@21630212
      containerFactorySRRef = class com.ibm.wsspi.kernel.service.utils.AtomicServiceReference@51b8d5d9
      adaptableModuleFactorySRRef = class com.ibm.wsspi.kernel.service.utils.AtomicServiceReference@4b2aafbd
      injectionEngineServiceRef = class com.ibm.wsspi.kernel.service.utils.AtomicServiceReference@4c96745e
      scheduledExecutorServiceRef = class com.ibm.wsspi.kernel.service.utils.AtomicServiceReference@75dc8c4c
      executorServiceRef = class com.ibm.wsspi.kernel.service.utils.AtomicServiceReference@62dd9933
      managedExecutorServiceRef = class com.ibm.wsspi.kernel.service.utils.AtomicServiceReference@7c949592
      containerConfigRef = class com.ibm.wsspi.kernel.service.utils.AtomicServiceReference@3df3ada
      resourceRefConfigFactoryRef = class com.ibm.wsspi.kernel.service.utils.AtomicServiceReference@12707801
      deferredMetaDataFactoryRef = class com.ibm.wsspi.kernel.service.utils.AtomicServiceReference@1c6a7f7d
      applicationSlot = class com.ibm.ws.runtime.metadata.MetaDataSlotImpl@440a5167
      isClientProcess = false
      runtimeFactory = class com.ibm.ws.cdi.internal.archive.liberty.RuntimeFactory@3e79aad6
      proxyServices = class com.ibm.ws.cdi.liberty.ProxyServicesImpl@2fd87d68
      appTccls = class java.util.concurrent.ConcurrentHashMap@60866e79
      serialVersionUID = -656282939097194280
      cdiContainer = class com.ibm.ws.cdi.impl.CDIContainerImpl@4d7e67d6
      serialVersionUID = -3685775177967064433
      $$$tc$$$ = class com.ibm.websphere.ras.TraceComponent@2976cde5
    cdi = class com.ibm.ws.cdi.impl.CDIImpl@72badbea
      cdiService = class com.ibm.ws.cdi.liberty.CDIRuntimeImpl@1e93251c
      serialVersionUID = -7939958868102936626
      $$$tc$$$ = class com.ibm.websphere.ras.TraceComponent@1e1c833b
      knownClassNames = class org.jboss.weld.util.collections.ImmutableTinySet$Tripleton@76918a67
      instanceCache = class org.jboss.weld.util.cache.ReentrantMapBackedComputingCache@5cda179
      lock = class java.lang.Object@6992bf95
      discoveredProviders = null
      configuredProvider = class com.ibm.ws.cdi.liberty.CDIRuntimeImpl@1e93251c
    serialVersionUID = -3367681023909837782
    $$$tc$$$ = class com.ibm.websphere.ras.TraceComponent@2d79870c
      strings[0] = "TraceComponent[com.ibm.ws.cdi.impl.weld.WebSphereCDIDeploymentImpl,class com.ibm.ws.cdi.impl.weld.WebSphereCDIDeploymentImpl,[JCDI],com.ibm.ws.cdi.internal.resources.CDI,null]"
  serialVersionUID = 2515575801175940133

Dump of objectArray[0]
Object type = film_database.director.repository.DirectorRepository
  em = null

Dump of objectArray[1]
Object type = java.lang.Class
  ANNOTATION = "/* Could not access ANNOTATION */"
  ENUM = "/* Could not access ENUM */"
  SYNTHETIC = "/* Could not access SYNTHETIC */"
  cachedConstructor = "/* Could not access cachedConstructor */"
  newInstanceCallerCache = "/* Could not access newInstanceCallerCache */"
  name = "/* Could not access name */"
  module = "/* Could not access module */"
  packageName = "/* Could not access packageName */"
  componentType = "/* Could not access componentType */"
  allPermDomain = "/* Could not access allPermDomain */"
  reflectionData = "/* Could not access reflectionData */"
  classRedefinedCount = "/* Could not access classRedefinedCount */"
  genericInfo = "/* Could not access genericInfo */"
  EMPTY_CLASS_ARRAY = "/* Could not access EMPTY_CLASS_ARRAY */"
  serialVersionUID = "/* Could not access serialVersionUID */"
  serialPersistentFields = "/* Could not access serialPersistentFields */"
  reflectionFactory = "/* Could not access reflectionFactory */"
  enumConstants = "/* Could not access enumConstants */"
  enumConstantDirectory = "/* Could not access enumConstantDirectory */"
  annotationData = "/* Could not access annotationData */"
  annotationType = "/* Could not access annotationType */"
  classValueMap = "/* Could not access classValueMap */"

Dump of objectArray[2]
Object type = org.jboss.weld.injection.producer.ResourceInjector$1
  val$instance = class film_database.director.repository.DirectorRepository@407d965c
    em = null
  val$ctx = class org.jboss.weld.contexts.CreationalContextImpl@76593748
    serialVersionUID = 7375854583908262422
    SERIALIZATION_PROXY = class org.jboss.weld.contexts.CreationalContextImpl$SerializationProxy@124bf14f
      serialVersionUID = 5261112077771498097
    incompleteInstances = class java.util.HashMap@30aec8da
      serialVersionUID = "/* Could not access serialVersionUID */"
      DEFAULT_INITIAL_CAPACITY = "/* Could not access DEFAULT_INITIAL_CAPACITY */"
      MAXIMUM_CAPACITY = "/* Could not access MAXIMUM_CAPACITY */"
      DEFAULT_LOAD_FACTOR = "/* Could not access DEFAULT_LOAD_FACTOR */"
      TREEIFY_THRESHOLD = "/* Could not access TREEIFY_THRESHOLD */"
      UNTREEIFY_THRESHOLD = "/* Could not access UNTREEIFY_THRESHOLD */"
      MIN_TREEIFY_CAPACITY = "/* Could not access MIN_TREEIFY_CAPACITY */"
      table = "/* Could not access table */"
      entrySet = "/* Could not access entrySet */"
      size = "/* Could not access size */"
      modCount = "/* Could not access modCount */"
      threshold = "/* Could not access threshold */"
      loadFactor = "/* Could not access loadFactor */"
      keySet = "/* Could not access keySet */"
      values = "/* Could not access values */"
    contextual = class org.jboss.weld.bean.ManagedBean@610321b1
      proxiable = true
      passivationCapableBean = false
      passivationCapableDependency = true
      hasPostConstructCallback = false
      annotatedType = class org.jboss.weld.annotated.slim.backed.BackedAnnotatedType@3522ecb0
      enhancedAnnotatedItem = null
      producer = class org.jboss.weld.injection.producer.BeanInjectionTarget@a7e79c0
      type = class java.lang.Class@1eff490e
      preInitialized = false
      proxyRequired = true
      producer = null
      ignoreFinalMethods = false
      beanManager = class org.jboss.weld.manager.BeanManagerImpl@45834b22
      initialized = true
      qualifiers = class org.jboss.weld.util.collections.ImmutableTinySet$Doubleton@5f6918b5
      contextualInstanceStrategy = class org.jboss.weld.bean.ContextualInstanceStrategy$CachingContextualInstanceStrategy@3b27c3fe
      attributes = class org.jboss.weld.bean.attributes.ImmutableBeanAttributes@7a128215
      identifier = class org.jboss.weld.bean.StringBeanIdentifier@2f53fe86
    dependentInstances = class java.util.Collections$SynchronizedRandomAccessList@1bd70682
      serialVersionUID = "/* Could not access serialVersionUID */"
      serialVersionUID = "/* Could not access serialVersionUID */"
      list = "/* Could not access list */"
      serialVersionUID = "/* Could not access serialVersionUID */"
      c = "/* Could not access c */"
      mutex = "/* Could not access mutex */"
    parentDependentInstances = class java.util.Collections$SynchronizedRandomAccessList@56db4d3e
      serialVersionUID = "/* Could not access serialVersionUID */"
      serialVersionUID = "/* Could not access serialVersionUID */"
      list = "/* Could not access list */"
      serialVersionUID = "/* Could not access serialVersionUID */"
      c = "/* Could not access c */"
      mutex = "/* Could not access mutex */"
    parentCreationalContext = null
    resourceReferences = null
    constructorInterceptionSuppressed = false
    aroundConstructCallbacks = null
    aroundConstructInterceptionContext = null
  val$manager = class org.jboss.weld.manager.BeanManagerImpl@45834b22
    serialVersionUID = 3021562879133838561
    CREATIONAL_CONTEXT = "creationalContext"
    services = class org.jboss.weld.bootstrap.api.helpers.SimpleServiceRegistry@1075a727
      services = class java.util.HashMap@595208d7
    contexts = class java.util.concurrent.ConcurrentHashMap@68031231
      serialVersionUID = "/* Could not access serialVersionUID */"
      MAXIMUM_CAPACITY = "/* Could not access MAXIMUM_CAPACITY */"
      DEFAULT_CAPACITY = "/* Could not access DEFAULT_CAPACITY */"
      MAX_ARRAY_SIZE = "/* Could not access MAX_ARRAY_SIZE */"
      DEFAULT_CONCURRENCY_LEVEL = "/* Could not access DEFAULT_CONCURRENCY_LEVEL */"
      LOAD_FACTOR = "/* Could not access LOAD_FACTOR */"
      TREEIFY_THRESHOLD = "/* Could not access TREEIFY_THRESHOLD */"
      UNTREEIFY_THRESHOLD = "/* Could not access UNTREEIFY_THRESHOLD */"
      MIN_TREEIFY_CAPACITY = "/* Could not access MIN_TREEIFY_CAPACITY */"
      MIN_TRANSFER_STRIDE = "/* Could not access MIN_TRANSFER_STRIDE */"
      RESIZE_STAMP_BITS = "/* Could not access RESIZE_STAMP_BITS */"
      MAX_RESIZERS = "/* Could not access MAX_RESIZERS */"
      RESIZE_STAMP_SHIFT = "/* Could not access RESIZE_STAMP_SHIFT */"
      MOVED = "/* Could not access MOVED */"
      TREEBIN = "/* Could not access TREEBIN */"
      RESERVED = "/* Could not access RESERVED */"
      HASH_BITS = "/* Could not access HASH_BITS */"
      NCPU = "/* Could not access NCPU */"
      serialPersistentFields = "/* Could not access serialPersistentFields */"
      table = "/* Could not access table */"
      nextTable = "/* Could not access nextTable */"
      baseCount = "/* Could not access baseCount */"
      sizeCtl = "/* Could not access sizeCtl */"
      transferIndex = "/* Could not access transferIndex */"
      cellsBusy = "/* Could not access cellsBusy */"
      counterCells = "/* Could not access counterCells */"
      keySet = "/* Could not access keySet */"
      values = "/* Could not access values */"
      entrySet = "/* Could not access entrySet */"
      U = "/* Could not access U */"
      SIZECTL = "/* Could not access SIZECTL */"
      TRANSFERINDEX = "/* Could not access TRANSFERINDEX */"
      BASECOUNT = "/* Could not access BASECOUNT */"
      CELLSBUSY = "/* Could not access CELLSBUSY */"
      CELLVALUE = "/* Could not access CELLVALUE */"
      ABASE = "/* Could not access ABASE */"
      ASHIFT = "/* Could not access ASHIFT */"
      keySet = "/* Could not access keySet */"
      values = "/* Could not access values */"
    clientProxyProvider = class org.jboss.weld.bean.proxy.ClientProxyProvider@4b43faa5
      BEAN_NOT_PROXYABLE_MARKER = class java.lang.Object@5fba232b
      beanTypeClosureProxyPool = class org.jboss.weld.util.cache.ReentrantMapBackedComputingCache@63e6deaf
      requestedTypeClosureProxyPool = class org.jboss.weld.util.cache.ReentrantMapBackedComputingCache@2dfea2af
      contextId = "film-database-1.0-SNAPSHOT"
      services = class org.jboss.weld.bootstrap.api.helpers.ServiceRegistries$1@2b921a3e
    enterpriseBeans = class java.util.concurrent.ConcurrentHashMap@47fdfc4e
      serialVersionUID = "/* Could not access serialVersionUID */"
      MAXIMUM_CAPACITY = "/* Could not access MAXIMUM_CAPACITY */"
      DEFAULT_CAPACITY = "/* Could not access DEFAULT_CAPACITY */"
      MAX_ARRAY_SIZE = "/* Could not access MAX_ARRAY_SIZE */"
      DEFAULT_CONCURRENCY_LEVEL = "/* Could not access DEFAULT_CONCURRENCY_LEVEL */"
      LOAD_FACTOR = "/* Could not access LOAD_FACTOR */"
      TREEIFY_THRESHOLD = "/* Could not access TREEIFY_THRESHOLD */"
      UNTREEIFY_THRESHOLD = "/* Could not access UNTREEIFY_THRESHOLD */"
      MIN_TREEIFY_CAPACITY = "/* Could not access MIN_TREEIFY_CAPACITY */"
      MIN_TRANSFER_STRIDE = "/* Could not access MIN_TRANSFER_STRIDE */"
      RESIZE_STAMP_BITS = "/* Could not access RESIZE_STAMP_BITS */"
      MAX_RESIZERS = "/* Could not access MAX_RESIZERS */"
      RESIZE_STAMP_SHIFT = "/* Could not access RESIZE_STAMP_SHIFT */"
      MOVED = "/* Could not access MOVED */"
      TREEBIN = "/* Could not access TREEBIN */"
      RESERVED = "/* Could not access RESERVED */"
      HASH_BITS = "/* Could not access HASH_BITS */"
      NCPU = "/* Could not access NCPU */"
      serialPersistentFields = "/* Could not access serialPersistentFields */"
      table = "/* Could not access table */"
      nextTable = "/* Could not access nextTable */"
      baseCount = "/* Could not access baseCount */"
      sizeCtl = "/* Could not access sizeCtl */"
      transferIndex = "/* Could not access transferIndex */"
      cellsBusy = "/* Could not access cellsBusy */"
      counterCells = "/* Could not access counterCells */"
      keySet = "/* Could not access keySet */"
      values = "/* Could not access values */"
      entrySet = "/* Could not access entrySet */"
      U = "/* Could not access U */"
      SIZECTL = "/* Could not access SIZECTL */"
      TRANSFERINDEX = "/* Could not access TRANSFERINDEX */"
      BASECOUNT = "/* Could not access BASECOUNT */"
      CELLSBUSY = "/* Could not access CELLSBUSY */"
      CELLVALUE = "/* Could not access CELLVALUE */"
      ABASE = "/* Could not access ABASE */"
      ASHIFT = "/* Could not access ASHIFT */"
      keySet = "/* Could not access keySet */"
      values = "/* Could not access values */"
    enabled = class org.jboss.weld.bootstrap.enablement.ModuleEnablement@7a8c2709
      EMPTY_ENABLEMENT = class org.jboss.weld.bootstrap.enablement.ModuleEnablement@7fa2fb88
      interceptors = class org.jboss.weld.util.collections.ImmutableArrayList@33d718c9
      decorators = class java.util.Collections$EmptyList@6fc7aff3
      interceptorMap = class java.util.Collections$UnmodifiableMap@92cbd40
      decoratorMap = class java.util.Collections$EmptyMap@6cb3aa5a
      globalAlternatives = class java.util.Collections$EmptyMap@6cb3aa5a
      localAlternativeClasses = class java.util.Collections$EmptySet@5e124570
      localAlternativeStereotypes = class java.util.Collections$EmptySet@5e124570
      decoratorComparator = class org.jboss.weld.bootstrap.enablement.ModuleEnablement$EnablementComparator@42572ff
      interceptorComparator = class org.jboss.weld.bootstrap.enablement.ModuleEnablement$EnablementComparator@f3f33e2
    beanResolver = class org.jboss.weld.resolution.TypeSafeBeanResolver@aee20f3
      beanManager = class org.jboss.weld.manager.BeanManagerImpl@45834b22
      disambiguatedBeans = class org.jboss.weld.util.cache.ReentrantMapBackedComputingCache@1205deaa
      store = class org.jboss.weld.metadata.cache.MetaAnnotationStore@3d98e49f
      beansByType = class org.jboss.weld.resolution.AbstractTypeSafeBeanResolver$1@4bce60ed
      resolved = class org.jboss.weld.util.cache.ReentrantMapBackedComputingCache@2dd2ae5
      allBeans = class org.jboss.weld.util.collections.Iterables$$Lambda$176/0x00000008008c9c40@3e11549a
      resolverFunction = class org.jboss.weld.resolution.TypeSafeResolver$ResolvableToBeanCollection@4457f3db
    decoratorResolver = class org.jboss.weld.resolution.TypeSafeDecoratorResolver@5e2c75d9
      rules = class org.jboss.weld.resolution.DelegateInjectionPointAssignabilityRules@13b2e505
      beanManager = class org.jboss.weld.manager.BeanManagerImpl@45834b22
      disambiguatedBeans = class org.jboss.weld.util.cache.ReentrantMapBackedComputingCache@486ec748
      store = class org.jboss.weld.metadata.cache.MetaAnnotationStore@3d98e49f
      beansByType = class org.jboss.weld.resolution.AbstractTypeSafeBeanResolver$1@73197411
      resolved = class org.jboss.weld.util.cache.ReentrantMapBackedComputingCache@9677733
      allBeans = class org.jboss.weld.util.collections.Iterables$$Lambda$176/0x00000008008c9c40@d7921d7
      resolverFunction = class org.jboss.weld.resolution.TypeSafeResolver$ResolvableToBeanCollection@3393e3b7
    interceptorResolver = class org.jboss.weld.resolution.TypeSafeInterceptorResolver@769bfdde
      manager = class org.jboss.weld.manager.BeanManagerImpl@45834b22
      resolved = class org.jboss.weld.util.cache.ReentrantMapBackedComputingCache@55c94828
      allBeans = class org.jboss.weld.util.collections.Iterables$$Lambda$176/0x00000008008c9c40@1e2534ba
      resolverFunction = class org.jboss.weld.resolution.TypeSafeResolver$ResolvableToBeanCollection@7a95797e
    nameBasedResolver = class org.jboss.weld.resolution.NameBasedResolver@6d34286b
      resolvedNames = class org.jboss.weld.util.cache.ReentrantMapBackedComputingCache@4b451a7d
    weldELResolver = class org.jboss.weld.module.web.el.WeldELResolver@16267486
      beanManager = class org.jboss.weld.manager.BeanManagerImpl@45834b22
      rootNamespace = class org.jboss.weld.util.LazyValueHolder$1@7c262ab4
      TYPE = "type"
      RESOLVABLE_AT_DESIGN_TIME = "resolvableAtDesignTime"
    accessibleLenientObserverNotifier = class org.jboss.weld.module.jta.TransactionalObserverNotifier@2b195926
      FACTORY = class org.jboss.weld.module.jta.TransactionalObserverNotifier$1@58f468b9
      transactionServices = class com.ibm.ws.cdi.impl.weld.TransactionServicesImpl@15ca9a99
      contextId = "film-database-1.0-SNAPSHOT"
      NO_EXCEPTION_MARKER = class java.lang.RuntimeException@3f49a4e2
      resolver = class org.jboss.weld.resolution.TypeSafeObserverResolver@51d793e
      sharedObjectCache = class org.jboss.weld.resources.SharedObjectCache@6a0bfd51
      strict = false
      currentEventMetadata = class org.jboss.weld.event.CurrentEventMetadata@532306b8
      eventTypeCheckCache = null
      asyncEventExecutor = class com.ibm.ws.threading.internal.ExecutorServiceImpl@60e0980e
      timerExecutor = class com.ibm.ws.threading.internal.ScheduledExecutorImpl@7c9adc
      securityServices = class com.ibm.ws.cdi.impl.DefaultCDI20SecurityService@4b214aad
      requestContextHolder = class org.jboss.weld.util.LazyValueHolder$1@f2891ea
    globalLenientObserverNotifier = class org.jboss.weld.module.jta.TransactionalObserverNotifier@2c52496
      FACTORY = class org.jboss.weld.module.jta.TransactionalObserverNotifier$1@58f468b9
      transactionServices = class com.ibm.ws.cdi.impl.weld.TransactionServicesImpl@15ca9a99
      contextId = "film-database-1.0-SNAPSHOT"
      NO_EXCEPTION_MARKER = class java.lang.RuntimeException@3f49a4e2
      resolver = class org.jboss.weld.resolution.TypeSafeObserverResolver@286902ac
      sharedObjectCache = class org.jboss.weld.resources.SharedObjectCache@6a0bfd51
      strict = false
      currentEventMetadata = class org.jboss.weld.event.CurrentEventMetadata@532306b8
      eventTypeCheckCache = null
      asyncEventExecutor = class com.ibm.ws.threading.internal.ExecutorServiceImpl@60e0980e
      timerExecutor = class com.ibm.ws.threading.internal.ScheduledExecutorImpl@7c9adc
      securityServices = class com.ibm.ws.cdi.impl.DefaultCDI20SecurityService@4b214aad
      requestContextHolder = class org.jboss.weld.util.LazyValueHolder$1@464593dd
    globalStrictObserverNotifier = class org.jboss.weld.module.jta.TransactionalObserverNotifier@4e7e33d5
      FACTORY = class org.jboss.weld.module.jta.TransactionalObserverNotifier$1@58f468b9
      transactionServices = class com.ibm.ws.cdi.impl.weld.TransactionServicesImpl@15ca9a99
      contextId = "film-database-1.0-SNAPSHOT"
      NO_EXCEPTION_MARKER = class java.lang.RuntimeException@3f49a4e2
      resolver = class org.jboss.weld.resolution.TypeSafeObserverResolver@286902ac
      sharedObjectCache = class org.jboss.weld.resources.SharedObjectCache@6a0bfd51
      strict = true
      currentEventMetadata = class org.jboss.weld.event.CurrentEventMetadata@532306b8
      eventTypeCheckCache = class org.jboss.weld.util.cache.ReentrantMapBackedComputingCache@127c4017
      asyncEventExecutor = class com.ibm.ws.threading.internal.ExecutorServiceImpl@60e0980e
      timerExecutor = class com.ibm.ws.threading.internal.ScheduledExecutorImpl@7c9adc
      securityServices = class com.ibm.ws.cdi.impl.DefaultCDI20SecurityService@4b214aad
      requestContextHolder = class org.jboss.weld.util.LazyValueHolder$1@3badc726
    enabledBeans = class java.util.concurrent.CopyOnWriteArrayList@6b59fcd8
      serialVersionUID = "/* Could not access serialVersionUID */"
      lock = "/* Could not access lock */"
      array = "/* Could not access array */"
    sharedBeans = class java.util.concurrent.CopyOnWriteArrayList@a6858fc
      serialVersionUID = "/* Could not access serialVersionUID */"
      lock = "/* Could not access lock */"
      array = "/* Could not access array */"
    specializedBeans = class java.util.concurrent.CopyOnWriteArrayList@21222cb3
      serialVersionUID = "/* Could not access serialVersionUID */"
      lock = "/* Could not access lock */"
      array = "/* Could not access array */"
    decorators = class java.util.concurrent.CopyOnWriteArrayList@1e7d43d9
      serialVersionUID = "/* Could not access serialVersionUID */"
      lock = "/* Could not access lock */"
      array = "/* Could not access array */"
    interceptors = class java.util.concurrent.CopyOnWriteArrayList@3ae6c3f2
      serialVersionUID = "/* Could not access serialVersionUID */"
      lock = "/* Could not access lock */"
      array = "/* Could not access array */"
    namespaces = class java.util.concurrent.CopyOnWriteArrayList@7201d3ea
      serialVersionUID = "/* Could not access serialVersionUID */"
      lock = "/* Could not access lock */"
      array = "/* Could not access array */"
    observers = class java.util.concurrent.CopyOnWriteArrayList@42f62ead
      serialVersionUID = "/* Could not access serialVersionUID */"
      lock = "/* Could not access lock */"
      array = "/* Could not access array */"
    beanSet = null
    managers = class java.util.HashSet@3661dea1
      serialVersionUID = "/* Could not access serialVersionUID */"
      map = "/* Could not access map */"
      PRESENT = "/* Could not access PRESENT */"
      MAX_ARRAY_SIZE = "/* Could not access MAX_ARRAY_SIZE */"
    accessibleManagers = class java.util.HashSet@3a9472cc
      serialVersionUID = "/* Could not access serialVersionUID */"
      map = "/* Could not access map */"
      PRESENT = "/* Could not access PRESENT */"
      MAX_ARRAY_SIZE = "/* Could not access MAX_ARRAY_SIZE */"
    id = "film-database-1.0-SNAPSHOT#film-database-1.0-SNAPSHOT.war"
    contextId = "film-database-1.0-SNAPSHOT"
    interceptorModelRegistry = class java.util.concurrent.ConcurrentHashMap@467668f7
      serialVersionUID = "/* Could not access serialVersionUID */"
      MAXIMUM_CAPACITY = "/* Could not access MAXIMUM_CAPACITY */"
      DEFAULT_CAPACITY = "/* Could not access DEFAULT_CAPACITY */"
      MAX_ARRAY_SIZE = "/* Could not access MAX_ARRAY_SIZE */"
      DEFAULT_CONCURRENCY_LEVEL = "/* Could not access DEFAULT_CONCURRENCY_LEVEL */"
      LOAD_FACTOR = "/* Could not access LOAD_FACTOR */"
      TREEIFY_THRESHOLD = "/* Could not access TREEIFY_THRESHOLD */"
      UNTREEIFY_THRESHOLD = "/* Could not access UNTREEIFY_THRESHOLD */"
      MIN_TREEIFY_CAPACITY = "/* Could not access MIN_TREEIFY_CAPACITY */"
      MIN_TRANSFER_STRIDE = "/* Could not access MIN_TRANSFER_STRIDE */"
      RESIZE_STAMP_BITS = "/* Could not access RESIZE_STAMP_BITS */"
      MAX_RESIZERS = "/* Could not access MAX_RESIZERS */"
      RESIZE_STAMP_SHIFT = "/* Could not access RESIZE_STAMP_SHIFT */"
      MOVED = "/* Could not access MOVED */"
      TREEBIN = "/* Could not access TREEBIN */"
      RESERVED = "/* Could not access RESERVED */"
      HASH_BITS = "/* Could not access HASH_BITS */"
      NCPU = "/* Could not access NCPU */"
      serialPersistentFields = "/* Could not access serialPersistentFields */"
      table = "/* Could not access table */"
      nextTable = "/* Could not access nextTable */"
      baseCount = "/* Could not access baseCount */"
      sizeCtl = "/* Could not access sizeCtl */"
      transferIndex = "/* Could not access transferIndex */"
      cellsBusy = "/* Could not access cellsBusy */"
      counterCells = "/* Could not access counterCells */"
      keySet = "/* Could not access keySet */"
      values = "/* Could not access values */"
      entrySet = "/* Could not access entrySet */"
      U = "/* Could not access U */"
      SIZECTL = "/* Could not access SIZECTL */"
      TRANSFERINDEX = "/* Could not access TRANSFERINDEX */"
      BASECOUNT = "/* Could not access BASECOUNT */"
      CELLSBUSY = "/* Could not access CELLSBUSY */"
      CELLVALUE = "/* Could not access CELLVALUE */"
      ABASE = "/* Could not access ABASE */"
      ASHIFT = "/* Could not access ASHIFT */"
      keySet = "/* Could not access keySet */"
      values = "/* Could not access values */"
    interceptorMetadataReader = class org.jboss.weld.interceptor.reader.InterceptorMetadataReader@3586a5d2
      manager = class org.jboss.weld.manager.BeanManagerImpl@45834b22
      plainInterceptorMetadataCache = class org.jboss.weld.util.cache.ReentrantMapBackedComputingCache@7172ff4b
      cdiInterceptorMetadataCache = class org.jboss.weld.util.cache.ReentrantMapBackedComputingCache@20fd3692
      interceptorToInterceptorMetadataFunction = class org.jboss.weld.interceptor.reader.InterceptorMetadataReader$$Lambda$177/0x0000000800908040@69a096ea
    containerLifecycleEvents = class org.jboss.weld.bootstrap.events.ContainerLifecycleEvents@d2ae115
      everythingObserved = false
      processAnnotatedTypeObserved = true
      processBeanObserved = true
      processBeanAttributesObserved = false
      processInjectionPointObserved = false
      processInjectionTargetObserved = false
      processProducerObserved = true
      processObserverMethodObserved = false
      discovery = class org.jboss.weld.bootstrap.events.RequiredAnnotationDiscovery@46845a0a
      preloader = class org.jboss.weld.bootstrap.events.ContainerLifecycleEventPreloader@3bf312e1
    registry = class org.jboss.weld.bootstrap.SpecializationAndEnablementRegistry@14b1f06e
      specializedBeanResolvers = class org.jboss.weld.util.cache.ReentrantMapBackedComputingCache@5680ef47
      environmentByManager = class java.util.concurrent.ConcurrentHashMap@5172ef5
      specializedBeans = class org.jboss.weld.util.cache.ReentrantMapBackedComputingCache@6d64664a
      specializedBeansMap = class java.util.concurrent.ConcurrentHashMap@e910f69
    currentInjectionPoint = class org.jboss.weld.injection.CurrentInjectionPoint@617503df
      threadLocalStack = class org.jboss.weld.injection.ThreadLocalStack$1@1747add7
      NULL_REFERENCE = class org.jboss.weld.injection.ThreadLocalStack$2@23468e21
    clientProxyOptimization = false
    validationFailureCallbacks = class java.util.concurrent.CopyOnWriteArrayList@61dd9216
      serialVersionUID = "/* Could not access serialVersionUID */"
      lock = "/* Could not access lock */"
      array = "/* Could not access array */"
    requestInitializedEvent = class org.jboss.weld.util.LazyValueHolder$1@3ba5f571
      val$supplier = class org.jboss.weld.manager.BeanManagerImpl$$Lambda$183/0x0000000800909840@3113b78
      value = null
    requestBeforeDestroyedEvent = class org.jboss.weld.util.LazyValueHolder$1@208c40eb
      val$supplier = class org.jboss.weld.manager.BeanManagerImpl$$Lambda$184/0x0000000800909c40@253fc71c
      value = null
    requestDestroyedEvent = class org.jboss.weld.util.LazyValueHolder$1@692ed4de
      val$supplier = class org.jboss.weld.manager.BeanManagerImpl$$Lambda$185/0x000000080090a040@284a59d8
      value = null
  this$0 = class org.jboss.weld.injection.producer.ResourceInjector@541aa7d8
    resourceInjectionsHierarchy = class java.util.Collections$EmptyList@6fc7aff3
      serialVersionUID = "/* Could not access serialVersionUID */"
      modCount = "/* Could not access modCount */"
      MAX_ARRAY_SIZE = "/* Could not access MAX_ARRAY_SIZE */"
    injectableFields = class org.jboss.weld.util.collections.ImmutableTinyList$Singleton@64eea6cf
      serialVersionUID = 1
      element = class java.util.Collections$EmptySet@5e124570
      modCount = "/* Could not access modCount */"
      MAX_ARRAY_SIZE = "/* Could not access MAX_ARRAY_SIZE */"
    initializerMethods = class org.jboss.weld.util.collections.ImmutableTinyList$Singleton@70f4d95e
      serialVersionUID = 1
      element = class java.util.Collections$EmptySet@5e124570
      modCount = "/* Could not access modCount */"
      MAX_ARRAY_SIZE = "/* Could not access MAX_ARRAY_SIZE */"
  beanManager = class org.jboss.weld.manager.BeanManagerImpl@45834b22
  injectionTarget = class org.jboss.weld.injection.producer.BeanInjectionTarget@a7e79c0
    bean = class org.jboss.weld.bean.ManagedBean@610321b1
    beanManager = class org.jboss.weld.manager.BeanManagerImpl@45834b22
    type = class org.jboss.weld.annotated.slim.backed.BackedAnnotatedType@3522ecb0
    injectionPoints = class java.util.Collections$EmptySet@5e124570
      serialVersionUID = "/* Could not access serialVersionUID */"
      MAX_ARRAY_SIZE = "/* Could not access MAX_ARRAY_SIZE */"
    instantiator = class org.jboss.weld.injection.producer.DefaultInstantiator@3591fa01
      constructor = class org.jboss.weld.injection.ConstructorInjectionPoint@639549f8
    injector = class org.jboss.weld.injection.producer.ResourceInjector@541aa7d8
    invoker = class org.jboss.weld.injection.producer.DefaultLifecycleCallbackInvoker@22d8f453
      accessiblePostConstructMethods = class java.util.Collections$EmptyList@6fc7aff3
      accessiblePreDestroyMethods = class java.util.Collections$EmptyList@6fc7aff3
  annotatedType = class org.jboss.weld.annotated.slim.backed.BackedAnnotatedType@3522ecb0
    javaClass = class java.lang.Class@1eff490e
      ANNOTATION = "/* Could not access ANNOTATION */"
      ENUM = "/* Could not access ENUM */"
      SYNTHETIC = "/* Could not access SYNTHETIC */"
      cachedConstructor = "/* Could not access cachedConstructor */"
      newInstanceCallerCache = "/* Could not access newInstanceCallerCache */"
      name = "/* Could not access name */"
      module = "/* Could not access module */"
      packageName = "/* Could not access packageName */"
      componentType = "/* Could not access componentType */"
      allPermDomain = "/* Could not access allPermDomain */"
      reflectionData = "/* Could not access reflectionData */"
      classRedefinedCount = "/* Could not access classRedefinedCount */"
      genericInfo = "/* Could not access genericInfo */"
      EMPTY_CLASS_ARRAY = "/* Could not access EMPTY_CLASS_ARRAY */"
      serialVersionUID = "/* Could not access serialVersionUID */"
      serialPersistentFields = "/* Could not access serialPersistentFields */"
      reflectionFactory = "/* Could not access reflectionFactory */"
      enumConstants = "/* Could not access enumConstants */"
      enumConstantDirectory = "/* Could not access enumConstantDirectory */"
      annotationData = "/* Could not access annotationData */"
      annotationType = "/* Could not access annotationType */"
      classValueMap = "/* Could not access classValueMap */"
    constructors = class org.jboss.weld.annotated.slim.backed.BackedAnnotatedType$BackedAnnotatedConstructors@323d44b3
      this$0 = class org.jboss.weld.annotated.slim.backed.BackedAnnotatedType@3522ecb0
      this$0 = class org.jboss.weld.annotated.slim.backed.BackedAnnotatedType@3522ecb0
      value = null
    methods = class org.jboss.weld.annotated.slim.backed.BackedAnnotatedType$BackedAnnotatedMethods@2d2aee0e
      this$0 = class org.jboss.weld.annotated.slim.backed.BackedAnnotatedType@3522ecb0
      this$0 = class org.jboss.weld.annotated.slim.backed.BackedAnnotatedType@3522ecb0
      value = null
    fields = class org.jboss.weld.annotated.slim.backed.BackedAnnotatedType$BackedAnnotatedFields@3ce3fdba
      this$0 = class org.jboss.weld.annotated.slim.backed.BackedAnnotatedType@3522ecb0
      this$0 = class org.jboss.weld.annotated.slim.backed.BackedAnnotatedType@3522ecb0
      value = null
    sharedObjectCache = class org.jboss.weld.resources.SharedObjectCache@6a0bfd51
      sharedSets = class org.jboss.weld.util.cache.ReentrantMapBackedComputingCache@65ff14f6
      sharedMaps = class org.jboss.weld.util.cache.ReentrantMapBackedComputingCache@2c7ff77d
      typeClosureHolders = class org.jboss.weld.util.cache.ReentrantMapBackedComputingCache@410533de
    reflectionCache = class org.jboss.weld.resources.HotspotReflectionCache@32cb347f
      annotationTypeLock = class java.lang.Class@384ad17b
      store = class org.jboss.weld.metadata.TypeStore@38e8e769
      ANNOTATIONS_FUNCTION = class org.jboss.weld.resources.DefaultReflectionCache$$Lambda$159/0x00000008008cec40@3d55ebb9
      DECLARED_ANNOTATIONS_FUNCTION = class org.jboss.weld.resources.DefaultReflectionCache$$Lambda$160/0x00000008008ce040@5339d42c
      annotations = class org.jboss.weld.util.cache.ReentrantMapBackedComputingCache@632ea703
      declaredAnnotations = class org.jboss.weld.util.cache.ReentrantMapBackedComputingCache@1c82d7a0
      backedAnnotatedTypeAnnotations = class org.jboss.weld.util.cache.ReentrantMapBackedComputingCache@e98ffaa
      annotationClasses = class org.jboss.weld.util.cache.ReentrantMapBackedComputingCache@131dd2e1
    identifier = class org.jboss.weld.annotated.slim.AnnotatedTypeIdentifier@486be6b6
      NULL_BDA_ID = "org.jboss.weld.annotated.slim.AnnotatedTypeIdentifier.null"
      SYNTHETIC_ANNOTATION_SUFFIX = "syntheticAnnotation"
      serialVersionUID = -264184070652700144
      contextId = "film-database-1.0-SNAPSHOT"
      bdaId = "film-database-1.0-SNAPSHOT#film-database-1.0-SNAPSHOT.war"
      className = "film_database.director.repository.DirectorRepository"
      suffix = null
      modified = false
      hashCode = -1180299794
    typeClosure = class org.jboss.weld.annotated.enhanced.TypeClosureLazyValueHolder@6bc6cc2c
      type = class java.lang.Class@1eff490e
      value = class org.jboss.weld.util.collections.ImmutableTinySet$Tripleton@70f976b2
    baseType = class java.lang.Class@1eff490e
  target = class film_database.director.repository.DirectorRepository@407d965c

