------Start of DE processing------ = [11/11/2020, 16:37:26:160 CET]
Exception = java.sql.SQLNonTransientException
Source = com.ibm.ws.jdbc.DataSourceService
probeid = 587
Stack Dump = java.sql.SQLNonTransientException: DSRA4000E: No implementations of org.h2.jdbcx.JdbcDataSource are found for dataSource[FilmDatabaseDataSource] with library H2JDBCLib. The name or location of JDBC driver JAR files might be incorrect or inaccessible. Searched in: []. Searched under packages: [org.h2.jdbcx].
	at com.ibm.ws.jdbc.internal.JDBCDriverService.classNotFound(JDBCDriverService.java:224)
	at com.ibm.ws.jdbc.internal.JDBCDriverService.create(JDBCDriverService.java:348)
	at com.ibm.ws.jdbc.internal.JDBCDriverService.createAnyPreferLegacyOrder(JDBCDriverService.java:405)
	at com.ibm.ws.jdbc.DataSourceService.init(DataSourceService.java:610)
	at com.ibm.ws.jca.cm.AbstractConnectionFactoryService$2.run(AbstractConnectionFactoryService.java:522)
	at com.ibm.ws.jca.cm.AbstractConnectionFactoryService$2.run(AbstractConnectionFactoryService.java:519)
	at java.base/java.security.AccessController.doPrivileged(Native Method)
	at com.ibm.ws.jca.cm.AbstractConnectionFactoryService.initPrivileged(AbstractConnectionFactoryService.java:519)
	at com.ibm.ws.jca.cm.AbstractConnectionFactoryService.createResource(AbstractConnectionFactoryService.java:149)
	at com.ibm.ws.resource.internal.ResourceFactoryTrackerData$1.getService(ResourceFactoryTrackerData.java:120)
	at org.eclipse.osgi.internal.serviceregistry.ServiceFactoryUse$1.run(ServiceFactoryUse.java:216)
	at java.base/java.security.AccessController.doPrivileged(Native Method)
	at org.eclipse.osgi.internal.serviceregistry.ServiceFactoryUse.factoryGetService(ServiceFactoryUse.java:213)
	at org.eclipse.osgi.internal.serviceregistry.ServiceFactoryUse.getService(ServiceFactoryUse.java:114)
	at org.eclipse.osgi.internal.serviceregistry.ServiceConsumer$2.getService(ServiceConsumer.java:48)
	at org.eclipse.osgi.internal.serviceregistry.ServiceRegistrationImpl.getService(ServiceRegistrationImpl.java:530)
	at org.eclipse.osgi.internal.serviceregistry.ServiceRegistry.getService(ServiceRegistry.java:494)
	at org.eclipse.osgi.internal.framework.BundleContextImpl.getService(BundleContextImpl.java:685)
	at com.ibm.ws.jndi.internal.WSContextFactory.lambda$getService$0(WSContextFactory.java:81)
	at java.base/java.security.AccessController.doPrivileged(Native Method)
	at com.ibm.ws.jndi.internal.WSContextFactory.lambda$getService$1(WSContextFactory.java:81)
	at java.base/java.util.concurrent.ConcurrentHashMap.computeIfAbsent(ConcurrentHashMap.java:1705)
	at com.ibm.ws.jndi.internal.WSContextFactory.getService(WSContextFactory.java:81)
	at com.ibm.ws.jndi.internal.WSContext.getReference(WSContext.java:520)
	at com.ibm.ws.jndi.internal.WSContext.resolveObject(WSContext.java:139)
	at com.ibm.ws.jndi.internal.WSContext.lookup(WSContext.java:309)
	at com.ibm.ws.jndi.WSContextBase.lookup(WSContextBase.java:61)
	at org.apache.aries.jndi.DelegateContext.lookup(DelegateContext.java:149)
	at java.naming/javax.naming.InitialContext.lookup(InitialContext.java:409)
	at com.ibm.ws.jpa.container.osgi.internal.OSGiJPAPUnitInfo.lookupDataSource(OSGiJPAPUnitInfo.java:317)
	at com.ibm.ws.jpa.management.JPAPUnitInfo.getJPADataSource(JPAPUnitInfo.java:337)
	at com.ibm.ws.jpa.management.JPAPUnitInfo.getJtaDataSource(JPAPUnitInfo.java:380)
	at com.ibm.ws.jpa.management.JPAPUnitInfo.initialize(JPAPUnitInfo.java:750)
	at com.ibm.ws.jpa.management.JPAPxmlInfo.extractPersistenceUnits(JPAPxmlInfo.java:182)
	at com.ibm.ws.jpa.management.JPAScopeInfo.processPersistenceUnit(JPAScopeInfo.java:88)
	at com.ibm.ws.jpa.management.JPAApplInfo.addPersistenceUnits(JPAApplInfo.java:119)
	at com.ibm.ws.jpa.container.osgi.internal.JPAComponentImpl.processWebModulePersistenceXml(JPAComponentImpl.java:515)
	at com.ibm.ws.jpa.container.osgi.internal.JPAComponentImpl.applicationStarting(JPAComponentImpl.java:304)
	at com.ibm.ws.container.service.state.internal.ApplicationStateManager.fireStarting(ApplicationStateManager.java:51)
	at com.ibm.ws.container.service.state.internal.StateChangeServiceImpl.fireApplicationStarting(StateChangeServiceImpl.java:50)
	at com.ibm.ws.app.manager.module.internal.SimpleDeployedAppInfoBase.preDeployApp(SimpleDeployedAppInfoBase.java:547)
	at com.ibm.ws.app.manager.module.internal.SimpleDeployedAppInfoBase.installApp(SimpleDeployedAppInfoBase.java:508)
	at com.ibm.ws.app.manager.module.internal.DeployedAppInfoBase.deployApp(DeployedAppInfoBase.java:349)
	at com.ibm.ws.app.manager.war.internal.WARApplicationHandlerImpl.install(WARApplicationHandlerImpl.java:65)
	at com.ibm.ws.app.manager.internal.statemachine.StartAction.execute(StartAction.java:144)
	at com.ibm.ws.app.manager.internal.statemachine.ApplicationStateMachineImpl.enterState(ApplicationStateMachineImpl.java:1317)
	at com.ibm.ws.app.manager.internal.statemachine.ApplicationStateMachineImpl.run(ApplicationStateMachineImpl.java:897)
	at com.ibm.ws.threading.internal.ExecutorServiceImpl$RunnableWrapper.run(ExecutorServiceImpl.java:239)
	at java.base/java.util.concurrent.ThreadPoolExecutor.runWorker(ThreadPoolExecutor.java:1128)
	at java.base/java.util.concurrent.ThreadPoolExecutor$Worker.run(ThreadPoolExecutor.java:628)
	at java.base/java.lang.Thread.run(Thread.java:834)
Caused by: java.lang.ClassNotFoundException: org.h2.jdbcx.JdbcDataSource
	at com.ibm.ws.classloading.internal.AppClassLoader.findClassCommonLibraryClassLoaders(AppClassLoader.java:569)
	at com.ibm.ws.classloading.internal.AppClassLoader.findClass(AppClassLoader.java:291)
	at java.base/java.lang.ClassLoader.loadClass(ClassLoader.java:588)
	at com.ibm.ws.classloading.internal.AppClassLoader.findOrDelegateLoadClass(AppClassLoader.java:547)
	at com.ibm.ws.classloading.internal.AppClassLoader.loadClass(AppClassLoader.java:505)
	at java.base/java.lang.ClassLoader.loadClass(ClassLoader.java:521)
	at com.ibm.ws.jdbc.internal.JDBCDriverService$1.run(JDBCDriverService.java:272)
	at com.ibm.ws.jdbc.internal.JDBCDriverService$1.run(JDBCDriverService.java:262)
	at java.base/java.security.AccessController.doPrivileged(Native Method)
	at com.ibm.ws.jdbc.internal.JDBCDriverService.create(JDBCDriverService.java:262)
	... 49 more

Dump of callerThis
Object type = com.ibm.ws.jdbc.DataSourceService
  BASE_PREFIX = "properties"
  BASE_PREFIX_LENGTH = 10
  TOTAL_PREFIX_LENGTH = 13
  tc = class com.ibm.websphere.ras.TraceComponent@7a0da3ef
    strings[0] = "TraceComponent[com.ibm.ws.jdbc.DataSourceService,class com.ibm.ws.jdbc.DataSourceService,[RRA],com.ibm.ws.rsadapter.resources.IBMDataStoreAdapterNLS,null]"
  priv = class com.ibm.ws.kernel.service.util.SecureAction@3277c88
    controlContext = class java.security.AccessControlContext@19576069
      context = "/* Could not access context */"
      isPrivileged = "/* Could not access isPrivileged */"
      isAuthorized = "/* Could not access isAuthorized */"
      privilegedContext = "/* Could not access privilegedContext */"
      combiner = "/* Could not access combiner */"
      permissions = "/* Could not access permissions */"
      parent = "/* Could not access parent */"
      isWrapped = "/* Could not access isWrapped */"
      isLimited = "/* Could not access isLimited */"
      limitedContext = "/* Could not access limitedContext */"
      debugInit = "/* Could not access debugInit */"
      debug = "/* Could not access debug */"
    bootClassLoader = class com.ibm.ws.kernel.service.util.SecureAction$1$1@46dfc2ca
      this$0 = class com.ibm.ws.kernel.service.util.SecureAction$1@7fb4b71c
      serialVersionUID = -7098890353587179347
      $$$tc$$$ = class com.ibm.websphere.ras.TraceComponent@2a71edfc
      parent = "/* Could not access parent */"
      name = "/* Could not access name */"
      unnamedModule = "/* Could not access unnamedModule */"
      nameAndId = "/* Could not access nameAndId */"
      parallelLockMap = "/* Could not access parallelLockMap */"
      package2certs = "/* Could not access package2certs */"
      nocerts = "/* Could not access nocerts */"
      classes = "/* Could not access classes */"
      defaultDomain = "/* Could not access defaultDomain */"
      packages = "/* Could not access packages */"
      scl = "/* Could not access scl */"
      usr_paths = "/* Could not access usr_paths */"
      sys_paths = "/* Could not access sys_paths */"
      loadedLibraryNames = "/* Could not access loadedLibraryNames */"
      systemNativeLibraries = "/* Could not access systemNativeLibraries */"
      nativeLibraries = "/* Could not access nativeLibraries */"
      assertionLock = "/* Could not access assertionLock */"
      defaultAssertionStatus = "/* Could not access defaultAssertionStatus */"
      packageAssertionStatus = "/* Could not access packageAssertionStatus */"
      classAssertionStatus = "/* Could not access classAssertionStatus */"
      classLoaderValueMap = "/* Could not access classLoaderValueMap */"
      $assertionsDisabled = "/* Could not access $assertionsDisabled */"
    getContextClassLoaderAction = class com.ibm.ws.kernel.service.util.SecureAction$28@7a3c6a13
      serialVersionUID = -4916275247138051678
      $$$tc$$$ = class com.ibm.websphere.ras.TraceComponent@706d9fee
    getSystemClassLoaderAction = class com.ibm.ws.kernel.service.util.SecureAction$29@7a2d0cd1
      serialVersionUID = 1004559485883092134
      $$$tc$$$ = class com.ibm.websphere.ras.TraceComponent@471258e2
  CONNECTION_MANAGER = "connectionManager"
  DATASOURCE = "dataSource"
  FACTORY_PID = "com.ibm.ws.jdbc.dataSource"
  JDBC_DRIVER = "driver"
  SUPPORT_EXTENSIONS = "supportExtensions"
  TARGET_CONNECTION_MANAGER = "connectionManager.target"
  TARGET_CONTAINER_AUTH_DATA = "containerAuthData.target"
  TARGET_JDBC_DRIVER = "driver.target"
  TARGET_RECOVERY_AUTH_DATA = "recoveryAuthData.target"
  UNIQUE_JNDI_NAME = "jndiName.unique"
  DECLARING_APPLICATION = "declaringApplication"
  WPROPS_TO_SKIP = class java.util.HashSet@4b565a0b
    serialVersionUID = "/* Could not access serialVersionUID */"
    map = "/* Could not access map */"
    PRESENT = "/* Could not access PRESENT */"
    MAX_ARRAY_SIZE = "/* Could not access MAX_ARRAY_SIZE */"
  componentContext = class org.apache.felix.scr.impl.manager.ComponentContextImpl@1ccf963c
    m_componentManager = class org.apache.felix.scr.impl.manager.SingleComponentManager@2f940b75
      m_useCount = class java.util.concurrent.atomic.AtomicInteger@79efc498
      m_componentContext = class org.apache.felix.scr.impl.manager.ComponentContextImpl@1ccf963c
      m_configurationProperties = class java.util.HashMap@4781161e
      m_factoryProperties = null
      m_properties = class java.util.HashMap@760eb32
      m_serviceProperties = null
      REASONS = class java.lang.String[7]
      m_container = class org.apache.felix.scr.impl.ComponentRegistry$DefaultConfigurableComponentHolder@2c9f8e0
      m_factoryInstance = false
      m_componentId = 331
      m_componentMethods = class org.apache.felix.scr.impl.inject.internal.ComponentMethodsImpl@4db72f41
      m_dependencyManagers = class java.util.ArrayList@4d0e64be
      m_dependencyManagersInitialized = true
      m_trackingCount = class java.util.concurrent.atomic.AtomicInteger@61198194
      m_stateLock = class java.util.concurrent.locks.ReentrantLock@2c5a7baf
      m_enabledLatchRef = class java.util.concurrent.atomic.AtomicReference@58639442
      state = class java.util.concurrent.atomic.AtomicReference@66f63064
      m_floor = 4
      m_ceiling = 4
      m_missingLock = class java.util.concurrent.locks.ReentrantLock@343695ca
      m_missingCondition = class java.util.concurrent.locks.AbstractQueuedSynchronizer$ConditionObject@7033d68a
      m_missing = class java.util.TreeSet@2791adf8
      m_activationLock = class java.util.concurrent.locks.ReentrantReadWriteLock@1c24d775
      failureReason = null
      taskCounter = class java.util.concurrent.atomic.AtomicLong@1c3c99fe
      registrationManager = class org.apache.felix.scr.impl.manager.AbstractComponentManager$3@72d59b75
    edgeInfos = class org.apache.felix.scr.impl.manager.EdgeInfo[8]
      EdgeInfo[0] = class org.apache.felix.scr.impl.manager.EdgeInfo@451979c2
      EdgeInfo[1] = class org.apache.felix.scr.impl.manager.EdgeInfo@5c6d3c7b
      EdgeInfo[2] = class org.apache.felix.scr.impl.manager.EdgeInfo@4f936ac6
      EdgeInfo[3] = class org.apache.felix.scr.impl.manager.EdgeInfo@721196eb
      EdgeInfo[4] = class org.apache.felix.scr.impl.manager.EdgeInfo@7c483602
      EdgeInfo[5] = class org.apache.felix.scr.impl.manager.EdgeInfo@49f35314
      EdgeInfo[6] = class org.apache.felix.scr.impl.manager.EdgeInfo@1de2c5b6
      EdgeInfo[7] = class org.apache.felix.scr.impl.manager.EdgeInfo@633abe2f
    m_componentInstance = class org.apache.felix.scr.impl.manager.ComponentContextImpl$ComponentInstanceImpl@1417ed9b
      m_componentContext = class org.apache.felix.scr.impl.manager.ComponentContextImpl@1ccf963c
    m_usingBundle = class org.eclipse.osgi.internal.framework.EquinoxBundle@304999b7
      equinoxContainer = class org.eclipse.osgi.internal.framework.EquinoxContainer@2748bfca
      module = class org.eclipse.osgi.internal.framework.EquinoxBundle$EquinoxModule@3bf635a0
      monitor = class java.lang.Object@7982ed21
      context = class org.eclipse.osgi.internal.framework.BundleContextImpl@59e5e558
      signerInfos = null
      $SWITCH_TABLE$org$eclipse$osgi$container$Module$State = {1,2,3,4,5,6,7} /* array length = 7 */
    m_serviceRegistration = class org.eclipse.osgi.internal.serviceregistry.ServiceRegistrationImpl@396e7f31
      registry = class org.eclipse.osgi.internal.serviceregistry.ServiceRegistry@2c0922c5
      context = class org.eclipse.osgi.internal.framework.BundleContextImpl@59e5e558
      bundle = class org.eclipse.osgi.internal.framework.EquinoxBundle@304999b7
      clazzes = class java.lang.String[4]
      service = class org.apache.felix.scr.impl.manager.SingleComponentManager@2f940b75
      reference = class org.eclipse.osgi.internal.serviceregistry.ServiceReferenceImpl@30457c4d
      contextsUsing = class java.util.ArrayList@f66548d
      properties = class java.util.Collections$UnmodifiableMap@6a9c40ae
      serviceid = 423
      serviceranking = 0
      registrationLock = class java.lang.Object@717e7329
      state = 0
      REGISTERED = 0
      UNREGISTERING = 1
      UNREGISTERED = 2
      FRAMEWORK_SET_SERVICE_PROPERTIES_COUNT = 4
      $assertionsDisabled = true
    m_implementationObject = class com.ibm.ws.jdbc.DataSourceService@1d453968
    m_implementationAccessible = true
    accessibleLatch = class java.util.concurrent.CountDownLatch@98e4c53
      sync = "/* Could not access sync */"
    serviceObjectsHelper = class org.apache.felix.scr.impl.helper.ComponentServiceObjectsHelper@17e4ebf6
      bundleContext = class org.eclipse.osgi.internal.framework.BundleContextImpl@59e5e558
      services = class java.util.concurrent.ConcurrentHashMap@7c5a8f97
      closedServices = class java.util.ArrayList@726d7531
      prototypeInstances = class java.util.concurrent.ConcurrentHashMap@2f3f571d
    boundValues = null
  connectorSvc = class com.ibm.ejs.j2c.ConnectorServiceImpl@6bf9236c
    tc = class com.ibm.websphere.ras.TraceComponent@667edb2c
      strings[0] = "TraceComponent[com.ibm.ejs.j2c.ConnectorServiceImpl,class com.ibm.ejs.j2c.ConnectorServiceImpl,[WAS.j2c],com.ibm.ws.jca.cm.internal.resources.J2CAMessages,null]"
    authDataServiceRef = class com.ibm.wsspi.kernel.service.utils.AtomicServiceReference@3c34b7a4
      referenceName = "authDataService"
      tuple = class java.util.concurrent.atomic.AtomicReference@2e806c3
      serialVersionUID = 2226592364007985000
      $$$tc$$$ = class com.ibm.websphere.ras.TraceComponent@eb99bc5
    classLoaderIdentifierService = class com.ibm.ws.classloading.internal.ClassLoadingServiceImpl@4b0fbc2e
      tc = class com.ibm.websphere.ras.TraceComponent@38b3f69b
      leakDetectionMap = class java.util.HashMap@588106ba
      appClassLoaders = class java.util.Collections$SetFromMap@62a4fda0
      TCCL_LOCK_WAIT = 15000
      REFERENCE_GENERATORS = "generators"
      bundleContext = class org.eclipse.osgi.internal.framework.BundleContextImpl@edb6a1f
      aclStore = class com.ibm.ws.classloading.internal.util.CanonicalStore@1aaf6b63
      tcclStore = class com.ibm.ws.classloading.internal.util.CanonicalStore@447f4570
      tcclStoreLock = class java.util.concurrent.locks.ReentrantLock@141b2f93
      digraph = class org.eclipse.equinox.internal.region.StandardRegionDigraph@5117894d
      redefiner = class com.ibm.ws.classloading.internal.util.ClassRedefiner@673b9b03
      listener = class com.ibm.ws.classloading.internal.ClassLoadingServiceImpl$1@3002147f
      classloaders = class java.util.Collections$SynchronizedMap@ee883ca
      resourceProviders = class com.ibm.ws.classloading.internal.CompositeResourceProvider@43c24233
      rememberedBundles = class java.util.concurrent.ConcurrentHashMap@2ef2e6e7
      collectedBundles = class java.lang.ref.ReferenceQueue@e73beaa
      generatorRefs = class com.ibm.wsspi.kernel.service.utils.ConcurrentServiceReferenceSet@444f8a7d
      generatorManager = class com.ibm.ws.classloading.internal.ClassGeneratorManager@52194729
      appExtLibs = class java.util.concurrent.CopyOnWriteArrayList@154d8b1d
      globalConfig = class com.ibm.ws.classloading.configuration.GlobalClassloadingConfiguration@2cb1828d
      metaInfServicesProviders = class java.util.concurrent.ConcurrentHashMap@3f24ff5f
      metaInfServicesRefs = class com.ibm.wsspi.kernel.service.utils.ConcurrentServiceReferenceMap@70096a4
      protectionDomainMap = class java.util.HashMap@7eecf03a
      metadataIdentifierService = class com.ibm.ws.container.service.metadata.internal.MetaDataServiceImpl@5e69b080
      globalSharedLibrary = class java.util.concurrent.atomic.AtomicReference@462f6215
      serialVersionUID = 4365026902615131286
    deferrableSchedXSvcRef = class com.ibm.wsspi.kernel.service.utils.AtomicServiceReference@30988dc8
      referenceName = "deferrableScheduledExecutor"
      tuple = class java.util.concurrent.atomic.AtomicReference@48119308
      serialVersionUID = 2226592364007985000
      $$$tc$$$ = class com.ibm.websphere.ras.TraceComponent@eb99bc5
    execSvcRef = class com.ibm.wsspi.kernel.service.utils.AtomicServiceReference@936b76
      referenceName = "executor"
      tuple = class java.util.concurrent.atomic.AtomicReference@5eff7c6c
      serialVersionUID = 2226592364007985000
      $$$tc$$$ = class com.ibm.websphere.ras.TraceComponent@eb99bc5
    nonDeferrableSchedXSvcRef = class com.ibm.wsspi.kernel.service.utils.AtomicServiceReference@19836557
      referenceName = "nonDeferrableScheduledExecutor"
      tuple = class java.util.concurrent.atomic.AtomicReference@573aac5b
      serialVersionUID = 2226592364007985000
      $$$tc$$$ = class com.ibm.websphere.ras.TraceComponent@eb99bc5
    rrsXAResFactorySvcRef = class com.ibm.wsspi.kernel.service.utils.AtomicServiceReference@2f5b4485
      referenceName = "rRSXAResourceFactory"
      tuple = class java.util.concurrent.atomic.AtomicReference@400ff26a
      serialVersionUID = 2226592364007985000
      $$$tc$$$ = class com.ibm.websphere.ras.TraceComponent@eb99bc5
    transactionManager = class com.ibm.ws.transaction.services.TransactionManagerService@5b597a6b
      tc = class com.ibm.websphere.ras.TraceComponent@432954fb
      isClient = false
      xaFlowCallbacksInitialised = true
      _bundleContext = class org.eclipse.osgi.internal.framework.BundleContextImpl@2738763f
      serialVersionUID = 5173104868148806314
    variableRegistrySvcRef = class com.ibm.wsspi.kernel.service.utils.AtomicServiceReference@408a72ad
      referenceName = "variableRegistry"
      tuple = class java.util.concurrent.atomic.AtomicReference@d47ff54
      serialVersionUID = 2226592364007985000
      $$$tc$$$ = class com.ibm.websphere.ras.TraceComponent@eb99bc5
    tc = class com.ibm.websphere.ras.TraceComponent@1041d482
      strings[0] = "TraceComponent[com.ibm.ws.jca.cm.ConnectorService,class com.ibm.ws.jca.cm.ConnectorService,[WAS.j2c],com.ibm.ws.jca.cm.internal.resources.J2CAMessages,null]"
    NLS = class com.ibm.ejs.ras.TraceNLS@42211e36
      resolver = class com.ibm.ws.logging.internal.TraceNLSResolver@1968507b
      finder = null
      ivBundleName = "com.ibm.ws.jca.cm.internal.resources.J2CAMessages"
      caller = class java.lang.Class@40ec9b60
  dsConfigRef = class java.util.concurrent.atomic.AtomicReference@5382c1a7
    serialVersionUID = "/* Could not access serialVersionUID */"
    VALUE = "/* Could not access VALUE */"
    value = "/* Could not access value */"
  vendorImplClassName = null
  destroyWasDeferred = false
  embDerbyRefCount = class java.util.concurrent.ConcurrentLinkedQueue@4ae342db
    serialVersionUID = "/* Could not access serialVersionUID */"
    head = "/* Could not access head */"
    tail = "/* Could not access tail */"
    MAX_HOPS = "/* Could not access MAX_HOPS */"
    HEAD = "/* Could not access HEAD */"
    TAIL = "/* Could not access TAIL */"
    ITEM = "/* Could not access ITEM */"
    NEXT = "/* Could not access NEXT */"
    MAX_ARRAY_SIZE = "/* Could not access MAX_ARRAY_SIZE */"
  id = "dataSource[FilmDatabaseDataSource]"
  isDerbyEmbedded = false
  isUCP = false
  sentUCPConnMgrPropsIgnoredInfoMessage = false
  sentUCPDataSourcePropsIgnoredInfoMessage = false
  jdbcDriverSvc = class com.ibm.ws.jdbc.internal.JDBCDriverService@6823faa8
    tc = class com.ibm.websphere.ras.TraceComponent@1d21e2bc
      strings[0] = "TraceComponent[com.ibm.ws.jdbc.internal.JDBCDriverService,class com.ibm.ws.jdbc.internal.JDBCDriverService,[RRA],com.ibm.ws.rsadapter.resources.IBMDataStoreAdapterNLS,null]"
    FACTORY_PID = "com.ibm.ws.jdbc.jdbcDriver"
    ID = "id"
    LIBRARY_REF = "libraryRef"
    JDBC_DRIVER = "jdbcDriver"
    TARGET_LIBRARY = "sharedLib.target"
    PROPS_FOR_XA_ONLY = class java.util.Arrays$ArrayList@310fba9e
      serialVersionUID = "/* Could not access serialVersionUID */"
      a = "/* Could not access a */"
      modCount = "/* Could not access modCount */"
      MAX_ARRAY_SIZE = "/* Could not access MAX_ARRAY_SIZE */"
    PROPS_NOT_SET_ON_DRIVER = class java.util.Arrays$ArrayList@1329a68e
      serialVersionUID = "/* Could not access serialVersionUID */"
      a = "/* Could not access a */"
      modCount = "/* Could not access modCount */"
      MAX_ARRAY_SIZE = "/* Could not access MAX_ARRAY_SIZE */"
    classloader = class com.ibm.ws.classloading.internal.AppClassLoader@6fe8c6ff
      tc = class com.ibm.websphere.ras.TraceComponent@4eab6fa4
      disableSharedClassesCache = false
      PARENT_FIRST_SEARCH_ORDER = class java.util.Collections$UnmodifiableRandomAccessList@31e19f01
      packagesDefined = class java.util.Collections$SetFromMap@6bb7d276
      CLASS_LOADING_TRACE_PREFIX = "com.ibm.ws.class.load."
      DEFAULT_PACKAGE = "default.package"
      perPackageClassLoadingTraceComponents = class java.util.concurrent.ConcurrentHashMap@41fd8e87
      config = class com.ibm.ws.classloading.internal.ClassLoaderConfigurationImpl@2f82ea0c
      privateLibraries = null
      delegateLoaders = class com.ibm.ws.classloading.internal.util.CompositeIterable@1226716a
      nativeLibraryFiles = class java.util.ArrayList@4757353a
      transformers = class java.util.ArrayList@6a7302e1
      apiAccess = class com.ibm.ws.classloading.internal.GatewayClassLoader@7609f10b
      generator = class com.ibm.ws.classloading.internal.ClassGeneratorManager@52194729
      protectionDomains = class java.util.concurrent.ConcurrentHashMap@7395c121
      parent = class com.ibm.ws.classloading.internal.GatewayClassLoader@7609f10b
      hook = null
      serialVersionUID = 8734164900246230615
      tc = class com.ibm.websphere.ras.TraceComponent@a59d078
      smartClassPath = class com.ibm.ws.classloading.internal.ContainerClassLoader$SmartClassPathImpl@d95d48c
      nativeLibraryContainers = class java.util.ArrayList@7f83abd5
      redefiner = class com.ibm.ws.classloading.internal.util.ClassRedefiner@673b9b03
      jarProtocol = "wsjar:"
      mapCreationQueue = class java.util.concurrent.Executors$FinalizableDelegatedExecutorService@3a7ac20c
      serialVersionUID = 6399598832433768509
      serialVersionUID = 1837293532091806117
      $$$tc$$$ = class com.ibm.websphere.ras.TraceComponent@787a19ae
      serialVersionUID = -4586727107834513475
      $$$tc$$$ = class com.ibm.websphere.ras.TraceComponent@e433d9
      serialVersionUID = -7709588811276454856
      $$$tc$$$ = class com.ibm.websphere.ras.TraceComponent@6ec61f9
      initialized = "/* Could not access initialized */"
      pdcache = "/* Could not access pdcache */"
      parent = "/* Could not access parent */"
      name = "/* Could not access name */"
      unnamedModule = "/* Could not access unnamedModule */"
      nameAndId = "/* Could not access nameAndId */"
      parallelLockMap = "/* Could not access parallelLockMap */"
      package2certs = "/* Could not access package2certs */"
      nocerts = "/* Could not access nocerts */"
      classes = "/* Could not access classes */"
      defaultDomain = "/* Could not access defaultDomain */"
      packages = "/* Could not access packages */"
      scl = "/* Could not access scl */"
      usr_paths = "/* Could not access usr_paths */"
      sys_paths = "/* Could not access sys_paths */"
      loadedLibraryNames = "/* Could not access loadedLibraryNames */"
      systemNativeLibraries = "/* Could not access systemNativeLibraries */"
      nativeLibraries = "/* Could not access nativeLibraries */"
      assertionLock = "/* Could not access assertionLock */"
      defaultAssertionStatus = "/* Could not access defaultAssertionStatus */"
      packageAssertionStatus = "/* Could not access packageAssertionStatus */"
      classAssertionStatus = "/* Could not access classAssertionStatus */"
      classLoaderValueMap = "/* Could not access classLoaderValueMap */"
      $assertionsDisabled = "/* Could not access $assertionsDisabled */"
    connectorSvc = class com.ibm.ejs.j2c.ConnectorServiceImpl@6bf9236c
    embDerbyRefCount = class java.util.concurrent.ConcurrentLinkedQueue@10168118
      serialVersionUID = "/* Could not access serialVersionUID */"
      head = "/* Could not access head */"
      tail = "/* Could not access tail */"
      MAX_HOPS = "/* Could not access MAX_HOPS */"
      HEAD = "/* Could not access HEAD */"
      TAIL = "/* Could not access TAIL */"
      ITEM = "/* Could not access ITEM */"
      NEXT = "/* Could not access NEXT */"
      MAX_ARRAY_SIZE = "/* Could not access MAX_ARRAY_SIZE */"
    introspectedClasses = class java.util.HashSet@1fe2bbc0
      serialVersionUID = "/* Could not access serialVersionUID */"
      map = "/* Could not access map */"
      PRESENT = "/* Could not access PRESENT */"
      MAX_ARRAY_SIZE = "/* Could not access MAX_ARRAY_SIZE */"
    isDerbyEmbedded = class java.util.concurrent.atomic.AtomicBoolean@537529e8
      serialVersionUID = "/* Could not access serialVersionUID */"
      VALUE = "/* Could not access VALUE */"
      value = "/* Could not access value */"
    isInitialized = true
    lock = class java.util.concurrent.locks.ReentrantReadWriteLock@d36e8de
      serialVersionUID = "/* Could not access serialVersionUID */"
      readerLock = "/* Could not access readerLock */"
      writerLock = "/* Could not access writerLock */"
      sync = "/* Could not access sync */"
    name = "dataSource[FilmDatabaseDataSource]/jdbcDriver[default-0]"
    properties = class org.apache.felix.scr.impl.helper.ReadOnlyDictionary@298cb621
      m_delegate = class java.util.Hashtable@603443f
      m_serviceReference = null
    sharedLib = class com.ibm.ws.library.internal.SharedLibraryImpl@23ba246b
      tc = class com.ibm.websphere.ras.TraceComponent@3df17e01
      EMPTY_LIBRARY_LISTENERS = interface com.ibm.wsspi.library.LibraryChangeListener[0]
      deleted = false
      libraryListenersTracker = class org.osgi.util.tracker.ServiceTracker@443917cf
      libraryReg = class org.eclipse.osgi.internal.serviceregistry.ServiceRegistrationImpl@4c79c688
      ctx = class org.eclipse.osgi.internal.framework.BundleContextImpl@edb6a1f
      classLoadingService = class com.ibm.ws.classloading.internal.ClassLoadingServiceImpl@4b0fbc2e
      configAdmin = class com.ibm.ws.config.admin.internal.ConfigurationAdminImpl@6a5cf95
      resolvedBasePath = "C:/Users/Józek/IdeaProjects/film-database/target/liberty/wlp/usr/servers/defaultServer/"
      generationLock = class com.ibm.ws.library.internal.SharedLibraryImpl$1@3cd389a0
      currentGeneration = class com.ibm.ws.library.internal.LibraryGeneration@781ec4e1
      nextGeneration = class com.ibm.ws.library.internal.LibraryGeneration@781ec4e1
      artifactContainerFactory = class com.ibm.ws.library.internal.SharedLibraryFactory$1@74953342
      packageExporter = class com.ibm.ws.library.internal.LibraryPackageExporter@5ce49322
      serialVersionUID = 6288237618632180389
    changed = "/* Could not access changed */"
    obs = "/* Could not access obs */"
  jdbcRuntime = class com.ibm.ws.jdbc.osgi.v42.JDBC42Runtime@2de991f2
  mcf = null
  mcfPerClassLoader = null
  properties = class org.apache.felix.scr.impl.helper.ReadOnlyDictionary@6d2a382e
    m_delegate = class java.util.Hashtable@17a30b19
      table = "/* Could not access table */"
      count = "/* Could not access count */"
      threshold = "/* Could not access threshold */"
      loadFactor = "/* Could not access loadFactor */"
      modCount = "/* Could not access modCount */"
      serialVersionUID = "/* Could not access serialVersionUID */"
      MAX_ARRAY_SIZE = "/* Could not access MAX_ARRAY_SIZE */"
      keySet = "/* Could not access keySet */"
      entrySet = "/* Could not access entrySet */"
      values = "/* Could not access values */"
      KEYS = "/* Could not access KEYS */"
      VALUES = "/* Could not access VALUES */"
      ENTRIES = "/* Could not access ENTRIES */"
    m_serviceReference = null
  tc = class com.ibm.websphere.ras.TraceComponent@20aa39b5
    strings[0] = "TraceComponent[com.ibm.ws.jca.cm.AbstractConnectionFactoryService,class com.ibm.ws.jca.cm.AbstractConnectionFactoryService,[WAS.j2c],com.ibm.ws.jca.cm.internal.resources.J2CAMessages,null]"
  ID = "id"
  DEFAULT_NESTED_PATTERN = class java.util.regex.Pattern@3d0f5aca
    UNIX_LINES = 1
    CASE_INSENSITIVE = 2
    COMMENTS = 4
    MULTILINE = 8
    LITERAL = 16
    DOTALL = 32
    UNICODE_CASE = 64
    CANON_EQ = 128
    UNICODE_CHARACTER_CLASS = 256
    ALL_FLAGS = "/* Could not access ALL_FLAGS */"
    serialVersionUID = "/* Could not access serialVersionUID */"
    pattern = "/* Could not access pattern */"
    flags = "/* Could not access flags */"
    flags0 = "/* Could not access flags0 */"
    compiled = "/* Could not access compiled */"
    normalizedPattern = "/* Could not access normalizedPattern */"
    root = "/* Could not access root */"
    matchRoot = "/* Could not access matchRoot */"
    buffer = "/* Could not access buffer */"
    predicate = "/* Could not access predicate */"
    namedGroups = "/* Could not access namedGroups */"
    groupNodes = "/* Could not access groupNodes */"
    topClosureNodes = "/* Could not access topClosureNodes */"
    localTCNCount = "/* Could not access localTCNCount */"
    hasGroupRef = "/* Could not access hasGroupRef */"
    temp = "/* Could not access temp */"
    capturingGroupCount = "/* Could not access capturingGroupCount */"
    localCount = "/* Could not access localCount */"
    cursor = "/* Could not access cursor */"
    patternLength = "/* Could not access patternLength */"
    hasSupplementary = "/* Could not access hasSupplementary */"
    MAX_REPS = "/* Could not access MAX_REPS */"
    lookbehindEnd = "/* Could not access lookbehindEnd */"
    accept = "/* Could not access accept */"
    lastAccept = "/* Could not access lastAccept */"
    $assertionsDisabled = "/* Could not access $assertionsDisabled */"
  DEFAULT_PATTERN = class java.util.regex.Pattern@4a0e0179
    UNIX_LINES = 1
    CASE_INSENSITIVE = 2
    COMMENTS = 4
    MULTILINE = 8
    LITERAL = 16
    DOTALL = 32
    UNICODE_CASE = 64
    CANON_EQ = 128
    UNICODE_CHARACTER_CLASS = 256
    ALL_FLAGS = "/* Could not access ALL_FLAGS */"
    serialVersionUID = "/* Could not access serialVersionUID */"
    pattern = "/* Could not access pattern */"
    flags = "/* Could not access flags */"
    flags0 = "/* Could not access flags0 */"
    compiled = "/* Could not access compiled */"
    normalizedPattern = "/* Could not access normalizedPattern */"
    root = "/* Could not access root */"
    matchRoot = "/* Could not access matchRoot */"
    buffer = "/* Could not access buffer */"
    predicate = "/* Could not access predicate */"
    namedGroups = "/* Could not access namedGroups */"
    groupNodes = "/* Could not access groupNodes */"
    topClosureNodes = "/* Could not access topClosureNodes */"
    localTCNCount = "/* Could not access localTCNCount */"
    hasGroupRef = "/* Could not access hasGroupRef */"
    temp = "/* Could not access temp */"
    capturingGroupCount = "/* Could not access capturingGroupCount */"
    localCount = "/* Could not access localCount */"
    cursor = "/* Could not access cursor */"
    patternLength = "/* Could not access patternLength */"
    hasSupplementary = "/* Could not access hasSupplementary */"
    MAX_REPS = "/* Could not access MAX_REPS */"
    lookbehindEnd = "/* Could not access lookbehindEnd */"
    accept = "/* Could not access accept */"
    lastAccept = "/* Could not access lastAccept */"
    $assertionsDisabled = "/* Could not access $assertionsDisabled */"
  THREAD_IDENTITY_NOT_ALLOWED = 0
  THREAD_IDENTITY_ALLOWED = 1
  THREAD_IDENTITY_REQUIRED = 2
  appsToRecycle = class java.util.Collections$SetFromMap@2b896fcb
    m = "/* Could not access m */"
    s = "/* Could not access s */"
    serialVersionUID = "/* Could not access serialVersionUID */"
    MAX_ARRAY_SIZE = "/* Could not access MAX_ARRAY_SIZE */"
  conMgrSvc = class com.ibm.ejs.j2c.ConnectionManagerServiceImpl@175ed9dc
    tc = class com.ibm.websphere.ras.TraceComponent@4c025e60
      strings[0] = "TraceComponent[com.ibm.ejs.j2c.ConnectionManagerServiceImpl,class com.ibm.ejs.j2c.ConnectionManagerServiceImpl,[WAS.j2c],com.ibm.ws.jca.cm.internal.resources.J2CAMessages,null]"
    priv = class com.ibm.ws.kernel.service.util.SecureAction@1d2308b
      controlContext = class java.security.AccessControlContext@7b579d80
      bootClassLoader = class com.ibm.ws.kernel.service.util.SecureAction$1$1@46dfc2ca
      getContextClassLoaderAction = class com.ibm.ws.kernel.service.util.SecureAction$28@7a3c6a13
      getSystemClassLoaderAction = class com.ibm.ws.kernel.service.util.SecureAction$29@7a2d0cd1
    cfKeyToCM = class java.util.concurrent.ConcurrentHashMap@aa09fd2
      serialVersionUID = "/* Could not access serialVersionUID */"
      MAXIMUM_CAPACITY = "/* Could not access MAXIMUM_CAPACITY */"
      DEFAULT_CAPACITY = "/* Could not access DEFAULT_CAPACITY */"
      MAX_ARRAY_SIZE = "/* Could not access MAX_ARRAY_SIZE */"
      DEFAULT_CONCURRENCY_LEVEL = "/* Could not access DEFAULT_CONCURRENCY_LEVEL */"
      LOAD_FACTOR = "/* Could not access LOAD_FACTOR */"
      TREEIFY_THRESHOLD = "/* Could not access TREEIFY_THRESHOLD */"
      UNTREEIFY_THRESHOLD = "/* Could not access UNTREEIFY_THRESHOLD */"
      MIN_TREEIFY_CAPACITY = "/* Could not access MIN_TREEIFY_CAPACITY */"
      MIN_TRANSFER_STRIDE = "/* Could not access MIN_TRANSFER_STRIDE */"
      RESIZE_STAMP_BITS = "/* Could not access RESIZE_STAMP_BITS */"
      MAX_RESIZERS = "/* Could not access MAX_RESIZERS */"
      RESIZE_STAMP_SHIFT = "/* Could not access RESIZE_STAMP_SHIFT */"
      MOVED = "/* Could not access MOVED */"
      TREEBIN = "/* Could not access TREEBIN */"
      RESERVED = "/* Could not access RESERVED */"
      HASH_BITS = "/* Could not access HASH_BITS */"
      NCPU = "/* Could not access NCPU */"
      serialPersistentFields = "/* Could not access serialPersistentFields */"
      table = "/* Could not access table */"
      nextTable = "/* Could not access nextTable */"
      baseCount = "/* Could not access baseCount */"
      sizeCtl = "/* Could not access sizeCtl */"
      transferIndex = "/* Could not access transferIndex */"
      cellsBusy = "/* Could not access cellsBusy */"
      counterCells = "/* Could not access counterCells */"
      keySet = "/* Could not access keySet */"
      values = "/* Could not access values */"
      entrySet = "/* Could not access entrySet */"
      U = "/* Could not access U */"
      SIZECTL = "/* Could not access SIZECTL */"
      TRANSFERINDEX = "/* Could not access TRANSFERINDEX */"
      BASECOUNT = "/* Could not access BASECOUNT */"
      CELLSBUSY = "/* Could not access CELLSBUSY */"
      CELLVALUE = "/* Could not access CELLVALUE */"
      ABASE = "/* Could not access ABASE */"
      ASHIFT = "/* Could not access ASHIFT */"
      keySet = "/* Could not access keySet */"
      values = "/* Could not access values */"
    connectorSvc = null
    lock = class java.util.concurrent.locks.ReentrantReadWriteLock@25c0694a
      serialVersionUID = "/* Could not access serialVersionUID */"
      readerLock = "/* Could not access readerLock */"
      writerLock = "/* Could not access writerLock */"
      sync = "/* Could not access sync */"
    name = "dataSource[FilmDatabaseDataSource]/connectionManager"
    pm = null
    pmMBean = null
    properties = null
    bndCtx = null
    raClassLoader = null
    disableLibertyConnectionPool = false
    CONNECTION_MANAGER = "connectionManager"
    FACTORY_PID = "com.ibm.ws.jca.connectionManager"
    ID = "id"
    MAX_CONNECTIONS_PER_THREAD = "maxConnectionsPerThread"
    MAX_IDLE_TIME = "maxIdleTime"
    MAX_POOL_SIZE = "maxPoolSize"
    MIN_POOL_SIZE = "minPoolSize"
    NUM_CONNECTIONS_PER_THREAD_LOCAL = "numConnectionsPerThreadLocal"
    CONNECTION_MANAGER_PROPS = class java.util.Collections$UnmodifiableRandomAccessList@935662f
      serialVersionUID = "/* Could not access serialVersionUID */"
      serialVersionUID = "/* Could not access serialVersionUID */"
      list = "/* Could not access list */"
      serialVersionUID = "/* Could not access serialVersionUID */"
      c = "/* Could not access c */"
    CONNECTION_MANAGER_DSD_PROPS = class java.util.Collections$UnmodifiableRandomAccessList@197349ea
      serialVersionUID = "/* Could not access serialVersionUID */"
      serialVersionUID = "/* Could not access serialVersionUID */"
      list = "/* Could not access list */"
      serialVersionUID = "/* Could not access serialVersionUID */"
      c = "/* Could not access c */"
    changed = "/* Could not access changed */"
    obs = "/* Could not access obs */"
  containerAuthDataRef = null
  jaasLoginContextEntryRef = null
  isInitialized = class java.util.concurrent.atomic.AtomicBoolean@504018f7
    serialVersionUID = "/* Could not access serialVersionUID */"
    VALUE = "/* Could not access VALUE */"
    value = "/* Could not access value */"
  isServerDefined = true
  lock = class java.util.concurrent.locks.ReentrantReadWriteLock@6a7fde4f
    serialVersionUID = "/* Could not access serialVersionUID */"
    readerLock = "/* Could not access readerLock */"
    writerLock = "/* Could not access writerLock */"
    sync = "/* Could not access sync */"
  recoveryAuthDataRef = null

