------Start of DE processing------ = [11/11/2020, 15:53:13:131 CET]
Exception = java.lang.ClassNotFoundException
Source = com.ibm.ws.jdbc.internal.JDBCDriverService
probeid = 234
Stack Dump = java.lang.ClassNotFoundException: org.h2.jdbcx.JdbcDataSource
	at com.ibm.ws.classloading.internal.AppClassLoader.findClassCommonLibraryClassLoaders(AppClassLoader.java:569)
	at com.ibm.ws.classloading.internal.AppClassLoader.findClass(AppClassLoader.java:291)
	at java.base/java.lang.ClassLoader.loadClass(ClassLoader.java:588)
	at com.ibm.ws.classloading.internal.AppClassLoader.findOrDelegateLoadClass(AppClassLoader.java:547)
	at com.ibm.ws.classloading.internal.AppClassLoader.loadClass(AppClassLoader.java:505)
	at java.base/java.lang.ClassLoader.loadClass(ClassLoader.java:521)
	at com.ibm.ws.jdbc.internal.JDBCDriverService$1.run(JDBCDriverService.java:272)
	at com.ibm.ws.jdbc.internal.JDBCDriverService$1.run(JDBCDriverService.java:262)
	at java.base/java.security.AccessController.doPrivileged(Native Method)
	at com.ibm.ws.jdbc.internal.JDBCDriverService.create(JDBCDriverService.java:262)
	at com.ibm.ws.jdbc.internal.JDBCDriverService.createAnyPreferLegacyOrder(JDBCDriverService.java:405)
	at com.ibm.ws.jdbc.DataSourceService.init(DataSourceService.java:610)
	at com.ibm.ws.jca.cm.AbstractConnectionFactoryService$2.run(AbstractConnectionFactoryService.java:522)
	at com.ibm.ws.jca.cm.AbstractConnectionFactoryService$2.run(AbstractConnectionFactoryService.java:519)
	at java.base/java.security.AccessController.doPrivileged(Native Method)
	at com.ibm.ws.jca.cm.AbstractConnectionFactoryService.initPrivileged(AbstractConnectionFactoryService.java:519)
	at com.ibm.ws.jca.cm.AbstractConnectionFactoryService.createResource(AbstractConnectionFactoryService.java:149)
	at com.ibm.ws.resource.internal.ResourceFactoryTrackerData$1.getService(ResourceFactoryTrackerData.java:120)
	at org.eclipse.osgi.internal.serviceregistry.ServiceFactoryUse$1.run(ServiceFactoryUse.java:216)
	at java.base/java.security.AccessController.doPrivileged(Native Method)
	at org.eclipse.osgi.internal.serviceregistry.ServiceFactoryUse.factoryGetService(ServiceFactoryUse.java:213)
	at org.eclipse.osgi.internal.serviceregistry.ServiceFactoryUse.getService(ServiceFactoryUse.java:114)
	at org.eclipse.osgi.internal.serviceregistry.ServiceConsumer$2.getService(ServiceConsumer.java:48)
	at org.eclipse.osgi.internal.serviceregistry.ServiceRegistrationImpl.getService(ServiceRegistrationImpl.java:530)
	at org.eclipse.osgi.internal.serviceregistry.ServiceRegistry.getService(ServiceRegistry.java:494)
	at org.eclipse.osgi.internal.framework.BundleContextImpl.getService(BundleContextImpl.java:685)
	at com.ibm.ws.jndi.internal.WSContextFactory.lambda$getService$0(WSContextFactory.java:81)
	at java.base/java.security.AccessController.doPrivileged(Native Method)
	at com.ibm.ws.jndi.internal.WSContextFactory.lambda$getService$1(WSContextFactory.java:81)
	at java.base/java.util.concurrent.ConcurrentHashMap.computeIfAbsent(ConcurrentHashMap.java:1705)
	at com.ibm.ws.jndi.internal.WSContextFactory.getService(WSContextFactory.java:81)
	at com.ibm.ws.jndi.internal.WSContext.getReference(WSContext.java:520)
	at com.ibm.ws.jndi.internal.WSContext.resolveObject(WSContext.java:139)
	at com.ibm.ws.jndi.internal.WSContext.lookup(WSContext.java:309)
	at com.ibm.ws.jndi.WSContextBase.lookup(WSContextBase.java:61)
	at org.apache.aries.jndi.DelegateContext.lookup(DelegateContext.java:149)
	at java.naming/javax.naming.InitialContext.lookup(InitialContext.java:409)
	at com.ibm.ws.jpa.container.osgi.internal.OSGiJPAPUnitInfo.lookupDataSource(OSGiJPAPUnitInfo.java:317)
	at com.ibm.ws.jpa.management.JPAPUnitInfo.getJPADataSource(JPAPUnitInfo.java:337)
	at com.ibm.ws.jpa.management.JPAPUnitInfo.getJtaDataSource(JPAPUnitInfo.java:380)
	at com.ibm.ws.jpa.management.JPAPUnitInfo.initialize(JPAPUnitInfo.java:750)
	at com.ibm.ws.jpa.management.JPAPxmlInfo.extractPersistenceUnits(JPAPxmlInfo.java:182)
	at com.ibm.ws.jpa.management.JPAScopeInfo.processPersistenceUnit(JPAScopeInfo.java:88)
	at com.ibm.ws.jpa.management.JPAApplInfo.addPersistenceUnits(JPAApplInfo.java:119)
	at com.ibm.ws.jpa.container.osgi.internal.JPAComponentImpl.processWebModulePersistenceXml(JPAComponentImpl.java:515)
	at com.ibm.ws.jpa.container.osgi.internal.JPAComponentImpl.applicationStarting(JPAComponentImpl.java:304)
	at com.ibm.ws.container.service.state.internal.ApplicationStateManager.fireStarting(ApplicationStateManager.java:51)
	at com.ibm.ws.container.service.state.internal.StateChangeServiceImpl.fireApplicationStarting(StateChangeServiceImpl.java:50)
	at com.ibm.ws.app.manager.module.internal.SimpleDeployedAppInfoBase.preDeployApp(SimpleDeployedAppInfoBase.java:547)
	at com.ibm.ws.app.manager.module.internal.SimpleDeployedAppInfoBase.installApp(SimpleDeployedAppInfoBase.java:508)
	at com.ibm.ws.app.manager.module.internal.DeployedAppInfoBase.deployApp(DeployedAppInfoBase.java:349)
	at com.ibm.ws.app.manager.war.internal.WARApplicationHandlerImpl.install(WARApplicationHandlerImpl.java:65)
	at com.ibm.ws.app.manager.internal.statemachine.StartAction.execute(StartAction.java:144)
	at com.ibm.ws.app.manager.internal.statemachine.ApplicationStateMachineImpl.enterState(ApplicationStateMachineImpl.java:1317)
	at com.ibm.ws.app.manager.internal.statemachine.ApplicationStateMachineImpl.run(ApplicationStateMachineImpl.java:897)
	at com.ibm.ws.threading.internal.ExecutorServiceImpl$RunnableWrapper.run(ExecutorServiceImpl.java:239)
	at java.base/java.util.concurrent.ThreadPoolExecutor.runWorker(ThreadPoolExecutor.java:1128)
	at java.base/java.util.concurrent.ThreadPoolExecutor$Worker.run(ThreadPoolExecutor.java:628)
	at java.base/java.lang.Thread.run(Thread.java:834)

Dump of callerThis
null
