------Start of DE processing------ = [11/11/2020, 15:25:51:816 CET]
Exception = java.sql.SQLNonTransientException
Source = com.ibm.ws.resource.internal.ResourceFactoryTrackerData$1
probeid = 121
Stack Dump = java.sql.SQLNonTransientException: DSRA4000E: No implementations of org.h2.jdbcx.JdbcDataSource are found for dataSource[FilmDatabaseDataSource] with library H2JDBCLib. The name or location of JDBC driver JAR files might be incorrect or inaccessible. Searched in: []. Searched under packages: [org.h2.jdbcx].
	at com.ibm.ws.jdbc.internal.JDBCDriverService.classNotFound(JDBCDriverService.java:224)
	at com.ibm.ws.jdbc.internal.JDBCDriverService.create(JDBCDriverService.java:348)
	at com.ibm.ws.jdbc.internal.JDBCDriverService.createAnyPreferLegacyOrder(JDBCDriverService.java:405)
	at com.ibm.ws.jdbc.DataSourceService.init(DataSourceService.java:610)
	at com.ibm.ws.jca.cm.AbstractConnectionFactoryService$2.run(AbstractConnectionFactoryService.java:522)
	at com.ibm.ws.jca.cm.AbstractConnectionFactoryService$2.run(AbstractConnectionFactoryService.java:519)
	at java.base/java.security.AccessController.doPrivileged(Native Method)
	at com.ibm.ws.jca.cm.AbstractConnectionFactoryService.initPrivileged(AbstractConnectionFactoryService.java:519)
	at com.ibm.ws.jca.cm.AbstractConnectionFactoryService.createResource(AbstractConnectionFactoryService.java:149)
	at com.ibm.ws.resource.internal.ResourceFactoryTrackerData$1.getService(ResourceFactoryTrackerData.java:120)
	at org.eclipse.osgi.internal.serviceregistry.ServiceFactoryUse$1.run(ServiceFactoryUse.java:216)
	at java.base/java.security.AccessController.doPrivileged(Native Method)
	at org.eclipse.osgi.internal.serviceregistry.ServiceFactoryUse.factoryGetService(ServiceFactoryUse.java:213)
	at org.eclipse.osgi.internal.serviceregistry.ServiceFactoryUse.getService(ServiceFactoryUse.java:114)
	at org.eclipse.osgi.internal.serviceregistry.ServiceConsumer$2.getService(ServiceConsumer.java:48)
	at org.eclipse.osgi.internal.serviceregistry.ServiceRegistrationImpl.getService(ServiceRegistrationImpl.java:530)
	at org.eclipse.osgi.internal.serviceregistry.ServiceRegistry.getService(ServiceRegistry.java:494)
	at org.eclipse.osgi.internal.framework.BundleContextImpl.getService(BundleContextImpl.java:685)
	at com.ibm.ws.jndi.internal.WSContextFactory.lambda$getService$0(WSContextFactory.java:81)
	at java.base/java.security.AccessController.doPrivileged(Native Method)
	at com.ibm.ws.jndi.internal.WSContextFactory.lambda$getService$1(WSContextFactory.java:81)
	at java.base/java.util.concurrent.ConcurrentHashMap.computeIfAbsent(ConcurrentHashMap.java:1705)
	at com.ibm.ws.jndi.internal.WSContextFactory.getService(WSContextFactory.java:81)
	at com.ibm.ws.jndi.internal.WSContext.getReference(WSContext.java:520)
	at com.ibm.ws.jndi.internal.WSContext.resolveObject(WSContext.java:139)
	at com.ibm.ws.jndi.internal.WSContext.lookup(WSContext.java:309)
	at com.ibm.ws.jndi.WSContextBase.lookup(WSContextBase.java:61)
	at org.apache.aries.jndi.DelegateContext.lookup(DelegateContext.java:149)
	at java.naming/javax.naming.InitialContext.lookup(InitialContext.java:409)
	at com.ibm.ws.jpa.container.osgi.internal.OSGiJPAPUnitInfo.lookupDataSource(OSGiJPAPUnitInfo.java:317)
	at com.ibm.ws.jpa.management.JPAPUnitInfo.getJPADataSource(JPAPUnitInfo.java:337)
	at com.ibm.ws.jpa.management.JPAPUnitInfo.getJtaDataSource(JPAPUnitInfo.java:380)
	at com.ibm.ws.jpa.management.JPAPUnitInfo.initialize(JPAPUnitInfo.java:750)
	at com.ibm.ws.jpa.management.JPAPxmlInfo.extractPersistenceUnits(JPAPxmlInfo.java:182)
	at com.ibm.ws.jpa.management.JPAScopeInfo.processPersistenceUnit(JPAScopeInfo.java:88)
	at com.ibm.ws.jpa.management.JPAApplInfo.addPersistenceUnits(JPAApplInfo.java:119)
	at com.ibm.ws.jpa.container.osgi.internal.JPAComponentImpl.processWebModulePersistenceXml(JPAComponentImpl.java:515)
	at com.ibm.ws.jpa.container.osgi.internal.JPAComponentImpl.applicationStarting(JPAComponentImpl.java:304)
	at com.ibm.ws.container.service.state.internal.ApplicationStateManager.fireStarting(ApplicationStateManager.java:51)
	at com.ibm.ws.container.service.state.internal.StateChangeServiceImpl.fireApplicationStarting(StateChangeServiceImpl.java:50)
	at com.ibm.ws.app.manager.module.internal.SimpleDeployedAppInfoBase.preDeployApp(SimpleDeployedAppInfoBase.java:547)
	at com.ibm.ws.app.manager.module.internal.SimpleDeployedAppInfoBase.installApp(SimpleDeployedAppInfoBase.java:508)
	at com.ibm.ws.app.manager.module.internal.DeployedAppInfoBase.deployApp(DeployedAppInfoBase.java:349)
	at com.ibm.ws.app.manager.war.internal.WARApplicationHandlerImpl.install(WARApplicationHandlerImpl.java:65)
	at com.ibm.ws.app.manager.internal.statemachine.StartAction.execute(StartAction.java:144)
	at com.ibm.ws.app.manager.internal.statemachine.ApplicationStateMachineImpl.enterState(ApplicationStateMachineImpl.java:1317)
	at com.ibm.ws.app.manager.internal.statemachine.ApplicationStateMachineImpl.performAction(ApplicationStateMachineImpl.java:1182)
	at com.ibm.ws.app.manager.internal.statemachine.ApplicationStateMachineImpl.run(ApplicationStateMachineImpl.java:905)
	at com.ibm.ws.threading.internal.ExecutorServiceImpl$RunnableWrapper.run(ExecutorServiceImpl.java:239)
	at java.base/java.util.concurrent.ThreadPoolExecutor.runWorker(ThreadPoolExecutor.java:1128)
	at java.base/java.util.concurrent.ThreadPoolExecutor$Worker.run(ThreadPoolExecutor.java:628)
	at java.base/java.lang.Thread.run(Thread.java:834)
Caused by: java.lang.ClassNotFoundException: org.h2.jdbcx.JdbcDataSource
	at com.ibm.ws.classloading.internal.AppClassLoader.findClassCommonLibraryClassLoaders(AppClassLoader.java:569)
	at com.ibm.ws.classloading.internal.AppClassLoader.findClass(AppClassLoader.java:291)
	at java.base/java.lang.ClassLoader.loadClass(ClassLoader.java:588)
	at com.ibm.ws.classloading.internal.AppClassLoader.findOrDelegateLoadClass(AppClassLoader.java:547)
	at com.ibm.ws.classloading.internal.AppClassLoader.loadClass(AppClassLoader.java:505)
	at java.base/java.lang.ClassLoader.loadClass(ClassLoader.java:521)
	at com.ibm.ws.jdbc.internal.JDBCDriverService$1.run(JDBCDriverService.java:272)
	at com.ibm.ws.jdbc.internal.JDBCDriverService$1.run(JDBCDriverService.java:262)
	at java.base/java.security.AccessController.doPrivileged(Native Method)
	at com.ibm.ws.jdbc.internal.JDBCDriverService.create(JDBCDriverService.java:262)
	... 50 more

Dump of callerThis
Object type = com.ibm.ws.resource.internal.ResourceFactoryTrackerData$1
  val$ref = class org.eclipse.osgi.internal.serviceregistry.ServiceReferenceImpl@bd1f5ec
    registration = class org.eclipse.osgi.internal.serviceregistry.ServiceRegistrationImpl@4366ad7a
      registry = class org.eclipse.osgi.internal.serviceregistry.ServiceRegistry@120da400
      context = class org.eclipse.osgi.internal.framework.BundleContextImpl@1763005
      bundle = class org.eclipse.osgi.internal.framework.EquinoxBundle@1e5a4f29
      clazzes = class java.lang.String[4]
      service = class org.apache.felix.scr.impl.manager.SingleComponentManager@3fda0ba7
      reference = class org.eclipse.osgi.internal.serviceregistry.ServiceReferenceImpl@bd1f5ec
      contextsUsing = class java.util.ArrayList@5a3351fd
      properties = class java.util.Collections$UnmodifiableMap@2561d31f
      serviceid = 419
      serviceranking = 0
      registrationLock = class java.lang.Object@410680af
      state = 0
      REGISTERED = 0
      UNREGISTERING = 1
      UNREGISTERED = 2
      FRAMEWORK_SET_SERVICE_PROPERTIES_COUNT = 4
      $assertionsDisabled = true
  this$0 = class com.ibm.ws.resource.internal.ResourceFactoryTrackerData@72f6a105
    JNDI_SERVICENAME = "osgi.jndi.service.name"
    context = class org.eclipse.osgi.internal.framework.BundleContextImpl@1763005
      findHookName = "org.osgi.framework.hooks.bundle.FindHook"
      valid = true
      bundle = class org.eclipse.osgi.internal.framework.EquinoxBundle@1e5a4f29
      container = class org.eclipse.osgi.internal.framework.EquinoxContainer@50e4fc47
      debug = class org.eclipse.osgi.internal.debug.Debug@2ab0122c
      servicesInUse = class java.util.HashMap@422456f3
      activator = null
      contextLock = class java.lang.Object@2bc70613
    registration = class org.eclipse.osgi.internal.serviceregistry.ServiceRegistrationImpl@36281101
      registry = class org.eclipse.osgi.internal.serviceregistry.ServiceRegistry@120da400
      context = class org.eclipse.osgi.internal.framework.BundleContextImpl@1763005
      bundle = class org.eclipse.osgi.internal.framework.EquinoxBundle@1e5a4f29
      clazzes = class java.lang.String[1]
      service = class com.ibm.ws.resource.internal.ResourceFactoryTrackerData$1@4e076a88
      reference = class org.eclipse.osgi.internal.serviceregistry.ServiceReferenceImpl@11549b9b
      contextsUsing = class java.util.ArrayList@566dee3d
      properties = class java.util.Collections$UnmodifiableMap@7dea6a36
      serviceid = 420
      serviceranking = 0
      registrationLock = class java.lang.Object@e1e246a
      state = 0
      REGISTERED = 0
      UNREGISTERING = 1
      UNREGISTERED = 2
      FRAMEWORK_SET_SERVICE_PROPERTIES_COUNT = 4
      $assertionsDisabled = true
    interfaces = class java.lang.String[1]
      String[0] = "javax.sql.DataSource"
    serialVersionUID = 7071819092476537634
    $$$tc$$$ = class com.ibm.websphere.ras.TraceComponent@46ca4fec
      strings[0] = "TraceComponent[com.ibm.ws.resource.internal.ResourceFactoryTrackerData,class com.ibm.ws.resource.internal.ResourceFactoryTrackerData,[resource],com.ibm.ws.resource.internal.resources.Runtime,null]"
  serialVersionUID = -5395261454852493419
  $$$tc$$$ = class com.ibm.websphere.ras.TraceComponent@27ddfc06
    strings[0] = "TraceComponent[com.ibm.ws.resource.internal.ResourceFactoryTrackerData$1,class com.ibm.ws.resource.internal.ResourceFactoryTrackerData$1,[resource],com.ibm.ws.resource.internal.resources.Runtime,null]"

Dump of objectArray[0]
Object type = org.eclipse.osgi.internal.framework.EquinoxBundle
  equinoxContainer = class org.eclipse.osgi.internal.framework.EquinoxContainer@50e4fc47
    NAME = "org.eclipse.osgi"
    secureAction = class org.eclipse.osgi.framework.util.SecureAction@4d9c7699
      controlContext = class java.security.AccessControlContext@569a84f4
      bootClassLoader = class org.eclipse.osgi.framework.util.SecureAction$1$1@393671df
    equinoxConfig = class org.eclipse.osgi.internal.framework.EquinoxConfiguration@1eeafb45
      CONFIG_FILE = "config.ini"
      INTERNAL_OS_SUNOS = "SunOS"
      INTERNAL_OS_LINUX = "Linux"
      INTERNAL_OS_MACOSX = "Mac OS"
      INTERNAL_OS_AIX = "AIX"
      INTERNAL_OS_HPUX = "HP-UX"
      INTERNAL_OS_QNX = "QNX"
      INTERNAL_OS_OS400 = "OS/400"
      INTERNAL_OS_OS390 = "OS/390"
      INTERNAL_OS_ZOS = "z/OS"
      INTERNAL_OS_FREEBSD = "FreeBSD"
      INTERNAL_ARCH_I386 = "i386"
      INTERNAL_AMD64 = "amd64"
      VARIABLE_DELIM_STRING = "$"
      VARIABLE_DELIM_CHAR = $
      configValues = class org.eclipse.osgi.internal.framework.EquinoxConfiguration$ConfigValues@2758c256
      debug = class org.eclipse.osgi.internal.debug.Debug@2ab0122c
      debugOptions = class org.eclipse.osgi.internal.debug.FrameworkDebugOptions@1c6056c7
      hookRegistry = class org.eclipse.osgi.internal.hookregistry.HookRegistry@30d288e2
      aliasMapper = class org.eclipse.osgi.internal.framework.AliasMapper@754af16c
      equinoxLocations = class org.eclipse.osgi.internal.location.EquinoxLocations@1461d7e1
      allArgs = null
      frameworkArgs = null
      appArgs = null
      inDevelopmentMode = false
      devLocation = null
      devMonitor = class java.lang.Object@aa97dc4
      devDefaultClasspath = null
      devProperties = null
      devLastModified = 0
      contextBootDelegation = false
      compatibilityBootDelegation = false
      compatibilityLazyTriggerOnFailLoad = false
      LIB_EXTENSIONS = class java.util.Collections$UnmodifiableRandomAccessList@2e9861eb
      ECLIPSE_LIB_VARIANTS = class java.util.Collections$UnmodifiableRandomAccessList@cfb34c5
      COPY_NATIVES = false
      ECLIPSE_NL_JAR_VARIANTS = class java.util.ArrayList@16bf2464
      DEFINE_PACKAGE_ATTRIBUTES = true
      BUNDLE_SET_TCCL = true
      BSN_VERSION = 3
      BSN_VERSION_SINGLE = 1
      BSN_VERSION_MULTIPLE = 2
      BSN_VERSION_MANAGED = 3
      throwErrorOnFailedStart = true
      CLASS_CERTIFICATE = true
      PARALLEL_CAPABLE = false
      exceptions = class java.util.LinkedHashMap@57393c2a
      PROP_JVM_OS_ARCH = "os.arch"
      PROP_JVM_OS_NAME = "os.name"
      PROP_JVM_OS_VERSION = "os.version"
      PROP_JVM_SPEC_VERSION = "java.specification.version"
      PROP_JVM_SPEC_NAME = "java.specification.name"
      PROP_SETPERMS_CMD = "osgi.filepermissions.command"
      PROP_DEBUG = "osgi.debug"
      PROP_DEBUG_VERBOSE = "osgi.debug.verbose"
      PROP_DEV = "osgi.dev"
      PROP_CLEAN = "osgi.clean"
      PROP_USE_SYSTEM_PROPERTIES = "osgi.framework.useSystemProperties"
      PROP_FRAMEWORK = "osgi.framework"
      ECLIPSE_FRAMEWORK_VENDOR = "Eclipse"
      PROP_OSGI_JAVA_PROFILE = "osgi.java.profile"
      PROP_OSGI_JAVA_PROFILE_NAME = "osgi.java.profile.name"
      PROP_OSGI_JAVA_PROFILE_BOOTDELEGATION = "osgi.java.profile.bootdelegation"
      PROP_OSGI_BOOTDELEGATION_IGNORE = "ignore"
      PROP_OSGI_BOOTDELEGATION_OVERRIDE = "override"
      PROP_OSGI_BOOTDELEGATION_NONE = "none"
      PROP_CONTEXT_BOOTDELEGATION = "osgi.context.bootdelegation"
      PROP_COMPATIBILITY_BOOTDELEGATION = "osgi.compatibility.bootdelegation"
      PROP_DS_DELAYED_KEEPINSTANCES = "ds.delayed.keepInstances"
      PROP_COMPATIBILITY_ERROR_FAILED_START = "osgi.compatibility.errorOnFailedStart"
      PROP_COMPATIBILITY_START_LAZY = "osgi.compatibility.eagerStart.LazyActivation"
      PROP_COMPATIBILITY_START_LAZY_ON_FAIL_CLASSLOAD = "osgi.compatibility.trigger.lazyActivation.onFailedClassLoad"
      PROP_OSGI_OS = "osgi.os"
      PROP_OSGI_WS = "osgi.ws"
      PROP_OSGI_ARCH = "osgi.arch"
      PROP_OSGI_NL = "osgi.nl"
      PROP_OSGI_NL_USER = "osgi.nl.user"
      PROP_ROOT_LOCALE = "equinox.root.locale"
      PROP_PARENT_CLASSLOADER = "osgi.parentClassloader"
      PARENT_CLASSLOADER_FWK = "fwk"
      PROP_CONTEXTCLASSLOADER_PARENT = "osgi.contextClassLoaderParent"
      CONTEXTCLASSLOADER_PARENT_APP = "app"
      CONTEXTCLASSLOADER_PARENT_EXT = "ext"
      CONTEXTCLASSLOADER_PARENT_BOOT = "boot"
      CONTEXTCLASSLOADER_PARENT_FWK = "fwk"
      PROP_FRAMEWORK_LIBRARY_EXTENSIONS = "osgi.framework.library.extensions"
      PROP_COPY_NATIVES = "osgi.classloader.copy.natives"
      PROP_DEFINE_PACKAGES = "osgi.classloader.define.packages"
      PROP_BUNDLE_SETTCCL = "eclipse.bundle.setTCCL"
      PROP_EQUINOX_SECURITY = "eclipse.security"
      PROP_FILE_LIMIT = "osgi.bundlefile.limit"
      PROP_CLASS_CERTIFICATE_SUPPORT = "osgi.support.class.certificate"
      PROP_CLASS_LOADER_TYPE = "osgi.classloader.type"
      CLASS_LOADER_TYPE_PARALLEL = "parallel"
      PROP_FORCED_RESTART = "osgi.forcedRestart"
      PROP_IGNORE_USER_CONFIGURATION = "eclipse.ignoreUserConfiguration"
      PROPERTY_STRICT_BUNDLE_ENTRY_PATH = "osgi.strictBundleEntryPath"
      PROP_CHECK_CONFIGURATION = "osgi.checkConfiguration"
      inCheckConfigurationMode = true
      DEFAULT_STATE_SAVE_DELAY_INTERVAL = "30000"
      PROP_STATE_SAVE_DELAY_INTERVAL = "eclipse.stateSaveDelayInterval"
      PROP_MODULE_LOCK_TIMEOUT = "osgi.module.lock.timeout"
      PROP_MODULE_AUTO_START_ON_RESOLVE = "osgi.module.auto.start.on.resolve"
      PROP_ALLOW_RESTRICTED_PROVIDES = "osgi.equinox.allow.restricted.provides"
      PROP_LOG_HISTORY_MAX = "equinox.log.history.max"
      PROP_LOG_CAPTURE_ENTRY_LOCATION = "equinox.log.capture.entry.location"
      PROP_RESOLVER_THREAD_COUNT = "equinox.resolver.thead.count"
      PROP_EQUINOX_RESOLVER_THREAD_COUNT = "equinox.resolver.thread.count"
      PROP_EQUINOX_START_LEVEL_THREAD_COUNT = "equinox.start.level.thread.count"
      PROP_EQUINOX_START_LEVEL_RESTRICT_PARALLEL = "equinox.start.level.restrict.parallel"
      PROP_RESOLVER_REVISION_BATCH_SIZE = "equinox.resolver.revision.batch.size"
      PROP_RESOLVER_BATCH_TIMEOUT = "equinox.resolver.batch.timeout"
      PROP_SYSTEM_PROVIDE_HEADER = "equinox.system.provide.header"
      SYSTEM_PROVIDE_HEADER_ORIGINAL = "original"
      SYSTEM_PROVIDE_HEADER_SYSTEM = "system"
      SYSTEM_PROVIDE_HEADER_SYSTEM_EXTRA = "system.extra"
      PROP_DEFAULT_SUFFIX = ".default"
      PROP_WITH_ECLIPSE_STARTER_DEFAULTS = class java.util.Collections$UnmodifiableRandomAccessList@3a43881f
      PROP_INIT_UUID = "equinox.init.uuid"
      PROP_ACTIVE_THREAD_TYPE = "osgi.framework.activeThreadType"
      ACTIVE_THREAD_TYPE_NORMAL = "normal"
      PROP_GOSH_ARGS = "gosh.args"
    logServices = class org.eclipse.osgi.internal.log.EquinoxLogServices@5f87f9a5
      EQUINOX_LOGGER_NAME = "org.eclipse.equinox.logger"
      PERF_LOGGER_NAME = "org.eclipse.performance.logger"
      PROP_LOG_ENABLED = "eclipse.log.enabled"
      LOG_EXT = ".log"
      logServiceManager = class org.eclipse.osgi.internal.log.LogServiceManager@3ec2d9b8
      eclipseLogFactory = class org.eclipse.osgi.internal.log.EquinoxLogFactory@54a80e5f
      logWriter = class org.eclipse.osgi.internal.log.EquinoxLogWriter@cad5f5f
      perfWriter = class org.eclipse.osgi.internal.log.EquinoxLogWriter@27c2b447
      rootFrameworkLog = class org.eclipse.osgi.internal.log.EquinoxLogFactory$1@fe5a61e
      frameworkLogReg = class org.eclipse.osgi.internal.serviceregistry.ServiceRegistrationImpl@1b2b8b4b
      perfLogReg = class org.eclipse.osgi.internal.serviceregistry.ServiceRegistrationImpl@7d1a78d6
    storage = class org.eclipse.osgi.storage.Storage@55c93548
      VERSION = 5
      MR_JAR_VERSION = 4
      CACHED_SYSTEM_CAPS_VERION = 5
      LOWEST_VERSION_SUPPORTED = 3
      BUNDLE_DATA_DIR = "data"
      BUNDLE_FILE_NAME = "bundleFile"
      FRAMEWORK_INFO = "framework.info"
      ECLIPSE_SYSTEMBUNDLE = "Eclipse-SystemBundle"
      DELETE_FLAG = ".delete"
      LIB_TEMP = "libtemp"
      JAVASE = "JavaSE"
      PROFILE_EXT = ".profile"
      NUL = " "
      INITIAL_LOCATION = "initial@"
      secureAction = class org.eclipse.osgi.framework.util.SecureAction@7bffee0f
      equinoxContainer = class org.eclipse.osgi.internal.framework.EquinoxContainer@50e4fc47
      installPath = "/C:/Users/Józek/IdeaProjects/film-database/target/liberty/wlp/lib/"
      osgiLocation = class org.eclipse.osgi.internal.location.BasicLocation@7357cd70
      childRoot = class java.io.File@51708b3a
      parentRoot = null
      permissionData = class org.eclipse.osgi.storage.PermissionData@57c3a183
      securityAdmin = class org.eclipse.osgi.internal.permadmin.SecurityAdmin@53c8b2e2
      adaptor = class org.eclipse.osgi.internal.framework.EquinoxContainerAdaptor@1e39d9a6
      moduleDatabase = class org.eclipse.osgi.container.ModuleDatabase@4b45a800
      moduleContainer = class org.eclipse.osgi.container.ModuleContainer@6465f948
      saveMonitor = class java.lang.Object@1c0d752
      lastSavedTimestamp = 1605104692176
      mruList = class org.eclipse.osgi.storage.bundlefile.MRUBundleFileList@17092a2a
      extensionInstaller = class org.eclipse.osgi.storage.FrameworkExtensionInstaller@472d2584
      cachedHeaderKeys = class java.util.Arrays$ArrayList@214e80c9
      allowRestrictedProvides = true
      refreshMRBundles = class java.util.concurrent.atomic.AtomicBoolean@2633b9f5
      runtimeVersion = class org.osgi.framework.Version@78b59f63
      javaSpecVersion = "11"
    packageAdmin = class org.eclipse.osgi.internal.framework.legacy.PackageAdminImpl@779f8bf4
      container = class org.eclipse.osgi.container.ModuleContainer@6465f948
    startLevel = class org.eclipse.osgi.internal.framework.legacy.StartLevelImpl@59191320
      container = class org.eclipse.osgi.container.ModuleContainer@6465f948
    bootDelegation = class java.util.HashSet@39339377
      serialVersionUID = "/* Could not access serialVersionUID */"
      map = "/* Could not access map */"
      PRESENT = "/* Could not access PRESENT */"
      MAX_ARRAY_SIZE = "/* Could not access MAX_ARRAY_SIZE */"
    bootDelegationStems = class java.lang.String[12]
      String[0] = "sun."
      String[1] = "com.sun."
      String[2] = "com.ibm.ws.boot.delegated."
      String[3] = "org.apache.xml."
      String[4] = "org.apache.xerces."
      String[5] = "com.ibm.xylem."
      String[6] = "com.ibm.xml."
      String[7] = "com.ibm.xtq."
      String[8] = "com.ibm.net.ssl."
      String[9] = "com.ibm.crypto."
      String[10] = "com.ibm.security."
      String[11] = "jdk."
    bootDelegateAll = false
    isProcessClassRecursionSupportedByAll = false
    eventPublisher = class org.eclipse.osgi.internal.framework.EquinoxEventPublisher@2e076d1a
      eventHookName = "org.osgi.framework.hooks.bundle.EventHook"
      collisionHookName = "org.osgi.framework.hooks.bundle.CollisionHook"
      FRAMEWORK_STOPPED_MASK = 448
      BUNDLEEVENT = 1
      BUNDLEEVENTSYNC = 2
      FRAMEWORKEVENT = 4
      container = class org.eclipse.osgi.internal.framework.EquinoxContainer@50e4fc47
      monitor = class java.lang.Object@6cda2d4e
      eventManager = class org.eclipse.osgi.framework.eventmgr.EventManager@6e65b905
      allBundleListeners = class java.util.LinkedHashMap@55a8ecc1
      allSyncBundleListeners = class java.util.LinkedHashMap@6a4a58b5
      allFrameworkListeners = class java.util.LinkedHashMap@5747a8ef
    monitor = class java.lang.Object@3f96fbe9
    bootLoader = class jdk.internal.loader.ClassLoaders$PlatformClassLoader@1a1b7f47
      parent = "/* Could not access parent */"
      ucp = "/* Could not access ucp */"
      packageToModule = "/* Could not access packageToModule */"
      nameToModule = "/* Could not access nameToModule */"
      moduleToReader = "/* Could not access moduleToReader */"
      resourceCache = "/* Could not access resourceCache */"
      $assertionsDisabled = "/* Could not access $assertionsDisabled */"
      initialized = "/* Could not access initialized */"
      pdcache = "/* Could not access pdcache */"
      parent = "/* Could not access parent */"
      name = "/* Could not access name */"
      unnamedModule = "/* Could not access unnamedModule */"
      nameAndId = "/* Could not access nameAndId */"
      parallelLockMap = "/* Could not access parallelLockMap */"
      package2certs = "/* Could not access package2certs */"
      nocerts = "/* Could not access nocerts */"
      classes = "/* Could not access classes */"
      defaultDomain = "/* Could not access defaultDomain */"
      packages = "/* Could not access packages */"
      scl = "/* Could not access scl */"
      usr_paths = "/* Could not access usr_paths */"
      sys_paths = "/* Could not access sys_paths */"
      loadedLibraryNames = "/* Could not access loadedLibraryNames */"
      systemNativeLibraries = "/* Could not access systemNativeLibraries */"
      nativeLibraries = "/* Could not access nativeLibraries */"
      assertionLock = "/* Could not access assertionLock */"
      defaultAssertionStatus = "/* Could not access defaultAssertionStatus */"
      packageAssertionStatus = "/* Could not access packageAssertionStatus */"
      classAssertionStatus = "/* Could not access classAssertionStatus */"
      classLoaderValueMap = "/* Could not access classLoaderValueMap */"
      $assertionsDisabled = "/* Could not access $assertionsDisabled */"
    serviceRegistry = class org.eclipse.osgi.internal.serviceregistry.ServiceRegistry@120da400
      SERVICEEVENT = 3
      findHookName = "org.osgi.framework.hooks.service.FindHook"
      eventHookName = "org.osgi.framework.hooks.service.EventHook"
      eventListenerHookName = "org.osgi.framework.hooks.service.EventListenerHook"
      listenerHookName = "org.osgi.framework.hooks.service.ListenerHook"
      publishedServicesByClass = class java.util.HashMap@537556dd
      allPublishedServices = class java.util.ArrayList@7e750a9b
      publishedServicesByContext = class java.util.HashMap@2845e7a1
      serviceid = 531
      serviceEventListeners = class java.util.LinkedHashMap@587397af
      initialCapacity = 50
      initialSubCapacity = 10
      container = class org.eclipse.osgi.internal.framework.EquinoxContainer@50e4fc47
      systemBundleContext = class org.eclipse.osgi.internal.framework.BundleContextImpl@797b0699
      debug = class org.eclipse.osgi.internal.debug.Debug@2ab0122c
      $assertionsDisabled = true
    contextFinder = class org.eclipse.osgi.internal.framework.ContextFinder@7d94beb9
      cycleDetector = class java.lang.ThreadLocal@240113ea
      finderClassLoader = class com.ibm.ws.kernel.internal.classloader.BootstrapChildFirstJarClassloader@6043cd28
      contextFinder = class org.eclipse.osgi.internal.framework.ContextFinder$Finder@1c892b6
      THIS = class java.lang.Class@57d7f8ca
      parentContextClassLoader = class jdk.internal.loader.ClassLoaders$AppClassLoader@2437c6dc
      parent = "/* Could not access parent */"
      name = "/* Could not access name */"
      unnamedModule = "/* Could not access unnamedModule */"
      nameAndId = "/* Could not access nameAndId */"
      parallelLockMap = "/* Could not access parallelLockMap */"
      package2certs = "/* Could not access package2certs */"
      nocerts = "/* Could not access nocerts */"
      classes = "/* Could not access classes */"
      defaultDomain = "/* Could not access defaultDomain */"
      packages = "/* Could not access packages */"
      scl = "/* Could not access scl */"
      usr_paths = "/* Could not access usr_paths */"
      sys_paths = "/* Could not access sys_paths */"
      loadedLibraryNames = "/* Could not access loadedLibraryNames */"
      systemNativeLibraries = "/* Could not access systemNativeLibraries */"
      nativeLibraries = "/* Could not access nativeLibraries */"
      assertionLock = "/* Could not access assertionLock */"
      defaultAssertionStatus = "/* Could not access defaultAssertionStatus */"
      packageAssertionStatus = "/* Could not access packageAssertionStatus */"
      classAssertionStatus = "/* Could not access classAssertionStatus */"
      classLoaderValueMap = "/* Could not access classLoaderValueMap */"
      $assertionsDisabled = "/* Could not access $assertionsDisabled */"
    signedContentFactory = class org.osgi.util.tracker.ServiceTracker@5b05519a
      DEBUG = false
      context = class org.eclipse.osgi.internal.framework.BundleContextImpl@797b0699
      filter = class org.eclipse.osgi.internal.framework.FilterImpl$Equal@14a99e93
      customizer = class org.osgi.util.tracker.ServiceTracker@5b05519a
      listenerFilter = "(objectClass=org.eclipse.osgi.signedcontent.SignedContentFactory)"
      trackClass = "org.eclipse.osgi.signedcontent.SignedContentFactory"
      trackReference = null
      tracked = class org.osgi.util.tracker.ServiceTracker$Tracked@6f5b623
      cachedReference = null
      cachedService = null
    executor = class java.util.concurrent.ScheduledThreadPoolExecutor@4e7f985d
      continueExistingPeriodicTasksAfterShutdown = "/* Could not access continueExistingPeriodicTasksAfterShutdown */"
      executeExistingDelayedTasksAfterShutdown = "/* Could not access executeExistingDelayedTasksAfterShutdown */"
      removeOnCancel = "/* Could not access removeOnCancel */"
      sequencer = "/* Could not access sequencer */"
      DEFAULT_KEEPALIVE_MILLIS = "/* Could not access DEFAULT_KEEPALIVE_MILLIS */"
      ctl = "/* Could not access ctl */"
      COUNT_BITS = "/* Could not access COUNT_BITS */"
      COUNT_MASK = "/* Could not access COUNT_MASK */"
      RUNNING = "/* Could not access RUNNING */"
      SHUTDOWN = "/* Could not access SHUTDOWN */"
      STOP = "/* Could not access STOP */"
      TIDYING = "/* Could not access TIDYING */"
      TERMINATED = "/* Could not access TERMINATED */"
      workQueue = "/* Could not access workQueue */"
      mainLock = "/* Could not access mainLock */"
      workers = "/* Could not access workers */"
      termination = "/* Could not access termination */"
      largestPoolSize = "/* Could not access largestPoolSize */"
      completedTaskCount = "/* Could not access completedTaskCount */"
      threadFactory = "/* Could not access threadFactory */"
      handler = "/* Could not access handler */"
      keepAliveTime = "/* Could not access keepAliveTime */"
      allowCoreThreadTimeOut = "/* Could not access allowCoreThreadTimeOut */"
      corePoolSize = "/* Could not access corePoolSize */"
      maximumPoolSize = "/* Could not access maximumPoolSize */"
      defaultHandler = "/* Could not access defaultHandler */"
      shutdownPerm = "/* Could not access shutdownPerm */"
      ONLY_ONE = "/* Could not access ONLY_ONE */"
      $assertionsDisabled = "/* Could not access $assertionsDisabled */"
    storageSaver = class org.eclipse.osgi.internal.framework.StorageSaver@46be7bc8
      container = class org.eclipse.osgi.internal.framework.EquinoxContainer@50e4fc47
      delay = 30000
      future = class java.util.concurrent.ScheduledThreadPoolExecutor$ScheduledFutureTask@6f4bce8e
      hook = class java.lang.Thread@3116c353
      task = class org.eclipse.osgi.internal.framework.StorageSaver$StorageSaverTask@385b07
  module = class org.eclipse.osgi.internal.framework.EquinoxBundle$EquinoxModule@286e32e
    this$0 = class org.eclipse.osgi.internal.framework.EquinoxBundle@21c0139e
    ACTIVE_SET = class java.util.RegularEnumSet@44690e06
      serialVersionUID = "/* Could not access serialVersionUID */"
      elements = "/* Could not access elements */"
      serialPersistentFields = "/* Could not access serialPersistentFields */"
      elementType = "/* Could not access elementType */"
      universe = "/* Could not access universe */"
      MAX_ARRAY_SIZE = "/* Could not access MAX_ARRAY_SIZE */"
    RESOLVED_SET = class java.util.RegularEnumSet@71bc5d78
      serialVersionUID = "/* Could not access serialVersionUID */"
      elements = "/* Could not access elements */"
      serialPersistentFields = "/* Could not access serialPersistentFields */"
      elementType = "/* Could not access elementType */"
      universe = "/* Could not access universe */"
      MAX_ARRAY_SIZE = "/* Could not access MAX_ARRAY_SIZE */"
    id = 142
    location = "feature@reference:file:/C:/Users/Józek/IdeaProjects/film-database/target/liberty/wlp/lib/com.ibm.ws.jpa.container_1.0.46.jar"
    revisions = class org.eclipse.osgi.container.ModuleRevisions@5351de1e
      monitor = class java.lang.Object@3871e26
      module = class org.eclipse.osgi.internal.framework.EquinoxBundle$EquinoxModule@286e32e
      container = class org.eclipse.osgi.container.ModuleContainer@6465f948
      revisions = class java.util.ArrayList@38c0e3b2
      uninstalled = false
      uninstalledCurrent = null
    stateChangeLock = class org.eclipse.osgi.internal.container.EquinoxReentrantLock@77a5e263
      serialVersionUID = 1
      serialVersionUID = "/* Could not access serialVersionUID */"
      sync = "/* Could not access sync */"
    stateTransitionEvents = class java.util.RegularEnumSet@420ff02a
      serialVersionUID = "/* Could not access serialVersionUID */"
      elements = "/* Could not access elements */"
      serialPersistentFields = "/* Could not access serialPersistentFields */"
      elementType = "/* Could not access elementType */"
      universe = "/* Could not access universe */"
      MAX_ARRAY_SIZE = "/* Could not access MAX_ARRAY_SIZE */"
    settings = class java.util.RegularEnumSet@72b87deb
      serialVersionUID = "/* Could not access serialVersionUID */"
      elements = "/* Could not access elements */"
      serialPersistentFields = "/* Could not access serialPersistentFields */"
      elementType = "/* Could not access elementType */"
      universe = "/* Could not access universe */"
      MAX_ARRAY_SIZE = "/* Could not access MAX_ARRAY_SIZE */"
    inStart = class java.util.concurrent.atomic.AtomicInteger@2fc4ec8c
      serialVersionUID = "/* Could not access serialVersionUID */"
      U = "/* Could not access U */"
      VALUE = "/* Could not access VALUE */"
      value = "/* Could not access value */"
      serialVersionUID = "/* Could not access serialVersionUID */"
    state = class org.eclipse.osgi.container.Module$State@50c1fa6a
      INSTALLED = class org.eclipse.osgi.container.Module$State@4f489bbe
      RESOLVED = class org.eclipse.osgi.container.Module$State@6dbf111f
      LAZY_STARTING = class org.eclipse.osgi.container.Module$State@2a89be30
      STARTING = class org.eclipse.osgi.container.Module$State@4fbaf7f
      ACTIVE = class org.eclipse.osgi.container.Module$State@50c1fa6a
      STOPPING = class org.eclipse.osgi.container.Module$State@f654135
      UNINSTALLED = class org.eclipse.osgi.container.Module$State@1ac78e2f
      ENUM$VALUES = class org.eclipse.osgi.container.Module$State[7]
      name = "/* Could not access name */"
      ordinal = "/* Could not access ordinal */"
    startlevel = 12
    lastModified = 1605104693171
    VALID_RESOLVED_TRANSITION = class java.util.RegularEnumSet@2048e2d7
      serialVersionUID = "/* Could not access serialVersionUID */"
      elements = "/* Could not access elements */"
      serialPersistentFields = "/* Could not access serialPersistentFields */"
      elementType = "/* Could not access elementType */"
      universe = "/* Could not access universe */"
      MAX_ARRAY_SIZE = "/* Could not access MAX_ARRAY_SIZE */"
    VALID_STOPPED_TRANSITION = class java.util.RegularEnumSet@652be0c1
      serialVersionUID = "/* Could not access serialVersionUID */"
      elements = "/* Could not access elements */"
      serialPersistentFields = "/* Could not access serialPersistentFields */"
      elementType = "/* Could not access elementType */"
      universe = "/* Could not access universe */"
      MAX_ARRAY_SIZE = "/* Could not access MAX_ARRAY_SIZE */"
    $SWITCH_TABLE$org$eclipse$osgi$container$ModuleContainerAdaptor$ModuleEvent = {1,2,3,4,5,6,7,8,9,10} /* array length = 10 */
  monitor = class java.lang.Object@2c938292
  context = class org.eclipse.osgi.internal.framework.BundleContextImpl@4a353f3f
    findHookName = "org.osgi.framework.hooks.bundle.FindHook"
    valid = true
    bundle = class org.eclipse.osgi.internal.framework.EquinoxBundle@21c0139e
    container = class org.eclipse.osgi.internal.framework.EquinoxContainer@50e4fc47
    debug = class org.eclipse.osgi.internal.debug.Debug@2ab0122c
      ECLIPSE_OSGI = "org.eclipse.osgi"
      OPTION_DEBUG_GENERAL = "org.eclipse.osgi/debug"
      OPTION_DEBUG_BUNDLE_TIME = "org.eclipse.osgi/debug/bundleTime"
      OPTION_DEBUG_BUNDLE_START_TIME = "org.eclipse.osgi/debug/bundleStartTime"
      OPTION_DEBUG_LOADER = "org.eclipse.osgi/debug/loader"
      OPTION_DEBUG_STORAGE = "org.eclipse.osgi/debug/storage"
      OPTION_DEBUG_EVENTS = "org.eclipse.osgi/debug/events"
      OPTION_DEBUG_SERVICES = "org.eclipse.osgi/debug/services"
      OPTION_DEBUG_HOOKS = "org.eclipse.osgi/debug/hooks"
      OPTION_DEBUG_MANIFEST = "org.eclipse.osgi/debug/manifest"
      OPTION_DEBUG_FILTER = "org.eclipse.osgi/debug/filter"
      OPTION_DEBUG_SECURITY = "org.eclipse.osgi/debug/security"
      OPTION_DEBUG_STARTLEVEL = "org.eclipse.osgi/debug/startlevel"
      OPTION_DEBUG_PACKAGEADMIN = "org.eclipse.osgi/debug/packageadmin"
      OPTION_DEBUG_PACKAGEADMIN_TIMING = "org.eclipse.osgi/debug/packageadmin/timing"
      OPTION_MONITOR_ACTIVATION = "org.eclipse.osgi/monitor/activation"
      OPTION_MONITOR_LAZY = "org.eclipse.osgi/monitor/lazy"
      OPTION_DEBUG_MESSAGE_BUNDLES = "org.eclipse.osgi/debug/messageBundles"
      OPTION_DEBUG_LOCATION = "org.eclipse.osgi/debug/location"
      OPTION_CACHED_MANIFEST = "org.eclipse.osgi/debug/cachedmanifest"
      OPTION_DEBUG_SYSTEM_BUNDLE = "org.eclipse.osgi/debug/systemBundle"
      OPTION_DEBUG_BUNDLE_FILE = "org.eclipse.osgi/debug/bundleFile"
      DEBUG_GENERAL = false
      DEBUG_BUNDLE_TIME = false
      DEBUG_LOADER = false
      DEBUG_STORAGE = false
      DEBUG_EVENTS = false
      DEBUG_SERVICES = false
      DEBUG_HOOKS = false
      DEBUG_MANIFEST = false
      DEBUG_FILTER = false
      DEBUG_SECURITY = false
      DEBUG_STARTLEVEL = false
      DEBUG_PACKAGEADMIN = false
      DEBUG_PACKAGEADMIN_TIMING = false
      DEBUG_MESSAGE_BUNDLES = false
      MONITOR_ACTIVATION = false
      DEBUG_LOCATION = false
      DEBUG_CACHED_MANIFEST = false
      DEBUG_SYSTEM_BUNDLE = false
      DEBUG_BUNDLE_FILE = false
      out = class com.ibm.ws.logging.internal.impl.BaseTraceService$TeePrintStream@3b23ee71
    servicesInUse = class java.util.HashMap@77aaa5ed
      serialVersionUID = "/* Could not access serialVersionUID */"
      DEFAULT_INITIAL_CAPACITY = "/* Could not access DEFAULT_INITIAL_CAPACITY */"
      MAXIMUM_CAPACITY = "/* Could not access MAXIMUM_CAPACITY */"
      DEFAULT_LOAD_FACTOR = "/* Could not access DEFAULT_LOAD_FACTOR */"
      TREEIFY_THRESHOLD = "/* Could not access TREEIFY_THRESHOLD */"
      UNTREEIFY_THRESHOLD = "/* Could not access UNTREEIFY_THRESHOLD */"
      MIN_TREEIFY_CAPACITY = "/* Could not access MIN_TREEIFY_CAPACITY */"
      table = "/* Could not access table */"
      entrySet = "/* Could not access entrySet */"
      size = "/* Could not access size */"
      modCount = "/* Could not access modCount */"
      threshold = "/* Could not access threshold */"
      loadFactor = "/* Could not access loadFactor */"
      keySet = "/* Could not access keySet */"
      values = "/* Could not access values */"
    activator = null
    contextLock = class java.lang.Object@4a999592
  signerInfos = null
  $SWITCH_TABLE$org$eclipse$osgi$container$Module$State = {1,2,3,4,5,6,7} /* array length = 7 */

Dump of objectArray[1]
Object type = org.eclipse.osgi.internal.serviceregistry.ServiceRegistrationImpl
  registry = class org.eclipse.osgi.internal.serviceregistry.ServiceRegistry@120da400
    SERVICEEVENT = 3
    findHookName = "org.osgi.framework.hooks.service.FindHook"
    eventHookName = "org.osgi.framework.hooks.service.EventHook"
    eventListenerHookName = "org.osgi.framework.hooks.service.EventListenerHook"
    listenerHookName = "org.osgi.framework.hooks.service.ListenerHook"
    publishedServicesByClass = class java.util.HashMap@537556dd
      serialVersionUID = "/* Could not access serialVersionUID */"
      DEFAULT_INITIAL_CAPACITY = "/* Could not access DEFAULT_INITIAL_CAPACITY */"
      MAXIMUM_CAPACITY = "/* Could not access MAXIMUM_CAPACITY */"
      DEFAULT_LOAD_FACTOR = "/* Could not access DEFAULT_LOAD_FACTOR */"
      TREEIFY_THRESHOLD = "/* Could not access TREEIFY_THRESHOLD */"
      UNTREEIFY_THRESHOLD = "/* Could not access UNTREEIFY_THRESHOLD */"
      MIN_TREEIFY_CAPACITY = "/* Could not access MIN_TREEIFY_CAPACITY */"
      table = "/* Could not access table */"
      entrySet = "/* Could not access entrySet */"
      size = "/* Could not access size */"
      modCount = "/* Could not access modCount */"
      threshold = "/* Could not access threshold */"
      loadFactor = "/* Could not access loadFactor */"
      keySet = "/* Could not access keySet */"
      values = "/* Could not access values */"
    allPublishedServices = class java.util.ArrayList@7e750a9b
      serialVersionUID = "/* Could not access serialVersionUID */"
      DEFAULT_CAPACITY = "/* Could not access DEFAULT_CAPACITY */"
      EMPTY_ELEMENTDATA = "/* Could not access EMPTY_ELEMENTDATA */"
      DEFAULTCAPACITY_EMPTY_ELEMENTDATA = "/* Could not access DEFAULTCAPACITY_EMPTY_ELEMENTDATA */"
      elementData = "/* Could not access elementData */"
      size = "/* Could not access size */"
      MAX_ARRAY_SIZE = "/* Could not access MAX_ARRAY_SIZE */"
      modCount = "/* Could not access modCount */"
      MAX_ARRAY_SIZE = "/* Could not access MAX_ARRAY_SIZE */"
    publishedServicesByContext = class java.util.HashMap@2845e7a1
      serialVersionUID = "/* Could not access serialVersionUID */"
      DEFAULT_INITIAL_CAPACITY = "/* Could not access DEFAULT_INITIAL_CAPACITY */"
      MAXIMUM_CAPACITY = "/* Could not access MAXIMUM_CAPACITY */"
      DEFAULT_LOAD_FACTOR = "/* Could not access DEFAULT_LOAD_FACTOR */"
      TREEIFY_THRESHOLD = "/* Could not access TREEIFY_THRESHOLD */"
      UNTREEIFY_THRESHOLD = "/* Could not access UNTREEIFY_THRESHOLD */"
      MIN_TREEIFY_CAPACITY = "/* Could not access MIN_TREEIFY_CAPACITY */"
      table = "/* Could not access table */"
      entrySet = "/* Could not access entrySet */"
      size = "/* Could not access size */"
      modCount = "/* Could not access modCount */"
      threshold = "/* Could not access threshold */"
      loadFactor = "/* Could not access loadFactor */"
      keySet = "/* Could not access keySet */"
      values = "/* Could not access values */"
    serviceid = 531
    serviceEventListeners = class java.util.LinkedHashMap@587397af
      serialVersionUID = "/* Could not access serialVersionUID */"
      head = "/* Could not access head */"
      tail = "/* Could not access tail */"
      accessOrder = "/* Could not access accessOrder */"
      serialVersionUID = "/* Could not access serialVersionUID */"
      DEFAULT_INITIAL_CAPACITY = "/* Could not access DEFAULT_INITIAL_CAPACITY */"
      MAXIMUM_CAPACITY = "/* Could not access MAXIMUM_CAPACITY */"
      DEFAULT_LOAD_FACTOR = "/* Could not access DEFAULT_LOAD_FACTOR */"
      TREEIFY_THRESHOLD = "/* Could not access TREEIFY_THRESHOLD */"
      UNTREEIFY_THRESHOLD = "/* Could not access UNTREEIFY_THRESHOLD */"
      MIN_TREEIFY_CAPACITY = "/* Could not access MIN_TREEIFY_CAPACITY */"
      table = "/* Could not access table */"
      entrySet = "/* Could not access entrySet */"
      size = "/* Could not access size */"
      modCount = "/* Could not access modCount */"
      threshold = "/* Could not access threshold */"
      loadFactor = "/* Could not access loadFactor */"
      keySet = "/* Could not access keySet */"
      values = "/* Could not access values */"
    initialCapacity = 50
    initialSubCapacity = 10
    container = class org.eclipse.osgi.internal.framework.EquinoxContainer@50e4fc47
    systemBundleContext = class org.eclipse.osgi.internal.framework.BundleContextImpl@797b0699
      findHookName = "org.osgi.framework.hooks.bundle.FindHook"
      valid = true
      bundle = class org.eclipse.osgi.internal.framework.EquinoxBundle$SystemBundle@704deff2
      container = class org.eclipse.osgi.internal.framework.EquinoxContainer@50e4fc47
      debug = class org.eclipse.osgi.internal.debug.Debug@2ab0122c
      servicesInUse = class java.util.HashMap@8100323
      activator = class org.eclipse.osgi.internal.framework.SystemBundleActivator@69094155
      contextLock = class java.lang.Object@55d4d4c2
    debug = class org.eclipse.osgi.internal.debug.Debug@2ab0122c
    $assertionsDisabled = true
  context = class org.eclipse.osgi.internal.framework.BundleContextImpl@1763005
    findHookName = "org.osgi.framework.hooks.bundle.FindHook"
    valid = true
    bundle = class org.eclipse.osgi.internal.framework.EquinoxBundle@1e5a4f29
    container = class org.eclipse.osgi.internal.framework.EquinoxContainer@50e4fc47
      NAME = "org.eclipse.osgi"
      secureAction = class org.eclipse.osgi.framework.util.SecureAction@4d9c7699
      equinoxConfig = class org.eclipse.osgi.internal.framework.EquinoxConfiguration@1eeafb45
      logServices = class org.eclipse.osgi.internal.log.EquinoxLogServices@5f87f9a5
      storage = class org.eclipse.osgi.storage.Storage@55c93548
      packageAdmin = class org.eclipse.osgi.internal.framework.legacy.PackageAdminImpl@779f8bf4
      startLevel = class org.eclipse.osgi.internal.framework.legacy.StartLevelImpl@59191320
      bootDelegation = class java.util.HashSet@39339377
      bootDelegationStems = class java.lang.String[12]
      bootDelegateAll = false
      isProcessClassRecursionSupportedByAll = false
      eventPublisher = class org.eclipse.osgi.internal.framework.EquinoxEventPublisher@2e076d1a
      monitor = class java.lang.Object@3f96fbe9
      bootLoader = class jdk.internal.loader.ClassLoaders$PlatformClassLoader@1a1b7f47
      serviceRegistry = class org.eclipse.osgi.internal.serviceregistry.ServiceRegistry@120da400
      contextFinder = class org.eclipse.osgi.internal.framework.ContextFinder@7d94beb9
      signedContentFactory = class org.osgi.util.tracker.ServiceTracker@5b05519a
      executor = class java.util.concurrent.ScheduledThreadPoolExecutor@4e7f985d
      storageSaver = class org.eclipse.osgi.internal.framework.StorageSaver@46be7bc8
    debug = class org.eclipse.osgi.internal.debug.Debug@2ab0122c
      ECLIPSE_OSGI = "org.eclipse.osgi"
      OPTION_DEBUG_GENERAL = "org.eclipse.osgi/debug"
      OPTION_DEBUG_BUNDLE_TIME = "org.eclipse.osgi/debug/bundleTime"
      OPTION_DEBUG_BUNDLE_START_TIME = "org.eclipse.osgi/debug/bundleStartTime"
      OPTION_DEBUG_LOADER = "org.eclipse.osgi/debug/loader"
      OPTION_DEBUG_STORAGE = "org.eclipse.osgi/debug/storage"
      OPTION_DEBUG_EVENTS = "org.eclipse.osgi/debug/events"
      OPTION_DEBUG_SERVICES = "org.eclipse.osgi/debug/services"
      OPTION_DEBUG_HOOKS = "org.eclipse.osgi/debug/hooks"
      OPTION_DEBUG_MANIFEST = "org.eclipse.osgi/debug/manifest"
      OPTION_DEBUG_FILTER = "org.eclipse.osgi/debug/filter"
      OPTION_DEBUG_SECURITY = "org.eclipse.osgi/debug/security"
      OPTION_DEBUG_STARTLEVEL = "org.eclipse.osgi/debug/startlevel"
      OPTION_DEBUG_PACKAGEADMIN = "org.eclipse.osgi/debug/packageadmin"
      OPTION_DEBUG_PACKAGEADMIN_TIMING = "org.eclipse.osgi/debug/packageadmin/timing"
      OPTION_MONITOR_ACTIVATION = "org.eclipse.osgi/monitor/activation"
      OPTION_MONITOR_LAZY = "org.eclipse.osgi/monitor/lazy"
      OPTION_DEBUG_MESSAGE_BUNDLES = "org.eclipse.osgi/debug/messageBundles"
      OPTION_DEBUG_LOCATION = "org.eclipse.osgi/debug/location"
      OPTION_CACHED_MANIFEST = "org.eclipse.osgi/debug/cachedmanifest"
      OPTION_DEBUG_SYSTEM_BUNDLE = "org.eclipse.osgi/debug/systemBundle"
      OPTION_DEBUG_BUNDLE_FILE = "org.eclipse.osgi/debug/bundleFile"
      DEBUG_GENERAL = false
      DEBUG_BUNDLE_TIME = false
      DEBUG_LOADER = false
      DEBUG_STORAGE = false
      DEBUG_EVENTS = false
      DEBUG_SERVICES = false
      DEBUG_HOOKS = false
      DEBUG_MANIFEST = false
      DEBUG_FILTER = false
      DEBUG_SECURITY = false
      DEBUG_STARTLEVEL = false
      DEBUG_PACKAGEADMIN = false
      DEBUG_PACKAGEADMIN_TIMING = false
      DEBUG_MESSAGE_BUNDLES = false
      MONITOR_ACTIVATION = false
      DEBUG_LOCATION = false
      DEBUG_CACHED_MANIFEST = false
      DEBUG_SYSTEM_BUNDLE = false
      DEBUG_BUNDLE_FILE = false
      out = class com.ibm.ws.logging.internal.impl.BaseTraceService$TeePrintStream@3b23ee71
    servicesInUse = class java.util.HashMap@422456f3
      serialVersionUID = "/* Could not access serialVersionUID */"
      DEFAULT_INITIAL_CAPACITY = "/* Could not access DEFAULT_INITIAL_CAPACITY */"
      MAXIMUM_CAPACITY = "/* Could not access MAXIMUM_CAPACITY */"
      DEFAULT_LOAD_FACTOR = "/* Could not access DEFAULT_LOAD_FACTOR */"
      TREEIFY_THRESHOLD = "/* Could not access TREEIFY_THRESHOLD */"
      UNTREEIFY_THRESHOLD = "/* Could not access UNTREEIFY_THRESHOLD */"
      MIN_TREEIFY_CAPACITY = "/* Could not access MIN_TREEIFY_CAPACITY */"
      table = "/* Could not access table */"
      entrySet = "/* Could not access entrySet */"
      size = "/* Could not access size */"
      modCount = "/* Could not access modCount */"
      threshold = "/* Could not access threshold */"
      loadFactor = "/* Could not access loadFactor */"
      keySet = "/* Could not access keySet */"
      values = "/* Could not access values */"
    activator = null
    contextLock = class java.lang.Object@2bc70613
  bundle = class org.eclipse.osgi.internal.framework.EquinoxBundle@1e5a4f29
    equinoxContainer = class org.eclipse.osgi.internal.framework.EquinoxContainer@50e4fc47
    module = class org.eclipse.osgi.internal.framework.EquinoxBundle$EquinoxModule@5ba45214
      this$0 = class org.eclipse.osgi.internal.framework.EquinoxBundle@1e5a4f29
      ACTIVE_SET = class java.util.RegularEnumSet@44690e06
      RESOLVED_SET = class java.util.RegularEnumSet@71bc5d78
      id = 180
      location = "feature@reference:file:/C:/Users/Józek/IdeaProjects/film-database/target/liberty/wlp/lib/com.ibm.ws.jdbc_1.0.46.jar"
      revisions = class org.eclipse.osgi.container.ModuleRevisions@fb587d
      stateChangeLock = class org.eclipse.osgi.internal.container.EquinoxReentrantLock@4032b4e0
      stateTransitionEvents = class java.util.RegularEnumSet@4c278bde
      settings = class java.util.RegularEnumSet@5f6358bf
      inStart = class java.util.concurrent.atomic.AtomicInteger@501cb9e
      state = class org.eclipse.osgi.container.Module$State@50c1fa6a
      startlevel = 12
      lastModified = 1605104693281
      VALID_RESOLVED_TRANSITION = class java.util.RegularEnumSet@2048e2d7
      VALID_STOPPED_TRANSITION = class java.util.RegularEnumSet@652be0c1
      $SWITCH_TABLE$org$eclipse$osgi$container$ModuleContainerAdaptor$ModuleEvent = {1,2,3,4,5,6,7,8,9,10} /* array length = 10 */
    monitor = class java.lang.Object@7d61f955
    context = class org.eclipse.osgi.internal.framework.BundleContextImpl@1763005
    signerInfos = null
    $SWITCH_TABLE$org$eclipse$osgi$container$Module$State = {1,2,3,4,5,6,7} /* array length = 7 */
  clazzes = class java.lang.String[1]
    String[0] = "javax.sql.DataSource"
  service = class com.ibm.ws.resource.internal.ResourceFactoryTrackerData$1@4e076a88
    val$ref = class org.eclipse.osgi.internal.serviceregistry.ServiceReferenceImpl@bd1f5ec
      registration = class org.eclipse.osgi.internal.serviceregistry.ServiceRegistrationImpl@4366ad7a
    this$0 = class com.ibm.ws.resource.internal.ResourceFactoryTrackerData@72f6a105
      JNDI_SERVICENAME = "osgi.jndi.service.name"
      context = class org.eclipse.osgi.internal.framework.BundleContextImpl@1763005
      registration = class org.eclipse.osgi.internal.serviceregistry.ServiceRegistrationImpl@36281101
      interfaces = class java.lang.String[1]
      serialVersionUID = 7071819092476537634
      $$$tc$$$ = class com.ibm.websphere.ras.TraceComponent@46ca4fec
    serialVersionUID = -5395261454852493419
    $$$tc$$$ = class com.ibm.websphere.ras.TraceComponent@27ddfc06
      strings[0] = "TraceComponent[com.ibm.ws.resource.internal.ResourceFactoryTrackerData$1,class com.ibm.ws.resource.internal.ResourceFactoryTrackerData$1,[resource],com.ibm.ws.resource.internal.resources.Runtime,null]"
  reference = class org.eclipse.osgi.internal.serviceregistry.ServiceReferenceImpl@11549b9b
    registration = class org.eclipse.osgi.internal.serviceregistry.ServiceRegistrationImpl@36281101
  contextsUsing = class java.util.ArrayList@566dee3d
    serialVersionUID = "/* Could not access serialVersionUID */"
    DEFAULT_CAPACITY = "/* Could not access DEFAULT_CAPACITY */"
    EMPTY_ELEMENTDATA = "/* Could not access EMPTY_ELEMENTDATA */"
    DEFAULTCAPACITY_EMPTY_ELEMENTDATA = "/* Could not access DEFAULTCAPACITY_EMPTY_ELEMENTDATA */"
    elementData = "/* Could not access elementData */"
    size = "/* Could not access size */"
    MAX_ARRAY_SIZE = "/* Could not access MAX_ARRAY_SIZE */"
    modCount = "/* Could not access modCount */"
    MAX_ARRAY_SIZE = "/* Could not access MAX_ARRAY_SIZE */"
  properties = class java.util.Collections$UnmodifiableMap@7dea6a36
    serialVersionUID = "/* Could not access serialVersionUID */"
    m = "/* Could not access m */"
    keySet = "/* Could not access keySet */"
    entrySet = "/* Could not access entrySet */"
    values = "/* Could not access values */"
  serviceid = 420
  serviceranking = 0
  registrationLock = class java.lang.Object@e1e246a
  state = 0
  REGISTERED = 0
  UNREGISTERING = 1
  UNREGISTERED = 2
  FRAMEWORK_SET_SERVICE_PROPERTIES_COUNT = 4
  $assertionsDisabled = true

