------Start of DE processing------ = [12/11/2020, 17:17:31:085 CET]
Exception = javax.transaction.RollbackException
Source = com.ibm.ws.spi.uow.UOWManagerImpl.runUnderNewUOW
probeid = 1220
Stack Dump = javax.transaction.RollbackException
	at com.ibm.tx.jta.impl.TransactionImpl.stage3CommitProcessing(TransactionImpl.java:980)
	at com.ibm.tx.jta.impl.TransactionImpl.processCommit(TransactionImpl.java:778)
	at com.ibm.tx.jta.impl.TransactionImpl.commit(TransactionImpl.java:711)
	at com.ibm.tx.jta.impl.TranManagerImpl.commit(TranManagerImpl.java:165)
	at com.ibm.tx.jta.impl.TranManagerSet.commit(TranManagerSet.java:113)
	at com.ibm.ws.uow.embeddable.EmbeddableUOWManagerImpl.uowCommit(EmbeddableUOWManagerImpl.java:834)
	at com.ibm.ws.uow.embeddable.EmbeddableUOWManagerImpl.uowEnd(EmbeddableUOWManagerImpl.java:812)
	at com.ibm.ws.uow.embeddable.EmbeddableUOWManagerImpl.runUnderNewUOW(EmbeddableUOWManagerImpl.java:1043)
	at com.ibm.ws.uow.embeddable.EmbeddableUOWManagerImpl.runUnderUOW(EmbeddableUOWManagerImpl.java:1013)
	at com.ibm.tx.jta.cdi.interceptors.TransactionalInterceptor.runUnderUOWManagingEnablement(TransactionalInterceptor.java:151)
	at com.ibm.tx.jta.cdi.interceptors.Required.required(Required.java:40)
	at jdk.internal.reflect.GeneratedMethodAccessor628.invoke(Unknown Source)
	at java.base/java.lang.reflect.Method.invoke(Method.java:566)
	at org.jboss.weld.interceptor.reader.SimpleInterceptorInvocation$SimpleMethodInvocation.invoke(SimpleInterceptorInvocation.java:73)
	at org.jboss.weld.interceptor.proxy.InterceptorMethodHandler.executeAroundInvoke(InterceptorMethodHandler.java:84)
	at org.jboss.weld.interceptor.proxy.InterceptorMethodHandler.executeInterception(InterceptorMethodHandler.java:72)
	at org.jboss.weld.interceptor.proxy.InterceptorMethodHandler.invoke(InterceptorMethodHandler.java:56)
	at org.jboss.weld.bean.proxy.CombinedInterceptorAndDecoratorStackMethodHandler.invoke(CombinedInterceptorAndDecoratorStackMethodHandler.java:79)
	at org.jboss.weld.bean.proxy.CombinedInterceptorAndDecoratorStackMethodHandler.invoke(CombinedInterceptorAndDecoratorStackMethodHandler.java:68)
	at film_database.filmDistributor.service.FilmDistributorService$Proxy$_$$_WeldSubclass.delete(Unknown Source)
	at film_database.filmDistributor.service.FilmDistributorService$Proxy$_$$_WeldClientProxy.delete(Unknown Source)
	at film_database.filmDistributor.controller.FilmDistributorController.deleteFilmDistributor(FilmDistributorController.java:76)
	at jdk.internal.reflect.GeneratedMethodAccessor686.invoke(Unknown Source)
	at java.base/java.lang.reflect.Method.invoke(Method.java:566)
	at com.ibm.ws.jaxrs20.cdi.component.JaxRsFactoryImplicitBeanCDICustomizer.serviceInvoke(JaxRsFactoryImplicitBeanCDICustomizer.java:342)
	at com.ibm.ws.jaxrs20.server.LibertyJaxRsServerFactoryBean.performInvocation(LibertyJaxRsServerFactoryBean.java:641)
	at com.ibm.ws.jaxrs20.server.LibertyJaxRsInvoker.performInvocation(LibertyJaxRsInvoker.java:160)
	at org.apache.cxf.service.invoker.AbstractInvoker.invoke(AbstractInvoker.java:96)
	at com.ibm.ws.jaxrs20.server.LibertyJaxRsInvoker.invoke(LibertyJaxRsInvoker.java:273)
	at org.apache.cxf.jaxrs.JAXRSInvoker.invoke(JAXRSInvoker.java:205)
	at com.ibm.ws.jaxrs20.server.LibertyJaxRsInvoker.invoke(LibertyJaxRsInvoker.java:444)
	at org.apache.cxf.jaxrs.JAXRSInvoker.invoke(JAXRSInvoker.java:111)
	at org.apache.cxf.interceptor.ServiceInvokerInterceptor$1.run(ServiceInvokerInterceptor.java:59)
	at org.apache.cxf.interceptor.ServiceInvokerInterceptor.handleMessage(ServiceInvokerInterceptor.java:96)
	at org.apache.cxf.phase.PhaseInterceptorChain.doIntercept(PhaseInterceptorChain.java:308)
	at org.apache.cxf.transport.ChainInitiationObserver.onMessage(ChainInitiationObserver.java:123)
	at org.apache.cxf.transport.http.AbstractHTTPDestination.invoke(AbstractHTTPDestination.java:274)
	at com.ibm.ws.jaxrs20.endpoint.AbstractJaxRsWebEndpoint.invoke(AbstractJaxRsWebEndpoint.java:136)
	at com.ibm.websphere.jaxrs.server.IBMRestServlet.handleRequest(IBMRestServlet.java:146)
	at com.ibm.websphere.jaxrs.server.IBMRestServlet.doDelete(IBMRestServlet.java:131)
	at javax.servlet.http.HttpServlet.service(HttpServlet.java:712)
	at com.ibm.websphere.jaxrs.server.IBMRestServlet.service(IBMRestServlet.java:96)
	at com.ibm.ws.webcontainer.servlet.ServletWrapper.service(ServletWrapper.java:1230)
	at com.ibm.ws.webcontainer.servlet.ServletWrapper.handleRequest(ServletWrapper.java:729)
	at com.ibm.ws.webcontainer.servlet.ServletWrapper.handleRequest(ServletWrapper.java:426)
	at com.ibm.ws.webcontainer.filter.WebAppFilterManager.invokeFilters(WebAppFilterManager.java:1226)
	at com.ibm.ws.webcontainer.webapp.WebApp.handleRequest(WebApp.java:5057)
	at com.ibm.ws.webcontainer.osgi.DynamicVirtualHost$2.handleRequest(DynamicVirtualHost.java:314)
	at com.ibm.ws.webcontainer.WebContainer.handleRequest(WebContainer.java:1005)
	at com.ibm.ws.webcontainer.osgi.DynamicVirtualHost$2.run(DynamicVirtualHost.java:279)
	at com.ibm.ws.http.dispatcher.internal.channel.HttpDispatcherLink$TaskWrapper.run(HttpDispatcherLink.java:1134)
	at com.ibm.ws.http.dispatcher.internal.channel.HttpDispatcherLink.wrapHandlerAndExecute(HttpDispatcherLink.java:415)
	at com.ibm.ws.http.dispatcher.internal.channel.HttpDispatcherLink.ready(HttpDispatcherLink.java:374)
	at com.ibm.ws.http.channel.internal.inbound.HttpInboundLink.handleDiscrimination(HttpInboundLink.java:565)
	at com.ibm.ws.http.channel.internal.inbound.HttpInboundLink.handleNewRequest(HttpInboundLink.java:499)
	at com.ibm.ws.http.channel.internal.inbound.HttpInboundLink.processRequest(HttpInboundLink.java:359)
	at com.ibm.ws.http.channel.internal.inbound.HttpICLReadCallback.complete(HttpICLReadCallback.java:70)
	at com.ibm.ws.tcpchannel.internal.WorkQueueManager.requestComplete(WorkQueueManager.java:504)
	at com.ibm.ws.tcpchannel.internal.WorkQueueManager.attemptIO(WorkQueueManager.java:574)
	at com.ibm.ws.tcpchannel.internal.WorkQueueManager.workerRun(WorkQueueManager.java:958)
	at com.ibm.ws.tcpchannel.internal.WorkQueueManager$Worker.run(WorkQueueManager.java:1047)
	at com.ibm.ws.threading.internal.ExecutorServiceImpl$RunnableWrapper.run(ExecutorServiceImpl.java:239)
	at java.base/java.util.concurrent.ThreadPoolExecutor.runWorker(ThreadPoolExecutor.java:1128)
	at java.base/java.util.concurrent.ThreadPoolExecutor$Worker.run(ThreadPoolExecutor.java:628)
	at java.base/java.lang.Thread.run(Thread.java:834)
Caused by: javax.persistence.PersistenceException: Exception [EclipseLink-4002] (Eclipse Persistence Services - 2.7.7.v20200504-69f2c2b80d): org.eclipse.persistence.exceptions.DatabaseException
Internal Exception: org.h2.jdbc.JdbcSQLIntegrityConstraintViolationException: Referential integrity constraint violation: "FK_FILMS_FILMDISTRIBUTOR: PUBLIC.FILMS FOREIGN KEY(FILMDISTRIBUTOR) REFERENCES PUBLIC.FILMDISTRIBUTORS(ID) (5)"; SQL statement:
DELETE FROM filmDistributors WHERE (ID = ?) [23503-200]
Error Code: 23503
Call: DELETE FROM filmDistributors WHERE (ID = ?)
	bind => [1 parameter bound]
Query: DeleteObjectQuery(FilmDistributor(super=film_database.filmDistributor.entity.FilmDistributor@37551e1d, id=5, name=company nr. 1, creationDate=1998-06-29, capital=1000.0))
	at org.eclipse.persistence.internal.jpa.EntityManagerSetupImpl$1.handleException(EntityManagerSetupImpl.java:787)
	at org.eclipse.persistence.transaction.AbstractSynchronizationListener.handleException(AbstractSynchronizationListener.java:277)
	at org.eclipse.persistence.transaction.AbstractSynchronizationListener.beforeCompletion(AbstractSynchronizationListener.java:172)
	at org.eclipse.persistence.transaction.JTASynchronizationListener.beforeCompletion(JTASynchronizationListener.java:70)
	at com.ibm.tx.jta.impl.RegisteredSyncs.coreDistributeBefore(RegisteredSyncs.java:247)
	at com.ibm.tx.jta.impl.RegisteredSyncs.distributeBefore(RegisteredSyncs.java:148)
	at com.ibm.tx.jta.impl.TransactionImpl.prePrepare(TransactionImpl.java:1402)
	at com.ibm.tx.jta.impl.TransactionImpl.stage1CommitProcessing(TransactionImpl.java:793)
	at com.ibm.tx.jta.impl.TransactionImpl.processCommit(TransactionImpl.java:768)
	... 63 more
Caused by: Exception [EclipseLink-4002] (Eclipse Persistence Services - 2.7.7.v20200504-69f2c2b80d): org.eclipse.persistence.exceptions.DatabaseException
Internal Exception: org.h2.jdbc.JdbcSQLIntegrityConstraintViolationException: Referential integrity constraint violation: "FK_FILMS_FILMDISTRIBUTOR: PUBLIC.FILMS FOREIGN KEY(FILMDISTRIBUTOR) REFERENCES PUBLIC.FILMDISTRIBUTORS(ID) (5)"; SQL statement:
DELETE FROM filmDistributors WHERE (ID = ?) [23503-200]
Error Code: 23503
Call: DELETE FROM filmDistributors WHERE (ID = ?)
	bind => [1 parameter bound]
Query: DeleteObjectQuery(FilmDistributor(super=film_database.filmDistributor.entity.FilmDistributor@37551e1d, id=5, name=company nr. 1, creationDate=1998-06-29, capital=1000.0))
	at org.eclipse.persistence.exceptions.DatabaseException.sqlException(DatabaseException.java:333)
	at org.eclipse.persistence.internal.databaseaccess.DatabaseAccessor.executeDirectNoSelect(DatabaseAccessor.java:908)
	at org.eclipse.persistence.internal.databaseaccess.DatabaseAccessor.executeNoSelect(DatabaseAccessor.java:970)
	at org.eclipse.persistence.internal.databaseaccess.DatabaseAccessor.basicExecuteCall(DatabaseAccessor.java:640)
	at org.eclipse.persistence.internal.databaseaccess.DatabaseAccessor.executeCall(DatabaseAccessor.java:567)
	at org.eclipse.persistence.internal.sessions.AbstractSession.basicExecuteCall(AbstractSession.java:2099)
	at org.eclipse.persistence.sessions.server.ClientSession.executeCall(ClientSession.java:313)
	at org.eclipse.persistence.internal.queries.DatasourceCallQueryMechanism.executeCall(DatasourceCallQueryMechanism.java:277)
	at org.eclipse.persistence.internal.queries.DatasourceCallQueryMechanism.executeCall(DatasourceCallQueryMechanism.java:263)
	at org.eclipse.persistence.internal.queries.DatasourceCallQueryMechanism.deleteObject(DatasourceCallQueryMechanism.java:245)
	at org.eclipse.persistence.internal.queries.StatementQueryMechanism.deleteObject(StatementQueryMechanism.java:106)
	at org.eclipse.persistence.queries.DeleteObjectQuery.executeDatabaseQuery(DeleteObjectQuery.java:220)
	at org.eclipse.persistence.queries.DatabaseQuery.execute(DatabaseQuery.java:911)
	at org.eclipse.persistence.queries.DatabaseQuery.executeInUnitOfWork(DatabaseQuery.java:810)
	at org.eclipse.persistence.queries.ObjectLevelModifyQuery.executeInUnitOfWorkObjectLevelModifyQuery(ObjectLevelModifyQuery.java:110)
	at org.eclipse.persistence.queries.DeleteObjectQuery.executeInUnitOfWorkObjectLevelModifyQuery(DeleteObjectQuery.java:121)
	at org.eclipse.persistence.queries.ObjectLevelModifyQuery.executeInUnitOfWork(ObjectLevelModifyQuery.java:87)
	at org.eclipse.persistence.internal.sessions.UnitOfWorkImpl.internalExecuteQuery(UnitOfWorkImpl.java:2983)
	at org.eclipse.persistence.internal.sessions.AbstractSession.executeQuery(AbstractSession.java:1898)
	at org.eclipse.persistence.internal.sessions.AbstractSession.executeQuery(AbstractSession.java:1880)
	at org.eclipse.persistence.internal.sessions.AbstractSession.executeQuery(AbstractSession.java:1830)
	at org.eclipse.persistence.internal.sessions.CommitManager.deleteAllObjects(CommitManager.java:344)
	at org.eclipse.persistence.internal.sessions.CommitManager.deleteAllObjects(CommitManager.java:293)
	at org.eclipse.persistence.internal.sessions.UnitOfWorkImpl.commitToDatabase(UnitOfWorkImpl.java:1498)
	at org.eclipse.persistence.internal.sessions.UnitOfWorkImpl.commitToDatabaseWithChangeSet(UnitOfWorkImpl.java:1585)
	at org.eclipse.persistence.internal.sessions.UnitOfWorkImpl.issueSQLbeforeCompletion(UnitOfWorkImpl.java:3260)
	at org.eclipse.persistence.internal.sessions.RepeatableWriteUnitOfWork.issueSQLbeforeCompletion(RepeatableWriteUnitOfWork.java:357)
	at org.eclipse.persistence.transaction.AbstractSynchronizationListener.beforeCompletion(AbstractSynchronizationListener.java:160)
	... 69 more
Caused by: org.h2.jdbc.JdbcSQLIntegrityConstraintViolationException: Referential integrity constraint violation: "FK_FILMS_FILMDISTRIBUTOR: PUBLIC.FILMS FOREIGN KEY(FILMDISTRIBUTOR) REFERENCES PUBLIC.FILMDISTRIBUTORS(ID) (5)"; SQL statement:
DELETE FROM filmDistributors WHERE (ID = ?) [23503-200]
	at org.h2.message.DbException.getJdbcSQLException(DbException.java:459)
	at org.h2.message.DbException.getJdbcSQLException(DbException.java:429)
	at org.h2.message.DbException.get(DbException.java:205)
	at org.h2.message.DbException.get(DbException.java:181)
	at org.h2.constraint.ConstraintReferential.checkRow(ConstraintReferential.java:373)
	at org.h2.constraint.ConstraintReferential.checkRowRefTable(ConstraintReferential.java:390)
	at org.h2.constraint.ConstraintReferential.checkRow(ConstraintReferential.java:265)
	at org.h2.table.Table.fireConstraints(Table.java:1057)
	at org.h2.table.Table.fireAfterRow(Table.java:1075)
	at org.h2.command.dml.Delete.update(Delete.java:153)
	at org.h2.command.CommandContainer.update(CommandContainer.java:198)
	at org.h2.command.Command.executeUpdate(Command.java:251)
	at org.h2.jdbc.JdbcPreparedStatement.executeUpdateInternal(JdbcPreparedStatement.java:191)
	at org.h2.jdbc.JdbcPreparedStatement.executeUpdate(JdbcPreparedStatement.java:152)
	at com.ibm.ws.rsadapter.jdbc.WSJdbcPreparedStatement.executeUpdate(WSJdbcPreparedStatement.java:520)
	at org.eclipse.persistence.internal.databaseaccess.DatabaseAccessor.executeDirectNoSelect(DatabaseAccessor.java:898)
	... 95 more

Dump of callerThis
Object type = com.ibm.ws.uow.embeddable.EmbeddableUOWManagerImpl
  tc = class com.ibm.ejs.ras.TraceComponent@5de5a5c9
    strings[0] = "TraceComponent[com.ibm.ws.uow.embeddable.EmbeddableUOWManagerImpl,class com.ibm.ws.uow.embeddable.EmbeddableUOWManagerImpl,[Transaction],null,null]"
  _callbackManager = null
  _runUnderUOWCallbackManager = null

