------Start of DE processing------ = [11/11/2020, 16:31:31:546 CET]
Exception = java.sql.SQLNonTransientException
Source = com.ibm.ws.resource.internal.ResourceFactoryTrackerData$1
probeid = 121
Stack Dump = java.sql.SQLNonTransientException: DSRA4000E: No implementations of org.h2.jdbcx.JdbcDataSource are found for dataSource[FilmDatabaseDataSource] with library H2JDBCLib. The name or location of JDBC driver JAR files might be incorrect or inaccessible. Searched in: []. Searched under packages: [org.h2.jdbcx].
	at com.ibm.ws.jdbc.internal.JDBCDriverService.classNotFound(JDBCDriverService.java:224)
	at com.ibm.ws.jdbc.internal.JDBCDriverService.create(JDBCDriverService.java:348)
	at com.ibm.ws.jdbc.internal.JDBCDriverService.createAnyPreferLegacyOrder(JDBCDriverService.java:405)
	at com.ibm.ws.jdbc.DataSourceService.init(DataSourceService.java:610)
	at com.ibm.ws.jca.cm.AbstractConnectionFactoryService$2.run(AbstractConnectionFactoryService.java:522)
	at com.ibm.ws.jca.cm.AbstractConnectionFactoryService$2.run(AbstractConnectionFactoryService.java:519)
	at java.base/java.security.AccessController.doPrivileged(Native Method)
	at com.ibm.ws.jca.cm.AbstractConnectionFactoryService.initPrivileged(AbstractConnectionFactoryService.java:519)
	at com.ibm.ws.jca.cm.AbstractConnectionFactoryService.createResource(AbstractConnectionFactoryService.java:149)
	at com.ibm.ws.resource.internal.ResourceFactoryTrackerData$1.getService(ResourceFactoryTrackerData.java:120)
	at org.eclipse.osgi.internal.serviceregistry.ServiceFactoryUse$1.run(ServiceFactoryUse.java:216)
	at java.base/java.security.AccessController.doPrivileged(Native Method)
	at org.eclipse.osgi.internal.serviceregistry.ServiceFactoryUse.factoryGetService(ServiceFactoryUse.java:213)
	at org.eclipse.osgi.internal.serviceregistry.ServiceFactoryUse.getService(ServiceFactoryUse.java:114)
	at org.eclipse.osgi.internal.serviceregistry.ServiceConsumer$2.getService(ServiceConsumer.java:48)
	at org.eclipse.osgi.internal.serviceregistry.ServiceRegistrationImpl.getService(ServiceRegistrationImpl.java:530)
	at org.eclipse.osgi.internal.serviceregistry.ServiceRegistry.getService(ServiceRegistry.java:494)
	at org.eclipse.osgi.internal.framework.BundleContextImpl.getService(BundleContextImpl.java:685)
	at com.ibm.ws.jndi.internal.WSContextFactory.lambda$getService$0(WSContextFactory.java:81)
	at java.base/java.security.AccessController.doPrivileged(Native Method)
	at com.ibm.ws.jndi.internal.WSContextFactory.lambda$getService$1(WSContextFactory.java:81)
	at java.base/java.util.concurrent.ConcurrentHashMap.computeIfAbsent(ConcurrentHashMap.java:1705)
	at com.ibm.ws.jndi.internal.WSContextFactory.getService(WSContextFactory.java:81)
	at com.ibm.ws.jndi.internal.WSContext.getReference(WSContext.java:520)
	at com.ibm.ws.jndi.internal.WSContext.resolveObject(WSContext.java:139)
	at com.ibm.ws.jndi.internal.WSContext.lookup(WSContext.java:309)
	at com.ibm.ws.jndi.WSContextBase.lookup(WSContextBase.java:61)
	at org.apache.aries.jndi.DelegateContext.lookup(DelegateContext.java:149)
	at java.naming/javax.naming.InitialContext.lookup(InitialContext.java:409)
	at com.ibm.ws.jpa.container.osgi.internal.OSGiJPAPUnitInfo.lookupDataSource(OSGiJPAPUnitInfo.java:317)
	at com.ibm.ws.jpa.management.JPAPUnitInfo.getJPADataSource(JPAPUnitInfo.java:337)
	at com.ibm.ws.jpa.management.JPAPUnitInfo.getJtaDataSource(JPAPUnitInfo.java:380)
	at com.ibm.ws.jpa.management.JPAPUnitInfo.initialize(JPAPUnitInfo.java:750)
	at com.ibm.ws.jpa.management.JPAPxmlInfo.extractPersistenceUnits(JPAPxmlInfo.java:182)
	at com.ibm.ws.jpa.management.JPAScopeInfo.processPersistenceUnit(JPAScopeInfo.java:88)
	at com.ibm.ws.jpa.management.JPAApplInfo.addPersistenceUnits(JPAApplInfo.java:119)
	at com.ibm.ws.jpa.container.osgi.internal.JPAComponentImpl.processWebModulePersistenceXml(JPAComponentImpl.java:515)
	at com.ibm.ws.jpa.container.osgi.internal.JPAComponentImpl.applicationStarting(JPAComponentImpl.java:304)
	at com.ibm.ws.container.service.state.internal.ApplicationStateManager.fireStarting(ApplicationStateManager.java:51)
	at com.ibm.ws.container.service.state.internal.StateChangeServiceImpl.fireApplicationStarting(StateChangeServiceImpl.java:50)
	at com.ibm.ws.app.manager.module.internal.SimpleDeployedAppInfoBase.preDeployApp(SimpleDeployedAppInfoBase.java:547)
	at com.ibm.ws.app.manager.module.internal.SimpleDeployedAppInfoBase.installApp(SimpleDeployedAppInfoBase.java:508)
	at com.ibm.ws.app.manager.module.internal.DeployedAppInfoBase.deployApp(DeployedAppInfoBase.java:349)
	at com.ibm.ws.app.manager.war.internal.WARApplicationHandlerImpl.install(WARApplicationHandlerImpl.java:65)
	at com.ibm.ws.app.manager.internal.statemachine.StartAction.execute(StartAction.java:144)
	at com.ibm.ws.app.manager.internal.statemachine.ApplicationStateMachineImpl.enterState(ApplicationStateMachineImpl.java:1317)
	at com.ibm.ws.app.manager.internal.statemachine.ApplicationStateMachineImpl.run(ApplicationStateMachineImpl.java:897)
	at com.ibm.ws.threading.internal.ExecutorServiceImpl$RunnableWrapper.run(ExecutorServiceImpl.java:239)
	at java.base/java.util.concurrent.ThreadPoolExecutor.runWorker(ThreadPoolExecutor.java:1128)
	at java.base/java.util.concurrent.ThreadPoolExecutor$Worker.run(ThreadPoolExecutor.java:628)
	at java.base/java.lang.Thread.run(Thread.java:834)
Caused by: java.lang.ClassNotFoundException: org.h2.jdbcx.JdbcDataSource
	at com.ibm.ws.classloading.internal.AppClassLoader.findClassCommonLibraryClassLoaders(AppClassLoader.java:569)
	at com.ibm.ws.classloading.internal.AppClassLoader.findClass(AppClassLoader.java:291)
	at java.base/java.lang.ClassLoader.loadClass(ClassLoader.java:588)
	at com.ibm.ws.classloading.internal.AppClassLoader.findOrDelegateLoadClass(AppClassLoader.java:547)
	at com.ibm.ws.classloading.internal.AppClassLoader.loadClass(AppClassLoader.java:505)
	at java.base/java.lang.ClassLoader.loadClass(ClassLoader.java:521)
	at com.ibm.ws.jdbc.internal.JDBCDriverService$1.run(JDBCDriverService.java:272)
	at com.ibm.ws.jdbc.internal.JDBCDriverService$1.run(JDBCDriverService.java:262)
	at java.base/java.security.AccessController.doPrivileged(Native Method)
	at com.ibm.ws.jdbc.internal.JDBCDriverService.create(JDBCDriverService.java:262)
	... 49 more

Dump of callerThis
Object type = com.ibm.ws.resource.internal.ResourceFactoryTrackerData$1
  val$ref = class org.eclipse.osgi.internal.serviceregistry.ServiceReferenceImpl@568c56ff
    registration = class org.eclipse.osgi.internal.serviceregistry.ServiceRegistrationImpl@698e055a
      registry = class org.eclipse.osgi.internal.serviceregistry.ServiceRegistry@50f83ecf
      context = class org.eclipse.osgi.internal.framework.BundleContextImpl@6139cb52
      bundle = class org.eclipse.osgi.internal.framework.EquinoxBundle@52e4fd3f
      clazzes = class java.lang.String[4]
      service = class org.apache.felix.scr.impl.manager.SingleComponentManager@2756a64c
      reference = class org.eclipse.osgi.internal.serviceregistry.ServiceReferenceImpl@568c56ff
      contextsUsing = class java.util.ArrayList@36c459c6
      properties = class java.util.Collections$UnmodifiableMap@275b0797
      serviceid = 419
      serviceranking = 0
      registrationLock = class java.lang.Object@1bd4f82d
      state = 0
      REGISTERED = 0
      UNREGISTERING = 1
      UNREGISTERED = 2
      FRAMEWORK_SET_SERVICE_PROPERTIES_COUNT = 4
      $assertionsDisabled = true
  this$0 = class com.ibm.ws.resource.internal.ResourceFactoryTrackerData@8d5d1f9
    JNDI_SERVICENAME = "osgi.jndi.service.name"
    context = class org.eclipse.osgi.internal.framework.BundleContextImpl@6139cb52
      findHookName = "org.osgi.framework.hooks.bundle.FindHook"
      valid = true
      bundle = class org.eclipse.osgi.internal.framework.EquinoxBundle@52e4fd3f
      container = class org.eclipse.osgi.internal.framework.EquinoxContainer@1d521c5f
      debug = class org.eclipse.osgi.internal.debug.Debug@22394c9d
      servicesInUse = class java.util.HashMap@1b641da0
      activator = null
      contextLock = class java.lang.Object@3bb64442
    registration = class org.eclipse.osgi.internal.serviceregistry.ServiceRegistrationImpl@22f5639e
      registry = class org.eclipse.osgi.internal.serviceregistry.ServiceRegistry@50f83ecf
      context = class org.eclipse.osgi.internal.framework.BundleContextImpl@6139cb52
      bundle = class org.eclipse.osgi.internal.framework.EquinoxBundle@52e4fd3f
      clazzes = class java.lang.String[1]
      service = class com.ibm.ws.resource.internal.ResourceFactoryTrackerData$1@70c3bd04
      reference = class org.eclipse.osgi.internal.serviceregistry.ServiceReferenceImpl@2bc1a9c1
      contextsUsing = class java.util.ArrayList@dbdef59
      properties = class java.util.Collections$UnmodifiableMap@1f0b6f0
      serviceid = 420
      serviceranking = 0
      registrationLock = class java.lang.Object@7fb5ca11
      state = 0
      REGISTERED = 0
      UNREGISTERING = 1
      UNREGISTERED = 2
      FRAMEWORK_SET_SERVICE_PROPERTIES_COUNT = 4
      $assertionsDisabled = true
    interfaces = class java.lang.String[1]
      String[0] = "javax.sql.DataSource"
    serialVersionUID = 7071819092476537634
    $$$tc$$$ = class com.ibm.websphere.ras.TraceComponent@55ecf92c
      strings[0] = "TraceComponent[com.ibm.ws.resource.internal.ResourceFactoryTrackerData,class com.ibm.ws.resource.internal.ResourceFactoryTrackerData,[resource],com.ibm.ws.resource.internal.resources.Runtime,null]"
  serialVersionUID = -5395261454852493419
  $$$tc$$$ = class com.ibm.websphere.ras.TraceComponent@233db7c9
    strings[0] = "TraceComponent[com.ibm.ws.resource.internal.ResourceFactoryTrackerData$1,class com.ibm.ws.resource.internal.ResourceFactoryTrackerData$1,[resource],com.ibm.ws.resource.internal.resources.Runtime,null]"

Dump of objectArray[0]
Object type = org.eclipse.osgi.internal.framework.EquinoxBundle
  equinoxContainer = class org.eclipse.osgi.internal.framework.EquinoxContainer@1d521c5f
    NAME = "org.eclipse.osgi"
    secureAction = class org.eclipse.osgi.framework.util.SecureAction@74f4999f
      controlContext = class java.security.AccessControlContext@6e33321b
      bootClassLoader = class org.eclipse.osgi.framework.util.SecureAction$1$1@188715b5
    equinoxConfig = class org.eclipse.osgi.internal.framework.EquinoxConfiguration@6b4be554
      CONFIG_FILE = "config.ini"
      INTERNAL_OS_SUNOS = "SunOS"
      INTERNAL_OS_LINUX = "Linux"
      INTERNAL_OS_MACOSX = "Mac OS"
      INTERNAL_OS_AIX = "AIX"
      INTERNAL_OS_HPUX = "HP-UX"
      INTERNAL_OS_QNX = "QNX"
      INTERNAL_OS_OS400 = "OS/400"
      INTERNAL_OS_OS390 = "OS/390"
      INTERNAL_OS_ZOS = "z/OS"
      INTERNAL_OS_FREEBSD = "FreeBSD"
      INTERNAL_ARCH_I386 = "i386"
      INTERNAL_AMD64 = "amd64"
      VARIABLE_DELIM_STRING = "$"
      VARIABLE_DELIM_CHAR = $
      configValues = class org.eclipse.osgi.internal.framework.EquinoxConfiguration$ConfigValues@325ca655
      debug = class org.eclipse.osgi.internal.debug.Debug@22394c9d
      debugOptions = class org.eclipse.osgi.internal.debug.FrameworkDebugOptions@5450abe
      hookRegistry = class org.eclipse.osgi.internal.hookregistry.HookRegistry@991eb70
      aliasMapper = class org.eclipse.osgi.internal.framework.AliasMapper@4a59e29
      equinoxLocations = class org.eclipse.osgi.internal.location.EquinoxLocations@539cfee6
      allArgs = null
      frameworkArgs = null
      appArgs = null
      inDevelopmentMode = false
      devLocation = null
      devMonitor = class java.lang.Object@7ea11ed1
      devDefaultClasspath = null
      devProperties = null
      devLastModified = 0
      contextBootDelegation = false
      compatibilityBootDelegation = false
      compatibilityLazyTriggerOnFailLoad = false
      LIB_EXTENSIONS = class java.util.Collections$UnmodifiableRandomAccessList@786db01e
      ECLIPSE_LIB_VARIANTS = class java.util.Collections$UnmodifiableRandomAccessList@50113dec
      COPY_NATIVES = false
      ECLIPSE_NL_JAR_VARIANTS = class java.util.ArrayList@64ce92c6
      DEFINE_PACKAGE_ATTRIBUTES = true
      BUNDLE_SET_TCCL = true
      BSN_VERSION = 3
      BSN_VERSION_SINGLE = 1
      BSN_VERSION_MULTIPLE = 2
      BSN_VERSION_MANAGED = 3
      throwErrorOnFailedStart = true
      CLASS_CERTIFICATE = true
      PARALLEL_CAPABLE = false
      exceptions = class java.util.LinkedHashMap@12ef4f18
      PROP_JVM_OS_ARCH = "os.arch"
      PROP_JVM_OS_NAME = "os.name"
      PROP_JVM_OS_VERSION = "os.version"
      PROP_JVM_SPEC_VERSION = "java.specification.version"
      PROP_JVM_SPEC_NAME = "java.specification.name"
      PROP_SETPERMS_CMD = "osgi.filepermissions.command"
      PROP_DEBUG = "osgi.debug"
      PROP_DEBUG_VERBOSE = "osgi.debug.verbose"
      PROP_DEV = "osgi.dev"
      PROP_CLEAN = "osgi.clean"
      PROP_USE_SYSTEM_PROPERTIES = "osgi.framework.useSystemProperties"
      PROP_FRAMEWORK = "osgi.framework"
      ECLIPSE_FRAMEWORK_VENDOR = "Eclipse"
      PROP_OSGI_JAVA_PROFILE = "osgi.java.profile"
      PROP_OSGI_JAVA_PROFILE_NAME = "osgi.java.profile.name"
      PROP_OSGI_JAVA_PROFILE_BOOTDELEGATION = "osgi.java.profile.bootdelegation"
      PROP_OSGI_BOOTDELEGATION_IGNORE = "ignore"
      PROP_OSGI_BOOTDELEGATION_OVERRIDE = "override"
      PROP_OSGI_BOOTDELEGATION_NONE = "none"
      PROP_CONTEXT_BOOTDELEGATION = "osgi.context.bootdelegation"
      PROP_COMPATIBILITY_BOOTDELEGATION = "osgi.compatibility.bootdelegation"
      PROP_DS_DELAYED_KEEPINSTANCES = "ds.delayed.keepInstances"
      PROP_COMPATIBILITY_ERROR_FAILED_START = "osgi.compatibility.errorOnFailedStart"
      PROP_COMPATIBILITY_START_LAZY = "osgi.compatibility.eagerStart.LazyActivation"
      PROP_COMPATIBILITY_START_LAZY_ON_FAIL_CLASSLOAD = "osgi.compatibility.trigger.lazyActivation.onFailedClassLoad"
      PROP_OSGI_OS = "osgi.os"
      PROP_OSGI_WS = "osgi.ws"
      PROP_OSGI_ARCH = "osgi.arch"
      PROP_OSGI_NL = "osgi.nl"
      PROP_OSGI_NL_USER = "osgi.nl.user"
      PROP_ROOT_LOCALE = "equinox.root.locale"
      PROP_PARENT_CLASSLOADER = "osgi.parentClassloader"
      PARENT_CLASSLOADER_FWK = "fwk"
      PROP_CONTEXTCLASSLOADER_PARENT = "osgi.contextClassLoaderParent"
      CONTEXTCLASSLOADER_PARENT_APP = "app"
      CONTEXTCLASSLOADER_PARENT_EXT = "ext"
      CONTEXTCLASSLOADER_PARENT_BOOT = "boot"
      CONTEXTCLASSLOADER_PARENT_FWK = "fwk"
      PROP_FRAMEWORK_LIBRARY_EXTENSIONS = "osgi.framework.library.extensions"
      PROP_COPY_NATIVES = "osgi.classloader.copy.natives"
      PROP_DEFINE_PACKAGES = "osgi.classloader.define.packages"
      PROP_BUNDLE_SETTCCL = "eclipse.bundle.setTCCL"
      PROP_EQUINOX_SECURITY = "eclipse.security"
      PROP_FILE_LIMIT = "osgi.bundlefile.limit"
      PROP_CLASS_CERTIFICATE_SUPPORT = "osgi.support.class.certificate"
      PROP_CLASS_LOADER_TYPE = "osgi.classloader.type"
      CLASS_LOADER_TYPE_PARALLEL = "parallel"
      PROP_FORCED_RESTART = "osgi.forcedRestart"
      PROP_IGNORE_USER_CONFIGURATION = "eclipse.ignoreUserConfiguration"
      PROPERTY_STRICT_BUNDLE_ENTRY_PATH = "osgi.strictBundleEntryPath"
      PROP_CHECK_CONFIGURATION = "osgi.checkConfiguration"
      inCheckConfigurationMode = true
      DEFAULT_STATE_SAVE_DELAY_INTERVAL = "30000"
      PROP_STATE_SAVE_DELAY_INTERVAL = "eclipse.stateSaveDelayInterval"
      PROP_MODULE_LOCK_TIMEOUT = "osgi.module.lock.timeout"
      PROP_MODULE_AUTO_START_ON_RESOLVE = "osgi.module.auto.start.on.resolve"
      PROP_ALLOW_RESTRICTED_PROVIDES = "osgi.equinox.allow.restricted.provides"
      PROP_LOG_HISTORY_MAX = "equinox.log.history.max"
      PROP_LOG_CAPTURE_ENTRY_LOCATION = "equinox.log.capture.entry.location"
      PROP_RESOLVER_THREAD_COUNT = "equinox.resolver.thead.count"
      PROP_EQUINOX_RESOLVER_THREAD_COUNT = "equinox.resolver.thread.count"
      PROP_EQUINOX_START_LEVEL_THREAD_COUNT = "equinox.start.level.thread.count"
      PROP_EQUINOX_START_LEVEL_RESTRICT_PARALLEL = "equinox.start.level.restrict.parallel"
      PROP_RESOLVER_REVISION_BATCH_SIZE = "equinox.resolver.revision.batch.size"
      PROP_RESOLVER_BATCH_TIMEOUT = "equinox.resolver.batch.timeout"
      PROP_SYSTEM_PROVIDE_HEADER = "equinox.system.provide.header"
      SYSTEM_PROVIDE_HEADER_ORIGINAL = "original"
      SYSTEM_PROVIDE_HEADER_SYSTEM = "system"
      SYSTEM_PROVIDE_HEADER_SYSTEM_EXTRA = "system.extra"
      PROP_DEFAULT_SUFFIX = ".default"
      PROP_WITH_ECLIPSE_STARTER_DEFAULTS = class java.util.Collections$UnmodifiableRandomAccessList@717f01b
      PROP_INIT_UUID = "equinox.init.uuid"
      PROP_ACTIVE_THREAD_TYPE = "osgi.framework.activeThreadType"
      ACTIVE_THREAD_TYPE_NORMAL = "normal"
      PROP_GOSH_ARGS = "gosh.args"
    logServices = class org.eclipse.osgi.internal.log.EquinoxLogServices@50bbec29
      EQUINOX_LOGGER_NAME = "org.eclipse.equinox.logger"
      PERF_LOGGER_NAME = "org.eclipse.performance.logger"
      PROP_LOG_ENABLED = "eclipse.log.enabled"
      LOG_EXT = ".log"
      logServiceManager = class org.eclipse.osgi.internal.log.LogServiceManager@6a8563a9
      eclipseLogFactory = class org.eclipse.osgi.internal.log.EquinoxLogFactory@6c108e11
      logWriter = class org.eclipse.osgi.internal.log.EquinoxLogWriter@4d43394b
      perfWriter = class org.eclipse.osgi.internal.log.EquinoxLogWriter@43da691a
      rootFrameworkLog = class org.eclipse.osgi.internal.log.EquinoxLogFactory$1@203c2e3
      frameworkLogReg = class org.eclipse.osgi.internal.serviceregistry.ServiceRegistrationImpl@6a0bb4b4
      perfLogReg = class org.eclipse.osgi.internal.serviceregistry.ServiceRegistrationImpl@3e5641df
    storage = class org.eclipse.osgi.storage.Storage@7fe68547
      VERSION = 5
      MR_JAR_VERSION = 4
      CACHED_SYSTEM_CAPS_VERION = 5
      LOWEST_VERSION_SUPPORTED = 3
      BUNDLE_DATA_DIR = "data"
      BUNDLE_FILE_NAME = "bundleFile"
      FRAMEWORK_INFO = "framework.info"
      ECLIPSE_SYSTEMBUNDLE = "Eclipse-SystemBundle"
      DELETE_FLAG = ".delete"
      LIB_TEMP = "libtemp"
      JAVASE = "JavaSE"
      PROFILE_EXT = ".profile"
      NUL = " "
      INITIAL_LOCATION = "initial@"
      secureAction = class org.eclipse.osgi.framework.util.SecureAction@5e304348
      equinoxContainer = class org.eclipse.osgi.internal.framework.EquinoxContainer@1d521c5f
      installPath = "/C:/Users/Józek/IdeaProjects/film-database/target/liberty/wlp/lib/"
      osgiLocation = class org.eclipse.osgi.internal.location.BasicLocation@4ef8b2ea
      childRoot = class java.io.File@2687b3a2
      parentRoot = null
      permissionData = class org.eclipse.osgi.storage.PermissionData@1e280841
      securityAdmin = class org.eclipse.osgi.internal.permadmin.SecurityAdmin@42de22cf
      adaptor = class org.eclipse.osgi.internal.framework.EquinoxContainerAdaptor@49bab79c
      moduleDatabase = class org.eclipse.osgi.container.ModuleDatabase@52bb17aa
      moduleContainer = class org.eclipse.osgi.container.ModuleContainer@1dfa8244
      saveMonitor = class java.lang.Object@c8f67bc
      lastSavedTimestamp = 1605104692395
      mruList = class org.eclipse.osgi.storage.bundlefile.MRUBundleFileList@3f74e4b8
      extensionInstaller = class org.eclipse.osgi.storage.FrameworkExtensionInstaller@236ea29d
      cachedHeaderKeys = class java.util.Arrays$ArrayList@2962f71d
      allowRestrictedProvides = true
      refreshMRBundles = class java.util.concurrent.atomic.AtomicBoolean@5e27d70a
      runtimeVersion = class org.osgi.framework.Version@466ea952
      javaSpecVersion = "11"
    packageAdmin = class org.eclipse.osgi.internal.framework.legacy.PackageAdminImpl@2f8ec345
      container = class org.eclipse.osgi.container.ModuleContainer@1dfa8244
    startLevel = class org.eclipse.osgi.internal.framework.legacy.StartLevelImpl@1bdbf2a5
      container = class org.eclipse.osgi.container.ModuleContainer@1dfa8244
    bootDelegation = class java.util.HashSet@140e9f53
      serialVersionUID = "/* Could not access serialVersionUID */"
      map = "/* Could not access map */"
      PRESENT = "/* Could not access PRESENT */"
      MAX_ARRAY_SIZE = "/* Could not access MAX_ARRAY_SIZE */"
    bootDelegationStems = class java.lang.String[12]
      String[0] = "sun."
      String[1] = "com.sun."
      String[2] = "com.ibm.ws.boot.delegated."
      String[3] = "org.apache.xml."
      String[4] = "org.apache.xerces."
      String[5] = "com.ibm.xylem."
      String[6] = "com.ibm.xml."
      String[7] = "com.ibm.xtq."
      String[8] = "com.ibm.net.ssl."
      String[9] = "com.ibm.crypto."
      String[10] = "com.ibm.security."
      String[11] = "jdk."
    bootDelegateAll = false
    isProcessClassRecursionSupportedByAll = false
    eventPublisher = class org.eclipse.osgi.internal.framework.EquinoxEventPublisher@6448867
      eventHookName = "org.osgi.framework.hooks.bundle.EventHook"
      collisionHookName = "org.osgi.framework.hooks.bundle.CollisionHook"
      FRAMEWORK_STOPPED_MASK = 448
      BUNDLEEVENT = 1
      BUNDLEEVENTSYNC = 2
      FRAMEWORKEVENT = 4
      container = class org.eclipse.osgi.internal.framework.EquinoxContainer@1d521c5f
      monitor = class java.lang.Object@10c29148
      eventManager = class org.eclipse.osgi.framework.eventmgr.EventManager@2ea64652
      allBundleListeners = class java.util.LinkedHashMap@4e595b0b
      allSyncBundleListeners = class java.util.LinkedHashMap@7d4e4fab
      allFrameworkListeners = class java.util.LinkedHashMap@7982d99b
    monitor = class java.lang.Object@424e0cd0
    bootLoader = class jdk.internal.loader.ClassLoaders$PlatformClassLoader@225ae7cd
      parent = "/* Could not access parent */"
      ucp = "/* Could not access ucp */"
      packageToModule = "/* Could not access packageToModule */"
      nameToModule = "/* Could not access nameToModule */"
      moduleToReader = "/* Could not access moduleToReader */"
      resourceCache = "/* Could not access resourceCache */"
      $assertionsDisabled = "/* Could not access $assertionsDisabled */"
      initialized = "/* Could not access initialized */"
      pdcache = "/* Could not access pdcache */"
      parent = "/* Could not access parent */"
      name = "/* Could not access name */"
      unnamedModule = "/* Could not access unnamedModule */"
      nameAndId = "/* Could not access nameAndId */"
      parallelLockMap = "/* Could not access parallelLockMap */"
      package2certs = "/* Could not access package2certs */"
      nocerts = "/* Could not access nocerts */"
      classes = "/* Could not access classes */"
      defaultDomain = "/* Could not access defaultDomain */"
      packages = "/* Could not access packages */"
      scl = "/* Could not access scl */"
      usr_paths = "/* Could not access usr_paths */"
      sys_paths = "/* Could not access sys_paths */"
      loadedLibraryNames = "/* Could not access loadedLibraryNames */"
      systemNativeLibraries = "/* Could not access systemNativeLibraries */"
      nativeLibraries = "/* Could not access nativeLibraries */"
      assertionLock = "/* Could not access assertionLock */"
      defaultAssertionStatus = "/* Could not access defaultAssertionStatus */"
      packageAssertionStatus = "/* Could not access packageAssertionStatus */"
      classAssertionStatus = "/* Could not access classAssertionStatus */"
      classLoaderValueMap = "/* Could not access classLoaderValueMap */"
      $assertionsDisabled = "/* Could not access $assertionsDisabled */"
    serviceRegistry = class org.eclipse.osgi.internal.serviceregistry.ServiceRegistry@50f83ecf
      SERVICEEVENT = 3
      findHookName = "org.osgi.framework.hooks.service.FindHook"
      eventHookName = "org.osgi.framework.hooks.service.EventHook"
      eventListenerHookName = "org.osgi.framework.hooks.service.EventListenerHook"
      listenerHookName = "org.osgi.framework.hooks.service.ListenerHook"
      publishedServicesByClass = class java.util.HashMap@304edced
      allPublishedServices = class java.util.ArrayList@58fb23dd
      publishedServicesByContext = class java.util.HashMap@1d8255f9
      serviceid = 465
      serviceEventListeners = class java.util.LinkedHashMap@71d48532
      initialCapacity = 50
      initialSubCapacity = 10
      container = class org.eclipse.osgi.internal.framework.EquinoxContainer@1d521c5f
      systemBundleContext = class org.eclipse.osgi.internal.framework.BundleContextImpl@410954b
      debug = class org.eclipse.osgi.internal.debug.Debug@22394c9d
      $assertionsDisabled = true
    contextFinder = class org.eclipse.osgi.internal.framework.ContextFinder@5ae76500
      cycleDetector = class java.lang.ThreadLocal@650a842f
      finderClassLoader = class com.ibm.ws.kernel.internal.classloader.BootstrapChildFirstJarClassloader@38bc8ab5
      contextFinder = class org.eclipse.osgi.internal.framework.ContextFinder$Finder@610f1a86
      THIS = class java.lang.Class@771a660
      parentContextClassLoader = class jdk.internal.loader.ClassLoaders$AppClassLoader@2437c6dc
      parent = "/* Could not access parent */"
      name = "/* Could not access name */"
      unnamedModule = "/* Could not access unnamedModule */"
      nameAndId = "/* Could not access nameAndId */"
      parallelLockMap = "/* Could not access parallelLockMap */"
      package2certs = "/* Could not access package2certs */"
      nocerts = "/* Could not access nocerts */"
      classes = "/* Could not access classes */"
      defaultDomain = "/* Could not access defaultDomain */"
      packages = "/* Could not access packages */"
      scl = "/* Could not access scl */"
      usr_paths = "/* Could not access usr_paths */"
      sys_paths = "/* Could not access sys_paths */"
      loadedLibraryNames = "/* Could not access loadedLibraryNames */"
      systemNativeLibraries = "/* Could not access systemNativeLibraries */"
      nativeLibraries = "/* Could not access nativeLibraries */"
      assertionLock = "/* Could not access assertionLock */"
      defaultAssertionStatus = "/* Could not access defaultAssertionStatus */"
      packageAssertionStatus = "/* Could not access packageAssertionStatus */"
      classAssertionStatus = "/* Could not access classAssertionStatus */"
      classLoaderValueMap = "/* Could not access classLoaderValueMap */"
      $assertionsDisabled = "/* Could not access $assertionsDisabled */"
    signedContentFactory = class org.osgi.util.tracker.ServiceTracker@32a2b712
      DEBUG = false
      context = class org.eclipse.osgi.internal.framework.BundleContextImpl@410954b
      filter = class org.eclipse.osgi.internal.framework.FilterImpl$Equal@1927047
      customizer = class org.osgi.util.tracker.ServiceTracker@32a2b712
      listenerFilter = "(objectClass=org.eclipse.osgi.signedcontent.SignedContentFactory)"
      trackClass = "org.eclipse.osgi.signedcontent.SignedContentFactory"
      trackReference = null
      tracked = class org.osgi.util.tracker.ServiceTracker$Tracked@3008b7a6
      cachedReference = null
      cachedService = null
    executor = class java.util.concurrent.ScheduledThreadPoolExecutor@10070691
      continueExistingPeriodicTasksAfterShutdown = "/* Could not access continueExistingPeriodicTasksAfterShutdown */"
      executeExistingDelayedTasksAfterShutdown = "/* Could not access executeExistingDelayedTasksAfterShutdown */"
      removeOnCancel = "/* Could not access removeOnCancel */"
      sequencer = "/* Could not access sequencer */"
      DEFAULT_KEEPALIVE_MILLIS = "/* Could not access DEFAULT_KEEPALIVE_MILLIS */"
      ctl = "/* Could not access ctl */"
      COUNT_BITS = "/* Could not access COUNT_BITS */"
      COUNT_MASK = "/* Could not access COUNT_MASK */"
      RUNNING = "/* Could not access RUNNING */"
      SHUTDOWN = "/* Could not access SHUTDOWN */"
      STOP = "/* Could not access STOP */"
      TIDYING = "/* Could not access TIDYING */"
      TERMINATED = "/* Could not access TERMINATED */"
      workQueue = "/* Could not access workQueue */"
      mainLock = "/* Could not access mainLock */"
      workers = "/* Could not access workers */"
      termination = "/* Could not access termination */"
      largestPoolSize = "/* Could not access largestPoolSize */"
      completedTaskCount = "/* Could not access completedTaskCount */"
      threadFactory = "/* Could not access threadFactory */"
      handler = "/* Could not access handler */"
      keepAliveTime = "/* Could not access keepAliveTime */"
      allowCoreThreadTimeOut = "/* Could not access allowCoreThreadTimeOut */"
      corePoolSize = "/* Could not access corePoolSize */"
      maximumPoolSize = "/* Could not access maximumPoolSize */"
      defaultHandler = "/* Could not access defaultHandler */"
      shutdownPerm = "/* Could not access shutdownPerm */"
      ONLY_ONE = "/* Could not access ONLY_ONE */"
      $assertionsDisabled = "/* Could not access $assertionsDisabled */"
    storageSaver = class org.eclipse.osgi.internal.framework.StorageSaver@229db0cd
      container = class org.eclipse.osgi.internal.framework.EquinoxContainer@1d521c5f
      delay = 30000
      future = class java.util.concurrent.ScheduledThreadPoolExecutor$ScheduledFutureTask@37b2d800
      hook = class java.lang.Thread@138fe6ec
      task = class org.eclipse.osgi.internal.framework.StorageSaver$StorageSaverTask@39a6e627
  module = class org.eclipse.osgi.internal.framework.EquinoxBundle$EquinoxModule@3b3900da
    this$0 = class org.eclipse.osgi.internal.framework.EquinoxBundle@518f4d65
    ACTIVE_SET = class java.util.RegularEnumSet@48d2fb66
      serialVersionUID = "/* Could not access serialVersionUID */"
      elements = "/* Could not access elements */"
      serialPersistentFields = "/* Could not access serialPersistentFields */"
      elementType = "/* Could not access elementType */"
      universe = "/* Could not access universe */"
      MAX_ARRAY_SIZE = "/* Could not access MAX_ARRAY_SIZE */"
    RESOLVED_SET = class java.util.RegularEnumSet@3d299f91
      serialVersionUID = "/* Could not access serialVersionUID */"
      elements = "/* Could not access elements */"
      serialPersistentFields = "/* Could not access serialPersistentFields */"
      elementType = "/* Could not access elementType */"
      universe = "/* Could not access universe */"
      MAX_ARRAY_SIZE = "/* Could not access MAX_ARRAY_SIZE */"
    id = 142
    location = "feature@reference:file:/C:/Users/Józek/IdeaProjects/film-database/target/liberty/wlp/lib/com.ibm.ws.jpa.container_1.0.46.jar"
    revisions = class org.eclipse.osgi.container.ModuleRevisions@6eced6c7
      monitor = class java.lang.Object@46e2b248
      module = class org.eclipse.osgi.internal.framework.EquinoxBundle$EquinoxModule@3b3900da
      container = class org.eclipse.osgi.container.ModuleContainer@1dfa8244
      revisions = class java.util.ArrayList@5f4b2b1b
      uninstalled = false
      uninstalledCurrent = null
    stateChangeLock = class org.eclipse.osgi.internal.container.EquinoxReentrantLock@5030d85a
      serialVersionUID = 1
      serialVersionUID = "/* Could not access serialVersionUID */"
      sync = "/* Could not access sync */"
    stateTransitionEvents = class java.util.RegularEnumSet@23fc3d56
      serialVersionUID = "/* Could not access serialVersionUID */"
      elements = "/* Could not access elements */"
      serialPersistentFields = "/* Could not access serialPersistentFields */"
      elementType = "/* Could not access elementType */"
      universe = "/* Could not access universe */"
      MAX_ARRAY_SIZE = "/* Could not access MAX_ARRAY_SIZE */"
    settings = class java.util.RegularEnumSet@4fd94efc
      serialVersionUID = "/* Could not access serialVersionUID */"
      elements = "/* Could not access elements */"
      serialPersistentFields = "/* Could not access serialPersistentFields */"
      elementType = "/* Could not access elementType */"
      universe = "/* Could not access universe */"
      MAX_ARRAY_SIZE = "/* Could not access MAX_ARRAY_SIZE */"
    inStart = class java.util.concurrent.atomic.AtomicInteger@57b9d12e
      serialVersionUID = "/* Could not access serialVersionUID */"
      U = "/* Could not access U */"
      VALUE = "/* Could not access VALUE */"
      value = "/* Could not access value */"
      serialVersionUID = "/* Could not access serialVersionUID */"
    state = class org.eclipse.osgi.container.Module$State@4608af74
      INSTALLED = class org.eclipse.osgi.container.Module$State@29ca400b
      RESOLVED = class org.eclipse.osgi.container.Module$State@5e9e0cc3
      LAZY_STARTING = class org.eclipse.osgi.container.Module$State@4c9c4f1f
      STARTING = class org.eclipse.osgi.container.Module$State@395c64ad
      ACTIVE = class org.eclipse.osgi.container.Module$State@4608af74
      STOPPING = class org.eclipse.osgi.container.Module$State@42eda195
      UNINSTALLED = class org.eclipse.osgi.container.Module$State@6c3b551f
      ENUM$VALUES = class org.eclipse.osgi.container.Module$State[7]
      name = "/* Could not access name */"
      ordinal = "/* Could not access ordinal */"
    startlevel = 12
    lastModified = 1605104693171
    VALID_RESOLVED_TRANSITION = class java.util.RegularEnumSet@16709823
      serialVersionUID = "/* Could not access serialVersionUID */"
      elements = "/* Could not access elements */"
      serialPersistentFields = "/* Could not access serialPersistentFields */"
      elementType = "/* Could not access elementType */"
      universe = "/* Could not access universe */"
      MAX_ARRAY_SIZE = "/* Could not access MAX_ARRAY_SIZE */"
    VALID_STOPPED_TRANSITION = class java.util.RegularEnumSet@11bffdcf
      serialVersionUID = "/* Could not access serialVersionUID */"
      elements = "/* Could not access elements */"
      serialPersistentFields = "/* Could not access serialPersistentFields */"
      elementType = "/* Could not access elementType */"
      universe = "/* Could not access universe */"
      MAX_ARRAY_SIZE = "/* Could not access MAX_ARRAY_SIZE */"
    $SWITCH_TABLE$org$eclipse$osgi$container$ModuleContainerAdaptor$ModuleEvent = {1,2,3,4,5,6,7,8,9,10} /* array length = 10 */
  monitor = class java.lang.Object@3f7a767b
  context = class org.eclipse.osgi.internal.framework.BundleContextImpl@19fdb386
    findHookName = "org.osgi.framework.hooks.bundle.FindHook"
    valid = true
    bundle = class org.eclipse.osgi.internal.framework.EquinoxBundle@518f4d65
    container = class org.eclipse.osgi.internal.framework.EquinoxContainer@1d521c5f
    debug = class org.eclipse.osgi.internal.debug.Debug@22394c9d
      ECLIPSE_OSGI = "org.eclipse.osgi"
      OPTION_DEBUG_GENERAL = "org.eclipse.osgi/debug"
      OPTION_DEBUG_BUNDLE_TIME = "org.eclipse.osgi/debug/bundleTime"
      OPTION_DEBUG_BUNDLE_START_TIME = "org.eclipse.osgi/debug/bundleStartTime"
      OPTION_DEBUG_LOADER = "org.eclipse.osgi/debug/loader"
      OPTION_DEBUG_STORAGE = "org.eclipse.osgi/debug/storage"
      OPTION_DEBUG_EVENTS = "org.eclipse.osgi/debug/events"
      OPTION_DEBUG_SERVICES = "org.eclipse.osgi/debug/services"
      OPTION_DEBUG_HOOKS = "org.eclipse.osgi/debug/hooks"
      OPTION_DEBUG_MANIFEST = "org.eclipse.osgi/debug/manifest"
      OPTION_DEBUG_FILTER = "org.eclipse.osgi/debug/filter"
      OPTION_DEBUG_SECURITY = "org.eclipse.osgi/debug/security"
      OPTION_DEBUG_STARTLEVEL = "org.eclipse.osgi/debug/startlevel"
      OPTION_DEBUG_PACKAGEADMIN = "org.eclipse.osgi/debug/packageadmin"
      OPTION_DEBUG_PACKAGEADMIN_TIMING = "org.eclipse.osgi/debug/packageadmin/timing"
      OPTION_MONITOR_ACTIVATION = "org.eclipse.osgi/monitor/activation"
      OPTION_MONITOR_LAZY = "org.eclipse.osgi/monitor/lazy"
      OPTION_DEBUG_MESSAGE_BUNDLES = "org.eclipse.osgi/debug/messageBundles"
      OPTION_DEBUG_LOCATION = "org.eclipse.osgi/debug/location"
      OPTION_CACHED_MANIFEST = "org.eclipse.osgi/debug/cachedmanifest"
      OPTION_DEBUG_SYSTEM_BUNDLE = "org.eclipse.osgi/debug/systemBundle"
      OPTION_DEBUG_BUNDLE_FILE = "org.eclipse.osgi/debug/bundleFile"
      DEBUG_GENERAL = false
      DEBUG_BUNDLE_TIME = false
      DEBUG_LOADER = false
      DEBUG_STORAGE = false
      DEBUG_EVENTS = false
      DEBUG_SERVICES = false
      DEBUG_HOOKS = false
      DEBUG_MANIFEST = false
      DEBUG_FILTER = false
      DEBUG_SECURITY = false
      DEBUG_STARTLEVEL = false
      DEBUG_PACKAGEADMIN = false
      DEBUG_PACKAGEADMIN_TIMING = false
      DEBUG_MESSAGE_BUNDLES = false
      MONITOR_ACTIVATION = false
      DEBUG_LOCATION = false
      DEBUG_CACHED_MANIFEST = false
      DEBUG_SYSTEM_BUNDLE = false
      DEBUG_BUNDLE_FILE = false
      out = class com.ibm.ws.logging.internal.impl.BaseTraceService$TeePrintStream@591cfb87
    servicesInUse = class java.util.HashMap@19d218b
      serialVersionUID = "/* Could not access serialVersionUID */"
      DEFAULT_INITIAL_CAPACITY = "/* Could not access DEFAULT_INITIAL_CAPACITY */"
      MAXIMUM_CAPACITY = "/* Could not access MAXIMUM_CAPACITY */"
      DEFAULT_LOAD_FACTOR = "/* Could not access DEFAULT_LOAD_FACTOR */"
      TREEIFY_THRESHOLD = "/* Could not access TREEIFY_THRESHOLD */"
      UNTREEIFY_THRESHOLD = "/* Could not access UNTREEIFY_THRESHOLD */"
      MIN_TREEIFY_CAPACITY = "/* Could not access MIN_TREEIFY_CAPACITY */"
      table = "/* Could not access table */"
      entrySet = "/* Could not access entrySet */"
      size = "/* Could not access size */"
      modCount = "/* Could not access modCount */"
      threshold = "/* Could not access threshold */"
      loadFactor = "/* Could not access loadFactor */"
      keySet = "/* Could not access keySet */"
      values = "/* Could not access values */"
    activator = null
    contextLock = class java.lang.Object@43c9aa63
  signerInfos = null
  $SWITCH_TABLE$org$eclipse$osgi$container$Module$State = {1,2,3,4,5,6,7} /* array length = 7 */

Dump of objectArray[1]
Object type = org.eclipse.osgi.internal.serviceregistry.ServiceRegistrationImpl
  registry = class org.eclipse.osgi.internal.serviceregistry.ServiceRegistry@50f83ecf
    SERVICEEVENT = 3
    findHookName = "org.osgi.framework.hooks.service.FindHook"
    eventHookName = "org.osgi.framework.hooks.service.EventHook"
    eventListenerHookName = "org.osgi.framework.hooks.service.EventListenerHook"
    listenerHookName = "org.osgi.framework.hooks.service.ListenerHook"
    publishedServicesByClass = class java.util.HashMap@304edced
      serialVersionUID = "/* Could not access serialVersionUID */"
      DEFAULT_INITIAL_CAPACITY = "/* Could not access DEFAULT_INITIAL_CAPACITY */"
      MAXIMUM_CAPACITY = "/* Could not access MAXIMUM_CAPACITY */"
      DEFAULT_LOAD_FACTOR = "/* Could not access DEFAULT_LOAD_FACTOR */"
      TREEIFY_THRESHOLD = "/* Could not access TREEIFY_THRESHOLD */"
      UNTREEIFY_THRESHOLD = "/* Could not access UNTREEIFY_THRESHOLD */"
      MIN_TREEIFY_CAPACITY = "/* Could not access MIN_TREEIFY_CAPACITY */"
      table = "/* Could not access table */"
      entrySet = "/* Could not access entrySet */"
      size = "/* Could not access size */"
      modCount = "/* Could not access modCount */"
      threshold = "/* Could not access threshold */"
      loadFactor = "/* Could not access loadFactor */"
      keySet = "/* Could not access keySet */"
      values = "/* Could not access values */"
    allPublishedServices = class java.util.ArrayList@58fb23dd
      serialVersionUID = "/* Could not access serialVersionUID */"
      DEFAULT_CAPACITY = "/* Could not access DEFAULT_CAPACITY */"
      EMPTY_ELEMENTDATA = "/* Could not access EMPTY_ELEMENTDATA */"
      DEFAULTCAPACITY_EMPTY_ELEMENTDATA = "/* Could not access DEFAULTCAPACITY_EMPTY_ELEMENTDATA */"
      elementData = "/* Could not access elementData */"
      size = "/* Could not access size */"
      MAX_ARRAY_SIZE = "/* Could not access MAX_ARRAY_SIZE */"
      modCount = "/* Could not access modCount */"
      MAX_ARRAY_SIZE = "/* Could not access MAX_ARRAY_SIZE */"
    publishedServicesByContext = class java.util.HashMap@1d8255f9
      serialVersionUID = "/* Could not access serialVersionUID */"
      DEFAULT_INITIAL_CAPACITY = "/* Could not access DEFAULT_INITIAL_CAPACITY */"
      MAXIMUM_CAPACITY = "/* Could not access MAXIMUM_CAPACITY */"
      DEFAULT_LOAD_FACTOR = "/* Could not access DEFAULT_LOAD_FACTOR */"
      TREEIFY_THRESHOLD = "/* Could not access TREEIFY_THRESHOLD */"
      UNTREEIFY_THRESHOLD = "/* Could not access UNTREEIFY_THRESHOLD */"
      MIN_TREEIFY_CAPACITY = "/* Could not access MIN_TREEIFY_CAPACITY */"
      table = "/* Could not access table */"
      entrySet = "/* Could not access entrySet */"
      size = "/* Could not access size */"
      modCount = "/* Could not access modCount */"
      threshold = "/* Could not access threshold */"
      loadFactor = "/* Could not access loadFactor */"
      keySet = "/* Could not access keySet */"
      values = "/* Could not access values */"
    serviceid = 465
    serviceEventListeners = class java.util.LinkedHashMap@71d48532
      serialVersionUID = "/* Could not access serialVersionUID */"
      head = "/* Could not access head */"
      tail = "/* Could not access tail */"
      accessOrder = "/* Could not access accessOrder */"
      serialVersionUID = "/* Could not access serialVersionUID */"
      DEFAULT_INITIAL_CAPACITY = "/* Could not access DEFAULT_INITIAL_CAPACITY */"
      MAXIMUM_CAPACITY = "/* Could not access MAXIMUM_CAPACITY */"
      DEFAULT_LOAD_FACTOR = "/* Could not access DEFAULT_LOAD_FACTOR */"
      TREEIFY_THRESHOLD = "/* Could not access TREEIFY_THRESHOLD */"
      UNTREEIFY_THRESHOLD = "/* Could not access UNTREEIFY_THRESHOLD */"
      MIN_TREEIFY_CAPACITY = "/* Could not access MIN_TREEIFY_CAPACITY */"
      table = "/* Could not access table */"
      entrySet = "/* Could not access entrySet */"
      size = "/* Could not access size */"
      modCount = "/* Could not access modCount */"
      threshold = "/* Could not access threshold */"
      loadFactor = "/* Could not access loadFactor */"
      keySet = "/* Could not access keySet */"
      values = "/* Could not access values */"
    initialCapacity = 50
    initialSubCapacity = 10
    container = class org.eclipse.osgi.internal.framework.EquinoxContainer@1d521c5f
      NAME = "org.eclipse.osgi"
      secureAction = class org.eclipse.osgi.framework.util.SecureAction@74f4999f
      equinoxConfig = class org.eclipse.osgi.internal.framework.EquinoxConfiguration@6b4be554
      logServices = class org.eclipse.osgi.internal.log.EquinoxLogServices@50bbec29
      storage = class org.eclipse.osgi.storage.Storage@7fe68547
      packageAdmin = class org.eclipse.osgi.internal.framework.legacy.PackageAdminImpl@2f8ec345
      startLevel = class org.eclipse.osgi.internal.framework.legacy.StartLevelImpl@1bdbf2a5
      bootDelegation = class java.util.HashSet@140e9f53
      bootDelegationStems = class java.lang.String[12]
      bootDelegateAll = false
      isProcessClassRecursionSupportedByAll = false
      eventPublisher = class org.eclipse.osgi.internal.framework.EquinoxEventPublisher@6448867
      monitor = class java.lang.Object@424e0cd0
      bootLoader = class jdk.internal.loader.ClassLoaders$PlatformClassLoader@225ae7cd
      serviceRegistry = class org.eclipse.osgi.internal.serviceregistry.ServiceRegistry@50f83ecf
      contextFinder = class org.eclipse.osgi.internal.framework.ContextFinder@5ae76500
      signedContentFactory = class org.osgi.util.tracker.ServiceTracker@32a2b712
      executor = class java.util.concurrent.ScheduledThreadPoolExecutor@10070691
      storageSaver = class org.eclipse.osgi.internal.framework.StorageSaver@229db0cd
    systemBundleContext = class org.eclipse.osgi.internal.framework.BundleContextImpl@410954b
      findHookName = "org.osgi.framework.hooks.bundle.FindHook"
      valid = true
      bundle = class org.eclipse.osgi.internal.framework.EquinoxBundle$SystemBundle@60094a13
      container = class org.eclipse.osgi.internal.framework.EquinoxContainer@1d521c5f
      debug = class org.eclipse.osgi.internal.debug.Debug@22394c9d
      servicesInUse = class java.util.HashMap@7f34cdac
      activator = class org.eclipse.osgi.internal.framework.SystemBundleActivator@332331b7
      contextLock = class java.lang.Object@44c4c887
    debug = class org.eclipse.osgi.internal.debug.Debug@22394c9d
      ECLIPSE_OSGI = "org.eclipse.osgi"
      OPTION_DEBUG_GENERAL = "org.eclipse.osgi/debug"
      OPTION_DEBUG_BUNDLE_TIME = "org.eclipse.osgi/debug/bundleTime"
      OPTION_DEBUG_BUNDLE_START_TIME = "org.eclipse.osgi/debug/bundleStartTime"
      OPTION_DEBUG_LOADER = "org.eclipse.osgi/debug/loader"
      OPTION_DEBUG_STORAGE = "org.eclipse.osgi/debug/storage"
      OPTION_DEBUG_EVENTS = "org.eclipse.osgi/debug/events"
      OPTION_DEBUG_SERVICES = "org.eclipse.osgi/debug/services"
      OPTION_DEBUG_HOOKS = "org.eclipse.osgi/debug/hooks"
      OPTION_DEBUG_MANIFEST = "org.eclipse.osgi/debug/manifest"
      OPTION_DEBUG_FILTER = "org.eclipse.osgi/debug/filter"
      OPTION_DEBUG_SECURITY = "org.eclipse.osgi/debug/security"
      OPTION_DEBUG_STARTLEVEL = "org.eclipse.osgi/debug/startlevel"
      OPTION_DEBUG_PACKAGEADMIN = "org.eclipse.osgi/debug/packageadmin"
      OPTION_DEBUG_PACKAGEADMIN_TIMING = "org.eclipse.osgi/debug/packageadmin/timing"
      OPTION_MONITOR_ACTIVATION = "org.eclipse.osgi/monitor/activation"
      OPTION_MONITOR_LAZY = "org.eclipse.osgi/monitor/lazy"
      OPTION_DEBUG_MESSAGE_BUNDLES = "org.eclipse.osgi/debug/messageBundles"
      OPTION_DEBUG_LOCATION = "org.eclipse.osgi/debug/location"
      OPTION_CACHED_MANIFEST = "org.eclipse.osgi/debug/cachedmanifest"
      OPTION_DEBUG_SYSTEM_BUNDLE = "org.eclipse.osgi/debug/systemBundle"
      OPTION_DEBUG_BUNDLE_FILE = "org.eclipse.osgi/debug/bundleFile"
      DEBUG_GENERAL = false
      DEBUG_BUNDLE_TIME = false
      DEBUG_LOADER = false
      DEBUG_STORAGE = false
      DEBUG_EVENTS = false
      DEBUG_SERVICES = false
      DEBUG_HOOKS = false
      DEBUG_MANIFEST = false
      DEBUG_FILTER = false
      DEBUG_SECURITY = false
      DEBUG_STARTLEVEL = false
      DEBUG_PACKAGEADMIN = false
      DEBUG_PACKAGEADMIN_TIMING = false
      DEBUG_MESSAGE_BUNDLES = false
      MONITOR_ACTIVATION = false
      DEBUG_LOCATION = false
      DEBUG_CACHED_MANIFEST = false
      DEBUG_SYSTEM_BUNDLE = false
      DEBUG_BUNDLE_FILE = false
      out = class com.ibm.ws.logging.internal.impl.BaseTraceService$TeePrintStream@591cfb87
    $assertionsDisabled = true
  context = class org.eclipse.osgi.internal.framework.BundleContextImpl@6139cb52
    findHookName = "org.osgi.framework.hooks.bundle.FindHook"
    valid = true
    bundle = class org.eclipse.osgi.internal.framework.EquinoxBundle@52e4fd3f
    container = class org.eclipse.osgi.internal.framework.EquinoxContainer@1d521c5f
    debug = class org.eclipse.osgi.internal.debug.Debug@22394c9d
    servicesInUse = class java.util.HashMap@1b641da0
      serialVersionUID = "/* Could not access serialVersionUID */"
      DEFAULT_INITIAL_CAPACITY = "/* Could not access DEFAULT_INITIAL_CAPACITY */"
      MAXIMUM_CAPACITY = "/* Could not access MAXIMUM_CAPACITY */"
      DEFAULT_LOAD_FACTOR = "/* Could not access DEFAULT_LOAD_FACTOR */"
      TREEIFY_THRESHOLD = "/* Could not access TREEIFY_THRESHOLD */"
      UNTREEIFY_THRESHOLD = "/* Could not access UNTREEIFY_THRESHOLD */"
      MIN_TREEIFY_CAPACITY = "/* Could not access MIN_TREEIFY_CAPACITY */"
      table = "/* Could not access table */"
      entrySet = "/* Could not access entrySet */"
      size = "/* Could not access size */"
      modCount = "/* Could not access modCount */"
      threshold = "/* Could not access threshold */"
      loadFactor = "/* Could not access loadFactor */"
      keySet = "/* Could not access keySet */"
      values = "/* Could not access values */"
    activator = null
    contextLock = class java.lang.Object@3bb64442
  bundle = class org.eclipse.osgi.internal.framework.EquinoxBundle@52e4fd3f
    equinoxContainer = class org.eclipse.osgi.internal.framework.EquinoxContainer@1d521c5f
    module = class org.eclipse.osgi.internal.framework.EquinoxBundle$EquinoxModule@6abe1bd2
      this$0 = class org.eclipse.osgi.internal.framework.EquinoxBundle@52e4fd3f
      ACTIVE_SET = class java.util.RegularEnumSet@48d2fb66
      RESOLVED_SET = class java.util.RegularEnumSet@3d299f91
      id = 180
      location = "feature@reference:file:/C:/Users/Józek/IdeaProjects/film-database/target/liberty/wlp/lib/com.ibm.ws.jdbc_1.0.46.jar"
      revisions = class org.eclipse.osgi.container.ModuleRevisions@69b1c89
      stateChangeLock = class org.eclipse.osgi.internal.container.EquinoxReentrantLock@f86cc4c
      stateTransitionEvents = class java.util.RegularEnumSet@50d00f11
      settings = class java.util.RegularEnumSet@21f4c78d
      inStart = class java.util.concurrent.atomic.AtomicInteger@7fd5f86e
      state = class org.eclipse.osgi.container.Module$State@4608af74
      startlevel = 12
      lastModified = 1605104693281
      VALID_RESOLVED_TRANSITION = class java.util.RegularEnumSet@16709823
      VALID_STOPPED_TRANSITION = class java.util.RegularEnumSet@11bffdcf
      $SWITCH_TABLE$org$eclipse$osgi$container$ModuleContainerAdaptor$ModuleEvent = {1,2,3,4,5,6,7,8,9,10} /* array length = 10 */
    monitor = class java.lang.Object@7626c1dd
    context = class org.eclipse.osgi.internal.framework.BundleContextImpl@6139cb52
    signerInfos = null
    $SWITCH_TABLE$org$eclipse$osgi$container$Module$State = {1,2,3,4,5,6,7} /* array length = 7 */
  clazzes = class java.lang.String[1]
    String[0] = "javax.sql.DataSource"
  service = class com.ibm.ws.resource.internal.ResourceFactoryTrackerData$1@70c3bd04
    val$ref = class org.eclipse.osgi.internal.serviceregistry.ServiceReferenceImpl@568c56ff
      registration = class org.eclipse.osgi.internal.serviceregistry.ServiceRegistrationImpl@698e055a
    this$0 = class com.ibm.ws.resource.internal.ResourceFactoryTrackerData@8d5d1f9
      JNDI_SERVICENAME = "osgi.jndi.service.name"
      context = class org.eclipse.osgi.internal.framework.BundleContextImpl@6139cb52
      registration = class org.eclipse.osgi.internal.serviceregistry.ServiceRegistrationImpl@22f5639e
      interfaces = class java.lang.String[1]
      serialVersionUID = 7071819092476537634
      $$$tc$$$ = class com.ibm.websphere.ras.TraceComponent@55ecf92c
    serialVersionUID = -5395261454852493419
    $$$tc$$$ = class com.ibm.websphere.ras.TraceComponent@233db7c9
      strings[0] = "TraceComponent[com.ibm.ws.resource.internal.ResourceFactoryTrackerData$1,class com.ibm.ws.resource.internal.ResourceFactoryTrackerData$1,[resource],com.ibm.ws.resource.internal.resources.Runtime,null]"
  reference = class org.eclipse.osgi.internal.serviceregistry.ServiceReferenceImpl@2bc1a9c1
    registration = class org.eclipse.osgi.internal.serviceregistry.ServiceRegistrationImpl@22f5639e
  contextsUsing = class java.util.ArrayList@dbdef59
    serialVersionUID = "/* Could not access serialVersionUID */"
    DEFAULT_CAPACITY = "/* Could not access DEFAULT_CAPACITY */"
    EMPTY_ELEMENTDATA = "/* Could not access EMPTY_ELEMENTDATA */"
    DEFAULTCAPACITY_EMPTY_ELEMENTDATA = "/* Could not access DEFAULTCAPACITY_EMPTY_ELEMENTDATA */"
    elementData = "/* Could not access elementData */"
    size = "/* Could not access size */"
    MAX_ARRAY_SIZE = "/* Could not access MAX_ARRAY_SIZE */"
    modCount = "/* Could not access modCount */"
    MAX_ARRAY_SIZE = "/* Could not access MAX_ARRAY_SIZE */"
  properties = class java.util.Collections$UnmodifiableMap@1f0b6f0
    serialVersionUID = "/* Could not access serialVersionUID */"
    m = "/* Could not access m */"
    keySet = "/* Could not access keySet */"
    entrySet = "/* Could not access entrySet */"
    values = "/* Could not access values */"
  serviceid = 420
  serviceranking = 0
  registrationLock = class java.lang.Object@7fb5ca11
  state = 0
  REGISTERED = 0
  UNREGISTERING = 1
  UNREGISTERED = 2
  FRAMEWORK_SET_SERVICE_PROPERTIES_COUNT = 4
  $assertionsDisabled = true

