------Start of DE processing------ = [11/11/2020, 16:31:38:395 CET]
Exception = com.ibm.wsspi.injectionengine.InjectionException
Source = com.ibm.ws.cdi.impl.weld.injection.WebSphereInjectionServicesImpl
probeid = 199
Stack Dump = com.ibm.wsspi.injectionengine.InjectionException: CWNEN0030E: The server was unable to obtain an object instance for the java:comp/env/film_database.director.repository.DirectorRepository/em reference.  The exception message was: Exception [EclipseLink-28018] (Eclipse Persistence Services - 2.7.7.v20200504-69f2c2b80d): org.eclipse.persistence.exceptions.EntityManagerSetupException
Exception Description: Predeployment of PersistenceUnit [my_db] failed.
Internal Exception: javax.persistence.PersistenceException: CWWJP0013E: The server cannot locate the jdbc/FilmDatabase data source for the my_db persistence unit because it has encountered the following exception: javax.naming.NamingException: CWWKN0008E: An object could not be obtained for name jdbc/FilmDatabase..
	at com.ibm.wsspi.injectionengine.InjectionBinding.getInjectionObject(InjectionBinding.java:1454)
	at com.ibm.wsspi.injectionengine.InjectionBinding.getInjectableObject(InjectionBinding.java:1368)
	at com.ibm.wsspi.injectionengine.InjectionTarget.inject(InjectionTarget.java:104)
	at com.ibm.ws.cdi.impl.weld.injection.WebSphereInjectionServicesImpl.inject(WebSphereInjectionServicesImpl.java:198)
	at com.ibm.ws.cdi.impl.weld.injection.WebSphereInjectionServicesImpl.inject(WebSphereInjectionServicesImpl.java:150)
	at com.ibm.ws.cdi.impl.weld.injection.WebSphereInjectionServicesImpl.access$000(WebSphereInjectionServicesImpl.java:74)
	at com.ibm.ws.cdi.impl.weld.injection.WebSphereInjectionServicesImpl$1.run(WebSphereInjectionServicesImpl.java:134)
	at com.ibm.ws.cdi.impl.weld.injection.WebSphereInjectionServicesImpl$1.run(WebSphereInjectionServicesImpl.java:130)
	at java.base/java.security.AccessController.doPrivileged(Native Method)
	at com.ibm.ws.cdi.impl.weld.injection.WebSphereInjectionServicesImpl.callInject(WebSphereInjectionServicesImpl.java:130)
	at com.ibm.ws.cdi.impl.weld.injection.WebSphereInjectionServicesImpl.injectJavaEEResources(WebSphereInjectionServicesImpl.java:112)
	at com.ibm.ws.cdi.impl.weld.injection.WebSphereInjectionServicesImpl.aroundInject(WebSphereInjectionServicesImpl.java:317)
	at org.jboss.weld.injection.InjectionContextImpl.run(InjectionContextImpl.java:46)
	at org.jboss.weld.injection.producer.ResourceInjector.inject(ResourceInjector.java:71)
	at org.jboss.weld.injection.producer.BasicInjectionTarget.inject(BasicInjectionTarget.java:117)
	at org.jboss.weld.bean.ManagedBean.create(ManagedBean.java:161)
	at org.jboss.weld.contexts.AbstractContext.get(AbstractContext.java:96)
	at org.jboss.weld.bean.ContextualInstanceStrategy$DefaultContextualInstanceStrategy.get(ContextualInstanceStrategy.java:100)
	at org.jboss.weld.bean.ContextualInstanceStrategy$CachingContextualInstanceStrategy.get(ContextualInstanceStrategy.java:177)
	at org.jboss.weld.bean.ContextualInstance.get(ContextualInstance.java:50)
	at org.jboss.weld.bean.proxy.ContextBeanInstance.getInstance(ContextBeanInstance.java:102)
	at org.jboss.weld.bean.proxy.ProxyMethodHandler.getInstance(ProxyMethodHandler.java:131)
	at film_database.director.repository.DirectorRepository$Proxy$_$$_WeldClientProxy.create(Unknown Source)
	at film_database.director.service.DirectorService.create(DirectorService.java:57)
	at film_database.director.service.DirectorService$Proxy$_$$_WeldClientProxy.create(Unknown Source)
	at film_database.configuration.InitializedData.init(InitializedData.java:78)
	at film_database.configuration.InitializedData.contextInitialized(InitializedData.java:44)
	at jdk.internal.reflect.GeneratedMethodAccessor628.invoke(Unknown Source)
	at java.base/java.lang.reflect.Method.invoke(Method.java:566)
	at org.jboss.weld.injection.StaticMethodInjectionPoint.invoke(StaticMethodInjectionPoint.java:95)
	at org.jboss.weld.injection.StaticMethodInjectionPoint.invoke(StaticMethodInjectionPoint.java:85)
	at org.jboss.weld.injection.MethodInvocationStrategy$SimpleMethodInvocationStrategy.invoke(MethodInvocationStrategy.java:168)
	at org.jboss.weld.event.ObserverMethodImpl.sendEvent(ObserverMethodImpl.java:330)
	at org.jboss.weld.event.ObserverMethodImpl.sendEvent(ObserverMethodImpl.java:308)
	at org.jboss.weld.event.ObserverMethodImpl.notify(ObserverMethodImpl.java:286)
	at javax.enterprise.inject.spi.ObserverMethod.notify(ObserverMethod.java:124)
	at org.jboss.weld.util.Observers.notify(Observers.java:166)
	at org.jboss.weld.event.ObserverNotifier.notifySyncObservers(ObserverNotifier.java:285)
	at org.jboss.weld.event.ObserverNotifier.notify(ObserverNotifier.java:273)
	at org.jboss.weld.event.ObserverNotifier.fireEvent(ObserverNotifier.java:177)
	at org.jboss.weld.bootstrap.BeanDeploymentModule.fireEvent(BeanDeploymentModule.java:93)
	at org.jboss.weld.module.web.servlet.HttpContextLifecycle.fireEventForApplicationScope(HttpContextLifecycle.java:161)
	at org.jboss.weld.module.web.servlet.HttpContextLifecycle.contextInitialized(HttpContextLifecycle.java:147)
	at org.jboss.weld.module.web.servlet.WeldInitialListener.contextInitialized(WeldInitialListener.java:99)
	at com.ibm.ws.webcontainer.webapp.WebApp.notifyServletContextCreated(WebApp.java:2437)
	at com.ibm.ws.webcontainer31.osgi.webapp.WebApp31.notifyServletContextCreated(WebApp31.java:514)
	at com.ibm.ws.webcontainer.webapp.WebApp.initialize(WebApp.java:1041)
	at com.ibm.ws.webcontainer.webapp.WebApp.initialize(WebApp.java:6683)
	at com.ibm.ws.webcontainer.osgi.DynamicVirtualHost.startWebApp(DynamicVirtualHost.java:470)
	at com.ibm.ws.webcontainer.osgi.DynamicVirtualHost.startWebApplication(DynamicVirtualHost.java:465)
	at com.ibm.ws.webcontainer.osgi.WebContainer.startWebApplication(WebContainer.java:1178)
	at com.ibm.ws.webcontainer.osgi.WebContainer.access$100(WebContainer.java:109)
	at com.ibm.ws.webcontainer.osgi.WebContainer$3.run(WebContainer.java:975)
	at com.ibm.ws.threading.internal.ExecutorServiceImpl$RunnableWrapper.run(ExecutorServiceImpl.java:239)
	at java.base/java.util.concurrent.Executors$RunnableAdapter.call(Executors.java:515)
	at java.base/java.util.concurrent.FutureTask.run(FutureTask.java:264)
	at java.base/java.util.concurrent.ThreadPoolExecutor.runWorker(ThreadPoolExecutor.java:1128)
	at java.base/java.util.concurrent.ThreadPoolExecutor$Worker.run(ThreadPoolExecutor.java:628)
	at java.base/java.lang.Thread.run(Thread.java:834)
Caused by: javax.persistence.PersistenceException: Exception [EclipseLink-28018] (Eclipse Persistence Services - 2.7.7.v20200504-69f2c2b80d): org.eclipse.persistence.exceptions.EntityManagerSetupException
Exception Description: Predeployment of PersistenceUnit [my_db] failed.
Internal Exception: javax.persistence.PersistenceException: CWWJP0013E: The server cannot locate the jdbc/FilmDatabase data source for the my_db persistence unit because it has encountered the following exception: javax.naming.NamingException: CWWKN0008E: An object could not be obtained for name jdbc/FilmDatabase..
	at org.eclipse.persistence.internal.jpa.EntityManagerSetupImpl.createPredeployFailedPersistenceException(EntityManagerSetupImpl.java:2109)
	at org.eclipse.persistence.internal.jpa.EntityManagerSetupImpl.predeploy(EntityManagerSetupImpl.java:2085)
	at org.eclipse.persistence.jpa.PersistenceProvider.createContainerEntityManagerFactoryImpl(PersistenceProvider.java:350)
	at org.eclipse.persistence.jpa.PersistenceProvider.createContainerEntityManagerFactory(PersistenceProvider.java:316)
	at com.ibm.ws.jpa.management.JPAPUnitInfo.createEMFactory(JPAPUnitInfo.java:919)
	at com.ibm.ws.jpa.management.JPAPUnitInfo.getEntityManagerFactory(JPAPUnitInfo.java:833)
	at com.ibm.ws.jpa.management.JPAPUnitInfo.getEntityManagerPool(JPAPUnitInfo.java:1006)
	at com.ibm.ws.jpa.management.JPATxEntityManager.<init>(JPATxEntityManager.java:147)
	at com.ibm.ws.jpa.container.v22.JPATxEntityManagerV22.<init>(JPATxEntityManagerV22.java:45)
	at com.ibm.ws.jpa.container.v22.internal.JPA22Runtime.createJPATxEntityManager(JPA22Runtime.java:71)
	at com.ibm.ws.jpa.management.AbstractJPAComponent.getEntityManager(AbstractJPAComponent.java:255)
	at com.ibm.ws.jpa.container.osgi.jndi.JPAJndiLookupObjectFactory.getObjectInstance(JPAJndiLookupObjectFactory.java:149)
	at com.ibm.wsspi.injectionengine.InjectionBinding.getInjectionObjectInstance(InjectionBinding.java:1552)
	at com.ibm.wsspi.injectionengine.InjectionBinding.getInjectionObject(InjectionBinding.java:1428)
	... 58 more
Caused by: Exception [EclipseLink-28018] (Eclipse Persistence Services - 2.7.7.v20200504-69f2c2b80d): org.eclipse.persistence.exceptions.EntityManagerSetupException
Exception Description: Predeployment of PersistenceUnit [my_db] failed.
Internal Exception: javax.persistence.PersistenceException: CWWJP0013E: The server cannot locate the jdbc/FilmDatabase data source for the my_db persistence unit because it has encountered the following exception: javax.naming.NamingException: CWWKN0008E: An object could not be obtained for name jdbc/FilmDatabase..
	at org.eclipse.persistence.exceptions.EntityManagerSetupException.predeployFailed(EntityManagerSetupException.java:233)
	... 72 more
Caused by: javax.persistence.PersistenceException: CWWJP0013E: The server cannot locate the jdbc/FilmDatabase data source for the my_db persistence unit because it has encountered the following exception: javax.naming.NamingException: CWWKN0008E: An object could not be obtained for name jdbc/FilmDatabase..
	at com.ibm.ws.jpa.management.JPAPUnitInfo.getJPADataSource(JPAPUnitInfo.java:356)
	at com.ibm.ws.jpa.management.JPAPUnitInfo.lookupJtaDataSource(JPAPUnitInfo.java:424)
	at com.ibm.ws.jpa.management.JPACompPUnitInfo.getJtaDataSource(JPACompPUnitInfo.java:137)
	at org.eclipse.persistence.internal.jpa.EntityManagerSetupImpl.predeploy(EntityManagerSetupImpl.java:1889)
	... 70 more
Caused by: javax.naming.NamingException: CWWKN0008E: An object could not be obtained for name jdbc/FilmDatabase.
	at com.ibm.ws.jndi.internal.WSContext.resolveObject(WSContext.java:141)
	at com.ibm.ws.jndi.internal.WSContext.lookup(WSContext.java:309)
	at com.ibm.ws.jndi.WSContextBase.lookup(WSContextBase.java:61)
	at org.apache.aries.jndi.DelegateContext.lookup(DelegateContext.java:149)
	at java.naming/javax.naming.InitialContext.lookup(InitialContext.java:409)
	at com.ibm.ws.jpa.container.osgi.internal.OSGiJPAPUnitInfo.lookupDataSource(OSGiJPAPUnitInfo.java:317)
	at com.ibm.ws.jpa.management.JPAPUnitInfo.getJPADataSource(JPAPUnitInfo.java:337)
	... 73 more

Dump of callerThis
Object type = com.ibm.ws.cdi.impl.weld.injection.WebSphereInjectionServicesImpl
  tc = class com.ibm.websphere.ras.TraceComponent@ff07fb4
    strings[0] = "TraceComponent[com.ibm.ws.cdi.impl.weld.injection.WebSphereInjectionServicesImpl,class com.ibm.ws.cdi.impl.weld.injection.WebSphereInjectionServicesImpl,[JCDI],com.ibm.ws.cdi.internal.resources.CDI,null]"
  ANNOTATIONS_KNOWN_TO_WELD = class java.util.HashSet@57145cb3
    serialVersionUID = "/* Could not access serialVersionUID */"
    map = "/* Could not access map */"
    PRESENT = "/* Could not access PRESENT */"
    MAX_ARRAY_SIZE = "/* Could not access MAX_ARRAY_SIZE */"
  referenceContextMap = class java.util.concurrent.ConcurrentHashMap@1274eef8
    serialVersionUID = "/* Could not access serialVersionUID */"
    MAXIMUM_CAPACITY = "/* Could not access MAXIMUM_CAPACITY */"
    DEFAULT_CAPACITY = "/* Could not access DEFAULT_CAPACITY */"
    MAX_ARRAY_SIZE = "/* Could not access MAX_ARRAY_SIZE */"
    DEFAULT_CONCURRENCY_LEVEL = "/* Could not access DEFAULT_CONCURRENCY_LEVEL */"
    LOAD_FACTOR = "/* Could not access LOAD_FACTOR */"
    TREEIFY_THRESHOLD = "/* Could not access TREEIFY_THRESHOLD */"
    UNTREEIFY_THRESHOLD = "/* Could not access UNTREEIFY_THRESHOLD */"
    MIN_TREEIFY_CAPACITY = "/* Could not access MIN_TREEIFY_CAPACITY */"
    MIN_TRANSFER_STRIDE = "/* Could not access MIN_TRANSFER_STRIDE */"
    RESIZE_STAMP_BITS = "/* Could not access RESIZE_STAMP_BITS */"
    MAX_RESIZERS = "/* Could not access MAX_RESIZERS */"
    RESIZE_STAMP_SHIFT = "/* Could not access RESIZE_STAMP_SHIFT */"
    MOVED = "/* Could not access MOVED */"
    TREEBIN = "/* Could not access TREEBIN */"
    RESERVED = "/* Could not access RESERVED */"
    HASH_BITS = "/* Could not access HASH_BITS */"
    NCPU = "/* Could not access NCPU */"
    serialPersistentFields = "/* Could not access serialPersistentFields */"
    table = "/* Could not access table */"
    nextTable = "/* Could not access nextTable */"
    baseCount = "/* Could not access baseCount */"
    sizeCtl = "/* Could not access sizeCtl */"
    transferIndex = "/* Could not access transferIndex */"
    cellsBusy = "/* Could not access cellsBusy */"
    counterCells = "/* Could not access counterCells */"
    keySet = "/* Could not access keySet */"
    values = "/* Could not access values */"
    entrySet = "/* Could not access entrySet */"
    U = "/* Could not access U */"
    SIZECTL = "/* Could not access SIZECTL */"
    TRANSFERINDEX = "/* Could not access TRANSFERINDEX */"
    BASECOUNT = "/* Could not access BASECOUNT */"
    CELLSBUSY = "/* Could not access CELLSBUSY */"
    CELLVALUE = "/* Could not access CELLVALUE */"
    ABASE = "/* Could not access ABASE */"
    ASHIFT = "/* Could not access ASHIFT */"
    keySet = "/* Could not access keySet */"
    values = "/* Could not access values */"
  referenceContexts = class java.util.Collections$SetFromMap@6048f233
    m = "/* Could not access m */"
    s = "/* Could not access s */"
    serialVersionUID = "/* Could not access serialVersionUID */"
    MAX_ARRAY_SIZE = "/* Could not access MAX_ARRAY_SIZE */"
  injectionTargetListeners = class java.util.concurrent.ConcurrentHashMap@7a348764
    serialVersionUID = "/* Could not access serialVersionUID */"
    MAXIMUM_CAPACITY = "/* Could not access MAXIMUM_CAPACITY */"
    DEFAULT_CAPACITY = "/* Could not access DEFAULT_CAPACITY */"
    MAX_ARRAY_SIZE = "/* Could not access MAX_ARRAY_SIZE */"
    DEFAULT_CONCURRENCY_LEVEL = "/* Could not access DEFAULT_CONCURRENCY_LEVEL */"
    LOAD_FACTOR = "/* Could not access LOAD_FACTOR */"
    TREEIFY_THRESHOLD = "/* Could not access TREEIFY_THRESHOLD */"
    UNTREEIFY_THRESHOLD = "/* Could not access UNTREEIFY_THRESHOLD */"
    MIN_TREEIFY_CAPACITY = "/* Could not access MIN_TREEIFY_CAPACITY */"
    MIN_TRANSFER_STRIDE = "/* Could not access MIN_TRANSFER_STRIDE */"
    RESIZE_STAMP_BITS = "/* Could not access RESIZE_STAMP_BITS */"
    MAX_RESIZERS = "/* Could not access MAX_RESIZERS */"
    RESIZE_STAMP_SHIFT = "/* Could not access RESIZE_STAMP_SHIFT */"
    MOVED = "/* Could not access MOVED */"
    TREEBIN = "/* Could not access TREEBIN */"
    RESERVED = "/* Could not access RESERVED */"
    HASH_BITS = "/* Could not access HASH_BITS */"
    NCPU = "/* Could not access NCPU */"
    serialPersistentFields = "/* Could not access serialPersistentFields */"
    table = "/* Could not access table */"
    nextTable = "/* Could not access nextTable */"
    baseCount = "/* Could not access baseCount */"
    sizeCtl = "/* Could not access sizeCtl */"
    transferIndex = "/* Could not access transferIndex */"
    cellsBusy = "/* Could not access cellsBusy */"
    counterCells = "/* Could not access counterCells */"
    keySet = "/* Could not access keySet */"
    values = "/* Could not access values */"
    entrySet = "/* Could not access entrySet */"
    U = "/* Could not access U */"
    SIZECTL = "/* Could not access SIZECTL */"
    TRANSFERINDEX = "/* Could not access TRANSFERINDEX */"
    BASECOUNT = "/* Could not access BASECOUNT */"
    CELLSBUSY = "/* Could not access CELLSBUSY */"
    CELLVALUE = "/* Could not access CELLVALUE */"
    ABASE = "/* Could not access ABASE */"
    ASHIFT = "/* Could not access ASHIFT */"
    keySet = "/* Could not access keySet */"
    values = "/* Could not access values */"
  deployment = class com.ibm.ws.cdi.impl.weld.WebSphereCDIDeploymentImpl@f30bd55
    id = "film-database-1.0-SNAPSHOT"
    deploymentDBAs = class java.util.HashMap@3a068165
      serialVersionUID = "/* Could not access serialVersionUID */"
      DEFAULT_INITIAL_CAPACITY = "/* Could not access DEFAULT_INITIAL_CAPACITY */"
      MAXIMUM_CAPACITY = "/* Could not access MAXIMUM_CAPACITY */"
      DEFAULT_LOAD_FACTOR = "/* Could not access DEFAULT_LOAD_FACTOR */"
      TREEIFY_THRESHOLD = "/* Could not access TREEIFY_THRESHOLD */"
      UNTREEIFY_THRESHOLD = "/* Could not access UNTREEIFY_THRESHOLD */"
      MIN_TREEIFY_CAPACITY = "/* Could not access MIN_TREEIFY_CAPACITY */"
      table = "/* Could not access table */"
      entrySet = "/* Could not access entrySet */"
      size = "/* Could not access size */"
      modCount = "/* Could not access modCount */"
      threshold = "/* Could not access threshold */"
      loadFactor = "/* Could not access loadFactor */"
      keySet = "/* Could not access keySet */"
      values = "/* Could not access values */"
    applicationBDAs = class java.util.HashSet@1d78257c
      serialVersionUID = "/* Could not access serialVersionUID */"
      map = "/* Could not access map */"
      PRESENT = "/* Could not access PRESENT */"
      MAX_ARRAY_SIZE = "/* Could not access MAX_ARRAY_SIZE */"
    extensionBDAs = class java.util.HashMap@43a98e10
      serialVersionUID = "/* Could not access serialVersionUID */"
      DEFAULT_INITIAL_CAPACITY = "/* Could not access DEFAULT_INITIAL_CAPACITY */"
      MAXIMUM_CAPACITY = "/* Could not access MAXIMUM_CAPACITY */"
      DEFAULT_LOAD_FACTOR = "/* Could not access DEFAULT_LOAD_FACTOR */"
      TREEIFY_THRESHOLD = "/* Could not access TREEIFY_THRESHOLD */"
      UNTREEIFY_THRESHOLD = "/* Could not access UNTREEIFY_THRESHOLD */"
      MIN_TREEIFY_CAPACITY = "/* Could not access MIN_TREEIFY_CAPACITY */"
      table = "/* Could not access table */"
      entrySet = "/* Could not access entrySet */"
      size = "/* Could not access size */"
      modCount = "/* Could not access modCount */"
      threshold = "/* Could not access threshold */"
      loadFactor = "/* Could not access loadFactor */"
      keySet = "/* Could not access keySet */"
      values = "/* Could not access values */"
    orderedBDAs = class java.util.ArrayList@49795925
      serialVersionUID = "/* Could not access serialVersionUID */"
      DEFAULT_CAPACITY = "/* Could not access DEFAULT_CAPACITY */"
      EMPTY_ELEMENTDATA = "/* Could not access EMPTY_ELEMENTDATA */"
      DEFAULTCAPACITY_EMPTY_ELEMENTDATA = "/* Could not access DEFAULTCAPACITY_EMPTY_ELEMENTDATA */"
      elementData = "/* Could not access elementData */"
      size = "/* Could not access size */"
      MAX_ARRAY_SIZE = "/* Could not access MAX_ARRAY_SIZE */"
      modCount = "/* Could not access modCount */"
      MAX_ARRAY_SIZE = "/* Could not access MAX_ARRAY_SIZE */"
    bootstrap = class org.jboss.weld.bootstrap.WeldBootstrap@47fae4c6
      weldStartup = null
      weldRuntime = class org.jboss.weld.bootstrap.WeldRuntime@77c01939
      beansXmlValidator = null
    classloader = class com.ibm.ws.classloading.internal.AppClassLoader@8d789b7
      tc = class com.ibm.websphere.ras.TraceComponent@35677144
      disableSharedClassesCache = false
      PARENT_FIRST_SEARCH_ORDER = class java.util.Collections$UnmodifiableRandomAccessList@33b666c4
      packagesDefined = class java.util.Collections$SetFromMap@28a1a03c
      CLASS_LOADING_TRACE_PREFIX = "com.ibm.ws.class.load."
      DEFAULT_PACKAGE = "default.package"
      perPackageClassLoadingTraceComponents = class java.util.concurrent.ConcurrentHashMap@6887485a
      config = class com.ibm.ws.classloading.internal.ClassLoaderConfigurationImpl@7c74e910
      privateLibraries = null
      delegateLoaders = class com.ibm.ws.classloading.internal.util.CompositeIterable@3a1158b8
      nativeLibraryFiles = class java.util.ArrayList@1f14bf86
      transformers = class java.util.ArrayList@4d83f1a6
      apiAccess = class com.ibm.ws.classloading.internal.GatewayClassLoader@5eb1bac9
      generator = class com.ibm.ws.classloading.internal.ClassGeneratorManager@4d683f8f
      protectionDomains = class java.util.concurrent.ConcurrentHashMap@16e4bd6f
      parent = class com.ibm.ws.classloading.internal.GatewayClassLoader@5eb1bac9
      hook = null
      serialVersionUID = 8734164900246230615
      tc = class com.ibm.websphere.ras.TraceComponent@21659b91
      smartClassPath = class com.ibm.ws.classloading.internal.ContainerClassLoader$SmartClassPathImpl@2680e393
      nativeLibraryContainers = class java.util.ArrayList@1c52804a
      redefiner = class com.ibm.ws.classloading.internal.util.ClassRedefiner@255383b4
      jarProtocol = "wsjar:"
      mapCreationQueue = class java.util.concurrent.Executors$FinalizableDelegatedExecutorService@48319cb6
      serialVersionUID = 6399598832433768509
      serialVersionUID = 1837293532091806117
      $$$tc$$$ = class com.ibm.websphere.ras.TraceComponent@6b49e9fb
      serialVersionUID = -4586727107834513475
      $$$tc$$$ = class com.ibm.websphere.ras.TraceComponent@6f59c451
      serialVersionUID = -7709588811276454856
      $$$tc$$$ = class com.ibm.websphere.ras.TraceComponent@6642cdd1
      initialized = "/* Could not access initialized */"
      pdcache = "/* Could not access pdcache */"
      parent = "/* Could not access parent */"
      name = "/* Could not access name */"
      unnamedModule = "/* Could not access unnamedModule */"
      nameAndId = "/* Could not access nameAndId */"
      parallelLockMap = "/* Could not access parallelLockMap */"
      package2certs = "/* Could not access package2certs */"
      nocerts = "/* Could not access nocerts */"
      classes = "/* Could not access classes */"
      defaultDomain = "/* Could not access defaultDomain */"
      packages = "/* Could not access packages */"
      scl = "/* Could not access scl */"
      usr_paths = "/* Could not access usr_paths */"
      sys_paths = "/* Could not access sys_paths */"
      loadedLibraryNames = "/* Could not access loadedLibraryNames */"
      systemNativeLibraries = "/* Could not access systemNativeLibraries */"
      nativeLibraries = "/* Could not access nativeLibraries */"
      assertionLock = "/* Could not access assertionLock */"
      defaultAssertionStatus = "/* Could not access defaultAssertionStatus */"
      packageAssertionStatus = "/* Could not access packageAssertionStatus */"
      classAssertionStatus = "/* Could not access classAssertionStatus */"
      classLoaderValueMap = "/* Could not access classLoaderValueMap */"
      $assertionsDisabled = "/* Could not access $assertionsDisabled */"
    extensionClassLoaders = class java.util.HashSet@1b757a80
      serialVersionUID = "/* Could not access serialVersionUID */"
      map = "/* Could not access map */"
      PRESENT = "/* Could not access PRESENT */"
      MAX_ARRAY_SIZE = "/* Could not access MAX_ARRAY_SIZE */"
    cdiEnabled = true
    cdiStatusMap = class java.util.HashMap@1423bef0
      serialVersionUID = "/* Could not access serialVersionUID */"
      DEFAULT_INITIAL_CAPACITY = "/* Could not access DEFAULT_INITIAL_CAPACITY */"
      MAXIMUM_CAPACITY = "/* Could not access MAXIMUM_CAPACITY */"
      DEFAULT_LOAD_FACTOR = "/* Could not access DEFAULT_LOAD_FACTOR */"
      TREEIFY_THRESHOLD = "/* Could not access TREEIFY_THRESHOLD */"
      UNTREEIFY_THRESHOLD = "/* Could not access UNTREEIFY_THRESHOLD */"
      MIN_TREEIFY_CAPACITY = "/* Could not access MIN_TREEIFY_CAPACITY */"
      table = "/* Could not access table */"
      entrySet = "/* Could not access entrySet */"
      size = "/* Could not access size */"
      modCount = "/* Could not access modCount */"
      threshold = "/* Could not access threshold */"
      loadFactor = "/* Could not access loadFactor */"
      keySet = "/* Could not access keySet */"
      values = "/* Could not access values */"
    classBDAMap = class java.util.concurrent.ConcurrentHashMap@17907d20
      serialVersionUID = "/* Could not access serialVersionUID */"
      MAXIMUM_CAPACITY = "/* Could not access MAXIMUM_CAPACITY */"
      DEFAULT_CAPACITY = "/* Could not access DEFAULT_CAPACITY */"
      MAX_ARRAY_SIZE = "/* Could not access MAX_ARRAY_SIZE */"
      DEFAULT_CONCURRENCY_LEVEL = "/* Could not access DEFAULT_CONCURRENCY_LEVEL */"
      LOAD_FACTOR = "/* Could not access LOAD_FACTOR */"
      TREEIFY_THRESHOLD = "/* Could not access TREEIFY_THRESHOLD */"
      UNTREEIFY_THRESHOLD = "/* Could not access UNTREEIFY_THRESHOLD */"
      MIN_TREEIFY_CAPACITY = "/* Could not access MIN_TREEIFY_CAPACITY */"
      MIN_TRANSFER_STRIDE = "/* Could not access MIN_TRANSFER_STRIDE */"
      RESIZE_STAMP_BITS = "/* Could not access RESIZE_STAMP_BITS */"
      MAX_RESIZERS = "/* Could not access MAX_RESIZERS */"
      RESIZE_STAMP_SHIFT = "/* Could not access RESIZE_STAMP_SHIFT */"
      MOVED = "/* Could not access MOVED */"
      TREEBIN = "/* Could not access TREEBIN */"
      RESERVED = "/* Could not access RESERVED */"
      HASH_BITS = "/* Could not access HASH_BITS */"
      NCPU = "/* Could not access NCPU */"
      serialPersistentFields = "/* Could not access serialPersistentFields */"
      table = "/* Could not access table */"
      nextTable = "/* Could not access nextTable */"
      baseCount = "/* Could not access baseCount */"
      sizeCtl = "/* Could not access sizeCtl */"
      transferIndex = "/* Could not access transferIndex */"
      cellsBusy = "/* Could not access cellsBusy */"
      counterCells = "/* Could not access counterCells */"
      keySet = "/* Could not access keySet */"
      values = "/* Could not access values */"
      entrySet = "/* Could not access entrySet */"
      U = "/* Could not access U */"
      SIZECTL = "/* Could not access SIZECTL */"
      TRANSFERINDEX = "/* Could not access TRANSFERINDEX */"
      BASECOUNT = "/* Could not access BASECOUNT */"
      CELLSBUSY = "/* Could not access CELLSBUSY */"
      CELLVALUE = "/* Could not access CELLVALUE */"
      ABASE = "/* Could not access ABASE */"
      ASHIFT = "/* Could not access ASHIFT */"
      keySet = "/* Could not access keySet */"
      values = "/* Could not access values */"
    application = class com.ibm.ws.cdi.internal.archive.liberty.ApplicationImpl@7dc77c0
      tc = class com.ibm.websphere.ras.TraceComponent@32543fdc
      applicationInfo = class com.ibm.ws.container.service.app.deploy.internal.ApplicationInfoImpl@7a4437fd
      earApplicationInfo = null
      factory = class com.ibm.ws.cdi.internal.archive.liberty.RuntimeFactory@2f2797c7
      type = class com.ibm.ws.cdi.internal.interfaces.ApplicationType@47020919
      moduleArchives = class java.util.HashMap$Values@35b5dfec
      libraryArchives = class java.util.HashMap$Values@494bab09
      serialVersionUID = 2750581203715901427
    serviceRegistry = class org.jboss.weld.bootstrap.api.helpers.SimpleServiceRegistry@374dbcc1
      services = class java.util.HashMap@e17ccb4
    extensions = class java.util.HashSet@3e9040e6
      serialVersionUID = "/* Could not access serialVersionUID */"
      map = "/* Could not access map */"
      PRESENT = "/* Could not access PRESENT */"
      MAX_ARRAY_SIZE = "/* Could not access MAX_ARRAY_SIZE */"
    spiExtensions = class java.util.HashSet@2a7d5369
      serialVersionUID = "/* Could not access serialVersionUID */"
      map = "/* Could not access map */"
      PRESENT = "/* Could not access PRESENT */"
      MAX_ARRAY_SIZE = "/* Could not access MAX_ARRAY_SIZE */"
    injectionServices = class com.ibm.ws.cdi.impl.weld.injection.WebSphereInjectionServicesImpl@5ad807d1
    cdiRuntime = class com.ibm.ws.cdi.liberty.CDIRuntimeImpl@4e7b4391
      tc = class com.ibm.websphere.ras.TraceComponent@4e42d4c
      metaDataSlotServiceSR = class com.ibm.wsspi.kernel.service.utils.AtomicServiceReference@5457fc99
      ejbEndpointServiceSR = class com.ibm.wsspi.kernel.service.utils.AtomicServiceReference@680079c0
      classLoadingSRRef = class com.ibm.wsspi.kernel.service.utils.AtomicServiceReference@125c763
      ejbServices = class com.ibm.wsspi.kernel.service.utils.AtomicServiceReference@26310332
      transactionService = class com.ibm.wsspi.kernel.service.utils.AtomicServiceReference@4de99059
      securityServices = class com.ibm.wsspi.kernel.service.utils.AtomicServiceReference@264c3e5d
      extensionsSR = class com.ibm.wsspi.kernel.service.utils.ConcurrentServiceReferenceSet@9fdeb28
      spiExtensionsSR = class com.ibm.wsspi.kernel.service.utils.ConcurrentServiceReferenceSet@27fb51b6
      containerFactorySRRef = class com.ibm.wsspi.kernel.service.utils.AtomicServiceReference@26116648
      adaptableModuleFactorySRRef = class com.ibm.wsspi.kernel.service.utils.AtomicServiceReference@61681a01
      injectionEngineServiceRef = class com.ibm.wsspi.kernel.service.utils.AtomicServiceReference@72a19af
      scheduledExecutorServiceRef = class com.ibm.wsspi.kernel.service.utils.AtomicServiceReference@7aa19e1d
      executorServiceRef = class com.ibm.wsspi.kernel.service.utils.AtomicServiceReference@57af9427
      managedExecutorServiceRef = class com.ibm.wsspi.kernel.service.utils.AtomicServiceReference@763634c1
      containerConfigRef = class com.ibm.wsspi.kernel.service.utils.AtomicServiceReference@2106bcc9
      resourceRefConfigFactoryRef = class com.ibm.wsspi.kernel.service.utils.AtomicServiceReference@57218f82
      deferredMetaDataFactoryRef = class com.ibm.wsspi.kernel.service.utils.AtomicServiceReference@7c0437ed
      applicationSlot = class com.ibm.ws.runtime.metadata.MetaDataSlotImpl@3b538490
      isClientProcess = false
      runtimeFactory = class com.ibm.ws.cdi.internal.archive.liberty.RuntimeFactory@2f2797c7
      proxyServices = class com.ibm.ws.cdi.liberty.ProxyServicesImpl@74a1403e
      appTccls = class java.util.concurrent.ConcurrentHashMap@29c7aa18
      serialVersionUID = -656282939097194280
      cdiContainer = class com.ibm.ws.cdi.impl.CDIContainerImpl@14dd0f2a
      serialVersionUID = -3685775177967064433
      $$$tc$$$ = class com.ibm.websphere.ras.TraceComponent@cb179f0
    cdi = class com.ibm.ws.cdi.impl.CDIImpl@140a552b
      cdiService = class com.ibm.ws.cdi.liberty.CDIRuntimeImpl@4e7b4391
      serialVersionUID = -7939958868102936626
      $$$tc$$$ = class com.ibm.websphere.ras.TraceComponent@41480dfd
      knownClassNames = class org.jboss.weld.util.collections.ImmutableTinySet$Tripleton@4e8e4ca7
      instanceCache = class org.jboss.weld.util.cache.ReentrantMapBackedComputingCache@7d329fdc
      lock = class java.lang.Object@5c8f7792
      discoveredProviders = null
      configuredProvider = class com.ibm.ws.cdi.liberty.CDIRuntimeImpl@4e7b4391
    serialVersionUID = -3367681023909837782
    $$$tc$$$ = class com.ibm.websphere.ras.TraceComponent@5b1dc703
      strings[0] = "TraceComponent[com.ibm.ws.cdi.impl.weld.WebSphereCDIDeploymentImpl,class com.ibm.ws.cdi.impl.weld.WebSphereCDIDeploymentImpl,[JCDI],com.ibm.ws.cdi.internal.resources.CDI,null]"
  serialVersionUID = 2515575801175940133

Dump of objectArray[0]
Object type = film_database.director.repository.DirectorRepository
  em = null

Dump of objectArray[1]
Object type = java.lang.Class
  ANNOTATION = "/* Could not access ANNOTATION */"
  ENUM = "/* Could not access ENUM */"
  SYNTHETIC = "/* Could not access SYNTHETIC */"
  cachedConstructor = "/* Could not access cachedConstructor */"
  newInstanceCallerCache = "/* Could not access newInstanceCallerCache */"
  name = "/* Could not access name */"
  module = "/* Could not access module */"
  packageName = "/* Could not access packageName */"
  componentType = "/* Could not access componentType */"
  allPermDomain = "/* Could not access allPermDomain */"
  reflectionData = "/* Could not access reflectionData */"
  classRedefinedCount = "/* Could not access classRedefinedCount */"
  genericInfo = "/* Could not access genericInfo */"
  EMPTY_CLASS_ARRAY = "/* Could not access EMPTY_CLASS_ARRAY */"
  serialVersionUID = "/* Could not access serialVersionUID */"
  serialPersistentFields = "/* Could not access serialPersistentFields */"
  reflectionFactory = "/* Could not access reflectionFactory */"
  enumConstants = "/* Could not access enumConstants */"
  enumConstantDirectory = "/* Could not access enumConstantDirectory */"
  annotationData = "/* Could not access annotationData */"
  annotationType = "/* Could not access annotationType */"
  classValueMap = "/* Could not access classValueMap */"

Dump of objectArray[2]
Object type = org.jboss.weld.injection.producer.ResourceInjector$1
  val$instance = class film_database.director.repository.DirectorRepository@3c6b61a2
    em = null
  val$ctx = class org.jboss.weld.contexts.CreationalContextImpl@2943e1a6
    serialVersionUID = 7375854583908262422
    SERIALIZATION_PROXY = class org.jboss.weld.contexts.CreationalContextImpl$SerializationProxy@a7b037c
      serialVersionUID = 5261112077771498097
    incompleteInstances = class java.util.HashMap@5c340f61
      serialVersionUID = "/* Could not access serialVersionUID */"
      DEFAULT_INITIAL_CAPACITY = "/* Could not access DEFAULT_INITIAL_CAPACITY */"
      MAXIMUM_CAPACITY = "/* Could not access MAXIMUM_CAPACITY */"
      DEFAULT_LOAD_FACTOR = "/* Could not access DEFAULT_LOAD_FACTOR */"
      TREEIFY_THRESHOLD = "/* Could not access TREEIFY_THRESHOLD */"
      UNTREEIFY_THRESHOLD = "/* Could not access UNTREEIFY_THRESHOLD */"
      MIN_TREEIFY_CAPACITY = "/* Could not access MIN_TREEIFY_CAPACITY */"
      table = "/* Could not access table */"
      entrySet = "/* Could not access entrySet */"
      size = "/* Could not access size */"
      modCount = "/* Could not access modCount */"
      threshold = "/* Could not access threshold */"
      loadFactor = "/* Could not access loadFactor */"
      keySet = "/* Could not access keySet */"
      values = "/* Could not access values */"
    contextual = class org.jboss.weld.bean.ManagedBean@27002bdc
      proxiable = true
      passivationCapableBean = false
      passivationCapableDependency = true
      hasPostConstructCallback = false
      annotatedType = class org.jboss.weld.annotated.slim.backed.BackedAnnotatedType@4045f378
      enhancedAnnotatedItem = null
      producer = class org.jboss.weld.injection.producer.BeanInjectionTarget@76bd62d8
      type = class java.lang.Class@2bbdec97
      preInitialized = false
      proxyRequired = true
      producer = null
      ignoreFinalMethods = false
      beanManager = class org.jboss.weld.manager.BeanManagerImpl@3dfb9a23
      initialized = true
      qualifiers = class org.jboss.weld.util.collections.ImmutableTinySet$Doubleton@6199ac0
      contextualInstanceStrategy = class org.jboss.weld.bean.ContextualInstanceStrategy$CachingContextualInstanceStrategy@1b70b04b
      attributes = class org.jboss.weld.bean.attributes.ImmutableBeanAttributes@1a5c000a
      identifier = class org.jboss.weld.bean.StringBeanIdentifier@7059d78
    dependentInstances = class java.util.Collections$SynchronizedRandomAccessList@3cb9d6b6
      serialVersionUID = "/* Could not access serialVersionUID */"
      serialVersionUID = "/* Could not access serialVersionUID */"
      list = "/* Could not access list */"
      serialVersionUID = "/* Could not access serialVersionUID */"
      c = "/* Could not access c */"
      mutex = "/* Could not access mutex */"
    parentDependentInstances = class java.util.Collections$SynchronizedRandomAccessList@6e0b42be
      serialVersionUID = "/* Could not access serialVersionUID */"
      serialVersionUID = "/* Could not access serialVersionUID */"
      list = "/* Could not access list */"
      serialVersionUID = "/* Could not access serialVersionUID */"
      c = "/* Could not access c */"
      mutex = "/* Could not access mutex */"
    parentCreationalContext = null
    resourceReferences = null
    constructorInterceptionSuppressed = false
    aroundConstructCallbacks = null
    aroundConstructInterceptionContext = null
  val$manager = class org.jboss.weld.manager.BeanManagerImpl@3dfb9a23
    serialVersionUID = 3021562879133838561
    CREATIONAL_CONTEXT = "creationalContext"
    services = class org.jboss.weld.bootstrap.api.helpers.SimpleServiceRegistry@721458da
      services = class java.util.HashMap@451886a1
    contexts = class java.util.concurrent.ConcurrentHashMap@20c6994e
      serialVersionUID = "/* Could not access serialVersionUID */"
      MAXIMUM_CAPACITY = "/* Could not access MAXIMUM_CAPACITY */"
      DEFAULT_CAPACITY = "/* Could not access DEFAULT_CAPACITY */"
      MAX_ARRAY_SIZE = "/* Could not access MAX_ARRAY_SIZE */"
      DEFAULT_CONCURRENCY_LEVEL = "/* Could not access DEFAULT_CONCURRENCY_LEVEL */"
      LOAD_FACTOR = "/* Could not access LOAD_FACTOR */"
      TREEIFY_THRESHOLD = "/* Could not access TREEIFY_THRESHOLD */"
      UNTREEIFY_THRESHOLD = "/* Could not access UNTREEIFY_THRESHOLD */"
      MIN_TREEIFY_CAPACITY = "/* Could not access MIN_TREEIFY_CAPACITY */"
      MIN_TRANSFER_STRIDE = "/* Could not access MIN_TRANSFER_STRIDE */"
      RESIZE_STAMP_BITS = "/* Could not access RESIZE_STAMP_BITS */"
      MAX_RESIZERS = "/* Could not access MAX_RESIZERS */"
      RESIZE_STAMP_SHIFT = "/* Could not access RESIZE_STAMP_SHIFT */"
      MOVED = "/* Could not access MOVED */"
      TREEBIN = "/* Could not access TREEBIN */"
      RESERVED = "/* Could not access RESERVED */"
      HASH_BITS = "/* Could not access HASH_BITS */"
      NCPU = "/* Could not access NCPU */"
      serialPersistentFields = "/* Could not access serialPersistentFields */"
      table = "/* Could not access table */"
      nextTable = "/* Could not access nextTable */"
      baseCount = "/* Could not access baseCount */"
      sizeCtl = "/* Could not access sizeCtl */"
      transferIndex = "/* Could not access transferIndex */"
      cellsBusy = "/* Could not access cellsBusy */"
      counterCells = "/* Could not access counterCells */"
      keySet = "/* Could not access keySet */"
      values = "/* Could not access values */"
      entrySet = "/* Could not access entrySet */"
      U = "/* Could not access U */"
      SIZECTL = "/* Could not access SIZECTL */"
      TRANSFERINDEX = "/* Could not access TRANSFERINDEX */"
      BASECOUNT = "/* Could not access BASECOUNT */"
      CELLSBUSY = "/* Could not access CELLSBUSY */"
      CELLVALUE = "/* Could not access CELLVALUE */"
      ABASE = "/* Could not access ABASE */"
      ASHIFT = "/* Could not access ASHIFT */"
      keySet = "/* Could not access keySet */"
      values = "/* Could not access values */"
    clientProxyProvider = class org.jboss.weld.bean.proxy.ClientProxyProvider@103497c7
      BEAN_NOT_PROXYABLE_MARKER = class java.lang.Object@703e0036
      beanTypeClosureProxyPool = class org.jboss.weld.util.cache.ReentrantMapBackedComputingCache@d480fa3
      requestedTypeClosureProxyPool = class org.jboss.weld.util.cache.ReentrantMapBackedComputingCache@42f85089
      contextId = "film-database-1.0-SNAPSHOT"
      services = class org.jboss.weld.bootstrap.api.helpers.ServiceRegistries$1@5985d21a
    enterpriseBeans = class java.util.concurrent.ConcurrentHashMap@215b2fa4
      serialVersionUID = "/* Could not access serialVersionUID */"
      MAXIMUM_CAPACITY = "/* Could not access MAXIMUM_CAPACITY */"
      DEFAULT_CAPACITY = "/* Could not access DEFAULT_CAPACITY */"
      MAX_ARRAY_SIZE = "/* Could not access MAX_ARRAY_SIZE */"
      DEFAULT_CONCURRENCY_LEVEL = "/* Could not access DEFAULT_CONCURRENCY_LEVEL */"
      LOAD_FACTOR = "/* Could not access LOAD_FACTOR */"
      TREEIFY_THRESHOLD = "/* Could not access TREEIFY_THRESHOLD */"
      UNTREEIFY_THRESHOLD = "/* Could not access UNTREEIFY_THRESHOLD */"
      MIN_TREEIFY_CAPACITY = "/* Could not access MIN_TREEIFY_CAPACITY */"
      MIN_TRANSFER_STRIDE = "/* Could not access MIN_TRANSFER_STRIDE */"
      RESIZE_STAMP_BITS = "/* Could not access RESIZE_STAMP_BITS */"
      MAX_RESIZERS = "/* Could not access MAX_RESIZERS */"
      RESIZE_STAMP_SHIFT = "/* Could not access RESIZE_STAMP_SHIFT */"
      MOVED = "/* Could not access MOVED */"
      TREEBIN = "/* Could not access TREEBIN */"
      RESERVED = "/* Could not access RESERVED */"
      HASH_BITS = "/* Could not access HASH_BITS */"
      NCPU = "/* Could not access NCPU */"
      serialPersistentFields = "/* Could not access serialPersistentFields */"
      table = "/* Could not access table */"
      nextTable = "/* Could not access nextTable */"
      baseCount = "/* Could not access baseCount */"
      sizeCtl = "/* Could not access sizeCtl */"
      transferIndex = "/* Could not access transferIndex */"
      cellsBusy = "/* Could not access cellsBusy */"
      counterCells = "/* Could not access counterCells */"
      keySet = "/* Could not access keySet */"
      values = "/* Could not access values */"
      entrySet = "/* Could not access entrySet */"
      U = "/* Could not access U */"
      SIZECTL = "/* Could not access SIZECTL */"
      TRANSFERINDEX = "/* Could not access TRANSFERINDEX */"
      BASECOUNT = "/* Could not access BASECOUNT */"
      CELLSBUSY = "/* Could not access CELLSBUSY */"
      CELLVALUE = "/* Could not access CELLVALUE */"
      ABASE = "/* Could not access ABASE */"
      ASHIFT = "/* Could not access ASHIFT */"
      keySet = "/* Could not access keySet */"
      values = "/* Could not access values */"
    enabled = class org.jboss.weld.bootstrap.enablement.ModuleEnablement@715971dd
      EMPTY_ENABLEMENT = class org.jboss.weld.bootstrap.enablement.ModuleEnablement@48ae7fde
      interceptors = class org.jboss.weld.util.collections.ImmutableArrayList@62b01c30
      decorators = class java.util.Collections$EmptyList@177e1311
      interceptorMap = class java.util.Collections$UnmodifiableMap@53566f06
      decoratorMap = class java.util.Collections$EmptyMap@24759a7c
      globalAlternatives = class java.util.Collections$EmptyMap@24759a7c
      localAlternativeClasses = class java.util.Collections$EmptySet@12380719
      localAlternativeStereotypes = class java.util.Collections$EmptySet@12380719
      decoratorComparator = class org.jboss.weld.bootstrap.enablement.ModuleEnablement$EnablementComparator@1f1e41a3
      interceptorComparator = class org.jboss.weld.bootstrap.enablement.ModuleEnablement$EnablementComparator@7dad8fec
    beanResolver = class org.jboss.weld.resolution.TypeSafeBeanResolver@65c18a51
      beanManager = class org.jboss.weld.manager.BeanManagerImpl@3dfb9a23
      disambiguatedBeans = class org.jboss.weld.util.cache.ReentrantMapBackedComputingCache@15cd2eba
      store = class org.jboss.weld.metadata.cache.MetaAnnotationStore@783366f9
      beansByType = class org.jboss.weld.resolution.AbstractTypeSafeBeanResolver$1@697044fc
      resolved = class org.jboss.weld.util.cache.ReentrantMapBackedComputingCache@6b194333
      allBeans = class org.jboss.weld.util.collections.Iterables$$Lambda$192/0x0000000800946c40@17dd1814
      resolverFunction = class org.jboss.weld.resolution.TypeSafeResolver$ResolvableToBeanCollection@74baa0b8
    decoratorResolver = class org.jboss.weld.resolution.TypeSafeDecoratorResolver@517fa381
      rules = class org.jboss.weld.resolution.DelegateInjectionPointAssignabilityRules@14be1926
      beanManager = class org.jboss.weld.manager.BeanManagerImpl@3dfb9a23
      disambiguatedBeans = class org.jboss.weld.util.cache.ReentrantMapBackedComputingCache@63dc0ca9
      store = class org.jboss.weld.metadata.cache.MetaAnnotationStore@783366f9
      beansByType = class org.jboss.weld.resolution.AbstractTypeSafeBeanResolver$1@6858b948
      resolved = class org.jboss.weld.util.cache.ReentrantMapBackedComputingCache@6fe418eb
      allBeans = class org.jboss.weld.util.collections.Iterables$$Lambda$192/0x0000000800946c40@b775b18
      resolverFunction = class org.jboss.weld.resolution.TypeSafeResolver$ResolvableToBeanCollection@84da79b
    interceptorResolver = class org.jboss.weld.resolution.TypeSafeInterceptorResolver@29a18005
      manager = class org.jboss.weld.manager.BeanManagerImpl@3dfb9a23
      resolved = class org.jboss.weld.util.cache.ReentrantMapBackedComputingCache@1f064d77
      allBeans = class org.jboss.weld.util.collections.Iterables$$Lambda$192/0x0000000800946c40@3e27957f
      resolverFunction = class org.jboss.weld.resolution.TypeSafeResolver$ResolvableToBeanCollection@41453717
    nameBasedResolver = class org.jboss.weld.resolution.NameBasedResolver@134cdb75
      resolvedNames = class org.jboss.weld.util.cache.ReentrantMapBackedComputingCache@1761c790
    weldELResolver = class org.jboss.weld.module.web.el.WeldELResolver@7ab6584f
      beanManager = class org.jboss.weld.manager.BeanManagerImpl@3dfb9a23
      rootNamespace = class org.jboss.weld.util.LazyValueHolder$1@593a56ac
      TYPE = "type"
      RESOLVABLE_AT_DESIGN_TIME = "resolvableAtDesignTime"
    accessibleLenientObserverNotifier = class org.jboss.weld.module.jta.TransactionalObserverNotifier@56798f33
      FACTORY = class org.jboss.weld.module.jta.TransactionalObserverNotifier$1@2d5b6ea3
      transactionServices = class com.ibm.ws.cdi.impl.weld.TransactionServicesImpl@65da6b7e
      contextId = "film-database-1.0-SNAPSHOT"
      NO_EXCEPTION_MARKER = class java.lang.RuntimeException@51cbc588
      resolver = class org.jboss.weld.resolution.TypeSafeObserverResolver@44f1c94b
      sharedObjectCache = class org.jboss.weld.resources.SharedObjectCache@5c7118d4
      strict = false
      currentEventMetadata = class org.jboss.weld.event.CurrentEventMetadata@1e258251
      eventTypeCheckCache = null
      asyncEventExecutor = class com.ibm.ws.threading.internal.ExecutorServiceImpl@277afc6f
      timerExecutor = class com.ibm.ws.threading.internal.ScheduledExecutorImpl@21bd2604
      securityServices = class com.ibm.ws.cdi.impl.DefaultCDI20SecurityService@13b81f68
      requestContextHolder = class org.jboss.weld.util.LazyValueHolder$1@102184e
    globalLenientObserverNotifier = class org.jboss.weld.module.jta.TransactionalObserverNotifier@737d8c51
      FACTORY = class org.jboss.weld.module.jta.TransactionalObserverNotifier$1@2d5b6ea3
      transactionServices = class com.ibm.ws.cdi.impl.weld.TransactionServicesImpl@65da6b7e
      contextId = "film-database-1.0-SNAPSHOT"
      NO_EXCEPTION_MARKER = class java.lang.RuntimeException@51cbc588
      resolver = class org.jboss.weld.resolution.TypeSafeObserverResolver@68fdc79b
      sharedObjectCache = class org.jboss.weld.resources.SharedObjectCache@5c7118d4
      strict = false
      currentEventMetadata = class org.jboss.weld.event.CurrentEventMetadata@1e258251
      eventTypeCheckCache = null
      asyncEventExecutor = class com.ibm.ws.threading.internal.ExecutorServiceImpl@277afc6f
      timerExecutor = class com.ibm.ws.threading.internal.ScheduledExecutorImpl@21bd2604
      securityServices = class com.ibm.ws.cdi.impl.DefaultCDI20SecurityService@13b81f68
      requestContextHolder = class org.jboss.weld.util.LazyValueHolder$1@5f244776
    globalStrictObserverNotifier = class org.jboss.weld.module.jta.TransactionalObserverNotifier@61f7638
      FACTORY = class org.jboss.weld.module.jta.TransactionalObserverNotifier$1@2d5b6ea3
      transactionServices = class com.ibm.ws.cdi.impl.weld.TransactionServicesImpl@65da6b7e
      contextId = "film-database-1.0-SNAPSHOT"
      NO_EXCEPTION_MARKER = class java.lang.RuntimeException@51cbc588
      resolver = class org.jboss.weld.resolution.TypeSafeObserverResolver@68fdc79b
      sharedObjectCache = class org.jboss.weld.resources.SharedObjectCache@5c7118d4
      strict = true
      currentEventMetadata = class org.jboss.weld.event.CurrentEventMetadata@1e258251
      eventTypeCheckCache = class org.jboss.weld.util.cache.ReentrantMapBackedComputingCache@28929b70
      asyncEventExecutor = class com.ibm.ws.threading.internal.ExecutorServiceImpl@277afc6f
      timerExecutor = class com.ibm.ws.threading.internal.ScheduledExecutorImpl@21bd2604
      securityServices = class com.ibm.ws.cdi.impl.DefaultCDI20SecurityService@13b81f68
      requestContextHolder = class org.jboss.weld.util.LazyValueHolder$1@2f4d4f74
    enabledBeans = class java.util.concurrent.CopyOnWriteArrayList@4e232294
      serialVersionUID = "/* Could not access serialVersionUID */"
      lock = "/* Could not access lock */"
      array = "/* Could not access array */"
    sharedBeans = class java.util.concurrent.CopyOnWriteArrayList@54b93c74
      serialVersionUID = "/* Could not access serialVersionUID */"
      lock = "/* Could not access lock */"
      array = "/* Could not access array */"
    specializedBeans = class java.util.concurrent.CopyOnWriteArrayList@4bb93db6
      serialVersionUID = "/* Could not access serialVersionUID */"
      lock = "/* Could not access lock */"
      array = "/* Could not access array */"
    decorators = class java.util.concurrent.CopyOnWriteArrayList@36ea3c4f
      serialVersionUID = "/* Could not access serialVersionUID */"
      lock = "/* Could not access lock */"
      array = "/* Could not access array */"
    interceptors = class java.util.concurrent.CopyOnWriteArrayList@618a8f84
      serialVersionUID = "/* Could not access serialVersionUID */"
      lock = "/* Could not access lock */"
      array = "/* Could not access array */"
    namespaces = class java.util.concurrent.CopyOnWriteArrayList@7ccd455d
      serialVersionUID = "/* Could not access serialVersionUID */"
      lock = "/* Could not access lock */"
      array = "/* Could not access array */"
    observers = class java.util.concurrent.CopyOnWriteArrayList@7e9b93ff
      serialVersionUID = "/* Could not access serialVersionUID */"
      lock = "/* Could not access lock */"
      array = "/* Could not access array */"
    beanSet = null
    managers = class java.util.HashSet@19f4d027
      serialVersionUID = "/* Could not access serialVersionUID */"
      map = "/* Could not access map */"
      PRESENT = "/* Could not access PRESENT */"
      MAX_ARRAY_SIZE = "/* Could not access MAX_ARRAY_SIZE */"
    accessibleManagers = class java.util.HashSet@2c378a32
      serialVersionUID = "/* Could not access serialVersionUID */"
      map = "/* Could not access map */"
      PRESENT = "/* Could not access PRESENT */"
      MAX_ARRAY_SIZE = "/* Could not access MAX_ARRAY_SIZE */"
    id = "film-database-1.0-SNAPSHOT#film-database-1.0-SNAPSHOT.war"
    contextId = "film-database-1.0-SNAPSHOT"
    interceptorModelRegistry = class java.util.concurrent.ConcurrentHashMap@3ac6c544
      serialVersionUID = "/* Could not access serialVersionUID */"
      MAXIMUM_CAPACITY = "/* Could not access MAXIMUM_CAPACITY */"
      DEFAULT_CAPACITY = "/* Could not access DEFAULT_CAPACITY */"
      MAX_ARRAY_SIZE = "/* Could not access MAX_ARRAY_SIZE */"
      DEFAULT_CONCURRENCY_LEVEL = "/* Could not access DEFAULT_CONCURRENCY_LEVEL */"
      LOAD_FACTOR = "/* Could not access LOAD_FACTOR */"
      TREEIFY_THRESHOLD = "/* Could not access TREEIFY_THRESHOLD */"
      UNTREEIFY_THRESHOLD = "/* Could not access UNTREEIFY_THRESHOLD */"
      MIN_TREEIFY_CAPACITY = "/* Could not access MIN_TREEIFY_CAPACITY */"
      MIN_TRANSFER_STRIDE = "/* Could not access MIN_TRANSFER_STRIDE */"
      RESIZE_STAMP_BITS = "/* Could not access RESIZE_STAMP_BITS */"
      MAX_RESIZERS = "/* Could not access MAX_RESIZERS */"
      RESIZE_STAMP_SHIFT = "/* Could not access RESIZE_STAMP_SHIFT */"
      MOVED = "/* Could not access MOVED */"
      TREEBIN = "/* Could not access TREEBIN */"
      RESERVED = "/* Could not access RESERVED */"
      HASH_BITS = "/* Could not access HASH_BITS */"
      NCPU = "/* Could not access NCPU */"
      serialPersistentFields = "/* Could not access serialPersistentFields */"
      table = "/* Could not access table */"
      nextTable = "/* Could not access nextTable */"
      baseCount = "/* Could not access baseCount */"
      sizeCtl = "/* Could not access sizeCtl */"
      transferIndex = "/* Could not access transferIndex */"
      cellsBusy = "/* Could not access cellsBusy */"
      counterCells = "/* Could not access counterCells */"
      keySet = "/* Could not access keySet */"
      values = "/* Could not access values */"
      entrySet = "/* Could not access entrySet */"
      U = "/* Could not access U */"
      SIZECTL = "/* Could not access SIZECTL */"
      TRANSFERINDEX = "/* Could not access TRANSFERINDEX */"
      BASECOUNT = "/* Could not access BASECOUNT */"
      CELLSBUSY = "/* Could not access CELLSBUSY */"
      CELLVALUE = "/* Could not access CELLVALUE */"
      ABASE = "/* Could not access ABASE */"
      ASHIFT = "/* Could not access ASHIFT */"
      keySet = "/* Could not access keySet */"
      values = "/* Could not access values */"
    interceptorMetadataReader = class org.jboss.weld.interceptor.reader.InterceptorMetadataReader@1860ad88
      manager = class org.jboss.weld.manager.BeanManagerImpl@3dfb9a23
      plainInterceptorMetadataCache = class org.jboss.weld.util.cache.ReentrantMapBackedComputingCache@35fca98
      cdiInterceptorMetadataCache = class org.jboss.weld.util.cache.ReentrantMapBackedComputingCache@7a76b122
      interceptorToInterceptorMetadataFunction = class org.jboss.weld.interceptor.reader.InterceptorMetadataReader$$Lambda$193/0x0000000800946040@2407ec20
    containerLifecycleEvents = class org.jboss.weld.bootstrap.events.ContainerLifecycleEvents@27aa234b
      everythingObserved = false
      processAnnotatedTypeObserved = true
      processBeanObserved = true
      processBeanAttributesObserved = false
      processInjectionPointObserved = false
      processInjectionTargetObserved = false
      processProducerObserved = true
      processObserverMethodObserved = false
      discovery = class org.jboss.weld.bootstrap.events.RequiredAnnotationDiscovery@294acde6
      preloader = class org.jboss.weld.bootstrap.events.ContainerLifecycleEventPreloader@20f6bea
    registry = class org.jboss.weld.bootstrap.SpecializationAndEnablementRegistry@375c5b96
      specializedBeanResolvers = class org.jboss.weld.util.cache.ReentrantMapBackedComputingCache@7c60e0ef
      environmentByManager = class java.util.concurrent.ConcurrentHashMap@65a4e5b4
      specializedBeans = class org.jboss.weld.util.cache.ReentrantMapBackedComputingCache@2fd5c3da
      specializedBeansMap = class java.util.concurrent.ConcurrentHashMap@3e847e06
    currentInjectionPoint = class org.jboss.weld.injection.CurrentInjectionPoint@3bbc44dc
      threadLocalStack = class org.jboss.weld.injection.ThreadLocalStack$1@4d80d8c2
      NULL_REFERENCE = class org.jboss.weld.injection.ThreadLocalStack$2@536cdbd1
    clientProxyOptimization = false
    validationFailureCallbacks = class java.util.concurrent.CopyOnWriteArrayList@262db2ce
      serialVersionUID = "/* Could not access serialVersionUID */"
      lock = "/* Could not access lock */"
      array = "/* Could not access array */"
    requestInitializedEvent = class org.jboss.weld.util.LazyValueHolder$1@50eb7d3b
      val$supplier = class org.jboss.weld.manager.BeanManagerImpl$$Lambda$199/0x0000000800944840@7d352f3
      value = null
    requestBeforeDestroyedEvent = class org.jboss.weld.util.LazyValueHolder$1@53e1c5b
      val$supplier = class org.jboss.weld.manager.BeanManagerImpl$$Lambda$200/0x0000000800944c40@4982e5a1
      value = null
    requestDestroyedEvent = class org.jboss.weld.util.LazyValueHolder$1@5cfd2284
      val$supplier = class org.jboss.weld.manager.BeanManagerImpl$$Lambda$201/0x0000000800944040@14426f3f
      value = null
  this$0 = class org.jboss.weld.injection.producer.ResourceInjector@6b7c28fe
    resourceInjectionsHierarchy = class java.util.Collections$EmptyList@177e1311
      serialVersionUID = "/* Could not access serialVersionUID */"
      modCount = "/* Could not access modCount */"
      MAX_ARRAY_SIZE = "/* Could not access MAX_ARRAY_SIZE */"
    injectableFields = class org.jboss.weld.util.collections.ImmutableTinyList$Singleton@218e43d1
      serialVersionUID = 1
      element = class java.util.Collections$EmptySet@12380719
      modCount = "/* Could not access modCount */"
      MAX_ARRAY_SIZE = "/* Could not access MAX_ARRAY_SIZE */"
    initializerMethods = class org.jboss.weld.util.collections.ImmutableTinyList$Singleton@2bbfa4c6
      serialVersionUID = 1
      element = class java.util.Collections$EmptySet@12380719
      modCount = "/* Could not access modCount */"
      MAX_ARRAY_SIZE = "/* Could not access MAX_ARRAY_SIZE */"
  beanManager = class org.jboss.weld.manager.BeanManagerImpl@3dfb9a23
  injectionTarget = class org.jboss.weld.injection.producer.BeanInjectionTarget@76bd62d8
    bean = class org.jboss.weld.bean.ManagedBean@27002bdc
    beanManager = class org.jboss.weld.manager.BeanManagerImpl@3dfb9a23
    type = class org.jboss.weld.annotated.slim.backed.BackedAnnotatedType@4045f378
    injectionPoints = class java.util.Collections$EmptySet@12380719
      serialVersionUID = "/* Could not access serialVersionUID */"
      MAX_ARRAY_SIZE = "/* Could not access MAX_ARRAY_SIZE */"
    instantiator = class org.jboss.weld.injection.producer.DefaultInstantiator@34409049
      constructor = class org.jboss.weld.injection.ConstructorInjectionPoint@1de3e100
    injector = class org.jboss.weld.injection.producer.ResourceInjector@6b7c28fe
    invoker = class org.jboss.weld.injection.producer.DefaultLifecycleCallbackInvoker@463efc11
      accessiblePostConstructMethods = class java.util.Collections$EmptyList@177e1311
      accessiblePreDestroyMethods = class java.util.Collections$EmptyList@177e1311
  annotatedType = class org.jboss.weld.annotated.slim.backed.BackedAnnotatedType@4045f378
    javaClass = class java.lang.Class@2bbdec97
      ANNOTATION = "/* Could not access ANNOTATION */"
      ENUM = "/* Could not access ENUM */"
      SYNTHETIC = "/* Could not access SYNTHETIC */"
      cachedConstructor = "/* Could not access cachedConstructor */"
      newInstanceCallerCache = "/* Could not access newInstanceCallerCache */"
      name = "/* Could not access name */"
      module = "/* Could not access module */"
      packageName = "/* Could not access packageName */"
      componentType = "/* Could not access componentType */"
      allPermDomain = "/* Could not access allPermDomain */"
      reflectionData = "/* Could not access reflectionData */"
      classRedefinedCount = "/* Could not access classRedefinedCount */"
      genericInfo = "/* Could not access genericInfo */"
      EMPTY_CLASS_ARRAY = "/* Could not access EMPTY_CLASS_ARRAY */"
      serialVersionUID = "/* Could not access serialVersionUID */"
      serialPersistentFields = "/* Could not access serialPersistentFields */"
      reflectionFactory = "/* Could not access reflectionFactory */"
      enumConstants = "/* Could not access enumConstants */"
      enumConstantDirectory = "/* Could not access enumConstantDirectory */"
      annotationData = "/* Could not access annotationData */"
      annotationType = "/* Could not access annotationType */"
      classValueMap = "/* Could not access classValueMap */"
    constructors = class org.jboss.weld.annotated.slim.backed.BackedAnnotatedType$BackedAnnotatedConstructors@170d5017
      this$0 = class org.jboss.weld.annotated.slim.backed.BackedAnnotatedType@4045f378
      this$0 = class org.jboss.weld.annotated.slim.backed.BackedAnnotatedType@4045f378
      value = null
    methods = class org.jboss.weld.annotated.slim.backed.BackedAnnotatedType$BackedAnnotatedMethods@1c04f568
      this$0 = class org.jboss.weld.annotated.slim.backed.BackedAnnotatedType@4045f378
      this$0 = class org.jboss.weld.annotated.slim.backed.BackedAnnotatedType@4045f378
      value = null
    fields = class org.jboss.weld.annotated.slim.backed.BackedAnnotatedType$BackedAnnotatedFields@692dee77
      this$0 = class org.jboss.weld.annotated.slim.backed.BackedAnnotatedType@4045f378
      this$0 = class org.jboss.weld.annotated.slim.backed.BackedAnnotatedType@4045f378
      value = null
    sharedObjectCache = class org.jboss.weld.resources.SharedObjectCache@5c7118d4
      sharedSets = class org.jboss.weld.util.cache.ReentrantMapBackedComputingCache@4dc0b13f
      sharedMaps = class org.jboss.weld.util.cache.ReentrantMapBackedComputingCache@4a9fc75a
      typeClosureHolders = class org.jboss.weld.util.cache.ReentrantMapBackedComputingCache@2ef2efad
    reflectionCache = class org.jboss.weld.resources.HotspotReflectionCache@218176a5
      annotationTypeLock = class java.lang.Class@479d31f3
      store = class org.jboss.weld.metadata.TypeStore@60dbe0e7
      ANNOTATIONS_FUNCTION = class org.jboss.weld.resources.DefaultReflectionCache$$Lambda$175/0x000000080092ec40@4d9b747e
      DECLARED_ANNOTATIONS_FUNCTION = class org.jboss.weld.resources.DefaultReflectionCache$$Lambda$176/0x000000080092e040@4f159cdf
      annotations = class org.jboss.weld.util.cache.ReentrantMapBackedComputingCache@2780e7a5
      declaredAnnotations = class org.jboss.weld.util.cache.ReentrantMapBackedComputingCache@18e3e76a
      backedAnnotatedTypeAnnotations = class org.jboss.weld.util.cache.ReentrantMapBackedComputingCache@e4d488c
      annotationClasses = class org.jboss.weld.util.cache.ReentrantMapBackedComputingCache@6d5ddefe
    identifier = class org.jboss.weld.annotated.slim.AnnotatedTypeIdentifier@1a156848
      NULL_BDA_ID = "org.jboss.weld.annotated.slim.AnnotatedTypeIdentifier.null"
      SYNTHETIC_ANNOTATION_SUFFIX = "syntheticAnnotation"
      serialVersionUID = -264184070652700144
      contextId = "film-database-1.0-SNAPSHOT"
      bdaId = "film-database-1.0-SNAPSHOT#film-database-1.0-SNAPSHOT.war"
      className = "film_database.director.repository.DirectorRepository"
      suffix = null
      modified = false
      hashCode = -1180299794
    typeClosure = class org.jboss.weld.annotated.enhanced.TypeClosureLazyValueHolder@1ccd632b
      type = class java.lang.Class@2bbdec97
      value = class org.jboss.weld.util.collections.ImmutableTinySet$Tripleton@7c851d13
    baseType = class java.lang.Class@2bbdec97
  target = class film_database.director.repository.DirectorRepository@3c6b61a2

