********************************************************************************
product = Open Liberty 20.0.0.11 (wlp-1.0.46.cl201120201014-1215)
wlp.install.dir = C:/Users/Józek/IdeaProjects/film-database/target/liberty/wlp/
java.home = C:\Program Files\Java\jdk-11.0.8
java.version = 11.0.8
java.runtime = Java(TM) SE Runtime Environment (11.0.8+10-LTS)
os = Windows 10 (10.0; amd64) (en_GB)
process = 15332@LAPTOP-STG78NFK
********************************************************************************
[12/11/2020, 17:52:20:810 CET] 00000001 com.ibm.ws.kernel.launch.internal.FrameworkManager           A CWWKE0001I: The server defaultServer has been launched.
[12/11/2020, 17:52:22:434 CET] 00000001 com.ibm.ws.kernel.launch.internal.FrameworkManager           I CWWKE0002I: The kernel started after 2.012 seconds
[12/11/2020, 17:52:22:481 CET] 00000023 com.ibm.ws.kernel.feature.internal.FeatureManager            I CWWKF0007I: Feature update started.
[12/11/2020, 17:52:22:818 CET] 0000001a .apache.cxf.cxf.core.3.2:1.0.46.cl201120201014-1215(id=157)] I Aries Blueprint packages not available. So namespaces will not be registered
[12/11/2020, 17:52:23:121 CET] 00000018 com.ibm.ws.app.manager.internal.monitor.DropinMonitor        A CWWKZ0058I: Monitoring dropins for applications.
[12/11/2020, 17:52:24:876 CET] 0000002e com.ibm.ws.app.manager.AppMessageHelper                      I CWWKZ0018I: Starting application film-database-1.0-SNAPSHOT.
[12/11/2020, 17:52:24:881 CET] 0000002e bm.ws.app.manager.war.internal.WARDeployedAppInfoFactoryImpl I CWWKZ0134I: The film-database-1.0-SNAPSHOT application is using the loose application definition at the C:\Users\Józek\IdeaProjects\film-database\target\liberty\wlp\usr\servers\defaultServer\dropins\film-database-1.0-SNAPSHOT.war.xml location.
[12/11/2020, 17:52:26:775 CET] 0000002e com.ibm.ws.recoverylog.spi.RecoveryDirectorImpl              I CWRLS0010I: Performing recovery processing for local WebSphere server (defaultServer).
[12/11/2020, 17:52:26:874 CET] 00000033 com.ibm.tx.jta.impl.RecoveryManager                          I WTRN0135I: Transaction service recovering no transactions.
[12/11/2020, 17:52:26:877 CET] 0000002e com.ibm.ws.recoverylog.spi.RecoveryDirectorImpl              I CWRLS0012I: All persistent services have been directed to perform recovery processing for this WebSphere server (defaultServer).
[12/11/2020, 17:52:27:579 CET] 0000002e eclipselink                                                  I CWWJP9990I: [eclipselink] EclipseLink, version: Eclipse Persistence Services - 2.7.7.v20200504-69f2c2b80d
[12/11/2020, 17:52:28:120 CET] 0000002e com.ibm.ws.rsadapter.impl.DatabaseHelper                     I DSRA8203I: Database product name : H2
[12/11/2020, 17:52:28:121 CET] 0000002e com.ibm.ws.rsadapter.impl.DatabaseHelper                     I DSRA8204I: Database product version : 1.4.200 (2019-10-14)
[12/11/2020, 17:52:28:121 CET] 0000002e com.ibm.ws.rsadapter.impl.DatabaseHelper                     I DSRA8205I: JDBC driver name  : H2 JDBC Driver
[12/11/2020, 17:52:28:122 CET] 0000002e com.ibm.ws.rsadapter.impl.DatabaseHelper                     I DSRA8206I: JDBC driver version  : 1.4.200 (2019-10-14)
[12/11/2020, 17:52:28:215 CET] 0000002e eclipselink.server                                           W CWWJP9991W: [eclipselink.server] Failed to find MBean Server: null or empty List returned from MBeanServerFactory.findMBeanServer(null)
[12/11/2020, 17:52:28:401 CET] 0000002e eclipselink                                                  W CWWJP9991W: Exception [EclipseLink-4002] (Eclipse Persistence Services - 2.7.7.v20200504-69f2c2b80d): org.eclipse.persistence.exceptions.DatabaseException
Internal Exception: org.h2.jdbc.JdbcSQLSyntaxErrorException: Table "FILMS" not found; SQL statement:
ALTER TABLE films DROP CONSTRAINT FK_films_director [42102-200]
Error Code: 42102
Call: ALTER TABLE films DROP CONSTRAINT FK_films_director
Query: DataModifyQuery(sql="ALTER TABLE films DROP CONSTRAINT FK_films_director")
[12/11/2020, 17:52:28:402 CET] 0000002e eclipselink                                                  W CWWJP9991W: Exception [EclipseLink-4002] (Eclipse Persistence Services - 2.7.7.v20200504-69f2c2b80d): org.eclipse.persistence.exceptions.DatabaseException
Internal Exception: org.h2.jdbc.JdbcSQLSyntaxErrorException: Table "FILMS" not found; SQL statement:
ALTER TABLE films DROP CONSTRAINT FK_films_filmDistributor [42102-200]
Error Code: 42102
Call: ALTER TABLE films DROP CONSTRAINT FK_films_filmDistributor
Query: DataModifyQuery(sql="ALTER TABLE films DROP CONSTRAINT FK_films_filmDistributor")
[12/11/2020, 17:52:28:407 CET] 0000002e eclipselink                                                  W CWWJP9991W: Exception [EclipseLink-4002] (Eclipse Persistence Services - 2.7.7.v20200504-69f2c2b80d): org.eclipse.persistence.exceptions.DatabaseException
Internal Exception: org.h2.jdbc.JdbcSQLSyntaxErrorException: Table "FILMDISTRIBUTORS" not found; SQL statement:
DROP TABLE filmDistributors [42102-200]
Error Code: 42102
Call: DROP TABLE filmDistributors
Query: DataModifyQuery(sql="DROP TABLE filmDistributors")
[12/11/2020, 17:52:28:408 CET] 0000002e eclipselink                                                  W CWWJP9991W: Exception [EclipseLink-4002] (Eclipse Persistence Services - 2.7.7.v20200504-69f2c2b80d): org.eclipse.persistence.exceptions.DatabaseException
Internal Exception: org.h2.jdbc.JdbcSQLSyntaxErrorException: Table "DIRECTOR" not found; SQL statement:
DROP TABLE director [42102-200]
Error Code: 42102
Call: DROP TABLE director
Query: DataModifyQuery(sql="DROP TABLE director")
[12/11/2020, 17:52:28:409 CET] 0000002e eclipselink                                                  W CWWJP9991W: Exception [EclipseLink-4002] (Eclipse Persistence Services - 2.7.7.v20200504-69f2c2b80d): org.eclipse.persistence.exceptions.DatabaseException
Internal Exception: org.h2.jdbc.JdbcSQLSyntaxErrorException: Table "FILMS" not found; SQL statement:
DROP TABLE films [42102-200]
Error Code: 42102
Call: DROP TABLE films
Query: DataModifyQuery(sql="DROP TABLE films")
[12/11/2020, 17:52:28:411 CET] 0000002e eclipselink                                                  W CWWJP9991W: Exception [EclipseLink-4002] (Eclipse Persistence Services - 2.7.7.v20200504-69f2c2b80d): org.eclipse.persistence.exceptions.DatabaseException
Internal Exception: org.h2.jdbc.JdbcSQLSyntaxErrorException: Table "FILMDISTRIBUTORS" not found; SQL statement:
DROP TABLE filmDistributors [42102-200]
Error Code: 42102
Call: DROP TABLE filmDistributors
Query: DataModifyQuery(sql="DROP TABLE filmDistributors")
[12/11/2020, 17:52:28:412 CET] 0000002e eclipselink                                                  W CWWJP9991W: Exception [EclipseLink-4002] (Eclipse Persistence Services - 2.7.7.v20200504-69f2c2b80d): org.eclipse.persistence.exceptions.DatabaseException
Internal Exception: org.h2.jdbc.JdbcSQLSyntaxErrorException: Table "DIRECTOR" not found; SQL statement:
DROP TABLE director [42102-200]
Error Code: 42102
Call: DROP TABLE director
Query: DataModifyQuery(sql="DROP TABLE director")
[12/11/2020, 17:52:28:413 CET] 0000002e eclipselink                                                  W CWWJP9991W: Exception [EclipseLink-4002] (Eclipse Persistence Services - 2.7.7.v20200504-69f2c2b80d): org.eclipse.persistence.exceptions.DatabaseException
Internal Exception: org.h2.jdbc.JdbcSQLSyntaxErrorException: Table "FILMS" not found; SQL statement:
DROP TABLE films [42102-200]
Error Code: 42102
Call: DROP TABLE films
Query: DataModifyQuery(sql="DROP TABLE films")
[12/11/2020, 17:52:28:414 CET] 0000002e eclipselink                                                  W CWWJP9991W: Exception [EclipseLink-4002] (Eclipse Persistence Services - 2.7.7.v20200504-69f2c2b80d): org.eclipse.persistence.exceptions.DatabaseException
Internal Exception: org.h2.jdbc.JdbcSQLSyntaxErrorException: Table "FILMDISTRIBUTORS" not found; SQL statement:
DROP TABLE filmDistributors [42102-200]
Error Code: 42102
Call: DROP TABLE filmDistributors
Query: DataModifyQuery(sql="DROP TABLE filmDistributors")
[12/11/2020, 17:52:28:414 CET] 0000002e eclipselink                                                  W CWWJP9991W: Exception [EclipseLink-4002] (Eclipse Persistence Services - 2.7.7.v20200504-69f2c2b80d): org.eclipse.persistence.exceptions.DatabaseException
Internal Exception: org.h2.jdbc.JdbcSQLSyntaxErrorException: Table "DIRECTOR" not found; SQL statement:
DROP TABLE director [42102-200]
Error Code: 42102
Call: DROP TABLE director
Query: DataModifyQuery(sql="DROP TABLE director")
[12/11/2020, 17:52:28:415 CET] 0000002e eclipselink                                                  W CWWJP9991W: Exception [EclipseLink-4002] (Eclipse Persistence Services - 2.7.7.v20200504-69f2c2b80d): org.eclipse.persistence.exceptions.DatabaseException
Internal Exception: org.h2.jdbc.JdbcSQLSyntaxErrorException: Table "FILMS" not found; SQL statement:
DROP TABLE films [42102-200]
Error Code: 42102
Call: DROP TABLE films
Query: DataModifyQuery(sql="DROP TABLE films")
[12/11/2020, 17:52:28:442 CET] 0000002e eclipselink                                                  W CWWJP9991W: Exception [EclipseLink-4002] (Eclipse Persistence Services - 2.7.7.v20200504-69f2c2b80d): org.eclipse.persistence.exceptions.DatabaseException
Internal Exception: org.h2.jdbc.JdbcSQLSyntaxErrorException: Table "FILMDISTRIBUTORS" not found; SQL statement:
DROP TABLE filmDistributors [42102-200]
Error Code: 42102
Call: DROP TABLE filmDistributors
Query: DataModifyQuery(sql="DROP TABLE filmDistributors")
[12/11/2020, 17:52:28:443 CET] 0000002e eclipselink                                                  W CWWJP9991W: Exception [EclipseLink-4002] (Eclipse Persistence Services - 2.7.7.v20200504-69f2c2b80d): org.eclipse.persistence.exceptions.DatabaseException
Internal Exception: org.h2.jdbc.JdbcSQLSyntaxErrorException: Table "DIRECTOR" not found; SQL statement:
DROP TABLE director [42102-200]
Error Code: 42102
Call: DROP TABLE director
Query: DataModifyQuery(sql="DROP TABLE director")
[12/11/2020, 17:52:28:443 CET] 0000002e eclipselink                                                  W CWWJP9991W: Exception [EclipseLink-4002] (Eclipse Persistence Services - 2.7.7.v20200504-69f2c2b80d): org.eclipse.persistence.exceptions.DatabaseException
Internal Exception: org.h2.jdbc.JdbcSQLSyntaxErrorException: Table "FILMS" not found; SQL statement:
DROP TABLE films [42102-200]
Error Code: 42102
Call: DROP TABLE films
Query: DataModifyQuery(sql="DROP TABLE films")
[12/11/2020, 17:52:28:446 CET] 0000002e eclipselink                                                  W CWWJP9991W: Exception [EclipseLink-4002] (Eclipse Persistence Services - 2.7.7.v20200504-69f2c2b80d): org.eclipse.persistence.exceptions.DatabaseException
Internal Exception: org.h2.jdbc.JdbcSQLSyntaxErrorException: Table "FILMDISTRIBUTORS" not found; SQL statement:
DROP TABLE filmDistributors [42102-200]
Error Code: 42102
Call: DROP TABLE filmDistributors
Query: DataModifyQuery(sql="DROP TABLE filmDistributors")
[12/11/2020, 17:52:28:447 CET] 0000002e eclipselink                                                  W CWWJP9991W: Exception [EclipseLink-4002] (Eclipse Persistence Services - 2.7.7.v20200504-69f2c2b80d): org.eclipse.persistence.exceptions.DatabaseException
Internal Exception: org.h2.jdbc.JdbcSQLSyntaxErrorException: Table "DIRECTOR" not found; SQL statement:
DROP TABLE director [42102-200]
Error Code: 42102
Call: DROP TABLE director
Query: DataModifyQuery(sql="DROP TABLE director")
[12/11/2020, 17:52:28:448 CET] 0000002e eclipselink                                                  W CWWJP9991W: Exception [EclipseLink-4002] (Eclipse Persistence Services - 2.7.7.v20200504-69f2c2b80d): org.eclipse.persistence.exceptions.DatabaseException
Internal Exception: org.h2.jdbc.JdbcSQLSyntaxErrorException: Table "FILMS" not found; SQL statement:
DROP TABLE films [42102-200]
Error Code: 42102
Call: DROP TABLE films
Query: DataModifyQuery(sql="DROP TABLE films")
[12/11/2020, 17:52:28:451 CET] 0000002e eclipselink                                                  W CWWJP9991W: Exception [EclipseLink-4002] (Eclipse Persistence Services - 2.7.7.v20200504-69f2c2b80d): org.eclipse.persistence.exceptions.DatabaseException
Internal Exception: org.h2.jdbc.JdbcSQLSyntaxErrorException: Table "SEQUENCE" not found; SQL statement:
DELETE FROM SEQUENCE WHERE SEQ_NAME = 'SEQ_GEN' [42102-200]
Error Code: 42102
Call: DELETE FROM SEQUENCE WHERE SEQ_NAME = 'SEQ_GEN'
Query: DataModifyQuery(sql="DELETE FROM SEQUENCE WHERE SEQ_NAME = 'SEQ_GEN'")
[12/11/2020, 17:52:28:548 CET] 0000002e com.ibm.ws.session.WASSessionCore                            I SESN8501I: The session manager did not find a persistent storage location; HttpSession objects will be stored in the local application server's memory.
[12/11/2020, 17:52:28:592 CET] 0000002e org.jboss.weld.Version                                       I WELD-000900: 3.1.4 (Final)
[12/11/2020, 17:52:29:898 CET] 0000002e org.jboss.weld.Event                                         I WELD-000411: Observer method [BackedAnnotatedMethod] org.apache.myfaces.cdi.JsfArtifactProducerExtension.processAnnotatedType(@Observes ProcessAnnotatedType<T>, BeanManager) receives events for all annotated types. Consider restricting events using @WithAnnotations or a generic type with bounds.
[12/11/2020, 17:52:29:912 CET] 0000002e org.jboss.weld.Event                                         I WELD-000411: Observer method [BackedAnnotatedMethod] org.apache.myfaces.config.annotation.CdiAnnotationProviderExtension.processAnnotatedType(@Observes ProcessAnnotatedType<T>) receives events for all annotated types. Consider restricting events using @WithAnnotations or a generic type with bounds.
[12/11/2020, 17:52:30:612 CET] 0000002e com.ibm.ws.webcontainer.osgi.webapp.WebGroup                 I SRVE0169I: Loading Web Module: film-database-1.0-SNAPSHOT.
[12/11/2020, 17:52:30:615 CET] 0000002e com.ibm.ws.webcontainer                                      I SRVE0250I: Web Module film-database-1.0-SNAPSHOT has been bound to default_host.
[12/11/2020, 17:52:30:617 CET] 0000002e com.ibm.ws.http.internal.VirtualHostImpl                     A CWWKT0016I: Web application available (default_host): http://localhost:9080/film_database/
[12/11/2020, 17:52:30:646 CET] 00000025 com.ibm.ws.session.WASSessionCore                            I SESN0176I: A new session context will be created for application key default_host/film_database
[12/11/2020, 17:52:30:660 CET] 00000025 com.ibm.ws.util                                              I SESN0172I: The session manager is using the Java default SecureRandom implementation for session ID generation.
[12/11/2020, 17:52:30:666 CET] 0000002e com.ibm.ws.webcontainer.osgi.mbeans.PluginGenerator          I SRVE9103I: A configuration file for a web server plugin was automatically generated for this server at C:\Users\Józek\IdeaProjects\film-database\target\liberty\wlp\usr\servers\defaultServer\logs\state\plugin-cfg.xml.
[12/11/2020, 17:52:30:859 CET] 00000025 org.apache.myfaces.ee.MyFacesContainerInitializer            I Using org.apache.myfaces.ee.MyFacesContainerInitializer
[12/11/2020, 17:52:31:040 CET] 00000025 org.apache.myfaces.config.DefaultFacesConfigurationProvider  I Reading standard config META-INF/standard-faces-config.xml
[12/11/2020, 17:52:31:276 CET] 00000025 org.apache.myfaces.config.DefaultFacesConfigurationProvider  I Found javax.faces.application.ApplicationFactory factory implementation: com.ibm.ws.jsf.config.WASApplicationFactoryImpl
[12/11/2020, 17:52:31:433 CET] 00000025 org.apache.myfaces.spi.impl.DefaultInjectionProviderFactory  I Using InjectionProvider com.ibm.ws.jsf.spi.impl.WASCDIAnnotationDelegateInjectionProvider
[12/11/2020, 17:52:31:557 CET] 00000025 org.apache.myfaces.util.ExternalSpecifications               I MyFaces CDI support enabled
[12/11/2020, 17:52:31:561 CET] 00000025 org.apache.myfaces.util.ExternalSpecifications               I MyFaces Bean Validation support disabled
[12/11/2020, 17:52:32:051 CET] 00000025 org.apache.myfaces.config.FacesConfigurator                  I Serialization provider : class org.apache.myfaces.shared_impl.util.serial.DefaultSerialFactory
[12/11/2020, 17:52:32:140 CET] 00000025 org.apache.myfaces.webapp.AbstractFacesInitializer           I ServletContext initialized.
[12/11/2020, 17:52:32:143 CET] 00000025 org.apache.myfaces.webapp.WebConfigParamsLogger              I Tomahawk jar not available. Autoscrolling, DetectJavascript, AddResourceClass and CheckExtensionsFilter are disabled now.
[12/11/2020, 17:52:32:143 CET] 00000025 org.apache.myfaces.webapp.WebConfigParamsLogger              I Scanning for context init parameters not defined. It is not necessary to define them all into your web.xml, they are just provided here for informative purposes. To disable this messages set org.apache.myfaces.LOG_WEB_CONTEXT_PARAMS config param to 'false'
[12/11/2020, 17:52:32:143 CET] 00000025 org.apache.myfaces.webapp.WebConfigParamsLogger              I No context init parameter 'javax.faces.RESOURCE_EXCLUDES' found, using default value '.class .jsp .jspx .properties .xhtml .groovy'.
[12/11/2020, 17:52:32:143 CET] 00000025 org.apache.myfaces.webapp.WebConfigParamsLogger              I No context init parameter 'javax.faces.STATE_SAVING_METHOD' found, using default value 'server'.
[12/11/2020, 17:52:32:143 CET] 00000025 org.apache.myfaces.webapp.WebConfigParamsLogger              I No context init parameter 'javax.faces.FULL_STATE_SAVING_VIEW_IDS' found.
[12/11/2020, 17:52:32:143 CET] 00000025 org.apache.myfaces.webapp.WebConfigParamsLogger              I No context init parameter 'javax.faces.PARTIAL_STATE_SAVING' found, using default value 'true (false with 1.2 webapps)'.
[12/11/2020, 17:52:32:144 CET] 00000025 org.apache.myfaces.webapp.WebConfigParamsLogger              I No context init parameter 'javax.faces.SERIALIZE_SERVER_STATE' found, using default value 'false'.
[12/11/2020, 17:52:32:144 CET] 00000025 org.apache.myfaces.webapp.WebConfigParamsLogger              I No context init parameter 'javax.faces.DEFAULT_SUFFIX' found, using default value '.xhtml .view.xml .jsp'.
[12/11/2020, 17:52:32:144 CET] 00000025 org.apache.myfaces.webapp.WebConfigParamsLogger              I No context init parameter 'javax.faces.FACELETS_SUFFIX' found, using default value '.xhtml'.
[12/11/2020, 17:52:32:144 CET] 00000025 org.apache.myfaces.webapp.WebConfigParamsLogger              I No context init parameter 'javax.faces.FACELETS_VIEW_MAPPINGS' found.
[12/11/2020, 17:52:32:144 CET] 00000025 org.apache.myfaces.webapp.WebConfigParamsLogger              I No context init parameter 'javax.faces.DISABLE_FACELET_JSF_VIEWHANDLER' found.
[12/11/2020, 17:52:32:144 CET] 00000025 org.apache.myfaces.webapp.WebConfigParamsLogger              I No context init parameter 'javax.faces.FACELETS_BUFFER_SIZE' found, using default value '1024'.
[12/11/2020, 17:52:32:144 CET] 00000025 org.apache.myfaces.webapp.WebConfigParamsLogger              I No context init parameter 'javax.faces.FACELETS_DECORATORS' found.
[12/11/2020, 17:52:32:144 CET] 00000025 org.apache.myfaces.webapp.WebConfigParamsLogger              I No context init parameter 'javax.faces.FACELETS_LIBRARIES' found.
[12/11/2020, 17:52:32:145 CET] 00000025 org.apache.myfaces.webapp.WebConfigParamsLogger              I No context init parameter 'javax.faces.FACELETS_REFRESH_PERIOD' found, using default value '-1'.
[12/11/2020, 17:52:32:145 CET] 00000025 org.apache.myfaces.webapp.WebConfigParamsLogger              I No context init parameter 'javax.faces.FACELETS_SKIP_COMMENTS' found.
[12/11/2020, 17:52:32:145 CET] 00000025 org.apache.myfaces.webapp.WebConfigParamsLogger              I No context init parameter 'javax.faces.HONOR_CURRENT_COMPONENT_ATTRIBUTES' found, using default value 'false'.
[12/11/2020, 17:52:32:145 CET] 00000025 org.apache.myfaces.webapp.WebConfigParamsLogger              I No context init parameter 'javax.faces.VALIDATE_EMPTY_FIELDS' found, using default value 'auto'.
[12/11/2020, 17:52:32:145 CET] 00000025 org.apache.myfaces.webapp.WebConfigParamsLogger              I No context init parameter 'javax.faces.INTERPRET_EMPTY_STRING_SUBMITTED_VALUES_AS_NULL' found, using default value 'false'.
[12/11/2020, 17:52:32:145 CET] 00000025 org.apache.myfaces.webapp.WebConfigParamsLogger              I No context init parameter 'org.apache.myfaces.CLEAR_INPUT_WHEN_SUBMITTED_VALUE_IS_NULL_OR_EMPTY' found, using default value 'true'.
[12/11/2020, 17:52:32:145 CET] 00000025 org.apache.myfaces.webapp.WebConfigParamsLogger              I No context init parameter 'javax.faces.ALWAYS_PERFORM_VALIDATION_WHEN_REQUIRED_IS_TRUE' found, using default value 'false'.
[12/11/2020, 17:52:32:146 CET] 00000025 org.apache.myfaces.webapp.WebConfigParamsLogger              I No context init parameter 'javax.faces.VIEWROOT_PHASE_LISTENER_QUEUES_EXCEPTIONS' found, using default value 'false'.
[12/11/2020, 17:52:32:146 CET] 00000025 org.apache.myfaces.webapp.WebConfigParamsLogger              I No context init parameter 'javax.faces.DATETIMECONVERTER_DEFAULT_TIMEZONE_IS_SYSTEM_TIMEZONE' found, using default value 'false'.
[12/11/2020, 17:52:32:146 CET] 00000025 org.apache.myfaces.webapp.WebConfigParamsLogger              I No context init parameter 'org.apache.myfaces.ENUM_CONVERTER_ALLOW_STRING_PASSTROUGH' found, using default value 'false'.
[12/11/2020, 17:52:32:146 CET] 00000025 org.apache.myfaces.webapp.WebConfigParamsLogger              I No context init parameter 'javax.faces.validator.DISABLE_DEFAULT_BEAN_VALIDATOR' found, using default value 'true'.
[12/11/2020, 17:52:32:146 CET] 00000025 org.apache.myfaces.webapp.WebConfigParamsLogger              I No context init parameter 'javax.faces.validator.ENABLE_VALIDATE_WHOLE_BEAN' found, using default value 'false'.
[12/11/2020, 17:52:32:146 CET] 00000025 org.apache.myfaces.webapp.WebConfigParamsLogger              I No context init parameter 'javax.faces.CONFIG_FILES' found.
[12/11/2020, 17:52:32:146 CET] 00000025 org.apache.myfaces.webapp.WebConfigParamsLogger              I No context init parameter 'javax.faces.LIFECYCLE_ID' found.
[12/11/2020, 17:52:32:147 CET] 00000025 org.apache.myfaces.webapp.WebConfigParamsLogger              I No context init parameter 'javax.faces.DISABLE_FACESSERVLET_TO_XHTML' found.
[12/11/2020, 17:52:32:147 CET] 00000025 org.apache.myfaces.webapp.WebConfigParamsLogger              I No context init parameter 'org.apache.myfaces.CHECKED_VIEWID_CACHE_SIZE' found, using default value '500'.
[12/11/2020, 17:52:32:147 CET] 00000025 org.apache.myfaces.webapp.WebConfigParamsLogger              I No context init parameter 'org.apache.myfaces.CHECKED_VIEWID_CACHE_ENABLED' found, using default value 'true'.
[12/11/2020, 17:52:32:147 CET] 00000025 org.apache.myfaces.webapp.WebConfigParamsLogger              I No context init parameter 'org.apache.myfaces.PRETTY_HTML' found, using default value 'true'.
[12/11/2020, 17:52:32:147 CET] 00000025 org.apache.myfaces.webapp.WebConfigParamsLogger              I No context init parameter 'org.apache.myfaces.ALLOW_JAVASCRIPT' found, using default value 'true'.
[12/11/2020, 17:52:32:147 CET] 00000025 org.apache.myfaces.webapp.WebConfigParamsLogger              I No context init parameter 'org.apache.myfaces.CONFIG_REFRESH_PERIOD' found, using default value '2'.
[12/11/2020, 17:52:32:148 CET] 00000025 org.apache.myfaces.webapp.WebConfigParamsLogger              I No context init parameter 'org.apache.myfaces.VIEWSTATE_JAVASCRIPT' found, using default value 'false'.
[12/11/2020, 17:52:32:148 CET] 00000025 org.apache.myfaces.webapp.WebConfigParamsLogger              I No context init parameter 'org.apache.myfaces.RENDER_VIEWSTATE_ID' found, using default value 'true'.
[12/11/2020, 17:52:32:148 CET] 00000025 org.apache.myfaces.webapp.WebConfigParamsLogger              I No context init parameter 'org.apache.myfaces.STRICT_XHTML_LINKS' found, using default value 'true'.
[12/11/2020, 17:52:32:154 CET] 00000025 org.apache.myfaces.webapp.WebConfigParamsLogger              I No context init parameter 'org.apache.myfaces.RENDER_CLEAR_JAVASCRIPT_FOR_BUTTON' found, using default value 'false'.
[12/11/2020, 17:52:32:154 CET] 00000025 org.apache.myfaces.webapp.WebConfigParamsLogger              I No context init parameter 'org.apache.myfaces.RENDER_HIDDEN_FIELDS_FOR_LINK_PARAMS' found, using default value 'false'.
[12/11/2020, 17:52:32:155 CET] 00000025 org.apache.myfaces.webapp.WebConfigParamsLogger              I No context init parameter 'org.apache.myfaces.SAVE_FORM_SUBMIT_LINK_IE' found, using default value 'false'.
[12/11/2020, 17:52:32:155 CET] 00000025 org.apache.myfaces.webapp.WebConfigParamsLogger              I No context init parameter 'org.apache.myfaces.DELEGATE_FACES_SERVLET' found.
[12/11/2020, 17:52:32:155 CET] 00000025 org.apache.myfaces.webapp.WebConfigParamsLogger              I No context init parameter 'org.apache.myfaces.REFRESH_TRANSIENT_BUILD_ON_PSS' found, using default value 'auto'.
[12/11/2020, 17:52:32:155 CET] 00000025 org.apache.myfaces.webapp.WebConfigParamsLogger              I No context init parameter 'org.apache.myfaces.REFRESH_TRANSIENT_BUILD_ON_PSS_PRESERVE_STATE' found, using default value 'false'.
[12/11/2020, 17:52:32:155 CET] 00000025 org.apache.myfaces.webapp.WebConfigParamsLogger              I No context init parameter 'org.apache.myfaces.VALIDATE_XML' found.
[12/11/2020, 17:52:32:155 CET] 00000025 org.apache.myfaces.webapp.WebConfigParamsLogger              I No context init parameter 'org.apache.myfaces.WRAP_SCRIPT_CONTENT_WITH_XML_COMMENT_TAG' found, using default value 'false'.
[12/11/2020, 17:52:32:155 CET] 00000025 org.apache.myfaces.webapp.WebConfigParamsLogger              I No context init parameter 'org.apache.myfaces.RENDER_FORM_SUBMIT_SCRIPT_INLINE' found, using default value 'false'.
[12/11/2020, 17:52:32:155 CET] 00000025 org.apache.myfaces.webapp.WebConfigParamsLogger              I No context init parameter 'org.apache.myfaces.DEBUG_PHASE_LISTENER' found.
[12/11/2020, 17:52:32:156 CET] 00000025 org.apache.myfaces.webapp.WebConfigParamsLogger              I No context init parameter 'org.apache.myfaces.STRICT_JSF_2_CC_EL_RESOLVER' found, using default value 'false'.
[12/11/2020, 17:52:32:156 CET] 00000025 org.apache.myfaces.webapp.WebConfigParamsLogger              I No context init parameter 'org.apache.myfaces.DEFAULT_RESPONSE_WRITER_CONTENT_TYPE_MODE' found, using default value 'text/html'.
[12/11/2020, 17:52:32:156 CET] 00000025 org.apache.myfaces.webapp.WebConfigParamsLogger              I No context init parameter 'org.apache.myfaces.VIEW_UNIQUE_IDS_CACHE_ENABLED' found, using default value 'true'.
[12/11/2020, 17:52:32:156 CET] 00000025 org.apache.myfaces.webapp.WebConfigParamsLogger              I No context init parameter 'org.apache.myfaces.COMPONENT_UNIQUE_IDS_CACHE_SIZE' found, using default value '100'.
[12/11/2020, 17:52:32:156 CET] 00000025 org.apache.myfaces.webapp.WebConfigParamsLogger              I No context init parameter 'org.apache.myfaces.SUPPORT_JSP_AND_FACES_EL' found, using default value 'true'.
[12/11/2020, 17:52:32:156 CET] 00000025 org.apache.myfaces.webapp.WebConfigParamsLogger              I No context init parameter 'org.apache.myfaces.SUPPORT_MANAGED_BEANS' found, using default value 'true'.
[12/11/2020, 17:52:32:156 CET] 00000025 org.apache.myfaces.webapp.WebConfigParamsLogger              I No context init parameter 'org.apache.myfaces.GAE_JSF_JAR_FILES' found.
[12/11/2020, 17:52:32:157 CET] 00000025 org.apache.myfaces.webapp.WebConfigParamsLogger              I No context init parameter 'org.apache.myfaces.GAE_JSF_ANNOTATIONS_JAR_FILES' found.
[12/11/2020, 17:52:32:157 CET] 00000025 org.apache.myfaces.webapp.WebConfigParamsLogger              I No context init parameter 'org.apache.myfaces.STRICT_JSF_2_VIEW_NOT_FOUND' found, using default value 'false'.
[12/11/2020, 17:52:32:157 CET] 00000025 org.apache.myfaces.webapp.WebConfigParamsLogger              I No context init parameter 'org.apache.myfaces.EARLY_FLUSH_ENABLED' found, using default value 'false'.
[12/11/2020, 17:52:32:157 CET] 00000025 org.apache.myfaces.webapp.WebConfigParamsLogger              I No context init parameter 'org.apache.myfaces.STRICT_JSF_2_FACELETS_COMPATIBILITY' found, using default value 'false'.
[12/11/2020, 17:52:32:157 CET] 00000025 org.apache.myfaces.webapp.WebConfigParamsLogger              I No context init parameter 'org.apache.myfaces.RENDER_FORM_VIEW_STATE_AT_BEGIN' found, using default value 'false'.
[12/11/2020, 17:52:32:157 CET] 00000025 org.apache.myfaces.webapp.WebConfigParamsLogger              I No context init parameter 'org.apache.myfaces.FLASH_SCOPE_DISABLED' found, using default value 'false'.
[12/11/2020, 17:52:32:158 CET] 00000025 org.apache.myfaces.webapp.WebConfigParamsLogger              I No context init parameter 'org.apache.myfaces.NUMBER_OF_VIEWS_IN_SESSION' found, using default value '20'.
[12/11/2020, 17:52:32:158 CET] 00000025 org.apache.myfaces.webapp.WebConfigParamsLogger              I No context init parameter 'org.apache.myfaces.NUMBER_OF_SEQUENTIAL_VIEWS_IN_SESSION' found, using default value '4'.
[12/11/2020, 17:52:32:158 CET] 00000025 org.apache.myfaces.webapp.WebConfigParamsLogger              I No context init parameter 'org.apache.myfaces.NUMBER_OF_FLASH_TOKENS_IN_SESSION' found.
[12/11/2020, 17:52:32:158 CET] 00000025 org.apache.myfaces.webapp.WebConfigParamsLogger              I No context init parameter 'org.apache.myfaces.FACES_FLOW_CLIENT_WINDOW_IDS_IN_SESSION' found.
[12/11/2020, 17:52:32:158 CET] 00000025 org.apache.myfaces.webapp.WebConfigParamsLogger              I No context init parameter 'org.apache.myfaces.SUPPORT_EL_3_IMPORT_HANDLER' found, using default value 'false'.
[12/11/2020, 17:52:32:158 CET] 00000025 org.apache.myfaces.webapp.WebConfigParamsLogger              I No context init parameter 'org.apache.myfaces.STRICT_JSF_2_ORIGIN_HEADER_APP_PATH' found, using default value 'false'.
[12/11/2020, 17:52:32:158 CET] 00000025 org.apache.myfaces.webapp.WebConfigParamsLogger              I No context init parameter 'org.apache.myfaces.ALWAYS_FORCE_SESSION_CREATION' found, using default value 'true'.
[12/11/2020, 17:52:32:158 CET] 00000025 org.apache.myfaces.webapp.WebConfigParamsLogger              I No context init parameter 'org.apache.myfaces.RESOURCE_MAX_TIME_EXPIRES' found, using default value '604800000'.
[12/11/2020, 17:52:32:159 CET] 00000025 org.apache.myfaces.webapp.WebConfigParamsLogger              I No context init parameter 'org.apache.myfaces.RESOURCE_HANDLER_CACHE_SIZE' found, using default value '500'.
[12/11/2020, 17:52:32:159 CET] 00000025 org.apache.myfaces.webapp.WebConfigParamsLogger              I No context init parameter 'org.apache.myfaces.RESOURCE_HANDLER_CACHE_ENABLED' found, using default value 'true'.
[12/11/2020, 17:52:32:159 CET] 00000025 org.apache.myfaces.webapp.WebConfigParamsLogger              I No context init parameter 'org.apache.myfaces.USE_ENCRYPTION' found, using default value 'true'.
[12/11/2020, 17:52:32:159 CET] 00000025 org.apache.myfaces.webapp.WebConfigParamsLogger              I No context init parameter 'org.apache.myfaces.SECRET' found.
[12/11/2020, 17:52:32:159 CET] 00000025 org.apache.myfaces.webapp.WebConfigParamsLogger              I No context init parameter 'org.apache.myfaces.ALGORITHM' found, using default value 'DES'.
[12/11/2020, 17:52:32:388 CET] 00000025 org.apache.myfaces.webapp.WebConfigParamsLogger              I No context init parameter 'org.apache.myfaces.SECRET.CACHE' found.
[12/11/2020, 17:52:32:389 CET] 00000025 org.apache.myfaces.webapp.WebConfigParamsLogger              I No context init parameter 'org.apache.myfaces.ALGORITHM.IV' found.
[12/11/2020, 17:52:32:389 CET] 00000025 org.apache.myfaces.webapp.WebConfigParamsLogger              I No context init parameter 'org.apache.myfaces.ALGORITHM.PARAMETERS' found, using default value 'ECB/PKCS5Padding'.
[12/11/2020, 17:52:32:389 CET] 00000025 org.apache.myfaces.webapp.WebConfigParamsLogger              I No context init parameter 'org.apache.myfaces.SERIAL_FACTORY' found.
[12/11/2020, 17:52:32:390 CET] 00000025 org.apache.myfaces.webapp.WebConfigParamsLogger              I No context init parameter 'org.apache.myfaces.COMPRESS_STATE_IN_CLIENT' found, using default value 'false'.
[12/11/2020, 17:52:32:390 CET] 00000025 org.apache.myfaces.webapp.WebConfigParamsLogger              I No context init parameter 'org.apache.myfaces.MAC_ALGORITHM' found, using default value 'HmacSHA1'.
[12/11/2020, 17:52:32:390 CET] 00000025 org.apache.myfaces.webapp.WebConfigParamsLogger              I No context init parameter 'org.apache.myfaces.MAC_SECRET' found.
[12/11/2020, 17:52:32:390 CET] 00000025 org.apache.myfaces.webapp.WebConfigParamsLogger              I No context init parameter 'org.apache.myfaces.MAC_SECRET.CACHE' found.
[12/11/2020, 17:52:32:391 CET] 00000025 org.apache.myfaces.webapp.WebConfigParamsLogger              I No context init parameter 'org.apache.myfaces.LAZY_LOAD_CONFIG_OBJECTS' found, using default value 'true'.
[12/11/2020, 17:52:32:391 CET] 00000025 org.apache.myfaces.webapp.WebConfigParamsLogger              I No context init parameter 'org.apache.myfaces.STRICT_JSF_2_ALLOW_SLASH_LIBRARY_NAME' found, using default value 'false'.
[12/11/2020, 17:52:32:391 CET] 00000025 org.apache.myfaces.webapp.WebConfigParamsLogger              I No context init parameter 'org.apache.myfaces.RESOURCE_BUFFER_SIZE' found, using default value '2048'.
[12/11/2020, 17:52:32:391 CET] 00000025 org.apache.myfaces.webapp.WebConfigParamsLogger              I No context init parameter 'org.apache.myfaces.RANDOM_KEY_IN_CSRF_SESSION_TOKEN' found, using default value 'none'.
[12/11/2020, 17:52:32:391 CET] 00000025 org.apache.myfaces.webapp.WebConfigParamsLogger              I No context init parameter 'org.apache.myfaces.RANDOM_KEY_IN_CSRF_SESSION_TOKEN_LENGTH' found, using default value '16'.
[12/11/2020, 17:52:32:391 CET] 00000025 org.apache.myfaces.webapp.WebConfigParamsLogger              I No context init parameter 'org.apache.myfaces.RANDOM_KEY_IN_CSRF_SESSION_TOKEN_SECURE_RANDOM_CLASS' found.
[12/11/2020, 17:52:32:392 CET] 00000025 org.apache.myfaces.webapp.WebConfigParamsLogger              I No context init parameter 'org.apache.myfaces.RANDOM_KEY_IN_CSRF_SESSION_TOKEN_SECURE_RANDOM_PROVIDER' found.
[12/11/2020, 17:52:32:392 CET] 00000025 org.apache.myfaces.webapp.WebConfigParamsLogger              I No context init parameter 'org.apache.myfaces.RANDOM_KEY_IN_CSRF_SESSION_TOKEN_SECURE_RANDOM_ALGORITM' found, using default value 'SHA1PRNG'.
[12/11/2020, 17:52:32:392 CET] 00000025 org.apache.myfaces.webapp.WebConfigParamsLogger              I No context init parameter 'org.apache.myfaces.CLIENT_VIEW_STATE_TIMEOUT' found, using default value '0'.
[12/11/2020, 17:52:32:392 CET] 00000025 org.apache.myfaces.webapp.WebConfigParamsLogger              I No context init parameter 'org.apache.myfaces.SERIALIZE_STATE_IN_SESSION' found, using default value 'false'.
[12/11/2020, 17:52:32:392 CET] 00000025 org.apache.myfaces.webapp.WebConfigParamsLogger              I No context init parameter 'org.apache.myfaces.COMPRESS_STATE_IN_SESSION' found, using default value 'true'.
[12/11/2020, 17:52:32:392 CET] 00000025 org.apache.myfaces.webapp.WebConfigParamsLogger              I No context init parameter 'org.apache.myfaces.USE_FLASH_SCOPE_PURGE_VIEWS_IN_SESSION' found, using default value 'false'.
[12/11/2020, 17:52:32:392 CET] 00000025 org.apache.myfaces.webapp.WebConfigParamsLogger              I No context init parameter 'org.apache.myfaces.RANDOM_KEY_IN_VIEW_STATE_SESSION_TOKEN' found, using default value 'random'.
[12/11/2020, 17:52:32:392 CET] 00000025 org.apache.myfaces.webapp.WebConfigParamsLogger              I No context init parameter 'org.apache.myfaces.RANDOM_KEY_IN_VIEW_STATE_SESSION_TOKEN_LENGTH' found, using default value '8'.
[12/11/2020, 17:52:32:392 CET] 00000025 org.apache.myfaces.webapp.WebConfigParamsLogger              I No context init parameter 'org.apache.myfaces.RANDOM_KEY_IN_VIEW_STATE_SESSION_TOKEN_SECURE_RANDOM_CLASS' found.
[12/11/2020, 17:52:32:392 CET] 00000025 org.apache.myfaces.webapp.WebConfigParamsLogger              I No context init parameter 'org.apache.myfaces.RANDOM_KEY_IN_VIEW_STATE_SESSION_TOKEN_SECURE_RANDOM_PROVIDER' found.
[12/11/2020, 17:52:32:393 CET] 00000025 org.apache.myfaces.webapp.WebConfigParamsLogger              I No context init parameter 'org.apache.myfaces.RANDOM_KEY_IN_VIEW_STATE_SESSION_TOKEN_SECURE_RANDOM_ALGORITM' found, using default value 'SHA1PRNG'.
[12/11/2020, 17:52:32:393 CET] 00000025 org.apache.myfaces.webapp.WebConfigParamsLogger              I No context init parameter 'facelets.LIBRARIES' found.
[12/11/2020, 17:52:32:393 CET] 00000025 org.apache.myfaces.webapp.WebConfigParamsLogger              I No context init parameter 'org.apache.myfaces.VALIDATE' found, using default value 'false'.
[12/11/2020, 17:52:32:393 CET] 00000025 org.apache.myfaces.webapp.WebConfigParamsLogger              I No context init parameter 'org.apache.myfaces.annotation.USE_CDI_FOR_ANNOTATION_SCANNING' found.
[12/11/2020, 17:52:32:393 CET] 00000025 org.apache.myfaces.webapp.WebConfigParamsLogger              I No context init parameter 'org.apache.myfaces.annotation.SCAN_PACKAGES' found.
[12/11/2020, 17:52:32:393 CET] 00000025 org.apache.myfaces.webapp.WebConfigParamsLogger              I No context init parameter 'org.apache.myfaces.config.annotation.LifecycleProvider' found.
[12/11/2020, 17:52:32:393 CET] 00000025 org.apache.myfaces.webapp.WebConfigParamsLogger              I No context init parameter 'javax.faces.WEBSOCKET_ENDPOINT_PORT' found.
[12/11/2020, 17:52:32:393 CET] 00000025 org.apache.myfaces.webapp.WebConfigParamsLogger              I No context init parameter 'org.apache.myfaces.INITIALIZE_SKIP_JAR_FACES_CONFIG_SCAN' found, using default value 'false'.
[12/11/2020, 17:52:32:393 CET] 00000025 org.apache.myfaces.webapp.WebConfigParamsLogger              I No context init parameter 'org.apache.myfaces.EL_RESOLVER_COMPARATOR' found.
[12/11/2020, 17:52:32:393 CET] 00000025 org.apache.myfaces.webapp.WebConfigParamsLogger              I No context init parameter 'org.apache.myfaces.EL_RESOLVER_PREDICATE' found.
[12/11/2020, 17:52:32:394 CET] 00000025 org.apache.myfaces.webapp.WebConfigParamsLogger              I No context init parameter 'org.apache.myfaces.DEFAULT_WINDOW_MODE' found, using default value 'url'.
[12/11/2020, 17:52:32:394 CET] 00000025 org.apache.myfaces.webapp.WebConfigParamsLogger              I No context init parameter 'org.apache.myfaces.WEBSOCKET_MAX_IDLE_TIMEOUT' found, using default value '300000'.
[12/11/2020, 17:52:32:394 CET] 00000025 org.apache.myfaces.webapp.WebConfigParamsLogger              I No context init parameter 'org.apache.myfaces.RANDOM_KEY_IN_WEBSOCKET_SESSION_TOKEN' found, using default value 'none'.
[12/11/2020, 17:52:32:396 CET] 00000025 org.apache.myfaces.webapp.WebConfigParamsLogger              I No context init parameter 'org.apache.myfaces.ERROR_TEMPLATE_RESOURCE' found, using default value 'META-INF/rsc/myfaces-dev-error.xml'.
[12/11/2020, 17:52:32:396 CET] 00000025 org.apache.myfaces.webapp.WebConfigParamsLogger              I No context init parameter 'org.apache.myfaces.DEBUG_TEMPLATE_RESOURCE' found, using default value 'META-INF/rsc/myfaces-dev-debug.xml'.
[12/11/2020, 17:52:32:396 CET] 00000025 org.apache.myfaces.webapp.WebConfigParamsLogger              I No context init parameter 'org.apache.myfaces.ERROR_HANDLING' found, using default value 'false, on Development Project stage: true'.
[12/11/2020, 17:52:32:396 CET] 00000025 org.apache.myfaces.webapp.WebConfigParamsLogger              I No context init parameter 'org.apache.myfaces.AUTOCOMPLETE_OFF_VIEW_STATE' found, using default value 'true'.
[12/11/2020, 17:52:32:397 CET] 00000025 org.apache.myfaces.webapp.WebConfigParamsLogger              I No context init parameter 'org.apache.myfaces.USE_MULTIPLE_JS_FILES_FOR_JSF_UNCOMPRESSED_JS' found, using default value 'false'.
[12/11/2020, 17:52:32:397 CET] 00000025 org.apache.myfaces.webapp.WebConfigParamsLogger              I No context init parameter 'org.apache.myfaces.JSF_JS_MODE' found, using default value 'normal'.
[12/11/2020, 17:52:32:397 CET] 00000025 org.apache.myfaces.webapp.WebConfigParamsLogger              I No context init parameter 'org.apache.myfaces.TEMPORAL_RESOURCEHANDLER_CACHE_ENABLED' found, using default value 'false'.
[12/11/2020, 17:52:32:397 CET] 00000025 org.apache.myfaces.webapp.WebConfigParamsLogger              I No context init parameter 'org.apache.myfaces.SERVICE_PROVIDER_FINDER' found.
[12/11/2020, 17:52:32:397 CET] 00000025 org.apache.myfaces.webapp.WebConfigParamsLogger              I No context init parameter 'org.apache.myfaces.spi.InjectionProvider' found.
[12/11/2020, 17:52:32:397 CET] 00000025 org.apache.myfaces.webapp.WebConfigParamsLogger              I No context init parameter 'javax.faces.DISABLE_FACELET_JSF_VIEWHANDLER' found, using default value 'false'.
[12/11/2020, 17:52:32:398 CET] 00000025 org.apache.myfaces.webapp.WebConfigParamsLogger              I No context init parameter 'org.apache.myfaces.CHECK_ID_PRODUCTION_MODE' found, using default value 'auto'.
[12/11/2020, 17:52:32:398 CET] 00000025 org.apache.myfaces.webapp.WebConfigParamsLogger              I No context init parameter 'facelets.BUFFER_SIZE' found.
[12/11/2020, 17:52:32:398 CET] 00000025 org.apache.myfaces.webapp.WebConfigParamsLogger              I No context init parameter 'facelets.REFRESH_PERIOD' found, using default value '-1'.
[12/11/2020, 17:52:32:398 CET] 00000025 org.apache.myfaces.webapp.WebConfigParamsLogger              I No context init parameter 'javax.faces.FACELETS_RESOURCE_RESOLVER' found.
[12/11/2020, 17:52:32:398 CET] 00000025 org.apache.myfaces.webapp.WebConfigParamsLogger              I No context init parameter 'facelets.RESOURCE_RESOLVER' found.
[12/11/2020, 17:52:32:398 CET] 00000025 org.apache.myfaces.webapp.WebConfigParamsLogger              I No context init parameter 'org.apache.myfaces.MARK_INITIAL_STATE_WHEN_APPLY_BUILD_VIEW' found, using default value 'false'.
[12/11/2020, 17:52:32:398 CET] 00000025 org.apache.myfaces.webapp.WebConfigParamsLogger              I No context init parameter 'facelets.DECORATORS' found.
[12/11/2020, 17:52:32:398 CET] 00000025 org.apache.myfaces.webapp.WebConfigParamsLogger              I No context init parameter 'org.apache.myfaces.WRAP_TAG_EXCEPTIONS_AS_CONTEXT_AWARE' found, using default value 'true'.
[12/11/2020, 17:52:32:399 CET] 00000025 org.apache.myfaces.webapp.WebConfigParamsLogger              I No context init parameter 'org.apache.myfaces.CACHE_EL_EXPRESSIONS' found, using default value 'noCache'.
[12/11/2020, 17:52:32:399 CET] 00000025 org.apache.myfaces.webapp.WebConfigParamsLogger              I No context init parameter 'org.apache.myfaces.VIEW_POOL_MAX_POOL_SIZE' found, using default value '5'.
[12/11/2020, 17:52:32:399 CET] 00000025 org.apache.myfaces.webapp.WebConfigParamsLogger              I No context init parameter 'org.apache.myfaces.VIEW_POOL_MAX_DYNAMIC_PARTIAL_LIMIT' found, using default value '2'.
[12/11/2020, 17:52:32:399 CET] 00000025 org.apache.myfaces.webapp.WebConfigParamsLogger              I No context init parameter 'org.apache.myfaces.VIEW_POOL_ENTRY_MODE' found, using default value 'soft'.
[12/11/2020, 17:52:32:399 CET] 00000025 org.apache.myfaces.webapp.WebConfigParamsLogger              I No context init parameter 'org.apache.myfaces.VIEW_POOL_DEFERRED_NAVIGATION' found, using default value 'false'.
[12/11/2020, 17:52:32:399 CET] 00000025 org.apache.myfaces.webapp.WebConfigParamsLogger              I No context init parameter 'org.apache.myfaces.validator.BEAN_BEFORE_JSF_VALIDATION' found, using default value 'false'.
[12/11/2020, 17:52:32:399 CET] 00000025 org.apache.myfaces.webapp.WebConfigParamsLogger              I No context init parameter 'org.apache.myfaces.JSP_SUFFIX' found, using default value '.jsp'.
[12/11/2020, 17:52:32:399 CET] 00000025 org.apache.myfaces.webapp.WebConfigParamsLogger              I No context init parameter 'org.apache.myfaces.EXPRESSION_FACTORY' found.
[12/11/2020, 17:52:32:399 CET] 00000025 org.apache.myfaces.webapp.WebConfigParamsLogger              I No context init parameter 'org.apache.myfaces.INITIALIZE_ALWAYS_STANDALONE' found, using default value 'false'.
[12/11/2020, 17:52:32:399 CET] 00000025 org.apache.myfaces.webapp.WebConfigParamsLogger              I No context init parameter 'org.apache.myfaces.LOG_WEB_CONTEXT_PARAMS' found, using default value 'auto'.
[12/11/2020, 17:52:32:400 CET] 00000025 org.apache.myfaces.webapp.WebConfigParamsLogger              I No context init parameter 'org.apache.myfaces.AUTOMATIC_EXTENSIONLESS_MAPPING' found, using default value 'false'.
[12/11/2020, 17:52:32:400 CET] 00000025 org.apache.myfaces.webapp.WebConfigParamsLogger              I No context init parameter 'org.apache.myfaces.FACES_INITIALIZER' found.
[12/11/2020, 17:52:32:404 CET] 00000025 org.apache.myfaces.webapp.WebConfigParamsLogger              I No context init parameter 'org.apache.myfaces.FACES_INIT_PLUGINS' found.
[12/11/2020, 17:52:32:407 CET] 00000025 org.apache.myfaces.webapp.AbstractFacesInitializer           W 

*******************************************************************
*** WARNING: Apache MyFaces-2 is running in DEVELOPMENT mode.   ***
***                                         ^^^^^^^^^^^         ***
*** Do NOT deploy to your live server(s) without changing this. ***
*** See Application#getProjectStage() for more information.     ***
*******************************************************************

[12/11/2020, 17:52:32:407 CET] 00000025 org.apache.myfaces.webapp.StartupServletContextListener      I MyFaces Core has started, it took [1446] ms.
[12/11/2020, 17:52:32:744 CET] 00000025 com.ibm.ws.app.manager.AppMessageHelper                      A CWWKZ0001I: Application film-database-1.0-SNAPSHOT started in 7.867 seconds.
[12/11/2020, 17:52:32:774 CET] 00000023 com.ibm.ws.tcpchannel.internal.TCPPort                       I CWWKO0219I: TCP Channel defaultHttpEndpoint has been started and is now listening for requests on host kubernetes.docker.internal  (IPv4: 127.0.0.1) port 9080.
[12/11/2020, 17:52:33:213 CET] 00000023 com.ibm.ws.kernel.feature.internal.FeatureManager            A CWWKF0012I: The server installed the following features: [cdi-2.0, el-3.0, jaxrs-2.1, jaxrsClient-2.1, jdbc-4.2, jndi-1.0, jpa-2.2, jpaContainer-2.2, jsf-2.3, jsonb-1.0, jsonp-1.1, jsp-2.3, servlet-4.0].
[12/11/2020, 17:52:33:213 CET] 00000023 com.ibm.ws.kernel.feature.internal.FeatureManager            I CWWKF0008I: Feature update completed in 10.779 seconds.
[12/11/2020, 17:52:33:213 CET] 00000023 com.ibm.ws.kernel.feature.internal.FeatureManager            A CWWKF0011I: The defaultServer server is ready to run a smarter planet. The defaultServer server started in 12.793 seconds.
[12/11/2020, 17:52:42:061 CET] 00000024 com.ibm.ws.http.internal.VirtualHostImpl                     A CWWKT0017I: Web application removed (default_host): http://localhost:9080/film_database/
[12/11/2020, 17:52:42:198 CET] 00000024 com.ibm.ws.app.manager.AppMessageHelper                      A CWWKZ0009I: The application film-database-1.0-SNAPSHOT has stopped successfully.
[12/11/2020, 17:52:42:211 CET] 00000024 com.ibm.ws.app.manager.AppMessageHelper                      I CWWKZ0018I: Starting application film-database-1.0-SNAPSHOT.
[12/11/2020, 17:52:42:213 CET] 00000024 bm.ws.app.manager.war.internal.WARDeployedAppInfoFactoryImpl I CWWKZ0134I: The film-database-1.0-SNAPSHOT application is using the loose application definition at the C:\Users\Józek\IdeaProjects\film-database\target\liberty\wlp\usr\servers\defaultServer\dropins\film-database-1.0-SNAPSHOT.war.xml location.
[12/11/2020, 17:52:42:664 CET] 0000002e com.ibm.ws.webcontainer.osgi.mbeans.PluginGenerator          I SRVE9103I: A configuration file for a web server plugin was automatically generated for this server at C:\Users\Józek\IdeaProjects\film-database\target\liberty\wlp\usr\servers\defaultServer\logs\state\plugin-cfg.xml.
[12/11/2020, 17:52:43:129 CET] 00000024 eclipselink                                                  I CWWJP9990I: [eclipselink] EclipseLink, version: Eclipse Persistence Services - 2.7.7.v20200504-69f2c2b80d
[12/11/2020, 17:52:44:017 CET] 00000024 org.jboss.weld.Event                                         I WELD-000411: Observer method [BackedAnnotatedMethod] org.apache.myfaces.config.annotation.CdiAnnotationProviderExtension.processAnnotatedType(@Observes ProcessAnnotatedType<T>) receives events for all annotated types. Consider restricting events using @WithAnnotations or a generic type with bounds.
[12/11/2020, 17:52:44:021 CET] 00000024 org.jboss.weld.Event                                         I WELD-000411: Observer method [BackedAnnotatedMethod] org.apache.myfaces.cdi.JsfArtifactProducerExtension.processAnnotatedType(@Observes ProcessAnnotatedType<T>, BeanManager) receives events for all annotated types. Consider restricting events using @WithAnnotations or a generic type with bounds.
[12/11/2020, 17:52:44:358 CET] 00000024 com.ibm.ws.webcontainer.osgi.webapp.WebGroup                 I SRVE0169I: Loading Web Module: film-database-1.0-SNAPSHOT.
[12/11/2020, 17:52:44:358 CET] 00000024 com.ibm.ws.webcontainer                                      I SRVE0250I: Web Module film-database-1.0-SNAPSHOT has been bound to default_host.
[12/11/2020, 17:52:44:359 CET] 00000024 com.ibm.ws.http.internal.VirtualHostImpl                     A CWWKT0016I: Web application available (default_host): http://localhost:9080/film_database/
[12/11/2020, 17:52:44:360 CET] 00000029 com.ibm.ws.session.WASSessionCore                            I SESN0176I: A new session context will be created for application key default_host/film_database
[12/11/2020, 17:52:44:361 CET] 00000029 com.ibm.ws.util                                              I SESN0172I: The session manager is using the Java default SecureRandom implementation for session ID generation.
[12/11/2020, 17:52:44:405 CET] 00000024 com.ibm.ws.webcontainer.osgi.mbeans.PluginGenerator          I SRVE9103I: A configuration file for a web server plugin was automatically generated for this server at C:\Users\Józek\IdeaProjects\film-database\target\liberty\wlp\usr\servers\defaultServer\logs\state\plugin-cfg.xml.
[12/11/2020, 17:52:44:505 CET] 00000029 org.apache.myfaces.ee.MyFacesContainerInitializer            I Using org.apache.myfaces.ee.MyFacesContainerInitializer
[12/11/2020, 17:52:44:528 CET] 00000029 org.apache.myfaces.config.DefaultFacesConfigurationProvider  I Reading standard config META-INF/standard-faces-config.xml
[12/11/2020, 17:52:44:635 CET] 00000029 org.apache.myfaces.config.DefaultFacesConfigurationProvider  I Found javax.faces.application.ApplicationFactory factory implementation: com.ibm.ws.jsf.config.WASApplicationFactoryImpl
[12/11/2020, 17:52:44:690 CET] 00000029 org.apache.myfaces.spi.impl.DefaultInjectionProviderFactory  I Using InjectionProvider com.ibm.ws.jsf.spi.impl.WASCDIAnnotationDelegateInjectionProvider
[12/11/2020, 17:52:44:800 CET] 00000029 org.apache.myfaces.config.FacesConfigurator                  I Serialization provider : class org.apache.myfaces.shared_impl.util.serial.DefaultSerialFactory
[12/11/2020, 17:52:44:813 CET] 00000029 org.apache.myfaces.webapp.AbstractFacesInitializer           I ServletContext initialized.
[12/11/2020, 17:52:44:813 CET] 00000029 org.apache.myfaces.webapp.WebConfigParamsLogger              I Tomahawk jar not available. Autoscrolling, DetectJavascript, AddResourceClass and CheckExtensionsFilter are disabled now.
[12/11/2020, 17:52:44:813 CET] 00000029 org.apache.myfaces.webapp.WebConfigParamsLogger              I Scanning for context init parameters not defined. It is not necessary to define them all into your web.xml, they are just provided here for informative purposes. To disable this messages set org.apache.myfaces.LOG_WEB_CONTEXT_PARAMS config param to 'false'
[12/11/2020, 17:52:44:813 CET] 00000029 org.apache.myfaces.webapp.WebConfigParamsLogger              I No context init parameter 'javax.faces.RESOURCE_EXCLUDES' found, using default value '.class .jsp .jspx .properties .xhtml .groovy'.
[12/11/2020, 17:52:44:813 CET] 00000029 org.apache.myfaces.webapp.WebConfigParamsLogger              I No context init parameter 'javax.faces.STATE_SAVING_METHOD' found, using default value 'server'.
[12/11/2020, 17:52:44:813 CET] 00000029 org.apache.myfaces.webapp.WebConfigParamsLogger              I No context init parameter 'javax.faces.FULL_STATE_SAVING_VIEW_IDS' found.
[12/11/2020, 17:52:44:814 CET] 00000029 org.apache.myfaces.webapp.WebConfigParamsLogger              I No context init parameter 'javax.faces.PARTIAL_STATE_SAVING' found, using default value 'true (false with 1.2 webapps)'.
[12/11/2020, 17:52:44:814 CET] 00000029 org.apache.myfaces.webapp.WebConfigParamsLogger              I No context init parameter 'javax.faces.SERIALIZE_SERVER_STATE' found, using default value 'false'.
[12/11/2020, 17:52:44:814 CET] 00000029 org.apache.myfaces.webapp.WebConfigParamsLogger              I No context init parameter 'javax.faces.DEFAULT_SUFFIX' found, using default value '.xhtml .view.xml .jsp'.
[12/11/2020, 17:52:44:814 CET] 00000029 org.apache.myfaces.webapp.WebConfigParamsLogger              I No context init parameter 'javax.faces.FACELETS_SUFFIX' found, using default value '.xhtml'.
[12/11/2020, 17:52:44:814 CET] 00000029 org.apache.myfaces.webapp.WebConfigParamsLogger              I No context init parameter 'javax.faces.FACELETS_VIEW_MAPPINGS' found.
[12/11/2020, 17:52:44:814 CET] 00000029 org.apache.myfaces.webapp.WebConfigParamsLogger              I No context init parameter 'javax.faces.DISABLE_FACELET_JSF_VIEWHANDLER' found.
[12/11/2020, 17:52:44:814 CET] 00000029 org.apache.myfaces.webapp.WebConfigParamsLogger              I No context init parameter 'javax.faces.FACELETS_BUFFER_SIZE' found, using default value '1024'.
[12/11/2020, 17:52:44:814 CET] 00000029 org.apache.myfaces.webapp.WebConfigParamsLogger              I No context init parameter 'javax.faces.FACELETS_DECORATORS' found.
[12/11/2020, 17:52:44:814 CET] 00000029 org.apache.myfaces.webapp.WebConfigParamsLogger              I No context init parameter 'javax.faces.FACELETS_LIBRARIES' found.
[12/11/2020, 17:52:44:814 CET] 00000029 org.apache.myfaces.webapp.WebConfigParamsLogger              I No context init parameter 'javax.faces.FACELETS_REFRESH_PERIOD' found, using default value '-1'.
[12/11/2020, 17:52:44:814 CET] 00000029 org.apache.myfaces.webapp.WebConfigParamsLogger              I No context init parameter 'javax.faces.FACELETS_SKIP_COMMENTS' found.
[12/11/2020, 17:52:44:814 CET] 00000029 org.apache.myfaces.webapp.WebConfigParamsLogger              I No context init parameter 'javax.faces.HONOR_CURRENT_COMPONENT_ATTRIBUTES' found, using default value 'false'.
[12/11/2020, 17:52:44:814 CET] 00000029 org.apache.myfaces.webapp.WebConfigParamsLogger              I No context init parameter 'javax.faces.VALIDATE_EMPTY_FIELDS' found, using default value 'auto'.
[12/11/2020, 17:52:44:814 CET] 00000029 org.apache.myfaces.webapp.WebConfigParamsLogger              I No context init parameter 'javax.faces.INTERPRET_EMPTY_STRING_SUBMITTED_VALUES_AS_NULL' found, using default value 'false'.
[12/11/2020, 17:52:44:815 CET] 00000029 org.apache.myfaces.webapp.WebConfigParamsLogger              I No context init parameter 'org.apache.myfaces.CLEAR_INPUT_WHEN_SUBMITTED_VALUE_IS_NULL_OR_EMPTY' found, using default value 'true'.
[12/11/2020, 17:52:44:815 CET] 00000029 org.apache.myfaces.webapp.WebConfigParamsLogger              I No context init parameter 'javax.faces.ALWAYS_PERFORM_VALIDATION_WHEN_REQUIRED_IS_TRUE' found, using default value 'false'.
[12/11/2020, 17:52:44:815 CET] 00000029 org.apache.myfaces.webapp.WebConfigParamsLogger              I No context init parameter 'javax.faces.VIEWROOT_PHASE_LISTENER_QUEUES_EXCEPTIONS' found, using default value 'false'.
[12/11/2020, 17:52:44:815 CET] 00000029 org.apache.myfaces.webapp.WebConfigParamsLogger              I No context init parameter 'javax.faces.DATETIMECONVERTER_DEFAULT_TIMEZONE_IS_SYSTEM_TIMEZONE' found, using default value 'false'.
[12/11/2020, 17:52:44:815 CET] 00000029 org.apache.myfaces.webapp.WebConfigParamsLogger              I No context init parameter 'org.apache.myfaces.ENUM_CONVERTER_ALLOW_STRING_PASSTROUGH' found, using default value 'false'.
[12/11/2020, 17:52:44:816 CET] 00000029 org.apache.myfaces.webapp.WebConfigParamsLogger              I No context init parameter 'javax.faces.validator.DISABLE_DEFAULT_BEAN_VALIDATOR' found, using default value 'true'.
[12/11/2020, 17:52:44:816 CET] 00000029 org.apache.myfaces.webapp.WebConfigParamsLogger              I No context init parameter 'javax.faces.validator.ENABLE_VALIDATE_WHOLE_BEAN' found, using default value 'false'.
[12/11/2020, 17:52:44:816 CET] 00000029 org.apache.myfaces.webapp.WebConfigParamsLogger              I No context init parameter 'javax.faces.CONFIG_FILES' found.
[12/11/2020, 17:52:44:816 CET] 00000029 org.apache.myfaces.webapp.WebConfigParamsLogger              I No context init parameter 'javax.faces.LIFECYCLE_ID' found.
[12/11/2020, 17:52:44:816 CET] 00000029 org.apache.myfaces.webapp.WebConfigParamsLogger              I No context init parameter 'javax.faces.DISABLE_FACESSERVLET_TO_XHTML' found.
[12/11/2020, 17:52:44:876 CET] 00000029 org.apache.myfaces.webapp.WebConfigParamsLogger              I No context init parameter 'org.apache.myfaces.CHECKED_VIEWID_CACHE_SIZE' found, using default value '500'.
[12/11/2020, 17:52:44:876 CET] 00000029 org.apache.myfaces.webapp.WebConfigParamsLogger              I No context init parameter 'org.apache.myfaces.CHECKED_VIEWID_CACHE_ENABLED' found, using default value 'true'.
[12/11/2020, 17:52:44:876 CET] 00000029 org.apache.myfaces.webapp.WebConfigParamsLogger              I No context init parameter 'org.apache.myfaces.PRETTY_HTML' found, using default value 'true'.
[12/11/2020, 17:52:44:876 CET] 00000029 org.apache.myfaces.webapp.WebConfigParamsLogger              I No context init parameter 'org.apache.myfaces.ALLOW_JAVASCRIPT' found, using default value 'true'.
[12/11/2020, 17:52:44:876 CET] 00000029 org.apache.myfaces.webapp.WebConfigParamsLogger              I No context init parameter 'org.apache.myfaces.CONFIG_REFRESH_PERIOD' found, using default value '2'.
[12/11/2020, 17:52:44:876 CET] 00000029 org.apache.myfaces.webapp.WebConfigParamsLogger              I No context init parameter 'org.apache.myfaces.VIEWSTATE_JAVASCRIPT' found, using default value 'false'.
[12/11/2020, 17:52:44:876 CET] 00000029 org.apache.myfaces.webapp.WebConfigParamsLogger              I No context init parameter 'org.apache.myfaces.RENDER_VIEWSTATE_ID' found, using default value 'true'.
[12/11/2020, 17:52:44:877 CET] 00000029 org.apache.myfaces.webapp.WebConfigParamsLogger              I No context init parameter 'org.apache.myfaces.STRICT_XHTML_LINKS' found, using default value 'true'.
[12/11/2020, 17:52:44:877 CET] 00000029 org.apache.myfaces.webapp.WebConfigParamsLogger              I No context init parameter 'org.apache.myfaces.RENDER_CLEAR_JAVASCRIPT_FOR_BUTTON' found, using default value 'false'.
[12/11/2020, 17:52:44:877 CET] 00000029 org.apache.myfaces.webapp.WebConfigParamsLogger              I No context init parameter 'org.apache.myfaces.RENDER_HIDDEN_FIELDS_FOR_LINK_PARAMS' found, using default value 'false'.
[12/11/2020, 17:52:44:877 CET] 00000029 org.apache.myfaces.webapp.WebConfigParamsLogger              I No context init parameter 'org.apache.myfaces.SAVE_FORM_SUBMIT_LINK_IE' found, using default value 'false'.
[12/11/2020, 17:52:44:877 CET] 00000029 org.apache.myfaces.webapp.WebConfigParamsLogger              I No context init parameter 'org.apache.myfaces.DELEGATE_FACES_SERVLET' found.
[12/11/2020, 17:52:44:877 CET] 00000029 org.apache.myfaces.webapp.WebConfigParamsLogger              I No context init parameter 'org.apache.myfaces.REFRESH_TRANSIENT_BUILD_ON_PSS' found, using default value 'auto'.
[12/11/2020, 17:52:44:877 CET] 00000029 org.apache.myfaces.webapp.WebConfigParamsLogger              I No context init parameter 'org.apache.myfaces.REFRESH_TRANSIENT_BUILD_ON_PSS_PRESERVE_STATE' found, using default value 'false'.
[12/11/2020, 17:52:44:877 CET] 00000029 org.apache.myfaces.webapp.WebConfigParamsLogger              I No context init parameter 'org.apache.myfaces.VALIDATE_XML' found.
[12/11/2020, 17:52:44:877 CET] 00000029 org.apache.myfaces.webapp.WebConfigParamsLogger              I No context init parameter 'org.apache.myfaces.WRAP_SCRIPT_CONTENT_WITH_XML_COMMENT_TAG' found, using default value 'false'.
[12/11/2020, 17:52:44:877 CET] 00000029 org.apache.myfaces.webapp.WebConfigParamsLogger              I No context init parameter 'org.apache.myfaces.RENDER_FORM_SUBMIT_SCRIPT_INLINE' found, using default value 'false'.
[12/11/2020, 17:52:44:877 CET] 00000029 org.apache.myfaces.webapp.WebConfigParamsLogger              I No context init parameter 'org.apache.myfaces.DEBUG_PHASE_LISTENER' found.
[12/11/2020, 17:52:44:878 CET] 00000029 org.apache.myfaces.webapp.WebConfigParamsLogger              I No context init parameter 'org.apache.myfaces.STRICT_JSF_2_CC_EL_RESOLVER' found, using default value 'false'.
[12/11/2020, 17:52:44:878 CET] 00000029 org.apache.myfaces.webapp.WebConfigParamsLogger              I No context init parameter 'org.apache.myfaces.DEFAULT_RESPONSE_WRITER_CONTENT_TYPE_MODE' found, using default value 'text/html'.
[12/11/2020, 17:52:44:878 CET] 00000029 org.apache.myfaces.webapp.WebConfigParamsLogger              I No context init parameter 'org.apache.myfaces.VIEW_UNIQUE_IDS_CACHE_ENABLED' found, using default value 'true'.
[12/11/2020, 17:52:44:878 CET] 00000029 org.apache.myfaces.webapp.WebConfigParamsLogger              I No context init parameter 'org.apache.myfaces.COMPONENT_UNIQUE_IDS_CACHE_SIZE' found, using default value '100'.
[12/11/2020, 17:52:44:878 CET] 00000029 org.apache.myfaces.webapp.WebConfigParamsLogger              I No context init parameter 'org.apache.myfaces.SUPPORT_JSP_AND_FACES_EL' found, using default value 'true'.
[12/11/2020, 17:52:44:878 CET] 00000029 org.apache.myfaces.webapp.WebConfigParamsLogger              I No context init parameter 'org.apache.myfaces.SUPPORT_MANAGED_BEANS' found, using default value 'true'.
[12/11/2020, 17:52:44:878 CET] 00000029 org.apache.myfaces.webapp.WebConfigParamsLogger              I No context init parameter 'org.apache.myfaces.GAE_JSF_JAR_FILES' found.
[12/11/2020, 17:52:44:879 CET] 00000029 org.apache.myfaces.webapp.WebConfigParamsLogger              I No context init parameter 'org.apache.myfaces.GAE_JSF_ANNOTATIONS_JAR_FILES' found.
[12/11/2020, 17:52:44:879 CET] 00000029 org.apache.myfaces.webapp.WebConfigParamsLogger              I No context init parameter 'org.apache.myfaces.STRICT_JSF_2_VIEW_NOT_FOUND' found, using default value 'false'.
[12/11/2020, 17:52:44:879 CET] 00000029 org.apache.myfaces.webapp.WebConfigParamsLogger              I No context init parameter 'org.apache.myfaces.EARLY_FLUSH_ENABLED' found, using default value 'false'.
[12/11/2020, 17:52:44:879 CET] 00000029 org.apache.myfaces.webapp.WebConfigParamsLogger              I No context init parameter 'org.apache.myfaces.STRICT_JSF_2_FACELETS_COMPATIBILITY' found, using default value 'false'.
[12/11/2020, 17:52:44:879 CET] 00000029 org.apache.myfaces.webapp.WebConfigParamsLogger              I No context init parameter 'org.apache.myfaces.RENDER_FORM_VIEW_STATE_AT_BEGIN' found, using default value 'false'.
[12/11/2020, 17:52:44:879 CET] 00000029 org.apache.myfaces.webapp.WebConfigParamsLogger              I No context init parameter 'org.apache.myfaces.FLASH_SCOPE_DISABLED' found, using default value 'false'.
[12/11/2020, 17:52:44:879 CET] 00000029 org.apache.myfaces.webapp.WebConfigParamsLogger              I No context init parameter 'org.apache.myfaces.NUMBER_OF_VIEWS_IN_SESSION' found, using default value '20'.
[12/11/2020, 17:52:44:880 CET] 00000029 org.apache.myfaces.webapp.WebConfigParamsLogger              I No context init parameter 'org.apache.myfaces.NUMBER_OF_SEQUENTIAL_VIEWS_IN_SESSION' found, using default value '4'.
[12/11/2020, 17:52:44:880 CET] 00000029 org.apache.myfaces.webapp.WebConfigParamsLogger              I No context init parameter 'org.apache.myfaces.NUMBER_OF_FLASH_TOKENS_IN_SESSION' found.
[12/11/2020, 17:52:44:880 CET] 00000029 org.apache.myfaces.webapp.WebConfigParamsLogger              I No context init parameter 'org.apache.myfaces.FACES_FLOW_CLIENT_WINDOW_IDS_IN_SESSION' found.
[12/11/2020, 17:52:44:880 CET] 00000029 org.apache.myfaces.webapp.WebConfigParamsLogger              I No context init parameter 'org.apache.myfaces.SUPPORT_EL_3_IMPORT_HANDLER' found, using default value 'false'.
[12/11/2020, 17:52:45:168 CET] 00000029 org.apache.myfaces.webapp.WebConfigParamsLogger              I No context init parameter 'org.apache.myfaces.STRICT_JSF_2_ORIGIN_HEADER_APP_PATH' found, using default value 'false'.
[12/11/2020, 17:52:45:168 CET] 00000029 org.apache.myfaces.webapp.WebConfigParamsLogger              I No context init parameter 'org.apache.myfaces.ALWAYS_FORCE_SESSION_CREATION' found, using default value 'true'.
[12/11/2020, 17:52:45:169 CET] 00000029 org.apache.myfaces.webapp.WebConfigParamsLogger              I No context init parameter 'org.apache.myfaces.RESOURCE_MAX_TIME_EXPIRES' found, using default value '604800000'.
[12/11/2020, 17:52:45:169 CET] 00000029 org.apache.myfaces.webapp.WebConfigParamsLogger              I No context init parameter 'org.apache.myfaces.RESOURCE_HANDLER_CACHE_SIZE' found, using default value '500'.
[12/11/2020, 17:52:45:169 CET] 00000029 org.apache.myfaces.webapp.WebConfigParamsLogger              I No context init parameter 'org.apache.myfaces.RESOURCE_HANDLER_CACHE_ENABLED' found, using default value 'true'.
[12/11/2020, 17:52:45:169 CET] 00000029 org.apache.myfaces.webapp.WebConfigParamsLogger              I No context init parameter 'org.apache.myfaces.USE_ENCRYPTION' found, using default value 'true'.
[12/11/2020, 17:52:45:169 CET] 00000029 org.apache.myfaces.webapp.WebConfigParamsLogger              I No context init parameter 'org.apache.myfaces.SECRET' found.
[12/11/2020, 17:52:45:169 CET] 00000029 org.apache.myfaces.webapp.WebConfigParamsLogger              I No context init parameter 'org.apache.myfaces.ALGORITHM' found, using default value 'DES'.
[12/11/2020, 17:52:45:169 CET] 00000029 org.apache.myfaces.webapp.WebConfigParamsLogger              I No context init parameter 'org.apache.myfaces.SECRET.CACHE' found.
[12/11/2020, 17:52:45:169 CET] 00000029 org.apache.myfaces.webapp.WebConfigParamsLogger              I No context init parameter 'org.apache.myfaces.ALGORITHM.IV' found.
[12/11/2020, 17:52:45:169 CET] 00000029 org.apache.myfaces.webapp.WebConfigParamsLogger              I No context init parameter 'org.apache.myfaces.ALGORITHM.PARAMETERS' found, using default value 'ECB/PKCS5Padding'.
[12/11/2020, 17:52:45:169 CET] 00000029 org.apache.myfaces.webapp.WebConfigParamsLogger              I No context init parameter 'org.apache.myfaces.SERIAL_FACTORY' found.
[12/11/2020, 17:52:45:169 CET] 00000029 org.apache.myfaces.webapp.WebConfigParamsLogger              I No context init parameter 'org.apache.myfaces.COMPRESS_STATE_IN_CLIENT' found, using default value 'false'.
[12/11/2020, 17:52:45:169 CET] 00000029 org.apache.myfaces.webapp.WebConfigParamsLogger              I No context init parameter 'org.apache.myfaces.MAC_ALGORITHM' found, using default value 'HmacSHA1'.
[12/11/2020, 17:52:45:169 CET] 00000029 org.apache.myfaces.webapp.WebConfigParamsLogger              I No context init parameter 'org.apache.myfaces.MAC_SECRET' found.
[12/11/2020, 17:52:45:169 CET] 00000029 org.apache.myfaces.webapp.WebConfigParamsLogger              I No context init parameter 'org.apache.myfaces.MAC_SECRET.CACHE' found.
[12/11/2020, 17:52:45:169 CET] 00000029 org.apache.myfaces.webapp.WebConfigParamsLogger              I No context init parameter 'org.apache.myfaces.LAZY_LOAD_CONFIG_OBJECTS' found, using default value 'true'.
[12/11/2020, 17:52:45:170 CET] 00000029 org.apache.myfaces.webapp.WebConfigParamsLogger              I No context init parameter 'org.apache.myfaces.STRICT_JSF_2_ALLOW_SLASH_LIBRARY_NAME' found, using default value 'false'.
[12/11/2020, 17:52:45:170 CET] 00000029 org.apache.myfaces.webapp.WebConfigParamsLogger              I No context init parameter 'org.apache.myfaces.RESOURCE_BUFFER_SIZE' found, using default value '2048'.
[12/11/2020, 17:52:45:170 CET] 00000029 org.apache.myfaces.webapp.WebConfigParamsLogger              I No context init parameter 'org.apache.myfaces.RANDOM_KEY_IN_CSRF_SESSION_TOKEN' found, using default value 'none'.
[12/11/2020, 17:52:45:170 CET] 00000029 org.apache.myfaces.webapp.WebConfigParamsLogger              I No context init parameter 'org.apache.myfaces.RANDOM_KEY_IN_CSRF_SESSION_TOKEN_LENGTH' found, using default value '16'.
[12/11/2020, 17:52:45:170 CET] 00000029 org.apache.myfaces.webapp.WebConfigParamsLogger              I No context init parameter 'org.apache.myfaces.RANDOM_KEY_IN_CSRF_SESSION_TOKEN_SECURE_RANDOM_CLASS' found.
[12/11/2020, 17:52:45:170 CET] 00000029 org.apache.myfaces.webapp.WebConfigParamsLogger              I No context init parameter 'org.apache.myfaces.RANDOM_KEY_IN_CSRF_SESSION_TOKEN_SECURE_RANDOM_PROVIDER' found.
[12/11/2020, 17:52:45:170 CET] 00000029 org.apache.myfaces.webapp.WebConfigParamsLogger              I No context init parameter 'org.apache.myfaces.RANDOM_KEY_IN_CSRF_SESSION_TOKEN_SECURE_RANDOM_ALGORITM' found, using default value 'SHA1PRNG'.
[12/11/2020, 17:52:45:170 CET] 00000029 org.apache.myfaces.webapp.WebConfigParamsLogger              I No context init parameter 'org.apache.myfaces.CLIENT_VIEW_STATE_TIMEOUT' found, using default value '0'.
[12/11/2020, 17:52:45:170 CET] 00000029 org.apache.myfaces.webapp.WebConfigParamsLogger              I No context init parameter 'org.apache.myfaces.SERIALIZE_STATE_IN_SESSION' found, using default value 'false'.
[12/11/2020, 17:52:45:170 CET] 00000029 org.apache.myfaces.webapp.WebConfigParamsLogger              I No context init parameter 'org.apache.myfaces.COMPRESS_STATE_IN_SESSION' found, using default value 'true'.
[12/11/2020, 17:52:45:170 CET] 00000029 org.apache.myfaces.webapp.WebConfigParamsLogger              I No context init parameter 'org.apache.myfaces.USE_FLASH_SCOPE_PURGE_VIEWS_IN_SESSION' found, using default value 'false'.
[12/11/2020, 17:52:45:170 CET] 00000029 org.apache.myfaces.webapp.WebConfigParamsLogger              I No context init parameter 'org.apache.myfaces.RANDOM_KEY_IN_VIEW_STATE_SESSION_TOKEN' found, using default value 'random'.
[12/11/2020, 17:52:45:170 CET] 00000029 org.apache.myfaces.webapp.WebConfigParamsLogger              I No context init parameter 'org.apache.myfaces.RANDOM_KEY_IN_VIEW_STATE_SESSION_TOKEN_LENGTH' found, using default value '8'.
[12/11/2020, 17:52:45:170 CET] 00000029 org.apache.myfaces.webapp.WebConfigParamsLogger              I No context init parameter 'org.apache.myfaces.RANDOM_KEY_IN_VIEW_STATE_SESSION_TOKEN_SECURE_RANDOM_CLASS' found.
[12/11/2020, 17:52:45:170 CET] 00000029 org.apache.myfaces.webapp.WebConfigParamsLogger              I No context init parameter 'org.apache.myfaces.RANDOM_KEY_IN_VIEW_STATE_SESSION_TOKEN_SECURE_RANDOM_PROVIDER' found.
[12/11/2020, 17:52:45:171 CET] 00000029 org.apache.myfaces.webapp.WebConfigParamsLogger              I No context init parameter 'org.apache.myfaces.RANDOM_KEY_IN_VIEW_STATE_SESSION_TOKEN_SECURE_RANDOM_ALGORITM' found, using default value 'SHA1PRNG'.
[12/11/2020, 17:52:45:171 CET] 00000029 org.apache.myfaces.webapp.WebConfigParamsLogger              I No context init parameter 'facelets.LIBRARIES' found.
[12/11/2020, 17:52:45:171 CET] 00000029 org.apache.myfaces.webapp.WebConfigParamsLogger              I No context init parameter 'org.apache.myfaces.VALIDATE' found, using default value 'false'.
[12/11/2020, 17:52:45:171 CET] 00000029 org.apache.myfaces.webapp.WebConfigParamsLogger              I No context init parameter 'org.apache.myfaces.annotation.USE_CDI_FOR_ANNOTATION_SCANNING' found.
[12/11/2020, 17:52:45:172 CET] 00000029 org.apache.myfaces.webapp.WebConfigParamsLogger              I No context init parameter 'org.apache.myfaces.annotation.SCAN_PACKAGES' found.
[12/11/2020, 17:52:45:172 CET] 00000029 org.apache.myfaces.webapp.WebConfigParamsLogger              I No context init parameter 'org.apache.myfaces.config.annotation.LifecycleProvider' found.
[12/11/2020, 17:52:45:172 CET] 00000029 org.apache.myfaces.webapp.WebConfigParamsLogger              I No context init parameter 'javax.faces.WEBSOCKET_ENDPOINT_PORT' found.
[12/11/2020, 17:52:45:172 CET] 00000029 org.apache.myfaces.webapp.WebConfigParamsLogger              I No context init parameter 'org.apache.myfaces.INITIALIZE_SKIP_JAR_FACES_CONFIG_SCAN' found, using default value 'false'.
[12/11/2020, 17:52:45:172 CET] 00000029 org.apache.myfaces.webapp.WebConfigParamsLogger              I No context init parameter 'org.apache.myfaces.EL_RESOLVER_COMPARATOR' found.
[12/11/2020, 17:52:45:172 CET] 00000029 org.apache.myfaces.webapp.WebConfigParamsLogger              I No context init parameter 'org.apache.myfaces.EL_RESOLVER_PREDICATE' found.
[12/11/2020, 17:52:45:172 CET] 00000029 org.apache.myfaces.webapp.WebConfigParamsLogger              I No context init parameter 'org.apache.myfaces.DEFAULT_WINDOW_MODE' found, using default value 'url'.
[12/11/2020, 17:52:45:173 CET] 00000029 org.apache.myfaces.webapp.WebConfigParamsLogger              I No context init parameter 'org.apache.myfaces.WEBSOCKET_MAX_IDLE_TIMEOUT' found, using default value '300000'.
[12/11/2020, 17:52:45:173 CET] 00000029 org.apache.myfaces.webapp.WebConfigParamsLogger              I No context init parameter 'org.apache.myfaces.RANDOM_KEY_IN_WEBSOCKET_SESSION_TOKEN' found, using default value 'none'.
[12/11/2020, 17:52:45:173 CET] 00000029 org.apache.myfaces.webapp.WebConfigParamsLogger              I No context init parameter 'org.apache.myfaces.ERROR_TEMPLATE_RESOURCE' found, using default value 'META-INF/rsc/myfaces-dev-error.xml'.
[12/11/2020, 17:52:45:173 CET] 00000029 org.apache.myfaces.webapp.WebConfigParamsLogger              I No context init parameter 'org.apache.myfaces.DEBUG_TEMPLATE_RESOURCE' found, using default value 'META-INF/rsc/myfaces-dev-debug.xml'.
[12/11/2020, 17:52:45:173 CET] 00000029 org.apache.myfaces.webapp.WebConfigParamsLogger              I No context init parameter 'org.apache.myfaces.ERROR_HANDLING' found, using default value 'false, on Development Project stage: true'.
[12/11/2020, 17:52:45:173 CET] 00000029 org.apache.myfaces.webapp.WebConfigParamsLogger              I No context init parameter 'org.apache.myfaces.AUTOCOMPLETE_OFF_VIEW_STATE' found, using default value 'true'.
[12/11/2020, 17:52:45:173 CET] 00000029 org.apache.myfaces.webapp.WebConfigParamsLogger              I No context init parameter 'org.apache.myfaces.USE_MULTIPLE_JS_FILES_FOR_JSF_UNCOMPRESSED_JS' found, using default value 'false'.
[12/11/2020, 17:52:45:173 CET] 00000029 org.apache.myfaces.webapp.WebConfigParamsLogger              I No context init parameter 'org.apache.myfaces.JSF_JS_MODE' found, using default value 'normal'.
[12/11/2020, 17:52:45:173 CET] 00000029 org.apache.myfaces.webapp.WebConfigParamsLogger              I No context init parameter 'org.apache.myfaces.TEMPORAL_RESOURCEHANDLER_CACHE_ENABLED' found, using default value 'false'.
[12/11/2020, 17:52:45:173 CET] 00000029 org.apache.myfaces.webapp.WebConfigParamsLogger              I No context init parameter 'org.apache.myfaces.SERVICE_PROVIDER_FINDER' found.
[12/11/2020, 17:52:45:173 CET] 00000029 org.apache.myfaces.webapp.WebConfigParamsLogger              I No context init parameter 'org.apache.myfaces.spi.InjectionProvider' found.
[12/11/2020, 17:52:45:173 CET] 00000029 org.apache.myfaces.webapp.WebConfigParamsLogger              I No context init parameter 'javax.faces.DISABLE_FACELET_JSF_VIEWHANDLER' found, using default value 'false'.
[12/11/2020, 17:52:45:173 CET] 00000029 org.apache.myfaces.webapp.WebConfigParamsLogger              I No context init parameter 'org.apache.myfaces.CHECK_ID_PRODUCTION_MODE' found, using default value 'auto'.
[12/11/2020, 17:52:45:173 CET] 00000029 org.apache.myfaces.webapp.WebConfigParamsLogger              I No context init parameter 'facelets.BUFFER_SIZE' found.
[12/11/2020, 17:52:45:173 CET] 00000029 org.apache.myfaces.webapp.WebConfigParamsLogger              I No context init parameter 'facelets.REFRESH_PERIOD' found, using default value '-1'.
[12/11/2020, 17:52:45:174 CET] 00000029 org.apache.myfaces.webapp.WebConfigParamsLogger              I No context init parameter 'javax.faces.FACELETS_RESOURCE_RESOLVER' found.
[12/11/2020, 17:52:45:174 CET] 00000029 org.apache.myfaces.webapp.WebConfigParamsLogger              I No context init parameter 'facelets.RESOURCE_RESOLVER' found.
[12/11/2020, 17:52:45:174 CET] 00000029 org.apache.myfaces.webapp.WebConfigParamsLogger              I No context init parameter 'org.apache.myfaces.MARK_INITIAL_STATE_WHEN_APPLY_BUILD_VIEW' found, using default value 'false'.
[12/11/2020, 17:52:45:174 CET] 00000029 org.apache.myfaces.webapp.WebConfigParamsLogger              I No context init parameter 'facelets.DECORATORS' found.
[12/11/2020, 17:52:45:174 CET] 00000029 org.apache.myfaces.webapp.WebConfigParamsLogger              I No context init parameter 'org.apache.myfaces.WRAP_TAG_EXCEPTIONS_AS_CONTEXT_AWARE' found, using default value 'true'.
[12/11/2020, 17:52:45:174 CET] 00000029 org.apache.myfaces.webapp.WebConfigParamsLogger              I No context init parameter 'org.apache.myfaces.CACHE_EL_EXPRESSIONS' found, using default value 'noCache'.
[12/11/2020, 17:52:45:174 CET] 00000029 org.apache.myfaces.webapp.WebConfigParamsLogger              I No context init parameter 'org.apache.myfaces.VIEW_POOL_MAX_POOL_SIZE' found, using default value '5'.
[12/11/2020, 17:52:45:174 CET] 00000029 org.apache.myfaces.webapp.WebConfigParamsLogger              I No context init parameter 'org.apache.myfaces.VIEW_POOL_MAX_DYNAMIC_PARTIAL_LIMIT' found, using default value '2'.
[12/11/2020, 17:52:45:174 CET] 00000029 org.apache.myfaces.webapp.WebConfigParamsLogger              I No context init parameter 'org.apache.myfaces.VIEW_POOL_ENTRY_MODE' found, using default value 'soft'.
[12/11/2020, 17:52:45:174 CET] 00000029 org.apache.myfaces.webapp.WebConfigParamsLogger              I No context init parameter 'org.apache.myfaces.VIEW_POOL_DEFERRED_NAVIGATION' found, using default value 'false'.
[12/11/2020, 17:52:45:174 CET] 00000029 org.apache.myfaces.webapp.WebConfigParamsLogger              I No context init parameter 'org.apache.myfaces.validator.BEAN_BEFORE_JSF_VALIDATION' found, using default value 'false'.
[12/11/2020, 17:52:45:174 CET] 00000029 org.apache.myfaces.webapp.WebConfigParamsLogger              I No context init parameter 'org.apache.myfaces.JSP_SUFFIX' found, using default value '.jsp'.
[12/11/2020, 17:52:45:174 CET] 00000029 org.apache.myfaces.webapp.WebConfigParamsLogger              I No context init parameter 'org.apache.myfaces.EXPRESSION_FACTORY' found.
[12/11/2020, 17:52:45:174 CET] 00000029 org.apache.myfaces.webapp.WebConfigParamsLogger              I No context init parameter 'org.apache.myfaces.INITIALIZE_ALWAYS_STANDALONE' found, using default value 'false'.
[12/11/2020, 17:52:45:174 CET] 00000029 org.apache.myfaces.webapp.WebConfigParamsLogger              I No context init parameter 'org.apache.myfaces.LOG_WEB_CONTEXT_PARAMS' found, using default value 'auto'.
[12/11/2020, 17:52:46:043 CET] 00000029 org.apache.myfaces.webapp.WebConfigParamsLogger              I No context init parameter 'org.apache.myfaces.AUTOMATIC_EXTENSIONLESS_MAPPING' found, using default value 'false'.
[12/11/2020, 17:52:46:044 CET] 00000029 org.apache.myfaces.webapp.WebConfigParamsLogger              I No context init parameter 'org.apache.myfaces.FACES_INITIALIZER' found.
[12/11/2020, 17:52:46:044 CET] 00000029 org.apache.myfaces.webapp.WebConfigParamsLogger              I No context init parameter 'org.apache.myfaces.FACES_INIT_PLUGINS' found.
[12/11/2020, 17:52:46:044 CET] 00000029 org.apache.myfaces.webapp.AbstractFacesInitializer           W 

*******************************************************************
*** WARNING: Apache MyFaces-2 is running in DEVELOPMENT mode.   ***
***                                         ^^^^^^^^^^^         ***
*** Do NOT deploy to your live server(s) without changing this. ***
*** See Application#getProjectStage() for more information.     ***
*******************************************************************

[12/11/2020, 17:52:46:044 CET] 00000029 org.apache.myfaces.webapp.StartupServletContextListener      I MyFaces Core has started, it took [1521] ms.
[12/11/2020, 17:52:46:122 CET] 00000029 com.ibm.ws.app.manager.AppMessageHelper                      A CWWKZ0003I: The application film-database-1.0-SNAPSHOT updated in 3.910 seconds.
